[0.009s] Invoking command in '/home/rrm/build/cv2': CMAKE_PREFIX_PATH=/home/rrm/install/rrm_msgs:/home/rrm/install/rrm_simple_robot_model:/home/rrm/install/rrm_sim:/home/rrm/install/cv2:/home/rrm/install/cv1:/opt/ros/humble /usr/bin/cmake --build /home/rrm/build/cv2 -- -j8 -l8
[0.054s] [100%] Built target logger_node
[0.054s] [100%] Built target cv2_node
[0.061s] Invoked command in '/home/rrm/build/cv2' returned '0': CMAKE_PREFIX_PATH=/home/rrm/install/rrm_msgs:/home/rrm/install/rrm_simple_robot_model:/home/rrm/install/rrm_sim:/home/rrm/install/cv2:/home/rrm/install/cv1:/opt/ros/humble /usr/bin/cmake --build /home/rrm/build/cv2 -- -j8 -l8
[0.063s] Invoking command in '/home/rrm/build/cv2': CMAKE_PREFIX_PATH=/home/rrm/install/rrm_msgs:/home/rrm/install/rrm_simple_robot_model:/home/rrm/install/rrm_sim:/home/rrm/install/cv2:/home/rrm/install/cv1:/opt/ros/humble /usr/bin/cmake --install /home/rrm/build/cv2
[0.070s] -- Install configuration: ""
[0.070s] -- Up-to-date: /home/rrm/install/cv2/lib/cv2/cv2_node
[0.070s] -- Up-to-date: /home/rrm/install/cv2/lib/cv2/logger_node
[0.070s] -- Up-to-date: /home/rrm/install/cv2/share/cv2//launch
[0.070s] -- Installing: /home/rrm/install/cv2/share/cv2//launch/cv2.launch.xml
[0.070s] -- Up-to-date: /home/rrm/install/cv2/share/cv2//config
[0.070s] -- Up-to-date: /home/rrm/install/cv2/share/cv2//config/cv2.rviz
[0.070s] -- Up-to-date: /home/rrm/install/cv2/share/ament_index/resource_index/package_run_dependencies/cv2
[0.070s] -- Up-to-date: /home/rrm/install/cv2/share/ament_index/resource_index/parent_prefix_path/cv2
[0.071s] -- Up-to-date: /home/rrm/install/cv2/share/cv2/environment/ament_prefix_path.sh
[0.071s] -- Up-to-date: /home/rrm/install/cv2/share/cv2/environment/ament_prefix_path.dsv
[0.071s] -- Up-to-date: /home/rrm/install/cv2/share/cv2/environment/path.sh
[0.071s] -- Up-to-date: /home/rrm/install/cv2/share/cv2/environment/path.dsv
[0.071s] -- Up-to-date: /home/rrm/install/cv2/share/cv2/local_setup.bash
[0.071s] -- Up-to-date: /home/rrm/install/cv2/share/cv2/local_setup.sh
[0.071s] -- Up-to-date: /home/rrm/install/cv2/share/cv2/local_setup.zsh
[0.071s] -- Up-to-date: /home/rrm/install/cv2/share/cv2/local_setup.dsv
[0.071s] -- Up-to-date: /home/rrm/install/cv2/share/cv2/package.dsv
[0.071s] -- Up-to-date: /home/rrm/install/cv2/share/ament_index/resource_index/packages/cv2
[0.071s] -- Up-to-date: /home/rrm/install/cv2/share/cv2/cmake/cv2Config.cmake
[0.071s] -- Up-to-date: /home/rrm/install/cv2/share/cv2/cmake/cv2Config-version.cmake
[0.071s] -- Up-to-date: /home/rrm/install/cv2/share/cv2/package.xml
[0.073s] Invoked command in '/home/rrm/build/cv2' returned '0': CMAKE_PREFIX_PATH=/home/rrm/install/rrm_msgs:/home/rrm/install/rrm_simple_robot_model:/home/rrm/install/rrm_sim:/home/rrm/install/cv2:/home/rrm/install/cv1:/opt/ros/humble /usr/bin/cmake --install /home/rrm/build/cv2
