[0.114s] DEBUG:colcon:Command line arguments: ['/usr/bin/colcon', 'build']
[0.114s] DEBUG:colcon:Parsed command line arguments: Namespace(log_base=None, log_level=None, verb_name='build', build_base='build', install_base='install', merge_install=False, symlink_install=False, test_result_base=None, continue_on_error=False, executor='parallel', parallel_workers=8, event_handlers=None, ignore_user_meta=False, metas=['./colcon.meta'], base_paths=['.'], packages_ignore=None, packages_ignore_regex=None, paths=None, packages_up_to=None, packages_up_to_regex=None, packages_above=None, packages_above_and_dependencies=None, packages_above_depth=None, packages_select_by_dep=None, packages_skip_by_dep=None, packages_skip_up_to=None, packages_select_build_failed=False, packages_skip_build_finished=False, packages_select_test_failures=False, packages_skip_test_passed=False, packages_select=None, packages_skip=None, packages_select_regex=None, packages_skip_regex=None, packages_start=None, packages_end=None, cmake_args=None, cmake_target=None, cmake_target_skip_unavailable=False, cmake_clean_cache=False, cmake_clean_first=False, cmake_force_configure=False, ament_cmake_args=None, catkin_cmake_args=None, catkin_skip_building_tests=False, mixin_files=None, mixin=None, verb_parser=<colcon_mixin.mixin.mixin_argument.MixinArgumentDecorator object at 0x7f3693343580>, verb_extension=<colcon_core.verb.build.BuildVerb object at 0x7f3693342ad0>, main=<bound method BuildVerb.main of <colcon_core.verb.build.BuildVerb object at 0x7f3693342ad0>>, mixin_verb=('build',))
[0.239s] Level 1:colcon.colcon_core.package_discovery:discover_packages(colcon_meta) check parameters
[0.240s] INFO:colcon.colcon_metadata.package_discovery.colcon_meta:Using configuration from '/root/.colcon/metadata/default/Gazebo.meta'
[0.241s] INFO:colcon.colcon_metadata.package_discovery.colcon_meta:Using configuration from '/root/.colcon/metadata/default/fastdds.meta'
[0.241s] INFO:colcon.colcon_metadata.package_discovery.colcon_meta:Using configuration from '/root/.colcon/metadata/default/fastrtps.meta'
[0.241s] Level 1:colcon.colcon_core.package_discovery:discover_packages(recursive) check parameters
[0.241s] Level 1:colcon.colcon_core.package_discovery:discover_packages(ignore) check parameters
[0.241s] Level 1:colcon.colcon_core.package_discovery:discover_packages(path) check parameters
[0.241s] Level 1:colcon.colcon_core.package_discovery:discover_packages(colcon_meta) discover
[0.241s] Level 1:colcon.colcon_core.package_discovery:discover_packages(recursive) discover
[0.241s] INFO:colcon.colcon_core.package_discovery:Crawling recursively for packages in '/home/rrm'
[0.241s] Level 1:colcon.colcon_core.package_identification:_identify(.) by extensions ['ignore', 'ignore_ament_install']
[0.242s] Level 1:colcon.colcon_core.package_identification:_identify(.) by extension 'ignore'
[0.242s] Level 1:colcon.colcon_core.package_identification:_identify(.) by extension 'ignore_ament_install'
[0.242s] Level 1:colcon.colcon_core.package_identification:_identify(.) by extensions ['colcon_pkg']
[0.242s] Level 1:colcon.colcon_core.package_identification:_identify(.) by extension 'colcon_pkg'
[0.242s] Level 1:colcon.colcon_core.package_identification:_identify(.) by extensions ['colcon_meta']
[0.242s] Level 1:colcon.colcon_core.package_identification:_identify(.) by extension 'colcon_meta'
[0.242s] Level 1:colcon.colcon_core.package_identification:_identify(.) by extensions ['ros']
[0.242s] Level 1:colcon.colcon_core.package_identification:_identify(.) by extension 'ros'
[0.252s] Level 1:colcon.colcon_core.package_identification:_identify(.) by extensions ['cmake', 'python']
[0.252s] Level 1:colcon.colcon_core.package_identification:_identify(.) by extension 'cmake'
[0.252s] Level 1:colcon.colcon_core.package_identification:_identify(.) by extension 'python'
[0.252s] Level 1:colcon.colcon_core.package_identification:_identify(.) by extensions ['python_setup_py']
[0.252s] Level 1:colcon.colcon_core.package_identification:_identify(.) by extension 'python_setup_py'
[0.252s] Level 1:colcon.colcon_core.package_identification:_identify(build) by extensions ['ignore', 'ignore_ament_install']
[0.252s] Level 1:colcon.colcon_core.package_identification:_identify(build) by extension 'ignore'
[0.252s] Level 1:colcon.colcon_core.package_identification:_identify(build) ignored
[0.252s] Level 1:colcon.colcon_core.package_identification:_identify(install) by extensions ['ignore', 'ignore_ament_install']
[0.252s] Level 1:colcon.colcon_core.package_identification:_identify(install) by extension 'ignore'
[0.252s] Level 1:colcon.colcon_core.package_identification:_identify(install) ignored
[0.252s] Level 1:colcon.colcon_core.package_identification:_identify(log) by extensions ['ignore', 'ignore_ament_install']
[0.252s] Level 1:colcon.colcon_core.package_identification:_identify(log) by extension 'ignore'
[0.252s] Level 1:colcon.colcon_core.package_identification:_identify(log) ignored
[0.252s] Level 1:colcon.colcon_core.package_identification:_identify(src) by extensions ['ignore', 'ignore_ament_install']
[0.253s] Level 1:colcon.colcon_core.package_identification:_identify(src) by extension 'ignore'
[0.253s] Level 1:colcon.colcon_core.package_identification:_identify(src) by extension 'ignore_ament_install'
[0.253s] Level 1:colcon.colcon_core.package_identification:_identify(src) by extensions ['colcon_pkg']
[0.253s] Level 1:colcon.colcon_core.package_identification:_identify(src) by extension 'colcon_pkg'
[0.253s] Level 1:colcon.colcon_core.package_identification:_identify(src) by extensions ['colcon_meta']
[0.253s] Level 1:colcon.colcon_core.package_identification:_identify(src) by extension 'colcon_meta'
[0.253s] Level 1:colcon.colcon_core.package_identification:_identify(src) by extensions ['ros']
[0.253s] Level 1:colcon.colcon_core.package_identification:_identify(src) by extension 'ros'
[0.253s] Level 1:colcon.colcon_core.package_identification:_identify(src) by extensions ['cmake', 'python']
[0.253s] Level 1:colcon.colcon_core.package_identification:_identify(src) by extension 'cmake'
[0.253s] Level 1:colcon.colcon_core.package_identification:_identify(src) by extension 'python'
[0.253s] Level 1:colcon.colcon_core.package_identification:_identify(src) by extensions ['python_setup_py']
[0.253s] Level 1:colcon.colcon_core.package_identification:_identify(src) by extension 'python_setup_py'
[0.253s] Level 1:colcon.colcon_core.package_identification:_identify(src/cv1) by extensions ['ignore', 'ignore_ament_install']
[0.253s] Level 1:colcon.colcon_core.package_identification:_identify(src/cv1) by extension 'ignore'
[0.253s] Level 1:colcon.colcon_core.package_identification:_identify(src/cv1) by extension 'ignore_ament_install'
[0.253s] Level 1:colcon.colcon_core.package_identification:_identify(src/cv1) by extensions ['colcon_pkg']
[0.253s] Level 1:colcon.colcon_core.package_identification:_identify(src/cv1) by extension 'colcon_pkg'
[0.253s] Level 1:colcon.colcon_core.package_identification:_identify(src/cv1) by extensions ['colcon_meta']
[0.253s] Level 1:colcon.colcon_core.package_identification:_identify(src/cv1) by extension 'colcon_meta'
[0.253s] Level 1:colcon.colcon_core.package_identification:_identify(src/cv1) by extensions ['ros']
[0.253s] Level 1:colcon.colcon_core.package_identification:_identify(src/cv1) by extension 'ros'
[0.255s] DEBUG:colcon.colcon_core.package_identification:Package 'src/cv1' with type 'ros.ament_cmake' and name 'cv1'
[0.255s] Level 1:colcon.colcon_core.package_identification:_identify(src/cv2) by extensions ['ignore', 'ignore_ament_install']
[0.255s] Level 1:colcon.colcon_core.package_identification:_identify(src/cv2) by extension 'ignore'
[0.255s] Level 1:colcon.colcon_core.package_identification:_identify(src/cv2) by extension 'ignore_ament_install'
[0.255s] Level 1:colcon.colcon_core.package_identification:_identify(src/cv2) by extensions ['colcon_pkg']
[0.256s] Level 1:colcon.colcon_core.package_identification:_identify(src/cv2) by extension 'colcon_pkg'
[0.256s] Level 1:colcon.colcon_core.package_identification:_identify(src/cv2) by extensions ['colcon_meta']
[0.256s] Level 1:colcon.colcon_core.package_identification:_identify(src/cv2) by extension 'colcon_meta'
[0.256s] Level 1:colcon.colcon_core.package_identification:_identify(src/cv2) by extensions ['ros']
[0.256s] Level 1:colcon.colcon_core.package_identification:_identify(src/cv2) by extension 'ros'
[0.256s] DEBUG:colcon.colcon_core.package_identification:Package 'src/cv2' with type 'ros.ament_cmake' and name 'cv2'
[0.256s] Level 1:colcon.colcon_core.package_identification:_identify(src/rrm_msgs) by extensions ['ignore', 'ignore_ament_install']
[0.256s] Level 1:colcon.colcon_core.package_identification:_identify(src/rrm_msgs) by extension 'ignore'
[0.256s] Level 1:colcon.colcon_core.package_identification:_identify(src/rrm_msgs) by extension 'ignore_ament_install'
[0.257s] Level 1:colcon.colcon_core.package_identification:_identify(src/rrm_msgs) by extensions ['colcon_pkg']
[0.257s] Level 1:colcon.colcon_core.package_identification:_identify(src/rrm_msgs) by extension 'colcon_pkg'
[0.257s] Level 1:colcon.colcon_core.package_identification:_identify(src/rrm_msgs) by extensions ['colcon_meta']
[0.257s] Level 1:colcon.colcon_core.package_identification:_identify(src/rrm_msgs) by extension 'colcon_meta'
[0.257s] Level 1:colcon.colcon_core.package_identification:_identify(src/rrm_msgs) by extensions ['ros']
[0.257s] Level 1:colcon.colcon_core.package_identification:_identify(src/rrm_msgs) by extension 'ros'
[0.257s] DEBUG:colcon.colcon_core.package_identification:Package 'src/rrm_msgs' with type 'ros.ament_cmake' and name 'rrm_msgs'
[0.257s] Level 1:colcon.colcon_core.package_identification:_identify(src/rrm_sim) by extensions ['ignore', 'ignore_ament_install']
[0.257s] Level 1:colcon.colcon_core.package_identification:_identify(src/rrm_sim) by extension 'ignore'
[0.257s] Level 1:colcon.colcon_core.package_identification:_identify(src/rrm_sim) by extension 'ignore_ament_install'
[0.257s] Level 1:colcon.colcon_core.package_identification:_identify(src/rrm_sim) by extensions ['colcon_pkg']
[0.257s] Level 1:colcon.colcon_core.package_identification:_identify(src/rrm_sim) by extension 'colcon_pkg'
[0.257s] Level 1:colcon.colcon_core.package_identification:_identify(src/rrm_sim) by extensions ['colcon_meta']
[0.257s] Level 1:colcon.colcon_core.package_identification:_identify(src/rrm_sim) by extension 'colcon_meta'
[0.258s] Level 1:colcon.colcon_core.package_identification:_identify(src/rrm_sim) by extensions ['ros']
[0.258s] Level 1:colcon.colcon_core.package_identification:_identify(src/rrm_sim) by extension 'ros'
[0.258s] DEBUG:colcon.colcon_core.package_identification:Package 'src/rrm_sim' with type 'ros.ament_cmake' and name 'rrm_sim'
[0.258s] Level 1:colcon.colcon_core.package_identification:_identify(src/rrm_simple_robot_model) by extensions ['ignore', 'ignore_ament_install']
[0.258s] Level 1:colcon.colcon_core.package_identification:_identify(src/rrm_simple_robot_model) by extension 'ignore'
[0.258s] Level 1:colcon.colcon_core.package_identification:_identify(src/rrm_simple_robot_model) by extension 'ignore_ament_install'
[0.259s] Level 1:colcon.colcon_core.package_identification:_identify(src/rrm_simple_robot_model) by extensions ['colcon_pkg']
[0.259s] Level 1:colcon.colcon_core.package_identification:_identify(src/rrm_simple_robot_model) by extension 'colcon_pkg'
[0.259s] Level 1:colcon.colcon_core.package_identification:_identify(src/rrm_simple_robot_model) by extensions ['colcon_meta']
[0.259s] Level 1:colcon.colcon_core.package_identification:_identify(src/rrm_simple_robot_model) by extension 'colcon_meta'
[0.259s] Level 1:colcon.colcon_core.package_identification:_identify(src/rrm_simple_robot_model) by extensions ['ros']
[0.259s] Level 1:colcon.colcon_core.package_identification:_identify(src/rrm_simple_robot_model) by extension 'ros'
[0.259s] DEBUG:colcon.colcon_core.package_identification:Package 'src/rrm_simple_robot_model' with type 'ros.ament_cmake' and name 'rrm_simple_robot_model'
[0.259s] Level 1:colcon.colcon_core.package_discovery:discover_packages(recursive) using defaults
[0.259s] Level 1:colcon.colcon_core.package_discovery:discover_packages(ignore) discover
[0.259s] Level 1:colcon.colcon_core.package_discovery:discover_packages(ignore) using defaults
[0.259s] Level 1:colcon.colcon_core.package_discovery:discover_packages(path) discover
[0.259s] Level 1:colcon.colcon_core.package_discovery:discover_packages(path) using defaults
[0.275s] Level 5:colcon.colcon_core.verb:set package 'cv1' build argument 'cmake_args' from command line to 'None'
[0.275s] Level 5:colcon.colcon_core.verb:set package 'cv1' build argument 'cmake_target' from command line to 'None'
[0.275s] Level 5:colcon.colcon_core.verb:set package 'cv1' build argument 'cmake_target_skip_unavailable' from command line to 'False'
[0.275s] Level 5:colcon.colcon_core.verb:set package 'cv1' build argument 'cmake_clean_cache' from command line to 'False'
[0.276s] Level 5:colcon.colcon_core.verb:set package 'cv1' build argument 'cmake_clean_first' from command line to 'False'
[0.276s] Level 5:colcon.colcon_core.verb:set package 'cv1' build argument 'cmake_force_configure' from command line to 'False'
[0.276s] Level 5:colcon.colcon_core.verb:set package 'cv1' build argument 'ament_cmake_args' from command line to 'None'
[0.276s] Level 5:colcon.colcon_core.verb:set package 'cv1' build argument 'catkin_cmake_args' from command line to 'None'
[0.276s] Level 5:colcon.colcon_core.verb:set package 'cv1' build argument 'catkin_skip_building_tests' from command line to 'False'
[0.276s] DEBUG:colcon.colcon_core.verb:Building package 'cv1' with the following arguments: {'ament_cmake_args': None, 'build_base': '/home/rrm/build/cv1', 'catkin_cmake_args': None, 'catkin_skip_building_tests': False, 'cmake_args': None, 'cmake_clean_cache': False, 'cmake_clean_first': False, 'cmake_force_configure': False, 'cmake_target': None, 'cmake_target_skip_unavailable': False, 'install_base': '/home/rrm/install/cv1', 'merge_install': False, 'path': '/home/rrm/src/cv1', 'symlink_install': False, 'test_result_base': None}
[0.276s] Level 5:colcon.colcon_core.verb:set package 'rrm_msgs' build argument 'cmake_args' from command line to 'None'
[0.276s] Level 5:colcon.colcon_core.verb:set package 'rrm_msgs' build argument 'cmake_target' from command line to 'None'
[0.276s] Level 5:colcon.colcon_core.verb:set package 'rrm_msgs' build argument 'cmake_target_skip_unavailable' from command line to 'False'
[0.276s] Level 5:colcon.colcon_core.verb:set package 'rrm_msgs' build argument 'cmake_clean_cache' from command line to 'False'
[0.276s] Level 5:colcon.colcon_core.verb:set package 'rrm_msgs' build argument 'cmake_clean_first' from command line to 'False'
[0.276s] Level 5:colcon.colcon_core.verb:set package 'rrm_msgs' build argument 'cmake_force_configure' from command line to 'False'
[0.276s] Level 5:colcon.colcon_core.verb:set package 'rrm_msgs' build argument 'ament_cmake_args' from command line to 'None'
[0.276s] Level 5:colcon.colcon_core.verb:set package 'rrm_msgs' build argument 'catkin_cmake_args' from command line to 'None'
[0.276s] Level 5:colcon.colcon_core.verb:set package 'rrm_msgs' build argument 'catkin_skip_building_tests' from command line to 'False'
[0.276s] DEBUG:colcon.colcon_core.verb:Building package 'rrm_msgs' with the following arguments: {'ament_cmake_args': None, 'build_base': '/home/rrm/build/rrm_msgs', 'catkin_cmake_args': None, 'catkin_skip_building_tests': False, 'cmake_args': None, 'cmake_clean_cache': False, 'cmake_clean_first': False, 'cmake_force_configure': False, 'cmake_target': None, 'cmake_target_skip_unavailable': False, 'install_base': '/home/rrm/install/rrm_msgs', 'merge_install': False, 'path': '/home/rrm/src/rrm_msgs', 'symlink_install': False, 'test_result_base': None}
[0.276s] Level 5:colcon.colcon_core.verb:set package 'rrm_simple_robot_model' build argument 'cmake_args' from command line to 'None'
[0.276s] Level 5:colcon.colcon_core.verb:set package 'rrm_simple_robot_model' build argument 'cmake_target' from command line to 'None'
[0.277s] Level 5:colcon.colcon_core.verb:set package 'rrm_simple_robot_model' build argument 'cmake_target_skip_unavailable' from command line to 'False'
[0.277s] Level 5:colcon.colcon_core.verb:set package 'rrm_simple_robot_model' build argument 'cmake_clean_cache' from command line to 'False'
[0.277s] Level 5:colcon.colcon_core.verb:set package 'rrm_simple_robot_model' build argument 'cmake_clean_first' from command line to 'False'
[0.277s] Level 5:colcon.colcon_core.verb:set package 'rrm_simple_robot_model' build argument 'cmake_force_configure' from command line to 'False'
[0.277s] Level 5:colcon.colcon_core.verb:set package 'rrm_simple_robot_model' build argument 'ament_cmake_args' from command line to 'None'
[0.277s] Level 5:colcon.colcon_core.verb:set package 'rrm_simple_robot_model' build argument 'catkin_cmake_args' from command line to 'None'
[0.277s] Level 5:colcon.colcon_core.verb:set package 'rrm_simple_robot_model' build argument 'catkin_skip_building_tests' from command line to 'False'
[0.277s] DEBUG:colcon.colcon_core.verb:Building package 'rrm_simple_robot_model' with the following arguments: {'ament_cmake_args': None, 'build_base': '/home/rrm/build/rrm_simple_robot_model', 'catkin_cmake_args': None, 'catkin_skip_building_tests': False, 'cmake_args': None, 'cmake_clean_cache': False, 'cmake_clean_first': False, 'cmake_force_configure': False, 'cmake_target': None, 'cmake_target_skip_unavailable': False, 'install_base': '/home/rrm/install/rrm_simple_robot_model', 'merge_install': False, 'path': '/home/rrm/src/rrm_simple_robot_model', 'symlink_install': False, 'test_result_base': None}
[0.277s] Level 5:colcon.colcon_core.verb:set package 'cv2' build argument 'cmake_args' from command line to 'None'
[0.277s] Level 5:colcon.colcon_core.verb:set package 'cv2' build argument 'cmake_target' from command line to 'None'
[0.277s] Level 5:colcon.colcon_core.verb:set package 'cv2' build argument 'cmake_target_skip_unavailable' from command line to 'False'
[0.277s] Level 5:colcon.colcon_core.verb:set package 'cv2' build argument 'cmake_clean_cache' from command line to 'False'
[0.277s] Level 5:colcon.colcon_core.verb:set package 'cv2' build argument 'cmake_clean_first' from command line to 'False'
[0.277s] Level 5:colcon.colcon_core.verb:set package 'cv2' build argument 'cmake_force_configure' from command line to 'False'
[0.277s] Level 5:colcon.colcon_core.verb:set package 'cv2' build argument 'ament_cmake_args' from command line to 'None'
[0.277s] Level 5:colcon.colcon_core.verb:set package 'cv2' build argument 'catkin_cmake_args' from command line to 'None'
[0.277s] Level 5:colcon.colcon_core.verb:set package 'cv2' build argument 'catkin_skip_building_tests' from command line to 'False'
[0.277s] DEBUG:colcon.colcon_core.verb:Building package 'cv2' with the following arguments: {'ament_cmake_args': None, 'build_base': '/home/rrm/build/cv2', 'catkin_cmake_args': None, 'catkin_skip_building_tests': False, 'cmake_args': None, 'cmake_clean_cache': False, 'cmake_clean_first': False, 'cmake_force_configure': False, 'cmake_target': None, 'cmake_target_skip_unavailable': False, 'install_base': '/home/rrm/install/cv2', 'merge_install': False, 'path': '/home/rrm/src/cv2', 'symlink_install': False, 'test_result_base': None}
[0.277s] Level 5:colcon.colcon_core.verb:set package 'rrm_sim' build argument 'cmake_args' from command line to 'None'
[0.277s] Level 5:colcon.colcon_core.verb:set package 'rrm_sim' build argument 'cmake_target' from command line to 'None'
[0.278s] Level 5:colcon.colcon_core.verb:set package 'rrm_sim' build argument 'cmake_target_skip_unavailable' from command line to 'False'
[0.278s] Level 5:colcon.colcon_core.verb:set package 'rrm_sim' build argument 'cmake_clean_cache' from command line to 'False'
[0.278s] Level 5:colcon.colcon_core.verb:set package 'rrm_sim' build argument 'cmake_clean_first' from command line to 'False'
[0.278s] Level 5:colcon.colcon_core.verb:set package 'rrm_sim' build argument 'cmake_force_configure' from command line to 'False'
[0.278s] Level 5:colcon.colcon_core.verb:set package 'rrm_sim' build argument 'ament_cmake_args' from command line to 'None'
[0.278s] Level 5:colcon.colcon_core.verb:set package 'rrm_sim' build argument 'catkin_cmake_args' from command line to 'None'
[0.278s] Level 5:colcon.colcon_core.verb:set package 'rrm_sim' build argument 'catkin_skip_building_tests' from command line to 'False'
[0.278s] DEBUG:colcon.colcon_core.verb:Building package 'rrm_sim' with the following arguments: {'ament_cmake_args': None, 'build_base': '/home/rrm/build/rrm_sim', 'catkin_cmake_args': None, 'catkin_skip_building_tests': False, 'cmake_args': None, 'cmake_clean_cache': False, 'cmake_clean_first': False, 'cmake_force_configure': False, 'cmake_target': None, 'cmake_target_skip_unavailable': False, 'install_base': '/home/rrm/install/rrm_sim', 'merge_install': False, 'path': '/home/rrm/src/rrm_sim', 'symlink_install': False, 'test_result_base': None}
[0.278s] INFO:colcon.colcon_core.executor:Executing jobs using 'parallel' executor
[0.279s] DEBUG:colcon.colcon_parallel_executor.executor.parallel:run_until_complete
[0.279s] INFO:colcon.colcon_ros.task.ament_cmake.build:Building ROS package in '/home/rrm/src/rrm_msgs' with build type 'ament_cmake'
[0.279s] INFO:colcon.colcon_cmake.task.cmake.build:Building CMake package in '/home/rrm/src/rrm_msgs'
[0.281s] INFO:colcon.colcon_core.plugin_system:Skipping extension 'colcon_core.shell.bat': Not used on non-Windows systems
[0.281s] INFO:colcon.colcon_core.shell:Skip shell extension 'powershell' for command environment: Not usable outside of PowerShell
[0.281s] DEBUG:colcon.colcon_core.shell:Skip shell extension 'dsv' for command environment
[0.281s] WARNING:colcon.colcon_ros.prefix_path.ament:The path '/home/rrm/install/cv1' in the environment variable AMENT_PREFIX_PATH doesn't exist
[0.282s] WARNING:colcon.colcon_ros.prefix_path.catkin:The path '/home/rrm/install/cv1' in the environment variable CMAKE_PREFIX_PATH doesn't exist
[0.284s] INFO:colcon.colcon_ros.task.ament_cmake.build:Building ROS package in '/home/rrm/src/cv1' with build type 'ament_cmake'
[0.284s] INFO:colcon.colcon_cmake.task.cmake.build:Building CMake package in '/home/rrm/src/cv1'
[0.285s] INFO:colcon.colcon_core.shell:Skip shell extension 'powershell' for command environment: Not usable outside of PowerShell
[0.285s] DEBUG:colcon.colcon_core.shell:Skip shell extension 'dsv' for command environment
[0.288s] INFO:colcon.colcon_ros.task.ament_cmake.build:Building ROS package in '/home/rrm/src/rrm_simple_robot_model' with build type 'ament_cmake'
[0.289s] INFO:colcon.colcon_cmake.task.cmake.build:Building CMake package in '/home/rrm/src/rrm_simple_robot_model'
[0.289s] INFO:colcon.colcon_core.shell:Skip shell extension 'powershell' for command environment: Not usable outside of PowerShell
[0.289s] DEBUG:colcon.colcon_core.shell:Skip shell extension 'dsv' for command environment
[0.300s] DEBUG:colcon.colcon_core.event_handler.log_command:Invoking command in '/home/rrm/build/rrm_msgs': CMAKE_PREFIX_PATH=${CMAKE_PREFIX_PATH}:/opt/ros/humble /usr/bin/cmake /home/rrm/src/rrm_msgs -DCMAKE_INSTALL_PREFIX=/home/rrm/install/rrm_msgs
[0.305s] DEBUG:colcon.colcon_core.event_handler.log_command:Invoking command in '/home/rrm/build/cv1': CMAKE_PREFIX_PATH=${CMAKE_PREFIX_PATH}:/opt/ros/humble /usr/bin/cmake /home/rrm/src/cv1 -DCMAKE_INSTALL_PREFIX=/home/rrm/install/cv1
[0.308s] DEBUG:colcon.colcon_core.event_handler.log_command:Invoking command in '/home/rrm/build/rrm_simple_robot_model': CMAKE_PREFIX_PATH=${CMAKE_PREFIX_PATH}:/opt/ros/humble /usr/bin/cmake /home/rrm/src/rrm_simple_robot_model -DCMAKE_INSTALL_PREFIX=/home/rrm/install/rrm_simple_robot_model
[0.883s] DEBUG:colcon.colcon_core.event_handler.log_command:Invoked command in '/home/rrm/build/rrm_simple_robot_model' returned '0': CMAKE_PREFIX_PATH=${CMAKE_PREFIX_PATH}:/opt/ros/humble /usr/bin/cmake /home/rrm/src/rrm_simple_robot_model -DCMAKE_INSTALL_PREFIX=/home/rrm/install/rrm_simple_robot_model
[0.885s] DEBUG:colcon.colcon_core.event_handler.log_command:Invoking command in '/home/rrm/build/rrm_simple_robot_model': CMAKE_PREFIX_PATH=${CMAKE_PREFIX_PATH}:/opt/ros/humble /usr/bin/cmake --build /home/rrm/build/rrm_simple_robot_model -- -j8 -l8
[0.916s] DEBUG:colcon.colcon_core.event_handler.log_command:Invoked command in '/home/rrm/build/rrm_simple_robot_model' returned '0': CMAKE_PREFIX_PATH=${CMAKE_PREFIX_PATH}:/opt/ros/humble /usr/bin/cmake --build /home/rrm/build/rrm_simple_robot_model -- -j8 -l8
[0.923s] DEBUG:colcon.colcon_core.event_handler.log_command:Invoking command in '/home/rrm/build/rrm_simple_robot_model': CMAKE_PREFIX_PATH=${CMAKE_PREFIX_PATH}:/opt/ros/humble /usr/bin/cmake --install /home/rrm/build/rrm_simple_robot_model
[0.933s] Level 1:colcon.colcon_core.environment:create_environment_scripts_only(rrm_simple_robot_model)
[0.933s] DEBUG:colcon.colcon_core.event_handler.log_command:Invoked command in '/home/rrm/build/rrm_simple_robot_model' returned '0': CMAKE_PREFIX_PATH=${CMAKE_PREFIX_PATH}:/opt/ros/humble /usr/bin/cmake --install /home/rrm/build/rrm_simple_robot_model
[0.935s] Level 1:colcon.colcon_core.environment:checking '/home/rrm/install/rrm_simple_robot_model' for CMake module files
[0.936s] Level 1:colcon.colcon_core.environment:checking '/home/rrm/install/rrm_simple_robot_model' for CMake config files
[0.936s] Level 1:colcon.colcon_core.shell:create_environment_hook('rrm_simple_robot_model', 'cmake_prefix_path')
[0.936s] INFO:colcon.colcon_core.shell:Creating environment hook '/home/rrm/install/rrm_simple_robot_model/share/rrm_simple_robot_model/hook/cmake_prefix_path.ps1'
[0.937s] INFO:colcon.colcon_core.shell:Creating environment descriptor '/home/rrm/install/rrm_simple_robot_model/share/rrm_simple_robot_model/hook/cmake_prefix_path.dsv'
[0.938s] INFO:colcon.colcon_core.shell:Creating environment hook '/home/rrm/install/rrm_simple_robot_model/share/rrm_simple_robot_model/hook/cmake_prefix_path.sh'
[0.940s] Level 1:colcon.colcon_core.environment:checking '/home/rrm/install/rrm_simple_robot_model/bin'
[0.940s] Level 1:colcon.colcon_core.environment:checking '/home/rrm/install/rrm_simple_robot_model/lib/pkgconfig/rrm_simple_robot_model.pc'
[0.941s] Level 1:colcon.colcon_core.environment:checking '/home/rrm/install/rrm_simple_robot_model/lib/python3.10/site-packages'
[0.941s] Level 1:colcon.colcon_core.environment:checking '/home/rrm/install/rrm_simple_robot_model/bin'
[0.942s] INFO:colcon.colcon_core.shell:Creating package script '/home/rrm/install/rrm_simple_robot_model/share/rrm_simple_robot_model/package.ps1'
[0.943s] INFO:colcon.colcon_core.shell:Creating package descriptor '/home/rrm/install/rrm_simple_robot_model/share/rrm_simple_robot_model/package.dsv'
[0.943s] INFO:colcon.colcon_core.shell:Creating package script '/home/rrm/install/rrm_simple_robot_model/share/rrm_simple_robot_model/package.sh'
[0.944s] INFO:colcon.colcon_core.shell:Creating package script '/home/rrm/install/rrm_simple_robot_model/share/rrm_simple_robot_model/package.bash'
[0.945s] INFO:colcon.colcon_core.shell:Creating package script '/home/rrm/install/rrm_simple_robot_model/share/rrm_simple_robot_model/package.zsh'
[0.945s] Level 1:colcon.colcon_core.environment:create_file_with_runtime_dependencies(/home/rrm/install/rrm_simple_robot_model/share/colcon-core/packages/rrm_simple_robot_model)
[0.946s] Level 1:colcon.colcon_core.environment:create_environment_scripts_only(rrm_simple_robot_model)
[0.946s] Level 1:colcon.colcon_core.environment:checking '/home/rrm/install/rrm_simple_robot_model' for CMake module files
[0.947s] Level 1:colcon.colcon_core.environment:checking '/home/rrm/install/rrm_simple_robot_model' for CMake config files
[0.947s] Level 1:colcon.colcon_core.shell:create_environment_hook('rrm_simple_robot_model', 'cmake_prefix_path')
[0.947s] INFO:colcon.colcon_core.shell:Creating environment hook '/home/rrm/install/rrm_simple_robot_model/share/rrm_simple_robot_model/hook/cmake_prefix_path.ps1'
[0.947s] INFO:colcon.colcon_core.shell:Creating environment descriptor '/home/rrm/install/rrm_simple_robot_model/share/rrm_simple_robot_model/hook/cmake_prefix_path.dsv'
[0.948s] INFO:colcon.colcon_core.shell:Creating environment hook '/home/rrm/install/rrm_simple_robot_model/share/rrm_simple_robot_model/hook/cmake_prefix_path.sh'
[0.948s] Level 1:colcon.colcon_core.environment:checking '/home/rrm/install/rrm_simple_robot_model/bin'
[0.948s] Level 1:colcon.colcon_core.environment:checking '/home/rrm/install/rrm_simple_robot_model/lib/pkgconfig/rrm_simple_robot_model.pc'
[0.949s] Level 1:colcon.colcon_core.environment:checking '/home/rrm/install/rrm_simple_robot_model/lib/python3.10/site-packages'
[0.949s] Level 1:colcon.colcon_core.environment:checking '/home/rrm/install/rrm_simple_robot_model/bin'
[0.949s] INFO:colcon.colcon_core.shell:Creating package script '/home/rrm/install/rrm_simple_robot_model/share/rrm_simple_robot_model/package.ps1'
[0.950s] INFO:colcon.colcon_core.shell:Creating package descriptor '/home/rrm/install/rrm_simple_robot_model/share/rrm_simple_robot_model/package.dsv'
[0.951s] INFO:colcon.colcon_core.shell:Creating package script '/home/rrm/install/rrm_simple_robot_model/share/rrm_simple_robot_model/package.sh'
[0.951s] INFO:colcon.colcon_core.shell:Creating package script '/home/rrm/install/rrm_simple_robot_model/share/rrm_simple_robot_model/package.bash'
[0.952s] INFO:colcon.colcon_core.shell:Creating package script '/home/rrm/install/rrm_simple_robot_model/share/rrm_simple_robot_model/package.zsh'
[0.952s] Level 1:colcon.colcon_core.environment:create_file_with_runtime_dependencies(/home/rrm/install/rrm_simple_robot_model/share/colcon-core/packages/rrm_simple_robot_model)
[1.370s] DEBUG:colcon.colcon_core.event_handler.log_command:Invoked command in '/home/rrm/build/cv1' returned '0': CMAKE_PREFIX_PATH=${CMAKE_PREFIX_PATH}:/opt/ros/humble /usr/bin/cmake /home/rrm/src/cv1 -DCMAKE_INSTALL_PREFIX=/home/rrm/install/cv1
[1.371s] DEBUG:colcon.colcon_core.event_handler.log_command:Invoking command in '/home/rrm/build/cv1': CMAKE_PREFIX_PATH=${CMAKE_PREFIX_PATH}:/opt/ros/humble /usr/bin/cmake --build /home/rrm/build/cv1 -- -j8 -l8
[1.764s] DEBUG:colcon.colcon_core.event_handler.log_command:Invoked command in '/home/rrm/build/rrm_msgs' returned '0': CMAKE_PREFIX_PATH=${CMAKE_PREFIX_PATH}:/opt/ros/humble /usr/bin/cmake /home/rrm/src/rrm_msgs -DCMAKE_INSTALL_PREFIX=/home/rrm/install/rrm_msgs
[1.765s] DEBUG:colcon.colcon_core.event_handler.log_command:Invoking command in '/home/rrm/build/rrm_msgs': CMAKE_PREFIX_PATH=${CMAKE_PREFIX_PATH}:/opt/ros/humble /usr/bin/cmake --build /home/rrm/build/rrm_msgs -- -j8 -l8
[4.873s] DEBUG:colcon.colcon_core.event_handler.log_command:Invoked command in '/home/rrm/build/rrm_msgs' returned '0': CMAKE_PREFIX_PATH=${CMAKE_PREFIX_PATH}:/opt/ros/humble /usr/bin/cmake --build /home/rrm/build/rrm_msgs -- -j8 -l8
[4.875s] DEBUG:colcon.colcon_core.event_handler.log_command:Invoking command in '/home/rrm/build/rrm_msgs': CMAKE_PREFIX_PATH=${CMAKE_PREFIX_PATH}:/opt/ros/humble /usr/bin/cmake --install /home/rrm/build/rrm_msgs
[4.957s] Level 1:colcon.colcon_core.environment:create_environment_scripts_only(rrm_msgs)
[4.958s] Level 1:colcon.colcon_core.environment:checking '/home/rrm/install/rrm_msgs' for CMake module files
[4.958s] DEBUG:colcon.colcon_core.event_handler.log_command:Invoked command in '/home/rrm/build/rrm_msgs' returned '0': CMAKE_PREFIX_PATH=${CMAKE_PREFIX_PATH}:/opt/ros/humble /usr/bin/cmake --install /home/rrm/build/rrm_msgs
[4.959s] Level 1:colcon.colcon_core.environment:checking '/home/rrm/install/rrm_msgs' for CMake config files
[4.960s] Level 1:colcon.colcon_core.shell:create_environment_hook('rrm_msgs', 'cmake_prefix_path')
[4.960s] INFO:colcon.colcon_core.shell:Creating environment hook '/home/rrm/install/rrm_msgs/share/rrm_msgs/hook/cmake_prefix_path.ps1'
[4.960s] INFO:colcon.colcon_core.shell:Creating environment descriptor '/home/rrm/install/rrm_msgs/share/rrm_msgs/hook/cmake_prefix_path.dsv'
[4.961s] INFO:colcon.colcon_core.shell:Creating environment hook '/home/rrm/install/rrm_msgs/share/rrm_msgs/hook/cmake_prefix_path.sh'
[4.961s] Level 1:colcon.colcon_core.environment:checking '/home/rrm/install/rrm_msgs/lib'
[4.961s] Level 1:colcon.colcon_core.shell:create_environment_hook('rrm_msgs', 'ld_library_path_lib')
[4.961s] INFO:colcon.colcon_core.shell:Creating environment hook '/home/rrm/install/rrm_msgs/share/rrm_msgs/hook/ld_library_path_lib.ps1'
[4.962s] INFO:colcon.colcon_core.shell:Creating environment descriptor '/home/rrm/install/rrm_msgs/share/rrm_msgs/hook/ld_library_path_lib.dsv'
[4.962s] INFO:colcon.colcon_core.shell:Creating environment hook '/home/rrm/install/rrm_msgs/share/rrm_msgs/hook/ld_library_path_lib.sh'
[4.962s] Level 1:colcon.colcon_core.environment:checking '/home/rrm/install/rrm_msgs/bin'
[4.962s] Level 1:colcon.colcon_core.environment:checking '/home/rrm/install/rrm_msgs/lib/pkgconfig/rrm_msgs.pc'
[4.963s] Level 1:colcon.colcon_core.environment:checking '/home/rrm/install/rrm_msgs/lib/python3.10/site-packages'
[4.963s] Level 1:colcon.colcon_core.environment:checking '/home/rrm/install/rrm_msgs/bin'
[4.963s] INFO:colcon.colcon_core.shell:Creating package script '/home/rrm/install/rrm_msgs/share/rrm_msgs/package.ps1'
[4.964s] INFO:colcon.colcon_core.shell:Creating package descriptor '/home/rrm/install/rrm_msgs/share/rrm_msgs/package.dsv'
[4.964s] INFO:colcon.colcon_core.shell:Creating package script '/home/rrm/install/rrm_msgs/share/rrm_msgs/package.sh'
[4.964s] INFO:colcon.colcon_core.shell:Creating package script '/home/rrm/install/rrm_msgs/share/rrm_msgs/package.bash'
[4.965s] INFO:colcon.colcon_core.shell:Creating package script '/home/rrm/install/rrm_msgs/share/rrm_msgs/package.zsh'
[4.965s] Level 1:colcon.colcon_core.environment:create_file_with_runtime_dependencies(/home/rrm/install/rrm_msgs/share/colcon-core/packages/rrm_msgs)
[4.965s] Level 1:colcon.colcon_core.environment:create_environment_scripts_only(rrm_msgs)
[4.966s] Level 1:colcon.colcon_core.environment:checking '/home/rrm/install/rrm_msgs' for CMake module files
[4.966s] Level 1:colcon.colcon_core.environment:checking '/home/rrm/install/rrm_msgs' for CMake config files
[4.966s] Level 1:colcon.colcon_core.shell:create_environment_hook('rrm_msgs', 'cmake_prefix_path')
[4.967s] INFO:colcon.colcon_core.shell:Creating environment hook '/home/rrm/install/rrm_msgs/share/rrm_msgs/hook/cmake_prefix_path.ps1'
[4.967s] INFO:colcon.colcon_core.shell:Creating environment descriptor '/home/rrm/install/rrm_msgs/share/rrm_msgs/hook/cmake_prefix_path.dsv'
[4.967s] INFO:colcon.colcon_core.shell:Creating environment hook '/home/rrm/install/rrm_msgs/share/rrm_msgs/hook/cmake_prefix_path.sh'
[4.968s] Level 1:colcon.colcon_core.environment:checking '/home/rrm/install/rrm_msgs/lib'
[4.968s] Level 1:colcon.colcon_core.shell:create_environment_hook('rrm_msgs', 'ld_library_path_lib')
[4.968s] INFO:colcon.colcon_core.shell:Creating environment hook '/home/rrm/install/rrm_msgs/share/rrm_msgs/hook/ld_library_path_lib.ps1'
[4.979s] INFO:colcon.colcon_core.shell:Creating environment descriptor '/home/rrm/install/rrm_msgs/share/rrm_msgs/hook/ld_library_path_lib.dsv'
[4.980s] INFO:colcon.colcon_core.shell:Creating environment hook '/home/rrm/install/rrm_msgs/share/rrm_msgs/hook/ld_library_path_lib.sh'
[4.980s] Level 1:colcon.colcon_core.environment:checking '/home/rrm/install/rrm_msgs/bin'
[4.980s] Level 1:colcon.colcon_core.environment:checking '/home/rrm/install/rrm_msgs/lib/pkgconfig/rrm_msgs.pc'
[4.980s] Level 1:colcon.colcon_core.environment:checking '/home/rrm/install/rrm_msgs/lib/python3.10/site-packages'
[4.981s] Level 1:colcon.colcon_core.environment:checking '/home/rrm/install/rrm_msgs/bin'
[4.981s] INFO:colcon.colcon_core.shell:Creating package script '/home/rrm/install/rrm_msgs/share/rrm_msgs/package.ps1'
[4.981s] INFO:colcon.colcon_core.shell:Creating package descriptor '/home/rrm/install/rrm_msgs/share/rrm_msgs/package.dsv'
[4.982s] INFO:colcon.colcon_core.shell:Creating package script '/home/rrm/install/rrm_msgs/share/rrm_msgs/package.sh'
[4.982s] INFO:colcon.colcon_core.shell:Creating package script '/home/rrm/install/rrm_msgs/share/rrm_msgs/package.bash'
[4.983s] INFO:colcon.colcon_core.shell:Creating package script '/home/rrm/install/rrm_msgs/share/rrm_msgs/package.zsh'
[4.983s] Level 1:colcon.colcon_core.environment:create_file_with_runtime_dependencies(/home/rrm/install/rrm_msgs/share/colcon-core/packages/rrm_msgs)
[4.983s] INFO:colcon.colcon_ros.task.ament_cmake.build:Building ROS package in '/home/rrm/src/cv2' with build type 'ament_cmake'
[4.984s] INFO:colcon.colcon_cmake.task.cmake.build:Building CMake package in '/home/rrm/src/cv2'
[4.984s] INFO:colcon.colcon_core.shell:Skip shell extension 'powershell' for command environment: Not usable outside of PowerShell
[4.984s] DEBUG:colcon.colcon_core.shell:Skip shell extension 'dsv' for command environment
[4.988s] INFO:colcon.colcon_ros.task.ament_cmake.build:Building ROS package in '/home/rrm/src/rrm_sim' with build type 'ament_cmake'
[4.988s] INFO:colcon.colcon_cmake.task.cmake.build:Building CMake package in '/home/rrm/src/rrm_sim'
[4.989s] INFO:colcon.colcon_core.shell:Skip shell extension 'powershell' for command environment: Not usable outside of PowerShell
[4.989s] DEBUG:colcon.colcon_core.shell:Skip shell extension 'dsv' for command environment
[4.996s] DEBUG:colcon.colcon_core.event_handler.log_command:Invoking command in '/home/rrm/build/cv2': AMENT_PREFIX_PATH=/home/rrm/install/rrm_msgs:${AMENT_PREFIX_PATH} CMAKE_PREFIX_PATH=/home/rrm/install/rrm_msgs:/home/rrm/install/cv1:/opt/ros/humble LD_LIBRARY_PATH=/home/rrm/install/rrm_msgs/lib:${LD_LIBRARY_PATH} PYTHONPATH=/home/rrm/install/rrm_msgs/local/lib/python3.10/dist-packages:${PYTHONPATH} /usr/bin/cmake /home/rrm/src/cv2 -DCMAKE_INSTALL_PREFIX=/home/rrm/install/cv2
[4.999s] DEBUG:colcon.colcon_core.event_handler.log_command:Invoking command in '/home/rrm/build/rrm_sim': AMENT_PREFIX_PATH=/home/rrm/install/rrm_msgs:${AMENT_PREFIX_PATH} CMAKE_PREFIX_PATH=/home/rrm/install/rrm_msgs:/home/rrm/install/cv1:/opt/ros/humble LD_LIBRARY_PATH=/home/rrm/install/rrm_msgs/lib:${LD_LIBRARY_PATH} PYTHONPATH=/home/rrm/install/rrm_msgs/local/lib/python3.10/dist-packages:${PYTHONPATH} /usr/bin/cmake /home/rrm/src/rrm_sim -DCMAKE_INSTALL_PREFIX=/home/rrm/install/rrm_sim
[5.470s] DEBUG:colcon.colcon_core.event_handler.log_command:Invoked command in '/home/rrm/build/cv1' returned '0': CMAKE_PREFIX_PATH=${CMAKE_PREFIX_PATH}:/opt/ros/humble /usr/bin/cmake --build /home/rrm/build/cv1 -- -j8 -l8
[5.472s] DEBUG:colcon.colcon_core.event_handler.log_command:Invoking command in '/home/rrm/build/cv1': CMAKE_PREFIX_PATH=${CMAKE_PREFIX_PATH}:/opt/ros/humble /usr/bin/cmake --install /home/rrm/build/cv1
[5.481s] Level 1:colcon.colcon_core.environment:create_environment_scripts_only(cv1)
[5.481s] Level 1:colcon.colcon_core.environment:checking '/home/rrm/install/cv1' for CMake module files
[5.481s] DEBUG:colcon.colcon_core.event_handler.log_command:Invoked command in '/home/rrm/build/cv1' returned '0': CMAKE_PREFIX_PATH=${CMAKE_PREFIX_PATH}:/opt/ros/humble /usr/bin/cmake --install /home/rrm/build/cv1
[5.482s] Level 1:colcon.colcon_core.environment:checking '/home/rrm/install/cv1' for CMake config files
[5.482s] Level 1:colcon.colcon_core.shell:create_environment_hook('cv1', 'cmake_prefix_path')
[5.482s] INFO:colcon.colcon_core.shell:Creating environment hook '/home/rrm/install/cv1/share/cv1/hook/cmake_prefix_path.ps1'
[5.483s] INFO:colcon.colcon_core.shell:Creating environment descriptor '/home/rrm/install/cv1/share/cv1/hook/cmake_prefix_path.dsv'
[5.483s] INFO:colcon.colcon_core.shell:Creating environment hook '/home/rrm/install/cv1/share/cv1/hook/cmake_prefix_path.sh'
[5.484s] Level 1:colcon.colcon_core.environment:checking '/home/rrm/install/cv1/lib'
[5.484s] Level 1:colcon.colcon_core.environment:checking '/home/rrm/install/cv1/bin'
[5.484s] Level 1:colcon.colcon_core.environment:checking '/home/rrm/install/cv1/lib/pkgconfig/cv1.pc'
[5.484s] Level 1:colcon.colcon_core.environment:checking '/home/rrm/install/cv1/lib/python3.10/site-packages'
[5.484s] Level 1:colcon.colcon_core.environment:checking '/home/rrm/install/cv1/bin'
[5.485s] INFO:colcon.colcon_core.shell:Creating package script '/home/rrm/install/cv1/share/cv1/package.ps1'
[5.485s] INFO:colcon.colcon_core.shell:Creating package descriptor '/home/rrm/install/cv1/share/cv1/package.dsv'
[5.486s] INFO:colcon.colcon_core.shell:Creating package script '/home/rrm/install/cv1/share/cv1/package.sh'
[5.486s] INFO:colcon.colcon_core.shell:Creating package script '/home/rrm/install/cv1/share/cv1/package.bash'
[5.487s] INFO:colcon.colcon_core.shell:Creating package script '/home/rrm/install/cv1/share/cv1/package.zsh'
[5.487s] Level 1:colcon.colcon_core.environment:create_file_with_runtime_dependencies(/home/rrm/install/cv1/share/colcon-core/packages/cv1)
[5.488s] Level 1:colcon.colcon_core.environment:create_environment_scripts_only(cv1)
[5.488s] Level 1:colcon.colcon_core.environment:checking '/home/rrm/install/cv1' for CMake module files
[5.489s] Level 1:colcon.colcon_core.environment:checking '/home/rrm/install/cv1' for CMake config files
[5.489s] Level 1:colcon.colcon_core.shell:create_environment_hook('cv1', 'cmake_prefix_path')
[5.489s] INFO:colcon.colcon_core.shell:Creating environment hook '/home/rrm/install/cv1/share/cv1/hook/cmake_prefix_path.ps1'
[5.490s] INFO:colcon.colcon_core.shell:Creating environment descriptor '/home/rrm/install/cv1/share/cv1/hook/cmake_prefix_path.dsv'
[5.490s] INFO:colcon.colcon_core.shell:Creating environment hook '/home/rrm/install/cv1/share/cv1/hook/cmake_prefix_path.sh'
[5.491s] Level 1:colcon.colcon_core.environment:checking '/home/rrm/install/cv1/lib'
[5.491s] Level 1:colcon.colcon_core.environment:checking '/home/rrm/install/cv1/bin'
[5.491s] Level 1:colcon.colcon_core.environment:checking '/home/rrm/install/cv1/lib/pkgconfig/cv1.pc'
[5.491s] Level 1:colcon.colcon_core.environment:checking '/home/rrm/install/cv1/lib/python3.10/site-packages'
[5.492s] Level 1:colcon.colcon_core.environment:checking '/home/rrm/install/cv1/bin'
[5.492s] INFO:colcon.colcon_core.shell:Creating package script '/home/rrm/install/cv1/share/cv1/package.ps1'
[5.493s] INFO:colcon.colcon_core.shell:Creating package descriptor '/home/rrm/install/cv1/share/cv1/package.dsv'
[5.493s] INFO:colcon.colcon_core.shell:Creating package script '/home/rrm/install/cv1/share/cv1/package.sh'
[5.494s] INFO:colcon.colcon_core.shell:Creating package script '/home/rrm/install/cv1/share/cv1/package.bash'
[5.494s] INFO:colcon.colcon_core.shell:Creating package script '/home/rrm/install/cv1/share/cv1/package.zsh'
[5.495s] Level 1:colcon.colcon_core.environment:create_file_with_runtime_dependencies(/home/rrm/install/cv1/share/colcon-core/packages/cv1)
[6.157s] DEBUG:colcon.colcon_core.event_handler.log_command:Invoked command in '/home/rrm/build/cv2' returned '1': AMENT_PREFIX_PATH=/home/rrm/install/rrm_msgs:${AMENT_PREFIX_PATH} CMAKE_PREFIX_PATH=/home/rrm/install/rrm_msgs:/home/rrm/install/cv1:/opt/ros/humble LD_LIBRARY_PATH=/home/rrm/install/rrm_msgs/lib:${LD_LIBRARY_PATH} PYTHONPATH=/home/rrm/install/rrm_msgs/local/lib/python3.10/dist-packages:${PYTHONPATH} /usr/bin/cmake /home/rrm/src/cv2 -DCMAKE_INSTALL_PREFIX=/home/rrm/install/cv2
[6.165s] Level 1:colcon.colcon_core.environment:create_environment_scripts_only(cv2)
[6.166s] Level 1:colcon.colcon_core.environment:checking '/home/rrm/install/cv2' for CMake module files
[6.166s] Level 1:colcon.colcon_core.environment:checking '/home/rrm/install/cv2' for CMake config files
[6.166s] Level 1:colcon.colcon_core.environment:checking '/home/rrm/install/cv2/bin'
[6.166s] Level 1:colcon.colcon_core.environment:checking '/home/rrm/install/cv2/lib/pkgconfig/cv2.pc'
[6.166s] Level 1:colcon.colcon_core.environment:checking '/home/rrm/install/cv2/lib/python3.10/site-packages'
[6.167s] Level 1:colcon.colcon_core.environment:checking '/home/rrm/install/cv2/bin'
[6.167s] INFO:colcon.colcon_core.shell:Creating package script '/home/rrm/install/cv2/share/cv2/package.ps1'
[6.167s] INFO:colcon.colcon_core.shell:Creating package descriptor '/home/rrm/install/cv2/share/cv2/package.dsv'
[6.167s] INFO:colcon.colcon_core.shell:Creating package script '/home/rrm/install/cv2/share/cv2/package.sh'
[6.168s] INFO:colcon.colcon_core.shell:Creating package script '/home/rrm/install/cv2/share/cv2/package.bash'
[6.168s] INFO:colcon.colcon_core.shell:Creating package script '/home/rrm/install/cv2/share/cv2/package.zsh'
[6.168s] Level 1:colcon.colcon_core.environment:create_file_with_runtime_dependencies(/home/rrm/install/cv2/share/colcon-core/packages/cv2)
[6.187s] DEBUG:colcon.colcon_parallel_executor.executor.parallel:closing loop
[6.187s] DEBUG:colcon.colcon_parallel_executor.executor.parallel:loop closed
[6.188s] DEBUG:colcon.colcon_parallel_executor.executor.parallel:run_until_complete finished with '1'
[6.188s] DEBUG:colcon.colcon_core.event_reactor:joining thread
[6.198s] INFO:colcon.colcon_core.plugin_system:Skipping extension 'colcon_notification.desktop_notification.notify_send': Could not find 'notify-send'
[6.198s] INFO:colcon.colcon_core.plugin_system:Skipping extension 'colcon_notification.desktop_notification.terminal_notifier': Not used on non-Darwin systems
[6.198s] INFO:colcon.colcon_core.plugin_system:Skipping extension 'colcon_notification.desktop_notification.win32': Not used on non-Windows systems
[6.198s] INFO:colcon.colcon_notification.desktop_notification:Sending desktop notification using 'notify2'
[6.200s] DEBUG:colcon.colcon_notification.desktop_notification.notify2:Failed to initialize notify2: org.freedesktop.DBus.Error.Spawn.ExecFailed: /usr/bin/dbus-launch terminated abnormally without any error message
[6.201s] DEBUG:colcon.colcon_core.event_reactor:joined thread
[6.201s] INFO:colcon.colcon_core.shell:Creating prefix script '/home/rrm/install/local_setup.ps1'
[6.203s] INFO:colcon.colcon_core.shell:Creating prefix util module '/home/rrm/install/_local_setup_util_ps1.py'
[6.205s] INFO:colcon.colcon_core.shell:Creating prefix chain script '/home/rrm/install/setup.ps1'
[6.206s] INFO:colcon.colcon_core.shell:Creating prefix script '/home/rrm/install/local_setup.sh'
[6.206s] INFO:colcon.colcon_core.shell:Creating prefix util module '/home/rrm/install/_local_setup_util_sh.py'
[6.207s] INFO:colcon.colcon_core.shell:Creating prefix chain script '/home/rrm/install/setup.sh'
[6.208s] INFO:colcon.colcon_core.shell:Creating prefix script '/home/rrm/install/local_setup.bash'
[6.208s] INFO:colcon.colcon_core.shell:Creating prefix chain script '/home/rrm/install/setup.bash'
[6.209s] INFO:colcon.colcon_core.shell:Creating prefix script '/home/rrm/install/local_setup.zsh'
[6.210s] INFO:colcon.colcon_core.shell:Creating prefix chain script '/home/rrm/install/setup.zsh'
