[0.020s] Invoking command in '/home/rrm/src/build/cv1': CMAKE_PREFIX_PATH=${CMAKE_PREFIX_PATH}:/opt/ros/humble /usr/bin/cmake /home/rrm/src/cv1 -DCMAKE_INSTALL_PREFIX=/home/rrm/src/install/cv1
[0.253s] -- The C compiler identification is GNU 11.4.0
[0.403s] -- The CXX compiler identification is GNU 11.4.0
[0.412s] -- Detecting C compiler ABI info
[0.479s] -- Detecting C compiler ABI info - done
[0.488s] -- Check for working C compiler: /usr/bin/cc - skipped
[0.488s] -- Detecting C compile features
[0.489s] -- Detecting C compile features - done
[0.492s] -- Detecting CXX compiler ABI info
[0.559s] -- Detecting CXX compiler ABI info - done
[0.565s] -- Check for working CXX compiler: /usr/bin/c++ - skipped
[0.565s] -- Detecting CXX compile features
[0.566s] -- Detecting CXX compile features - done
[0.577s] -- Found ament_cmake: 1.3.12 (/opt/ros/humble/share/ament_cmake/cmake)
[0.717s] -- Found Python3: /usr/bin/python3 (found version "3.10.12") found components: Interpreter 
[0.828s] -- Found rclcpp: 16.0.17 (/opt/ros/humble/share/rclcpp/cmake)
[0.885s] -- Found rosidl_generator_c: 3.1.8 (/opt/ros/humble/share/rosidl_generator_c/cmake)
[0.891s] -- Found rosidl_adapter: 3.1.8 (/opt/ros/humble/share/rosidl_adapter/cmake)
[0.904s] -- Found rosidl_generator_cpp: 3.1.8 (/opt/ros/humble/share/rosidl_generator_cpp/cmake)
[0.920s] -- Using all available rosidl_typesupport_c: rosidl_typesupport_fastrtps_c;rosidl_typesupport_introspection_c
[0.939s] -- Using all available rosidl_typesupport_cpp: rosidl_typesupport_fastrtps_cpp;rosidl_typesupport_introspection_cpp
[1.002s] -- Found rmw_implementation_cmake: 6.1.2 (/opt/ros/humble/share/rmw_implementation_cmake/cmake)
[1.006s] -- Found rmw_fastrtps_cpp: 6.2.9 (/opt/ros/humble/share/rmw_fastrtps_cpp/cmake)
[1.115s] -- Found OpenSSL: /usr/lib/x86_64-linux-gnu/libcrypto.so (found version "3.0.2")  
[1.144s] -- Found FastRTPS: /opt/ros/humble/include  
[1.179s] -- Using RMW implementation 'rmw_fastrtps_cpp' as default
[1.192s] -- Looking for pthread.h
[1.260s] -- Looking for pthread.h - found
[1.260s] -- Performing Test CMAKE_HAVE_LIBC_PTHREAD
[1.318s] -- Performing Test CMAKE_HAVE_LIBC_PTHREAD - Success
[1.319s] -- Found Threads: TRUE  
[1.389s] -- Found ament_lint_auto: 0.12.14 (/opt/ros/humble/share/ament_lint_auto/cmake)
[1.470s] -- Added test 'cppcheck' to perform static code analysis on C / C++ code
[1.470s] -- Configured cppcheck include dirs: $<BUILD_INTERFACE:/home/rrm/src/cv1/include>
[1.470s] -- Configured cppcheck exclude dirs and/or files: 
[1.471s] -- Added test 'lint_cmake' to check CMake code style
[1.472s] -- Added test 'uncrustify' to check C / C++ code style
[1.472s] -- Configured uncrustify additional arguments: 
[1.472s] -- Added test 'xmllint' to check XML markup files
[1.474s] -- Configuring done
[1.482s] -- Generating done
[1.485s] -- Build files have been written to: /home/rrm/src/build/cv1
[1.492s] Invoked command in '/home/rrm/src/build/cv1' returned '0': CMAKE_PREFIX_PATH=${CMAKE_PREFIX_PATH}:/opt/ros/humble /usr/bin/cmake /home/rrm/src/cv1 -DCMAKE_INSTALL_PREFIX=/home/rrm/src/install/cv1
[1.493s] Invoking command in '/home/rrm/src/build/cv1': CMAKE_PREFIX_PATH=${CMAKE_PREFIX_PATH}:/opt/ros/humble /usr/bin/cmake --build /home/rrm/src/build/cv1 -- -j8 -l8
[1.536s] [ 66%] [32mBuilding CXX object CMakeFiles/cv1_node.dir/src/robot.cpp.o[0m
[1.536s] [ 66%] [32mBuilding CXX object CMakeFiles/cv1_node.dir/src/cv1_node.cpp.o[0m
[5.157s] [100%] [32m[1mLinking CXX executable cv1_node[0m
[5.296s] [100%] Built target cv1_node
[5.305s] Invoked command in '/home/rrm/src/build/cv1' returned '0': CMAKE_PREFIX_PATH=${CMAKE_PREFIX_PATH}:/opt/ros/humble /usr/bin/cmake --build /home/rrm/src/build/cv1 -- -j8 -l8
[5.306s] Invoking command in '/home/rrm/src/build/cv1': CMAKE_PREFIX_PATH=${CMAKE_PREFIX_PATH}:/opt/ros/humble /usr/bin/cmake --install /home/rrm/src/build/cv1
[5.313s] -- Install configuration: ""
[5.315s] -- Installing: /home/rrm/src/install/cv1/lib/cv1/cv1_node
[5.315s] -- Set runtime path of "/home/rrm/src/install/cv1/lib/cv1/cv1_node" to ""
[5.315s] -- Installing: /home/rrm/src/install/cv1/share/ament_index/resource_index/package_run_dependencies/cv1
[5.315s] -- Installing: /home/rrm/src/install/cv1/share/ament_index/resource_index/parent_prefix_path/cv1
[5.317s] -- Installing: /home/rrm/src/install/cv1/share/cv1/environment/ament_prefix_path.sh
[5.317s] -- Installing: /home/rrm/src/install/cv1/share/cv1/environment/ament_prefix_path.dsv
[5.317s] -- Installing: /home/rrm/src/install/cv1/share/cv1/environment/path.sh
[5.317s] -- Installing: /home/rrm/src/install/cv1/share/cv1/environment/path.dsv
[5.317s] -- Installing: /home/rrm/src/install/cv1/share/cv1/local_setup.bash
[5.317s] -- Installing: /home/rrm/src/install/cv1/share/cv1/local_setup.sh
[5.318s] -- Installing: /home/rrm/src/install/cv1/share/cv1/local_setup.zsh
[5.318s] -- Installing: /home/rrm/src/install/cv1/share/cv1/local_setup.dsv
[5.318s] -- Installing: /home/rrm/src/install/cv1/share/cv1/package.dsv
[5.318s] -- Installing: /home/rrm/src/install/cv1/share/ament_index/resource_index/packages/cv1
[5.318s] -- Installing: /home/rrm/src/install/cv1/share/cv1/cmake/cv1Config.cmake
[5.318s] -- Installing: /home/rrm/src/install/cv1/share/cv1/cmake/cv1Config-version.cmake
[5.318s] -- Installing: /home/rrm/src/install/cv1/share/cv1/package.xml
[5.321s] Invoked command in '/home/rrm/src/build/cv1' returned '0': CMAKE_PREFIX_PATH=${CMAKE_PREFIX_PATH}:/opt/ros/humble /usr/bin/cmake --install /home/rrm/src/build/cv1
