[0.011s] Invoking command in '/home/rrm/build/rrm_sim': CMAKE_PREFIX_PATH=/home/rrm/install/rrm_msgs:/home/rrm/install/rrm_simple_robot_model:/home/rrm/install/rrm_sim:/home/rrm/install/cv2:/home/rrm/install/cv1:/opt/ros/humble /usr/bin/cmake --build /home/rrm/build/rrm_sim -- -j8 -l8
[0.059s] [100%] Built target robot_sim_node
[0.069s] Invoked command in '/home/rrm/build/rrm_sim' returned '0': CMAKE_PREFIX_PATH=/home/rrm/install/rrm_msgs:/home/rrm/install/rrm_simple_robot_model:/home/rrm/install/rrm_sim:/home/rrm/install/cv2:/home/rrm/install/cv1:/opt/ros/humble /usr/bin/cmake --build /home/rrm/build/rrm_sim -- -j8 -l8
[0.074s] Invoking command in '/home/rrm/build/rrm_sim': CMAKE_PREFIX_PATH=/home/rrm/install/rrm_msgs:/home/rrm/install/rrm_simple_robot_model:/home/rrm/install/rrm_sim:/home/rrm/install/cv2:/home/rrm/install/cv1:/opt/ros/humble /usr/bin/cmake --install /home/rrm/build/rrm_sim
[0.077s] -- Install configuration: ""
[0.077s] -- Up-to-date: /home/rrm/install/rrm_sim/lib/rrm_sim/robot_sim_node
[0.077s] -- Up-to-date: /home/rrm/install/rrm_sim/share/rrm_sim/launch
[0.077s] -- Up-to-date: /home/rrm/install/rrm_sim/share/rrm_sim/launch/rrm_sim.launch.xml
[0.078s] -- Up-to-date: /home/rrm/install/rrm_sim/share/ament_index/resource_index/package_run_dependencies/rrm_sim
[0.078s] -- Up-to-date: /home/rrm/install/rrm_sim/share/ament_index/resource_index/parent_prefix_path/rrm_sim
[0.078s] -- Up-to-date: /home/rrm/install/rrm_sim/share/rrm_sim/environment/ament_prefix_path.sh
[0.078s] -- Up-to-date: /home/rrm/install/rrm_sim/share/rrm_sim/environment/ament_prefix_path.dsv
[0.079s] -- Up-to-date: /home/rrm/install/rrm_sim/share/rrm_sim/environment/path.sh
[0.079s] -- Up-to-date: /home/rrm/install/rrm_sim/share/rrm_sim/environment/path.dsv
[0.079s] -- Up-to-date: /home/rrm/install/rrm_sim/share/rrm_sim/local_setup.bash
[0.079s] -- Up-to-date: /home/rrm/install/rrm_sim/share/rrm_sim/local_setup.sh
[0.079s] -- Up-to-date: /home/rrm/install/rrm_sim/share/rrm_sim/local_setup.zsh
[0.080s] -- Up-to-date: /home/rrm/install/rrm_sim/share/rrm_sim/local_setup.dsv
[0.081s] -- Installing: /home/rrm/install/rrm_sim/share/rrm_sim/package.dsv
[0.081s] -- Up-to-date: /home/rrm/install/rrm_sim/share/ament_index/resource_index/packages/rrm_sim
[0.081s] -- Up-to-date: /home/rrm/install/rrm_sim/share/rrm_sim/cmake/rrm_simConfig.cmake
[0.081s] -- Up-to-date: /home/rrm/install/rrm_sim/share/rrm_sim/cmake/rrm_simConfig-version.cmake
[0.081s] -- Up-to-date: /home/rrm/install/rrm_sim/share/rrm_sim/package.xml
[0.091s] Invoked command in '/home/rrm/build/rrm_sim' returned '0': CMAKE_PREFIX_PATH=/home/rrm/install/rrm_msgs:/home/rrm/install/rrm_simple_robot_model:/home/rrm/install/rrm_sim:/home/rrm/install/cv2:/home/rrm/install/cv1:/opt/ros/humble /usr/bin/cmake --install /home/rrm/build/rrm_sim
