[0.012s] Invoking command in '/home/rrm/src/build/rrm_simple_robot_model': CMAKE_PREFIX_PATH=${CMAKE_PREFIX_PATH}:/opt/ros/humble /usr/bin/cmake /home/rrm/src/rrm_simple_robot_model -DCMAKE_INSTALL_PREFIX=/home/rrm/src/install/rrm_simple_robot_model
[0.253s] -- The C compiler identification is GNU 11.4.0
[0.398s] -- The CXX compiler identification is GNU 11.4.0
[0.406s] -- Detecting C compiler ABI info
[0.474s] -- Detecting C compiler ABI info - done
[0.486s] -- Check for working C compiler: /usr/bin/cc - skipped
[0.486s] -- Detecting C compile features
[0.486s] -- Detecting C compile features - done
[0.491s] -- Detecting CXX compiler ABI info
[0.556s] -- Detecting CXX compiler ABI info - done
[0.565s] -- Check for working CXX compiler: /usr/bin/c++ - skipped
[0.565s] -- Detecting CXX compile features
[0.566s] -- Detecting CXX compile features - done
[0.571s] -- Found ament_cmake: 1.3.12 (/opt/ros/humble/share/ament_cmake/cmake)
[0.715s] -- Found Python3: /usr/bin/python3 (found version "3.10.12") found components: Interpreter 
[0.821s] -- Found rviz2: 11.2.25 (/opt/ros/humble/share/rviz2/cmake)
[0.877s] -- Configuring done
[0.880s] -- Generating done
[0.881s] -- Build files have been written to: /home/rrm/src/build/rrm_simple_robot_model
[0.885s] Invoked command in '/home/rrm/src/build/rrm_simple_robot_model' returned '0': CMAKE_PREFIX_PATH=${CMAKE_PREFIX_PATH}:/opt/ros/humble /usr/bin/cmake /home/rrm/src/rrm_simple_robot_model -DCMAKE_INSTALL_PREFIX=/home/rrm/src/install/rrm_simple_robot_model
[0.886s] Invoking command in '/home/rrm/src/build/rrm_simple_robot_model': CMAKE_PREFIX_PATH=${CMAKE_PREFIX_PATH}:/opt/ros/humble /usr/bin/cmake --build /home/rrm/src/build/rrm_simple_robot_model -- -j8 -l8
[0.913s] Invoked command in '/home/rrm/src/build/rrm_simple_robot_model' returned '0': CMAKE_PREFIX_PATH=${CMAKE_PREFIX_PATH}:/opt/ros/humble /usr/bin/cmake --build /home/rrm/src/build/rrm_simple_robot_model -- -j8 -l8
[0.922s] Invoking command in '/home/rrm/src/build/rrm_simple_robot_model': CMAKE_PREFIX_PATH=${CMAKE_PREFIX_PATH}:/opt/ros/humble /usr/bin/cmake --install /home/rrm/src/build/rrm_simple_robot_model
[0.927s] -- Install configuration: ""
[0.928s] -- Installing: /home/rrm/src/install/rrm_simple_robot_model/share/rrm_simple_robot_model/urdf
[0.928s] -- Installing: /home/rrm/src/install/rrm_simple_robot_model/share/rrm_simple_robot_model/urdf/arm.urdf
[0.928s] -- Installing: /home/rrm/src/install/rrm_simple_robot_model/share/rrm_simple_robot_model/config
[0.928s] -- Installing: /home/rrm/src/install/rrm_simple_robot_model/share/rrm_simple_robot_model/config/rrm_cv3.rviz
[0.928s] -- Installing: /home/rrm/src/install/rrm_simple_robot_model/share/rrm_simple_robot_model/launch
[0.928s] -- Installing: /home/rrm/src/install/rrm_simple_robot_model/share/rrm_simple_robot_model/launch/robot_state_publisher.launch.xml
[0.928s] -- Installing: /home/rrm/src/install/rrm_simple_robot_model/share/rrm_simple_robot_model/launch/robot_state_publisher.launch.py
[0.929s] -- Installing: /home/rrm/src/install/rrm_simple_robot_model/share/ament_index/resource_index/package_run_dependencies/rrm_simple_robot_model
[0.929s] -- Installing: /home/rrm/src/install/rrm_simple_robot_model/share/ament_index/resource_index/parent_prefix_path/rrm_simple_robot_model
[0.929s] -- Installing: /home/rrm/src/install/rrm_simple_robot_model/share/rrm_simple_robot_model/environment/ament_prefix_path.sh
[0.929s] -- Installing: /home/rrm/src/install/rrm_simple_robot_model/share/rrm_simple_robot_model/environment/ament_prefix_path.dsv
[0.929s] -- Installing: /home/rrm/src/install/rrm_simple_robot_model/share/rrm_simple_robot_model/environment/path.sh
[0.929s] -- Installing: /home/rrm/src/install/rrm_simple_robot_model/share/rrm_simple_robot_model/environment/path.dsv
[0.930s] -- Installing: /home/rrm/src/install/rrm_simple_robot_model/share/rrm_simple_robot_model/local_setup.bash
[0.930s] -- Installing: /home/rrm/src/install/rrm_simple_robot_model/share/rrm_simple_robot_model/local_setup.sh
[0.930s] -- Installing: /home/rrm/src/install/rrm_simple_robot_model/share/rrm_simple_robot_model/local_setup.zsh
[0.930s] -- Installing: /home/rrm/src/install/rrm_simple_robot_model/share/rrm_simple_robot_model/local_setup.dsv
[0.930s] -- Installing: /home/rrm/src/install/rrm_simple_robot_model/share/rrm_simple_robot_model/package.dsv
[0.930s] -- Installing: /home/rrm/src/install/rrm_simple_robot_model/share/ament_index/resource_index/packages/rrm_simple_robot_model
[0.930s] -- Installing: /home/rrm/src/install/rrm_simple_robot_model/share/rrm_simple_robot_model/cmake/rrm_simple_robot_modelConfig.cmake
[0.930s] -- Installing: /home/rrm/src/install/rrm_simple_robot_model/share/rrm_simple_robot_model/cmake/rrm_simple_robot_modelConfig-version.cmake
[0.931s] -- Installing: /home/rrm/src/install/rrm_simple_robot_model/share/rrm_simple_robot_model/package.xml
[0.932s] Invoked command in '/home/rrm/src/build/rrm_simple_robot_model' returned '0': CMAKE_PREFIX_PATH=${CMAKE_PREFIX_PATH}:/opt/ros/humble /usr/bin/cmake --install /home/rrm/src/build/rrm_simple_robot_model
