[0.009s] Invoking command in '/home/rrm/build/rrm_sim': AMENT_PREFIX_PATH=/home/rrm/install/rrm_msgs:${AMENT_PREFIX_PATH} CMAKE_PREFIX_PATH=/home/rrm/install/rrm_msgs:/home/rrm/install/cv1:/opt/ros/humble LD_LIBRARY_PATH=/home/rrm/install/rrm_msgs/lib:${LD_LIBRARY_PATH} PYTHONPATH=/home/rrm/install/rrm_msgs/local/lib/python3.10/dist-packages:${PYTHONPATH} /usr/bin/cmake --build /home/rrm/build/rrm_sim -- -j8 -l8
[0.050s] [35m[1mConsolidate compiler generated dependencies of target robot_sim_node[0m
[0.071s] [100%] Built target robot_sim_node
[0.082s] Invoked command in '/home/rrm/build/rrm_sim' returned '0': AMENT_PREFIX_PATH=/home/rrm/install/rrm_msgs:${AMENT_PREFIX_PATH} CMAKE_PREFIX_PATH=/home/rrm/install/rrm_msgs:/home/rrm/install/cv1:/opt/ros/humble LD_LIBRARY_PATH=/home/rrm/install/rrm_msgs/lib:${LD_LIBRARY_PATH} PYTHONPATH=/home/rrm/install/rrm_msgs/local/lib/python3.10/dist-packages:${PYTHONPATH} /usr/bin/cmake --build /home/rrm/build/rrm_sim -- -j8 -l8
[0.083s] Invoking command in '/home/rrm/build/rrm_sim': AMENT_PREFIX_PATH=/home/rrm/install/rrm_msgs:${AMENT_PREFIX_PATH} CMAKE_PREFIX_PATH=/home/rrm/install/rrm_msgs:/home/rrm/install/cv1:/opt/ros/humble LD_LIBRARY_PATH=/home/rrm/install/rrm_msgs/lib:${LD_LIBRARY_PATH} PYTHONPATH=/home/rrm/install/rrm_msgs/local/lib/python3.10/dist-packages:${PYTHONPATH} /usr/bin/cmake --install /home/rrm/build/rrm_sim
[0.088s] -- Install configuration: ""
[0.088s] -- Installing: /home/rrm/install/rrm_sim/lib/rrm_sim/robot_sim_node
[0.091s] -- Set runtime path of "/home/rrm/install/rrm_sim/lib/rrm_sim/robot_sim_node" to ""
[0.091s] -- Installing: /home/rrm/install/rrm_sim/share/rrm_sim/launch
[0.092s] -- Installing: /home/rrm/install/rrm_sim/share/rrm_sim/launch/rrm_sim.launch.xml
[0.092s] -- Installing: /home/rrm/install/rrm_sim/share/ament_index/resource_index/package_run_dependencies/rrm_sim
[0.092s] -- Installing: /home/rrm/install/rrm_sim/share/ament_index/resource_index/parent_prefix_path/rrm_sim
[0.092s] -- Installing: /home/rrm/install/rrm_sim/share/rrm_sim/environment/ament_prefix_path.sh
[0.092s] -- Installing: /home/rrm/install/rrm_sim/share/rrm_sim/environment/ament_prefix_path.dsv
[0.092s] -- Installing: /home/rrm/install/rrm_sim/share/rrm_sim/environment/path.sh
[0.093s] -- Installing: /home/rrm/install/rrm_sim/share/rrm_sim/environment/path.dsv
[0.093s] -- Installing: /home/rrm/install/rrm_sim/share/rrm_sim/local_setup.bash
[0.093s] -- Installing: /home/rrm/install/rrm_sim/share/rrm_sim/local_setup.sh
[0.093s] -- Installing: /home/rrm/install/rrm_sim/share/rrm_sim/local_setup.zsh
[0.093s] -- Installing: /home/rrm/install/rrm_sim/share/rrm_sim/local_setup.dsv
[0.094s] -- Installing: /home/rrm/install/rrm_sim/share/rrm_sim/package.dsv
[0.094s] -- Installing: /home/rrm/install/rrm_sim/share/ament_index/resource_index/packages/rrm_sim
[0.094s] -- Installing: /home/rrm/install/rrm_sim/share/rrm_sim/cmake/rrm_simConfig.cmake
[0.094s] -- Installing: /home/rrm/install/rrm_sim/share/rrm_sim/cmake/rrm_simConfig-version.cmake
[0.094s] -- Installing: /home/rrm/install/rrm_sim/share/rrm_sim/package.xml
[0.097s] Invoked command in '/home/rrm/build/rrm_sim' returned '0': AMENT_PREFIX_PATH=/home/rrm/install/rrm_msgs:${AMENT_PREFIX_PATH} CMAKE_PREFIX_PATH=/home/rrm/install/rrm_msgs:/home/rrm/install/cv1:/opt/ros/humble LD_LIBRARY_PATH=/home/rrm/install/rrm_msgs/lib:${LD_LIBRARY_PATH} PYTHONPATH=/home/rrm/install/rrm_msgs/local/lib/python3.10/dist-packages:${PYTHONPATH} /usr/bin/cmake --install /home/rrm/build/rrm_sim
