[0.020s] Invoking command in '/home/rrm/build/rrm_msgs': CMAKE_PREFIX_PATH=${CMAKE_PREFIX_PATH}:/opt/ros/humble /usr/bin/cmake /home/rrm/src/rrm_msgs -DCMAKE_INSTALL_PREFIX=/home/rrm/install/rrm_msgs
[0.082s] -- The C compiler identification is GNU 11.4.0
[0.133s] -- The CXX compiler identification is GNU 11.4.0
[0.141s] -- Detecting C compiler ABI info
[0.193s] -- Detecting C compiler ABI info - done
[0.200s] -- Check for working C compiler: /usr/bin/cc - skipped
[0.200s] -- Detecting C compile features
[0.200s] -- Detecting C compile features - done
[0.203s] -- Detecting CXX compiler ABI info
[0.273s] -- Detecting CXX compiler ABI info - done
[0.285s] -- Check for working CXX compiler: /usr/bin/c++ - skipped
[0.285s] -- Detecting CXX compile features
[0.286s] -- Detecting CXX compile features - done
[0.289s] -- Found ament_cmake: 1.3.12 (/opt/ros/humble/share/ament_cmake/cmake)
[0.433s] -- Found Python3: /usr/bin/python3 (found version "3.10.12") found components: Interpreter 
[0.518s] -- Found rosidl_default_generators: 1.2.0 (/opt/ros/humble/share/rosidl_default_generators/cmake)
[0.522s] -- Using all available rosidl_typesupport_c: rosidl_typesupport_fastrtps_c;rosidl_typesupport_introspection_c
[0.530s] -- Found rosidl_adapter: 3.1.8 (/opt/ros/humble/share/rosidl_adapter/cmake)
[0.564s] -- Using all available rosidl_typesupport_cpp: rosidl_typesupport_fastrtps_cpp;rosidl_typesupport_introspection_cpp
[0.863s] -- Found ament_cmake_ros: 0.10.0 (/opt/ros/humble/share/ament_cmake_ros/cmake)
[1.033s] -- Using all available rosidl_typesupport_c: rosidl_typesupport_fastrtps_c;rosidl_typesupport_introspection_c
[1.269s] -- Using all available rosidl_typesupport_cpp: rosidl_typesupport_fastrtps_cpp;rosidl_typesupport_introspection_cpp
[1.301s] -- Found PythonInterp: /usr/bin/python3 (found suitable version "3.10.12", minimum required is "3.6") 
[1.304s] -- Found python_cmake_module: 0.10.0 (/opt/ros/humble/share/python_cmake_module/cmake)
[1.333s] -- Found PythonLibs: /usr/lib/x86_64-linux-gnu/libpython3.10.so (found suitable version "3.10.12", minimum required is "3.5") 
[1.333s] -- Using PYTHON_EXECUTABLE: /usr/bin/python3
[1.333s] -- Using PYTHON_INCLUDE_DIRS: /usr/include/python3.10
[1.333s] -- Using PYTHON_LIBRARIES: /usr/lib/x86_64-linux-gnu/libpython3.10.so
[1.354s] -- Found PythonExtra: .so  
[1.390s] -- Found ament_lint_auto: 0.12.14 (/opt/ros/humble/share/ament_lint_auto/cmake)
[1.428s] -- Added test 'copyright' to check source files copyright and LICENSE
[1.430s] -- Added test 'lint_cmake' to check CMake code style
[1.432s] -- Added test 'xmllint' to check XML markup files
[1.434s] -- Configuring done
[1.468s] -- Generating done
[1.479s] -- Build files have been written to: /home/rrm/build/rrm_msgs
[1.485s] Invoked command in '/home/rrm/build/rrm_msgs' returned '0': CMAKE_PREFIX_PATH=${CMAKE_PREFIX_PATH}:/opt/ros/humble /usr/bin/cmake /home/rrm/src/rrm_msgs -DCMAKE_INSTALL_PREFIX=/home/rrm/install/rrm_msgs
[1.486s] Invoking command in '/home/rrm/build/rrm_msgs': CMAKE_PREFIX_PATH=${CMAKE_PREFIX_PATH}:/opt/ros/humble /usr/bin/cmake --build /home/rrm/build/rrm_msgs -- -j8 -l8
[1.520s] [  2%] [34m[1mGenerating C code for ROS interfaces[0m
[1.528s] [  5%] [34m[1mGenerating C++ code for ROS interfaces[0m
[1.548s] [  5%] Built target ament_cmake_python_copy_rrm_msgs
[1.795s] running egg_info
[1.796s] creating rrm_msgs.egg-info
[1.797s] writing rrm_msgs.egg-info/PKG-INFO
[1.797s] writing dependency_links to rrm_msgs.egg-info/dependency_links.txt
[1.798s] writing top-level names to rrm_msgs.egg-info/top_level.txt
[1.798s] writing manifest file 'rrm_msgs.egg-info/SOURCES.txt'
[1.801s] reading manifest file 'rrm_msgs.egg-info/SOURCES.txt'
[1.802s] writing manifest file 'rrm_msgs.egg-info/SOURCES.txt'
[1.834s] [  5%] Built target ament_cmake_python_build_rrm_msgs_egg
[1.954s] [  7%] [32mBuilding C object CMakeFiles/rrm_msgs__rosidl_generator_c.dir/rosidl_generator_c/rrm_msgs/msg/detail/command__functions.c.o[0m
[1.955s] [ 10%] [32mBuilding C object CMakeFiles/rrm_msgs__rosidl_generator_c.dir/rosidl_generator_c/rrm_msgs/srv/detail/command__functions.c.o[0m
[2.006s] [ 10%] Built target rrm_msgs__cpp
[2.019s] [ 15%] [34m[1mGenerating C++ introspection for ROS interfaces[0m
[2.019s] [ 15%] [34m[1mGenerating C++ type support dispatch for ROS interfaces[0m
[2.025s] [ 17%] [32m[1mLinking C shared library librrm_msgs__rosidl_generator_c.so[0m
[2.038s] [ 20%] [34m[1mGenerating C++ type support for eProsima Fast-RTPS[0m
[2.108s] [ 20%] Built target rrm_msgs__rosidl_generator_c
[2.143s] [ 23%] [34m[1mGenerating C type support dispatch for ROS interfaces[0m
[2.144s] [ 25%] [34m[1mGenerating C type support for eProsima Fast-RTPS[0m
[2.152s] [ 28%] [34m[1mGenerating C introspection for ROS interfaces[0m
[2.515s] [ 30%] [32mBuilding CXX object CMakeFiles/rrm_msgs__rosidl_typesupport_cpp.dir/rosidl_typesupport_cpp/rrm_msgs/msg/command__type_support.cpp.o[0m
[2.534s] [ 35%] [32mBuilding CXX object CMakeFiles/rrm_msgs__rosidl_typesupport_cpp.dir/rosidl_typesupport_cpp/rrm_msgs/srv/command__type_support.cpp.o[0m
[2.534s] [ 35%] [32mBuilding CXX object CMakeFiles/rrm_msgs__rosidl_typesupport_introspection_cpp.dir/rosidl_typesupport_introspection_cpp/rrm_msgs/msg/detail/command__type_support.cpp.o[0m
[2.542s] [ 38%] [32mBuilding CXX object CMakeFiles/rrm_msgs__rosidl_typesupport_fastrtps_cpp.dir/rosidl_typesupport_fastrtps_cpp/rrm_msgs/msg/detail/dds_fastrtps/command__type_support.cpp.o[0m
[2.558s] [ 41%] [32mBuilding CXX object CMakeFiles/rrm_msgs__rosidl_typesupport_introspection_cpp.dir/rosidl_typesupport_introspection_cpp/rrm_msgs/srv/detail/command__type_support.cpp.o[0m
[2.661s] [ 43%] [32mBuilding CXX object CMakeFiles/rrm_msgs__rosidl_typesupport_c.dir/rosidl_typesupport_c/rrm_msgs/msg/command__type_support.cpp.o[0m
[2.761s] [ 46%] [32mBuilding CXX object CMakeFiles/rrm_msgs__rosidl_typesupport_c.dir/rosidl_typesupport_c/rrm_msgs/srv/command__type_support.cpp.o[0m
[2.873s] [ 48%] [32m[1mLinking CXX shared library librrm_msgs__rosidl_typesupport_c.so[0m
[2.895s] [ 51%] [32mBuilding CXX object CMakeFiles/rrm_msgs__rosidl_typesupport_fastrtps_c.dir/rosidl_typesupport_fastrtps_c/rrm_msgs/msg/detail/command__type_support_c.cpp.o[0m
[2.953s] [ 51%] Built target rrm_msgs__rosidl_typesupport_c
[2.963s] [ 53%] [32mBuilding CXX object CMakeFiles/rrm_msgs__rosidl_typesupport_fastrtps_c.dir/rosidl_typesupport_fastrtps_c/rrm_msgs/srv/detail/command__type_support_c.cpp.o[0m
[3.026s] [ 56%] [32mBuilding C object CMakeFiles/rrm_msgs__rosidl_typesupport_introspection_c.dir/rosidl_typesupport_introspection_c/rrm_msgs/msg/detail/command__type_support.c.o[0m
[3.054s] [ 58%] [32mBuilding CXX object CMakeFiles/rrm_msgs__rosidl_typesupport_fastrtps_cpp.dir/rosidl_typesupport_fastrtps_cpp/rrm_msgs/srv/detail/dds_fastrtps/command__type_support.cpp.o[0m
[3.063s] [ 61%] [32m[1mLinking CXX shared library librrm_msgs__rosidl_typesupport_cpp.so[0m
[3.085s] [ 64%] [32mBuilding C object CMakeFiles/rrm_msgs__rosidl_typesupport_introspection_c.dir/rosidl_typesupport_introspection_c/rrm_msgs/srv/detail/command__type_support.c.o[0m
[3.204s] [ 66%] Built target rrm_msgs__rosidl_typesupport_cpp
[3.207s] [ 66%] [32m[1mLinking C shared library librrm_msgs__rosidl_typesupport_introspection_c.so[0m
[3.258s] [ 66%] Built target rrm_msgs__rosidl_typesupport_introspection_c
[3.397s] [ 69%] [32m[1mLinking CXX shared library librrm_msgs__rosidl_typesupport_introspection_cpp.so[0m
[3.486s] [ 69%] Built target rrm_msgs__rosidl_typesupport_introspection_cpp
[3.519s] [ 71%] [32m[1mLinking CXX shared library librrm_msgs__rosidl_typesupport_fastrtps_c.so[0m
[3.601s] [ 71%] Built target rrm_msgs__rosidl_typesupport_fastrtps_c
[3.698s] [ 74%] [32m[1mLinking CXX shared library librrm_msgs__rosidl_typesupport_fastrtps_cpp.so[0m
[3.772s] [ 74%] Built target rrm_msgs__rosidl_typesupport_fastrtps_cpp
[3.785s] [ 74%] Built target rrm_msgs
[3.800s] [ 76%] [34m[1mGenerating Python code for ROS interfaces[0m
[4.249s] [ 76%] Built target rrm_msgs__py
[4.263s] [ 82%] [32mBuilding C object CMakeFiles/rrm_msgs__rosidl_generator_py.dir/rosidl_generator_py/rrm_msgs/srv/_command_s.c.o[0m
[4.263s] [ 82%] [32mBuilding C object CMakeFiles/rrm_msgs__rosidl_generator_py.dir/rosidl_generator_py/rrm_msgs/msg/_command_s.c.o[0m
[4.391s] [ 84%] [32m[1mLinking C shared library rosidl_generator_py/rrm_msgs/librrm_msgs__rosidl_generator_py.so[0m
[4.430s] [ 84%] Built target rrm_msgs__rosidl_generator_py
[4.449s] [ 87%] [32mBuilding C object CMakeFiles/rrm_msgs__rosidl_typesupport_fastrtps_c__pyext.dir/rosidl_generator_py/rrm_msgs/_rrm_msgs_s.ep.rosidl_typesupport_fastrtps_c.c.o[0m
[4.451s] [ 89%] [32mBuilding C object CMakeFiles/rrm_msgs__rosidl_typesupport_c__pyext.dir/rosidl_generator_py/rrm_msgs/_rrm_msgs_s.ep.rosidl_typesupport_c.c.o[0m
[4.452s] [ 92%] [32mBuilding C object CMakeFiles/rrm_msgs__rosidl_typesupport_introspection_c__pyext.dir/rosidl_generator_py/rrm_msgs/_rrm_msgs_s.ep.rosidl_typesupport_introspection_c.c.o[0m
[4.547s] [ 94%] [32m[1mLinking C shared library rosidl_generator_py/rrm_msgs/rrm_msgs_s__rosidl_typesupport_introspection_c.cpython-310-x86_64-linux-gnu.so[0m
[4.557s] [ 97%] [32m[1mLinking C shared library rosidl_generator_py/rrm_msgs/rrm_msgs_s__rosidl_typesupport_fastrtps_c.cpython-310-x86_64-linux-gnu.so[0m
[4.559s] [100%] [32m[1mLinking C shared library rosidl_generator_py/rrm_msgs/rrm_msgs_s__rosidl_typesupport_c.cpython-310-x86_64-linux-gnu.so[0m
[4.582s] [100%] Built target rrm_msgs__rosidl_typesupport_introspection_c__pyext
[4.586s] [100%] Built target rrm_msgs__rosidl_typesupport_fastrtps_c__pyext
[4.586s] [100%] Built target rrm_msgs__rosidl_typesupport_c__pyext
[4.594s] Invoked command in '/home/rrm/build/rrm_msgs' returned '0': CMAKE_PREFIX_PATH=${CMAKE_PREFIX_PATH}:/opt/ros/humble /usr/bin/cmake --build /home/rrm/build/rrm_msgs -- -j8 -l8
[4.595s] Invoking command in '/home/rrm/build/rrm_msgs': CMAKE_PREFIX_PATH=${CMAKE_PREFIX_PATH}:/opt/ros/humble /usr/bin/cmake --install /home/rrm/build/rrm_msgs
[4.601s] -- Install configuration: ""
[4.601s] -- Installing: /home/rrm/install/rrm_msgs/share/ament_index/resource_index/rosidl_interfaces/rrm_msgs
[4.601s] -- Installing: /home/rrm/install/rrm_msgs/include/rrm_msgs/rrm_msgs
[4.601s] -- Installing: /home/rrm/install/rrm_msgs/include/rrm_msgs/rrm_msgs/msg
[4.601s] -- Installing: /home/rrm/install/rrm_msgs/include/rrm_msgs/rrm_msgs/msg/detail
[4.601s] -- Installing: /home/rrm/install/rrm_msgs/include/rrm_msgs/rrm_msgs/msg/detail/command__functions.h
[4.601s] -- Installing: /home/rrm/install/rrm_msgs/include/rrm_msgs/rrm_msgs/msg/detail/command__type_support.h
[4.601s] -- Installing: /home/rrm/install/rrm_msgs/include/rrm_msgs/rrm_msgs/msg/detail/command__functions.c
[4.602s] -- Installing: /home/rrm/install/rrm_msgs/include/rrm_msgs/rrm_msgs/msg/detail/command__struct.h
[4.602s] -- Installing: /home/rrm/install/rrm_msgs/include/rrm_msgs/rrm_msgs/msg/command.h
[4.602s] -- Installing: /home/rrm/install/rrm_msgs/include/rrm_msgs/rrm_msgs/msg/rosidl_generator_c__visibility_control.h
[4.602s] -- Installing: /home/rrm/install/rrm_msgs/include/rrm_msgs/rrm_msgs/srv
[4.602s] -- Installing: /home/rrm/install/rrm_msgs/include/rrm_msgs/rrm_msgs/srv/detail
[4.602s] -- Installing: /home/rrm/install/rrm_msgs/include/rrm_msgs/rrm_msgs/srv/detail/command__functions.h
[4.602s] -- Installing: /home/rrm/install/rrm_msgs/include/rrm_msgs/rrm_msgs/srv/detail/command__type_support.h
[4.602s] -- Installing: /home/rrm/install/rrm_msgs/include/rrm_msgs/rrm_msgs/srv/detail/command__functions.c
[4.602s] -- Installing: /home/rrm/install/rrm_msgs/include/rrm_msgs/rrm_msgs/srv/detail/command__struct.h
[4.602s] -- Installing: /home/rrm/install/rrm_msgs/include/rrm_msgs/rrm_msgs/srv/command.h
[4.602s] -- Installing: /home/rrm/install/rrm_msgs/share/rrm_msgs/environment/library_path.sh
[4.603s] -- Installing: /home/rrm/install/rrm_msgs/share/rrm_msgs/environment/library_path.dsv
[4.603s] -- Installing: /home/rrm/install/rrm_msgs/lib/librrm_msgs__rosidl_generator_c.so
[4.603s] -- Set runtime path of "/home/rrm/install/rrm_msgs/lib/librrm_msgs__rosidl_generator_c.so" to ""
[4.603s] -- Up-to-date: /home/rrm/install/rrm_msgs/include/rrm_msgs/rrm_msgs
[4.603s] -- Up-to-date: /home/rrm/install/rrm_msgs/include/rrm_msgs/rrm_msgs/msg
[4.603s] -- Installing: /home/rrm/install/rrm_msgs/include/rrm_msgs/rrm_msgs/msg/rosidl_typesupport_fastrtps_c__visibility_control.h
[4.604s] -- Up-to-date: /home/rrm/install/rrm_msgs/include/rrm_msgs/rrm_msgs/msg/detail
[4.604s] -- Installing: /home/rrm/install/rrm_msgs/include/rrm_msgs/rrm_msgs/msg/detail/command__rosidl_typesupport_fastrtps_c.h
[4.604s] -- Up-to-date: /home/rrm/install/rrm_msgs/include/rrm_msgs/rrm_msgs/srv
[4.604s] -- Up-to-date: /home/rrm/install/rrm_msgs/include/rrm_msgs/rrm_msgs/srv/detail
[4.604s] -- Installing: /home/rrm/install/rrm_msgs/include/rrm_msgs/rrm_msgs/srv/detail/command__rosidl_typesupport_fastrtps_c.h
[4.604s] -- Installing: /home/rrm/install/rrm_msgs/lib/librrm_msgs__rosidl_typesupport_fastrtps_c.so
[4.604s] -- Set runtime path of "/home/rrm/install/rrm_msgs/lib/librrm_msgs__rosidl_typesupport_fastrtps_c.so" to ""
[4.605s] -- Up-to-date: /home/rrm/install/rrm_msgs/include/rrm_msgs/rrm_msgs
[4.605s] -- Up-to-date: /home/rrm/install/rrm_msgs/include/rrm_msgs/rrm_msgs/msg
[4.605s] -- Up-to-date: /home/rrm/install/rrm_msgs/include/rrm_msgs/rrm_msgs/msg/detail
[4.605s] -- Installing: /home/rrm/install/rrm_msgs/include/rrm_msgs/rrm_msgs/msg/detail/command__type_support.c
[4.605s] -- Installing: /home/rrm/install/rrm_msgs/include/rrm_msgs/rrm_msgs/msg/detail/command__rosidl_typesupport_introspection_c.h
[4.605s] -- Installing: /home/rrm/install/rrm_msgs/include/rrm_msgs/rrm_msgs/msg/rosidl_typesupport_introspection_c__visibility_control.h
[4.605s] -- Up-to-date: /home/rrm/install/rrm_msgs/include/rrm_msgs/rrm_msgs/srv
[4.605s] -- Up-to-date: /home/rrm/install/rrm_msgs/include/rrm_msgs/rrm_msgs/srv/detail
[4.605s] -- Installing: /home/rrm/install/rrm_msgs/include/rrm_msgs/rrm_msgs/srv/detail/command__type_support.c
[4.606s] -- Installing: /home/rrm/install/rrm_msgs/include/rrm_msgs/rrm_msgs/srv/detail/command__rosidl_typesupport_introspection_c.h
[4.606s] -- Installing: /home/rrm/install/rrm_msgs/lib/librrm_msgs__rosidl_typesupport_introspection_c.so
[4.606s] -- Set runtime path of "/home/rrm/install/rrm_msgs/lib/librrm_msgs__rosidl_typesupport_introspection_c.so" to ""
[4.606s] -- Installing: /home/rrm/install/rrm_msgs/lib/librrm_msgs__rosidl_typesupport_c.so
[4.606s] -- Set runtime path of "/home/rrm/install/rrm_msgs/lib/librrm_msgs__rosidl_typesupport_c.so" to ""
[4.606s] -- Up-to-date: /home/rrm/install/rrm_msgs/include/rrm_msgs/rrm_msgs
[4.606s] -- Up-to-date: /home/rrm/install/rrm_msgs/include/rrm_msgs/rrm_msgs/msg
[4.606s] -- Installing: /home/rrm/install/rrm_msgs/include/rrm_msgs/rrm_msgs/msg/command.hpp
[4.606s] -- Up-to-date: /home/rrm/install/rrm_msgs/include/rrm_msgs/rrm_msgs/msg/detail
[4.606s] -- Installing: /home/rrm/install/rrm_msgs/include/rrm_msgs/rrm_msgs/msg/detail/command__traits.hpp
[4.607s] -- Installing: /home/rrm/install/rrm_msgs/include/rrm_msgs/rrm_msgs/msg/detail/command__builder.hpp
[4.607s] -- Installing: /home/rrm/install/rrm_msgs/include/rrm_msgs/rrm_msgs/msg/detail/command__type_support.hpp
[4.607s] -- Installing: /home/rrm/install/rrm_msgs/include/rrm_msgs/rrm_msgs/msg/detail/command__struct.hpp
[4.607s] -- Installing: /home/rrm/install/rrm_msgs/include/rrm_msgs/rrm_msgs/msg/rosidl_generator_cpp__visibility_control.hpp
[4.607s] -- Up-to-date: /home/rrm/install/rrm_msgs/include/rrm_msgs/rrm_msgs/srv
[4.607s] -- Installing: /home/rrm/install/rrm_msgs/include/rrm_msgs/rrm_msgs/srv/command.hpp
[4.607s] -- Up-to-date: /home/rrm/install/rrm_msgs/include/rrm_msgs/rrm_msgs/srv/detail
[4.607s] -- Installing: /home/rrm/install/rrm_msgs/include/rrm_msgs/rrm_msgs/srv/detail/command__traits.hpp
[4.608s] -- Installing: /home/rrm/install/rrm_msgs/include/rrm_msgs/rrm_msgs/srv/detail/command__builder.hpp
[4.608s] -- Installing: /home/rrm/install/rrm_msgs/include/rrm_msgs/rrm_msgs/srv/detail/command__type_support.hpp
[4.608s] -- Installing: /home/rrm/install/rrm_msgs/include/rrm_msgs/rrm_msgs/srv/detail/command__struct.hpp
[4.608s] -- Up-to-date: /home/rrm/install/rrm_msgs/include/rrm_msgs/rrm_msgs
[4.608s] -- Up-to-date: /home/rrm/install/rrm_msgs/include/rrm_msgs/rrm_msgs/msg
[4.608s] -- Up-to-date: /home/rrm/install/rrm_msgs/include/rrm_msgs/rrm_msgs/msg/detail
[4.608s] -- Installing: /home/rrm/install/rrm_msgs/include/rrm_msgs/rrm_msgs/msg/detail/dds_fastrtps
[4.608s] -- Installing: /home/rrm/install/rrm_msgs/include/rrm_msgs/rrm_msgs/msg/detail/command__rosidl_typesupport_fastrtps_cpp.hpp
[4.609s] -- Installing: /home/rrm/install/rrm_msgs/include/rrm_msgs/rrm_msgs/msg/rosidl_typesupport_fastrtps_cpp__visibility_control.h
[4.609s] -- Up-to-date: /home/rrm/install/rrm_msgs/include/rrm_msgs/rrm_msgs/srv
[4.609s] -- Up-to-date: /home/rrm/install/rrm_msgs/include/rrm_msgs/rrm_msgs/srv/detail
[4.609s] -- Installing: /home/rrm/install/rrm_msgs/include/rrm_msgs/rrm_msgs/srv/detail/dds_fastrtps
[4.609s] -- Installing: /home/rrm/install/rrm_msgs/include/rrm_msgs/rrm_msgs/srv/detail/command__rosidl_typesupport_fastrtps_cpp.hpp
[4.609s] -- Installing: /home/rrm/install/rrm_msgs/lib/librrm_msgs__rosidl_typesupport_fastrtps_cpp.so
[4.610s] -- Set runtime path of "/home/rrm/install/rrm_msgs/lib/librrm_msgs__rosidl_typesupport_fastrtps_cpp.so" to ""
[4.610s] -- Up-to-date: /home/rrm/install/rrm_msgs/include/rrm_msgs/rrm_msgs
[4.610s] -- Up-to-date: /home/rrm/install/rrm_msgs/include/rrm_msgs/rrm_msgs/msg
[4.610s] -- Up-to-date: /home/rrm/install/rrm_msgs/include/rrm_msgs/rrm_msgs/msg/detail
[4.610s] -- Installing: /home/rrm/install/rrm_msgs/include/rrm_msgs/rrm_msgs/msg/detail/command__type_support.cpp
[4.610s] -- Installing: /home/rrm/install/rrm_msgs/include/rrm_msgs/rrm_msgs/msg/detail/command__rosidl_typesupport_introspection_cpp.hpp
[4.610s] -- Up-to-date: /home/rrm/install/rrm_msgs/include/rrm_msgs/rrm_msgs/srv
[4.610s] -- Up-to-date: /home/rrm/install/rrm_msgs/include/rrm_msgs/rrm_msgs/srv/detail
[4.610s] -- Installing: /home/rrm/install/rrm_msgs/include/rrm_msgs/rrm_msgs/srv/detail/command__type_support.cpp
[4.610s] -- Installing: /home/rrm/install/rrm_msgs/include/rrm_msgs/rrm_msgs/srv/detail/command__rosidl_typesupport_introspection_cpp.hpp
[4.611s] -- Installing: /home/rrm/install/rrm_msgs/lib/librrm_msgs__rosidl_typesupport_introspection_cpp.so
[4.611s] -- Set runtime path of "/home/rrm/install/rrm_msgs/lib/librrm_msgs__rosidl_typesupport_introspection_cpp.so" to ""
[4.611s] -- Installing: /home/rrm/install/rrm_msgs/lib/librrm_msgs__rosidl_typesupport_cpp.so
[4.612s] -- Set runtime path of "/home/rrm/install/rrm_msgs/lib/librrm_msgs__rosidl_typesupport_cpp.so" to ""
[4.612s] -- Installing: /home/rrm/install/rrm_msgs/share/rrm_msgs/environment/pythonpath.sh
[4.612s] -- Installing: /home/rrm/install/rrm_msgs/share/rrm_msgs/environment/pythonpath.dsv
[4.612s] -- Installing: /home/rrm/install/rrm_msgs/local/lib/python3.10/dist-packages/rrm_msgs-0.0.0-py3.10.egg-info
[4.612s] -- Installing: /home/rrm/install/rrm_msgs/local/lib/python3.10/dist-packages/rrm_msgs-0.0.0-py3.10.egg-info/SOURCES.txt
[4.612s] -- Installing: /home/rrm/install/rrm_msgs/local/lib/python3.10/dist-packages/rrm_msgs-0.0.0-py3.10.egg-info/dependency_links.txt
[4.612s] -- Installing: /home/rrm/install/rrm_msgs/local/lib/python3.10/dist-packages/rrm_msgs-0.0.0-py3.10.egg-info/PKG-INFO
[4.613s] -- Installing: /home/rrm/install/rrm_msgs/local/lib/python3.10/dist-packages/rrm_msgs-0.0.0-py3.10.egg-info/top_level.txt
[4.613s] -- Installing: /home/rrm/install/rrm_msgs/local/lib/python3.10/dist-packages/rrm_msgs
[4.613s] -- Installing: /home/rrm/install/rrm_msgs/local/lib/python3.10/dist-packages/rrm_msgs/__init__.py
[4.613s] -- Installing: /home/rrm/install/rrm_msgs/local/lib/python3.10/dist-packages/rrm_msgs/msg
[4.613s] -- Installing: /home/rrm/install/rrm_msgs/local/lib/python3.10/dist-packages/rrm_msgs/msg/_command_s.c
[4.613s] -- Installing: /home/rrm/install/rrm_msgs/local/lib/python3.10/dist-packages/rrm_msgs/msg/__init__.py
[4.613s] -- Installing: /home/rrm/install/rrm_msgs/local/lib/python3.10/dist-packages/rrm_msgs/msg/_command.py
[4.614s] -- Installing: /home/rrm/install/rrm_msgs/local/lib/python3.10/dist-packages/rrm_msgs/rrm_msgs_s__rosidl_typesupport_fastrtps_c.cpython-310-x86_64-linux-gnu.so
[4.614s] -- Installing: /home/rrm/install/rrm_msgs/local/lib/python3.10/dist-packages/rrm_msgs/_rrm_msgs_s.ep.rosidl_typesupport_introspection_c.c
[4.614s] -- Installing: /home/rrm/install/rrm_msgs/local/lib/python3.10/dist-packages/rrm_msgs/_rrm_msgs_s.ep.rosidl_typesupport_c.c
[4.614s] -- Installing: /home/rrm/install/rrm_msgs/local/lib/python3.10/dist-packages/rrm_msgs/_rrm_msgs_s.ep.rosidl_typesupport_fastrtps_c.c
[4.614s] -- Installing: /home/rrm/install/rrm_msgs/local/lib/python3.10/dist-packages/rrm_msgs/librrm_msgs__rosidl_generator_py.so
[4.614s] -- Installing: /home/rrm/install/rrm_msgs/local/lib/python3.10/dist-packages/rrm_msgs/rrm_msgs_s__rosidl_typesupport_c.cpython-310-x86_64-linux-gnu.so
[4.614s] -- Installing: /home/rrm/install/rrm_msgs/local/lib/python3.10/dist-packages/rrm_msgs/rrm_msgs_s__rosidl_typesupport_introspection_c.cpython-310-x86_64-linux-gnu.so
[4.615s] -- Installing: /home/rrm/install/rrm_msgs/local/lib/python3.10/dist-packages/rrm_msgs/srv
[4.615s] -- Installing: /home/rrm/install/rrm_msgs/local/lib/python3.10/dist-packages/rrm_msgs/srv/_command_s.c
[4.615s] -- Installing: /home/rrm/install/rrm_msgs/local/lib/python3.10/dist-packages/rrm_msgs/srv/__init__.py
[4.615s] -- Installing: /home/rrm/install/rrm_msgs/local/lib/python3.10/dist-packages/rrm_msgs/srv/_command.py
[4.662s] Listing '/home/rrm/install/rrm_msgs/local/lib/python3.10/dist-packages/rrm_msgs'...
[4.662s] Compiling '/home/rrm/install/rrm_msgs/local/lib/python3.10/dist-packages/rrm_msgs/__init__.py'...
[4.662s] Listing '/home/rrm/install/rrm_msgs/local/lib/python3.10/dist-packages/rrm_msgs/msg'...
[4.662s] Compiling '/home/rrm/install/rrm_msgs/local/lib/python3.10/dist-packages/rrm_msgs/msg/__init__.py'...
[4.662s] Compiling '/home/rrm/install/rrm_msgs/local/lib/python3.10/dist-packages/rrm_msgs/msg/_command.py'...
[4.662s] Listing '/home/rrm/install/rrm_msgs/local/lib/python3.10/dist-packages/rrm_msgs/srv'...
[4.662s] Compiling '/home/rrm/install/rrm_msgs/local/lib/python3.10/dist-packages/rrm_msgs/srv/__init__.py'...
[4.662s] Compiling '/home/rrm/install/rrm_msgs/local/lib/python3.10/dist-packages/rrm_msgs/srv/_command.py'...
[4.667s] -- Installing: /home/rrm/install/rrm_msgs/local/lib/python3.10/dist-packages/rrm_msgs/rrm_msgs_s__rosidl_typesupport_fastrtps_c.cpython-310-x86_64-linux-gnu.so
[4.667s] -- Set runtime path of "/home/rrm/install/rrm_msgs/local/lib/python3.10/dist-packages/rrm_msgs/rrm_msgs_s__rosidl_typesupport_fastrtps_c.cpython-310-x86_64-linux-gnu.so" to ""
[4.667s] -- Installing: /home/rrm/install/rrm_msgs/local/lib/python3.10/dist-packages/rrm_msgs/rrm_msgs_s__rosidl_typesupport_introspection_c.cpython-310-x86_64-linux-gnu.so
[4.668s] -- Set runtime path of "/home/rrm/install/rrm_msgs/local/lib/python3.10/dist-packages/rrm_msgs/rrm_msgs_s__rosidl_typesupport_introspection_c.cpython-310-x86_64-linux-gnu.so" to ""
[4.668s] -- Installing: /home/rrm/install/rrm_msgs/local/lib/python3.10/dist-packages/rrm_msgs/rrm_msgs_s__rosidl_typesupport_c.cpython-310-x86_64-linux-gnu.so
[4.668s] -- Set runtime path of "/home/rrm/install/rrm_msgs/local/lib/python3.10/dist-packages/rrm_msgs/rrm_msgs_s__rosidl_typesupport_c.cpython-310-x86_64-linux-gnu.so" to ""
[4.668s] -- Installing: /home/rrm/install/rrm_msgs/lib/librrm_msgs__rosidl_generator_py.so
[4.669s] -- Set runtime path of "/home/rrm/install/rrm_msgs/lib/librrm_msgs__rosidl_generator_py.so" to ""
[4.669s] -- Installing: /home/rrm/install/rrm_msgs/share/rrm_msgs/msg/Command.idl
[4.669s] -- Installing: /home/rrm/install/rrm_msgs/share/rrm_msgs/srv/Command.idl
[4.669s] -- Installing: /home/rrm/install/rrm_msgs/share/rrm_msgs/msg/Command.msg
[4.669s] -- Installing: /home/rrm/install/rrm_msgs/share/rrm_msgs/srv/Command.srv
[4.670s] -- Installing: /home/rrm/install/rrm_msgs/share/rrm_msgs/srv/Command_Request.msg
[4.670s] -- Installing: /home/rrm/install/rrm_msgs/share/rrm_msgs/srv/Command_Response.msg
[4.670s] -- Installing: /home/rrm/install/rrm_msgs/share/ament_index/resource_index/package_run_dependencies/rrm_msgs
[4.670s] -- Installing: /home/rrm/install/rrm_msgs/share/ament_index/resource_index/parent_prefix_path/rrm_msgs
[4.670s] -- Installing: /home/rrm/install/rrm_msgs/share/rrm_msgs/environment/ament_prefix_path.sh
[4.670s] -- Installing: /home/rrm/install/rrm_msgs/share/rrm_msgs/environment/ament_prefix_path.dsv
[4.671s] -- Installing: /home/rrm/install/rrm_msgs/share/rrm_msgs/environment/path.sh
[4.671s] -- Installing: /home/rrm/install/rrm_msgs/share/rrm_msgs/environment/path.dsv
[4.671s] -- Installing: /home/rrm/install/rrm_msgs/share/rrm_msgs/local_setup.bash
[4.671s] -- Installing: /home/rrm/install/rrm_msgs/share/rrm_msgs/local_setup.sh
[4.671s] -- Installing: /home/rrm/install/rrm_msgs/share/rrm_msgs/local_setup.zsh
[4.671s] -- Installing: /home/rrm/install/rrm_msgs/share/rrm_msgs/local_setup.dsv
[4.672s] -- Installing: /home/rrm/install/rrm_msgs/share/rrm_msgs/package.dsv
[4.672s] -- Installing: /home/rrm/install/rrm_msgs/share/ament_index/resource_index/packages/rrm_msgs
[4.672s] -- Installing: /home/rrm/install/rrm_msgs/share/rrm_msgs/cmake/export_rrm_msgs__rosidl_generator_cExport.cmake
[4.672s] -- Installing: /home/rrm/install/rrm_msgs/share/rrm_msgs/cmake/export_rrm_msgs__rosidl_generator_cExport-noconfig.cmake
[4.672s] -- Installing: /home/rrm/install/rrm_msgs/share/rrm_msgs/cmake/export_rrm_msgs__rosidl_typesupport_fastrtps_cExport.cmake
[4.673s] -- Installing: /home/rrm/install/rrm_msgs/share/rrm_msgs/cmake/export_rrm_msgs__rosidl_typesupport_fastrtps_cExport-noconfig.cmake
[4.673s] -- Installing: /home/rrm/install/rrm_msgs/share/rrm_msgs/cmake/rrm_msgs__rosidl_typesupport_introspection_cExport.cmake
[4.673s] -- Installing: /home/rrm/install/rrm_msgs/share/rrm_msgs/cmake/rrm_msgs__rosidl_typesupport_introspection_cExport-noconfig.cmake
[4.673s] -- Installing: /home/rrm/install/rrm_msgs/share/rrm_msgs/cmake/rrm_msgs__rosidl_typesupport_cExport.cmake
[4.673s] -- Installing: /home/rrm/install/rrm_msgs/share/rrm_msgs/cmake/rrm_msgs__rosidl_typesupport_cExport-noconfig.cmake
[4.673s] -- Installing: /home/rrm/install/rrm_msgs/share/rrm_msgs/cmake/export_rrm_msgs__rosidl_generator_cppExport.cmake
[4.674s] -- Installing: /home/rrm/install/rrm_msgs/share/rrm_msgs/cmake/export_rrm_msgs__rosidl_typesupport_fastrtps_cppExport.cmake
[4.674s] -- Installing: /home/rrm/install/rrm_msgs/share/rrm_msgs/cmake/export_rrm_msgs__rosidl_typesupport_fastrtps_cppExport-noconfig.cmake
[4.674s] -- Installing: /home/rrm/install/rrm_msgs/share/rrm_msgs/cmake/rrm_msgs__rosidl_typesupport_introspection_cppExport.cmake
[4.674s] -- Installing: /home/rrm/install/rrm_msgs/share/rrm_msgs/cmake/rrm_msgs__rosidl_typesupport_introspection_cppExport-noconfig.cmake
[4.674s] -- Installing: /home/rrm/install/rrm_msgs/share/rrm_msgs/cmake/rrm_msgs__rosidl_typesupport_cppExport.cmake
[4.675s] -- Installing: /home/rrm/install/rrm_msgs/share/rrm_msgs/cmake/rrm_msgs__rosidl_typesupport_cppExport-noconfig.cmake
[4.675s] -- Installing: /home/rrm/install/rrm_msgs/share/rrm_msgs/cmake/export_rrm_msgs__rosidl_generator_pyExport.cmake
[4.675s] -- Installing: /home/rrm/install/rrm_msgs/share/rrm_msgs/cmake/export_rrm_msgs__rosidl_generator_pyExport-noconfig.cmake
[4.675s] -- Installing: /home/rrm/install/rrm_msgs/share/rrm_msgs/cmake/rosidl_cmake-extras.cmake
[4.675s] -- Installing: /home/rrm/install/rrm_msgs/share/rrm_msgs/cmake/ament_cmake_export_include_directories-extras.cmake
[4.675s] -- Installing: /home/rrm/install/rrm_msgs/share/rrm_msgs/cmake/ament_cmake_export_libraries-extras.cmake
[4.676s] -- Installing: /home/rrm/install/rrm_msgs/share/rrm_msgs/cmake/ament_cmake_export_targets-extras.cmake
[4.676s] -- Installing: /home/rrm/install/rrm_msgs/share/rrm_msgs/cmake/rosidl_cmake_export_typesupport_targets-extras.cmake
[4.676s] -- Installing: /home/rrm/install/rrm_msgs/share/rrm_msgs/cmake/ament_cmake_export_dependencies-extras.cmake
[4.676s] -- Installing: /home/rrm/install/rrm_msgs/share/rrm_msgs/cmake/rosidl_cmake_export_typesupport_libraries-extras.cmake
[4.676s] -- Installing: /home/rrm/install/rrm_msgs/share/rrm_msgs/cmake/rrm_msgsConfig.cmake
[4.676s] -- Installing: /home/rrm/install/rrm_msgs/share/rrm_msgs/cmake/rrm_msgsConfig-version.cmake
[4.677s] -- Installing: /home/rrm/install/rrm_msgs/share/rrm_msgs/package.xml
[4.679s] Invoked command in '/home/rrm/build/rrm_msgs' returned '0': CMAKE_PREFIX_PATH=${CMAKE_PREFIX_PATH}:/opt/ros/humble /usr/bin/cmake --install /home/rrm/build/rrm_msgs
