[0.024s] Invoking command in '/home/rrm/src/build/rrm_msgs': CMAKE_PREFIX_PATH=${CMAKE_PREFIX_PATH}:/opt/ros/humble /usr/bin/cmake --build /home/rrm/src/build/rrm_msgs -- -j8 -l8
[0.055s] [35m[1mConsolidate compiler generated dependencies of target rrm_msgs__rosidl_generator_c[0m
[0.067s] [  2%] Built target rrm_msgs__cpp
[0.067s] [ 12%] Built target rrm_msgs__rosidl_generator_c
[0.079s] [35m[1mConsolidate compiler generated dependencies of target rrm_msgs__rosidl_typesupport_cpp[0m
[0.080s] [35m[1mConsolidate compiler generated dependencies of target rrm_msgs__rosidl_typesupport_fastrtps_cpp[0m
[0.080s] [ 12%] Built target ament_cmake_python_copy_rrm_msgs
[0.080s] [35m[1mConsolidate compiler generated dependencies of target rrm_msgs__rosidl_typesupport_introspection_cpp[0m
[0.080s] [35m[1mConsolidate compiler generated dependencies of target rrm_msgs__rosidl_typesupport_introspection_c[0m
[0.083s] [35m[1mConsolidate compiler generated dependencies of target rrm_msgs__rosidl_typesupport_c[0m
[0.083s] [35m[1mConsolidate compiler generated dependencies of target rrm_msgs__rosidl_typesupport_fastrtps_c[0m
[0.096s] [ 23%] Built target rrm_msgs__rosidl_typesupport_fastrtps_cpp
[0.096s] [ 33%] Built target rrm_msgs__rosidl_typesupport_introspection_c
[0.098s] [ 43%] Built target rrm_msgs__rosidl_typesupport_cpp
[0.098s] [ 53%] Built target rrm_msgs__rosidl_typesupport_introspection_cpp
[0.101s] [ 64%] Built target rrm_msgs__rosidl_typesupport_fastrtps_c
[0.103s] [ 74%] Built target rrm_msgs__rosidl_typesupport_c
[0.119s] [ 74%] Built target rrm_msgs
[0.139s] [ 76%] Built target rrm_msgs__py
[0.157s] [35m[1mConsolidate compiler generated dependencies of target rrm_msgs__rosidl_generator_py[0m
[0.171s] [ 84%] Built target rrm_msgs__rosidl_generator_py
[0.185s] [35m[1mConsolidate compiler generated dependencies of target rrm_msgs__rosidl_typesupport_fastrtps_c__pyext[0m
[0.193s] [35m[1mConsolidate compiler generated dependencies of target rrm_msgs__rosidl_typesupport_introspection_c__pyext[0m
[0.196s] [35m[1mConsolidate compiler generated dependencies of target rrm_msgs__rosidl_typesupport_c__pyext[0m
[0.204s] [ 94%] Built target rrm_msgs__rosidl_typesupport_fastrtps_c__pyext
[0.204s] [ 94%] Built target rrm_msgs__rosidl_typesupport_introspection_c__pyext
[0.209s] [100%] Built target rrm_msgs__rosidl_typesupport_c__pyext
[0.308s] running egg_info
[0.309s] writing rrm_msgs.egg-info/PKG-INFO
[0.309s] writing dependency_links to rrm_msgs.egg-info/dependency_links.txt
[0.309s] writing top-level names to rrm_msgs.egg-info/top_level.txt
[0.313s] reading manifest file 'rrm_msgs.egg-info/SOURCES.txt'
[0.314s] writing manifest file 'rrm_msgs.egg-info/SOURCES.txt'
[0.339s] [100%] Built target ament_cmake_python_build_rrm_msgs_egg
[0.347s] Invoked command in '/home/rrm/src/build/rrm_msgs' returned '0': CMAKE_PREFIX_PATH=${CMAKE_PREFIX_PATH}:/opt/ros/humble /usr/bin/cmake --build /home/rrm/src/build/rrm_msgs -- -j8 -l8
[0.349s] Invoking command in '/home/rrm/src/build/rrm_msgs': CMAKE_PREFIX_PATH=${CMAKE_PREFIX_PATH}:/opt/ros/humble /usr/bin/cmake --install /home/rrm/src/build/rrm_msgs
[0.358s] -- Install configuration: ""
[0.358s] -- Up-to-date: /home/rrm/src/install/rrm_msgs/share/ament_index/resource_index/rosidl_interfaces/rrm_msgs
[0.359s] -- Up-to-date: /home/rrm/src/install/rrm_msgs/include/rrm_msgs/rrm_msgs
[0.359s] -- Up-to-date: /home/rrm/src/install/rrm_msgs/include/rrm_msgs/rrm_msgs/msg
[0.359s] -- Up-to-date: /home/rrm/src/install/rrm_msgs/include/rrm_msgs/rrm_msgs/msg/detail
[0.359s] -- Up-to-date: /home/rrm/src/install/rrm_msgs/include/rrm_msgs/rrm_msgs/msg/detail/command__functions.h
[0.359s] -- Up-to-date: /home/rrm/src/install/rrm_msgs/include/rrm_msgs/rrm_msgs/msg/detail/command__type_support.h
[0.359s] -- Up-to-date: /home/rrm/src/install/rrm_msgs/include/rrm_msgs/rrm_msgs/msg/detail/command__functions.c
[0.360s] -- Up-to-date: /home/rrm/src/install/rrm_msgs/include/rrm_msgs/rrm_msgs/msg/detail/command__struct.h
[0.360s] -- Up-to-date: /home/rrm/src/install/rrm_msgs/include/rrm_msgs/rrm_msgs/msg/command.h
[0.360s] -- Up-to-date: /home/rrm/src/install/rrm_msgs/include/rrm_msgs/rrm_msgs/msg/rosidl_generator_c__visibility_control.h
[0.360s] -- Up-to-date: /home/rrm/src/install/rrm_msgs/include/rrm_msgs/rrm_msgs/srv
[0.361s] -- Up-to-date: /home/rrm/src/install/rrm_msgs/include/rrm_msgs/rrm_msgs/srv/detail
[0.361s] -- Up-to-date: /home/rrm/src/install/rrm_msgs/include/rrm_msgs/rrm_msgs/srv/detail/command__functions.h
[0.361s] -- Up-to-date: /home/rrm/src/install/rrm_msgs/include/rrm_msgs/rrm_msgs/srv/detail/command__type_support.h
[0.361s] -- Up-to-date: /home/rrm/src/install/rrm_msgs/include/rrm_msgs/rrm_msgs/srv/detail/command__functions.c
[0.361s] -- Up-to-date: /home/rrm/src/install/rrm_msgs/include/rrm_msgs/rrm_msgs/srv/detail/command__struct.h
[0.362s] -- Up-to-date: /home/rrm/src/install/rrm_msgs/include/rrm_msgs/rrm_msgs/srv/command.h
[0.362s] -- Up-to-date: /home/rrm/src/install/rrm_msgs/share/rrm_msgs/environment/library_path.sh
[0.363s] -- Up-to-date: /home/rrm/src/install/rrm_msgs/share/rrm_msgs/environment/library_path.dsv
[0.363s] -- Up-to-date: /home/rrm/src/install/rrm_msgs/lib/librrm_msgs__rosidl_generator_c.so
[0.363s] -- Up-to-date: /home/rrm/src/install/rrm_msgs/include/rrm_msgs/rrm_msgs
[0.364s] -- Up-to-date: /home/rrm/src/install/rrm_msgs/include/rrm_msgs/rrm_msgs/msg
[0.364s] -- Up-to-date: /home/rrm/src/install/rrm_msgs/include/rrm_msgs/rrm_msgs/msg/rosidl_typesupport_fastrtps_c__visibility_control.h
[0.364s] -- Up-to-date: /home/rrm/src/install/rrm_msgs/include/rrm_msgs/rrm_msgs/msg/detail
[0.364s] -- Up-to-date: /home/rrm/src/install/rrm_msgs/include/rrm_msgs/rrm_msgs/msg/detail/command__rosidl_typesupport_fastrtps_c.h
[0.364s] -- Up-to-date: /home/rrm/src/install/rrm_msgs/include/rrm_msgs/rrm_msgs/srv
[0.365s] -- Up-to-date: /home/rrm/src/install/rrm_msgs/include/rrm_msgs/rrm_msgs/srv/detail
[0.365s] -- Up-to-date: /home/rrm/src/install/rrm_msgs/include/rrm_msgs/rrm_msgs/srv/detail/command__rosidl_typesupport_fastrtps_c.h
[0.365s] -- Up-to-date: /home/rrm/src/install/rrm_msgs/lib/librrm_msgs__rosidl_typesupport_fastrtps_c.so
[0.365s] -- Up-to-date: /home/rrm/src/install/rrm_msgs/include/rrm_msgs/rrm_msgs
[0.365s] -- Up-to-date: /home/rrm/src/install/rrm_msgs/include/rrm_msgs/rrm_msgs/msg
[0.365s] -- Up-to-date: /home/rrm/src/install/rrm_msgs/include/rrm_msgs/rrm_msgs/msg/detail
[0.365s] -- Up-to-date: /home/rrm/src/install/rrm_msgs/include/rrm_msgs/rrm_msgs/msg/detail/command__type_support.c
[0.366s] -- Up-to-date: /home/rrm/src/install/rrm_msgs/include/rrm_msgs/rrm_msgs/msg/detail/command__rosidl_typesupport_introspection_c.h
[0.366s] -- Up-to-date: /home/rrm/src/install/rrm_msgs/include/rrm_msgs/rrm_msgs/msg/rosidl_typesupport_introspection_c__visibility_control.h
[0.366s] -- Up-to-date: /home/rrm/src/install/rrm_msgs/include/rrm_msgs/rrm_msgs/srv
[0.366s] -- Up-to-date: /home/rrm/src/install/rrm_msgs/include/rrm_msgs/rrm_msgs/srv/detail
[0.366s] -- Up-to-date: /home/rrm/src/install/rrm_msgs/include/rrm_msgs/rrm_msgs/srv/detail/command__type_support.c
[0.366s] -- Up-to-date: /home/rrm/src/install/rrm_msgs/include/rrm_msgs/rrm_msgs/srv/detail/command__rosidl_typesupport_introspection_c.h
[0.366s] -- Up-to-date: /home/rrm/src/install/rrm_msgs/lib/librrm_msgs__rosidl_typesupport_introspection_c.so
[0.367s] -- Up-to-date: /home/rrm/src/install/rrm_msgs/lib/librrm_msgs__rosidl_typesupport_c.so
[0.367s] -- Up-to-date: /home/rrm/src/install/rrm_msgs/include/rrm_msgs/rrm_msgs
[0.367s] -- Up-to-date: /home/rrm/src/install/rrm_msgs/include/rrm_msgs/rrm_msgs/msg
[0.367s] -- Up-to-date: /home/rrm/src/install/rrm_msgs/include/rrm_msgs/rrm_msgs/msg/command.hpp
[0.367s] -- Up-to-date: /home/rrm/src/install/rrm_msgs/include/rrm_msgs/rrm_msgs/msg/detail
[0.367s] -- Up-to-date: /home/rrm/src/install/rrm_msgs/include/rrm_msgs/rrm_msgs/msg/detail/command__traits.hpp
[0.367s] -- Up-to-date: /home/rrm/src/install/rrm_msgs/include/rrm_msgs/rrm_msgs/msg/detail/command__builder.hpp
[0.367s] -- Up-to-date: /home/rrm/src/install/rrm_msgs/include/rrm_msgs/rrm_msgs/msg/detail/command__type_support.hpp
[0.368s] -- Up-to-date: /home/rrm/src/install/rrm_msgs/include/rrm_msgs/rrm_msgs/msg/detail/command__struct.hpp
[0.368s] -- Up-to-date: /home/rrm/src/install/rrm_msgs/include/rrm_msgs/rrm_msgs/msg/rosidl_generator_cpp__visibility_control.hpp
[0.368s] -- Up-to-date: /home/rrm/src/install/rrm_msgs/include/rrm_msgs/rrm_msgs/srv
[0.368s] -- Up-to-date: /home/rrm/src/install/rrm_msgs/include/rrm_msgs/rrm_msgs/srv/command.hpp
[0.368s] -- Up-to-date: /home/rrm/src/install/rrm_msgs/include/rrm_msgs/rrm_msgs/srv/detail
[0.368s] -- Up-to-date: /home/rrm/src/install/rrm_msgs/include/rrm_msgs/rrm_msgs/srv/detail/command__traits.hpp
[0.368s] -- Up-to-date: /home/rrm/src/install/rrm_msgs/include/rrm_msgs/rrm_msgs/srv/detail/command__builder.hpp
[0.368s] -- Up-to-date: /home/rrm/src/install/rrm_msgs/include/rrm_msgs/rrm_msgs/srv/detail/command__type_support.hpp
[0.368s] -- Up-to-date: /home/rrm/src/install/rrm_msgs/include/rrm_msgs/rrm_msgs/srv/detail/command__struct.hpp
[0.369s] -- Up-to-date: /home/rrm/src/install/rrm_msgs/include/rrm_msgs/rrm_msgs
[0.369s] -- Up-to-date: /home/rrm/src/install/rrm_msgs/include/rrm_msgs/rrm_msgs/msg
[0.369s] -- Up-to-date: /home/rrm/src/install/rrm_msgs/include/rrm_msgs/rrm_msgs/msg/detail
[0.369s] -- Up-to-date: /home/rrm/src/install/rrm_msgs/include/rrm_msgs/rrm_msgs/msg/detail/dds_fastrtps
[0.369s] -- Up-to-date: /home/rrm/src/install/rrm_msgs/include/rrm_msgs/rrm_msgs/msg/detail/command__rosidl_typesupport_fastrtps_cpp.hpp
[0.369s] -- Up-to-date: /home/rrm/src/install/rrm_msgs/include/rrm_msgs/rrm_msgs/msg/rosidl_typesupport_fastrtps_cpp__visibility_control.h
[0.369s] -- Up-to-date: /home/rrm/src/install/rrm_msgs/include/rrm_msgs/rrm_msgs/srv
[0.369s] -- Up-to-date: /home/rrm/src/install/rrm_msgs/include/rrm_msgs/rrm_msgs/srv/detail
[0.369s] -- Up-to-date: /home/rrm/src/install/rrm_msgs/include/rrm_msgs/rrm_msgs/srv/detail/dds_fastrtps
[0.369s] -- Up-to-date: /home/rrm/src/install/rrm_msgs/include/rrm_msgs/rrm_msgs/srv/detail/command__rosidl_typesupport_fastrtps_cpp.hpp
[0.370s] -- Up-to-date: /home/rrm/src/install/rrm_msgs/lib/librrm_msgs__rosidl_typesupport_fastrtps_cpp.so
[0.370s] -- Up-to-date: /home/rrm/src/install/rrm_msgs/include/rrm_msgs/rrm_msgs
[0.370s] -- Up-to-date: /home/rrm/src/install/rrm_msgs/include/rrm_msgs/rrm_msgs/msg
[0.370s] -- Up-to-date: /home/rrm/src/install/rrm_msgs/include/rrm_msgs/rrm_msgs/msg/detail
[0.370s] -- Up-to-date: /home/rrm/src/install/rrm_msgs/include/rrm_msgs/rrm_msgs/msg/detail/command__type_support.cpp
[0.370s] -- Up-to-date: /home/rrm/src/install/rrm_msgs/include/rrm_msgs/rrm_msgs/msg/detail/command__rosidl_typesupport_introspection_cpp.hpp
[0.370s] -- Up-to-date: /home/rrm/src/install/rrm_msgs/include/rrm_msgs/rrm_msgs/srv
[0.370s] -- Up-to-date: /home/rrm/src/install/rrm_msgs/include/rrm_msgs/rrm_msgs/srv/detail
[0.370s] -- Up-to-date: /home/rrm/src/install/rrm_msgs/include/rrm_msgs/rrm_msgs/srv/detail/command__type_support.cpp
[0.370s] -- Up-to-date: /home/rrm/src/install/rrm_msgs/include/rrm_msgs/rrm_msgs/srv/detail/command__rosidl_typesupport_introspection_cpp.hpp
[0.370s] -- Up-to-date: /home/rrm/src/install/rrm_msgs/lib/librrm_msgs__rosidl_typesupport_introspection_cpp.so
[0.371s] -- Up-to-date: /home/rrm/src/install/rrm_msgs/lib/librrm_msgs__rosidl_typesupport_cpp.so
[0.371s] -- Up-to-date: /home/rrm/src/install/rrm_msgs/share/rrm_msgs/environment/pythonpath.sh
[0.371s] -- Up-to-date: /home/rrm/src/install/rrm_msgs/share/rrm_msgs/environment/pythonpath.dsv
[0.371s] -- Up-to-date: /home/rrm/src/install/rrm_msgs/local/lib/python3.10/dist-packages/rrm_msgs-0.0.0-py3.10.egg-info
[0.371s] -- Installing: /home/rrm/src/install/rrm_msgs/local/lib/python3.10/dist-packages/rrm_msgs-0.0.0-py3.10.egg-info/SOURCES.txt
[0.371s] -- Installing: /home/rrm/src/install/rrm_msgs/local/lib/python3.10/dist-packages/rrm_msgs-0.0.0-py3.10.egg-info/dependency_links.txt
[0.371s] -- Installing: /home/rrm/src/install/rrm_msgs/local/lib/python3.10/dist-packages/rrm_msgs-0.0.0-py3.10.egg-info/PKG-INFO
[0.371s] -- Installing: /home/rrm/src/install/rrm_msgs/local/lib/python3.10/dist-packages/rrm_msgs-0.0.0-py3.10.egg-info/top_level.txt
[0.371s] -- Up-to-date: /home/rrm/src/install/rrm_msgs/local/lib/python3.10/dist-packages/rrm_msgs
[0.371s] -- Up-to-date: /home/rrm/src/install/rrm_msgs/local/lib/python3.10/dist-packages/rrm_msgs/__init__.py
[0.371s] -- Up-to-date: /home/rrm/src/install/rrm_msgs/local/lib/python3.10/dist-packages/rrm_msgs/msg
[0.372s] -- Up-to-date: /home/rrm/src/install/rrm_msgs/local/lib/python3.10/dist-packages/rrm_msgs/msg/_command_s.c
[0.372s] -- Up-to-date: /home/rrm/src/install/rrm_msgs/local/lib/python3.10/dist-packages/rrm_msgs/msg/__init__.py
[0.372s] -- Up-to-date: /home/rrm/src/install/rrm_msgs/local/lib/python3.10/dist-packages/rrm_msgs/msg/_command.py
[0.372s] -- Up-to-date: /home/rrm/src/install/rrm_msgs/local/lib/python3.10/dist-packages/rrm_msgs/rrm_msgs_s__rosidl_typesupport_fastrtps_c.cpython-310-x86_64-linux-gnu.so
[0.372s] -- Up-to-date: /home/rrm/src/install/rrm_msgs/local/lib/python3.10/dist-packages/rrm_msgs/_rrm_msgs_s.ep.rosidl_typesupport_introspection_c.c
[0.372s] -- Up-to-date: /home/rrm/src/install/rrm_msgs/local/lib/python3.10/dist-packages/rrm_msgs/_rrm_msgs_s.ep.rosidl_typesupport_c.c
[0.372s] -- Up-to-date: /home/rrm/src/install/rrm_msgs/local/lib/python3.10/dist-packages/rrm_msgs/_rrm_msgs_s.ep.rosidl_typesupport_fastrtps_c.c
[0.372s] -- Up-to-date: /home/rrm/src/install/rrm_msgs/local/lib/python3.10/dist-packages/rrm_msgs/librrm_msgs__rosidl_generator_py.so
[0.373s] -- Up-to-date: /home/rrm/src/install/rrm_msgs/local/lib/python3.10/dist-packages/rrm_msgs/rrm_msgs_s__rosidl_typesupport_c.cpython-310-x86_64-linux-gnu.so
[0.373s] -- Up-to-date: /home/rrm/src/install/rrm_msgs/local/lib/python3.10/dist-packages/rrm_msgs/rrm_msgs_s__rosidl_typesupport_introspection_c.cpython-310-x86_64-linux-gnu.so
[0.373s] -- Up-to-date: /home/rrm/src/install/rrm_msgs/local/lib/python3.10/dist-packages/rrm_msgs/srv
[0.373s] -- Up-to-date: /home/rrm/src/install/rrm_msgs/local/lib/python3.10/dist-packages/rrm_msgs/srv/_command_s.c
[0.373s] -- Up-to-date: /home/rrm/src/install/rrm_msgs/local/lib/python3.10/dist-packages/rrm_msgs/srv/__init__.py
[0.373s] -- Up-to-date: /home/rrm/src/install/rrm_msgs/local/lib/python3.10/dist-packages/rrm_msgs/srv/_command.py
[0.394s] Listing '/home/rrm/src/install/rrm_msgs/local/lib/python3.10/dist-packages/rrm_msgs'...
[0.394s] Listing '/home/rrm/src/install/rrm_msgs/local/lib/python3.10/dist-packages/rrm_msgs/msg'...
[0.394s] Listing '/home/rrm/src/install/rrm_msgs/local/lib/python3.10/dist-packages/rrm_msgs/srv'...
[0.397s] -- Up-to-date: /home/rrm/src/install/rrm_msgs/local/lib/python3.10/dist-packages/rrm_msgs/rrm_msgs_s__rosidl_typesupport_fastrtps_c.cpython-310-x86_64-linux-gnu.so
[0.397s] -- Up-to-date: /home/rrm/src/install/rrm_msgs/local/lib/python3.10/dist-packages/rrm_msgs/rrm_msgs_s__rosidl_typesupport_introspection_c.cpython-310-x86_64-linux-gnu.so
[0.398s] -- Up-to-date: /home/rrm/src/install/rrm_msgs/local/lib/python3.10/dist-packages/rrm_msgs/rrm_msgs_s__rosidl_typesupport_c.cpython-310-x86_64-linux-gnu.so
[0.398s] -- Up-to-date: /home/rrm/src/install/rrm_msgs/lib/librrm_msgs__rosidl_generator_py.so
[0.398s] -- Up-to-date: /home/rrm/src/install/rrm_msgs/share/rrm_msgs/msg/Command.idl
[0.398s] -- Up-to-date: /home/rrm/src/install/rrm_msgs/share/rrm_msgs/srv/Command.idl
[0.398s] -- Up-to-date: /home/rrm/src/install/rrm_msgs/share/rrm_msgs/msg/Command.msg
[0.398s] -- Up-to-date: /home/rrm/src/install/rrm_msgs/share/rrm_msgs/srv/Command.srv
[0.399s] -- Up-to-date: /home/rrm/src/install/rrm_msgs/share/rrm_msgs/srv/Command_Request.msg
[0.399s] -- Up-to-date: /home/rrm/src/install/rrm_msgs/share/rrm_msgs/srv/Command_Response.msg
[0.399s] -- Up-to-date: /home/rrm/src/install/rrm_msgs/share/ament_index/resource_index/package_run_dependencies/rrm_msgs
[0.399s] -- Up-to-date: /home/rrm/src/install/rrm_msgs/share/ament_index/resource_index/parent_prefix_path/rrm_msgs
[0.399s] -- Up-to-date: /home/rrm/src/install/rrm_msgs/share/rrm_msgs/environment/ament_prefix_path.sh
[0.399s] -- Up-to-date: /home/rrm/src/install/rrm_msgs/share/rrm_msgs/environment/ament_prefix_path.dsv
[0.399s] -- Up-to-date: /home/rrm/src/install/rrm_msgs/share/rrm_msgs/environment/path.sh
[0.399s] -- Up-to-date: /home/rrm/src/install/rrm_msgs/share/rrm_msgs/environment/path.dsv
[0.399s] -- Up-to-date: /home/rrm/src/install/rrm_msgs/share/rrm_msgs/local_setup.bash
[0.400s] -- Up-to-date: /home/rrm/src/install/rrm_msgs/share/rrm_msgs/local_setup.sh
[0.400s] -- Up-to-date: /home/rrm/src/install/rrm_msgs/share/rrm_msgs/local_setup.zsh
[0.400s] -- Up-to-date: /home/rrm/src/install/rrm_msgs/share/rrm_msgs/local_setup.dsv
[0.400s] -- Installing: /home/rrm/src/install/rrm_msgs/share/rrm_msgs/package.dsv
[0.400s] -- Up-to-date: /home/rrm/src/install/rrm_msgs/share/ament_index/resource_index/packages/rrm_msgs
[0.400s] -- Up-to-date: /home/rrm/src/install/rrm_msgs/share/rrm_msgs/cmake/export_rrm_msgs__rosidl_generator_cExport.cmake
[0.400s] -- Up-to-date: /home/rrm/src/install/rrm_msgs/share/rrm_msgs/cmake/export_rrm_msgs__rosidl_generator_cExport-noconfig.cmake
[0.400s] -- Up-to-date: /home/rrm/src/install/rrm_msgs/share/rrm_msgs/cmake/export_rrm_msgs__rosidl_typesupport_fastrtps_cExport.cmake
[0.400s] -- Up-to-date: /home/rrm/src/install/rrm_msgs/share/rrm_msgs/cmake/export_rrm_msgs__rosidl_typesupport_fastrtps_cExport-noconfig.cmake
[0.400s] -- Up-to-date: /home/rrm/src/install/rrm_msgs/share/rrm_msgs/cmake/rrm_msgs__rosidl_typesupport_introspection_cExport.cmake
[0.401s] -- Up-to-date: /home/rrm/src/install/rrm_msgs/share/rrm_msgs/cmake/rrm_msgs__rosidl_typesupport_introspection_cExport-noconfig.cmake
[0.401s] -- Up-to-date: /home/rrm/src/install/rrm_msgs/share/rrm_msgs/cmake/rrm_msgs__rosidl_typesupport_cExport.cmake
[0.401s] -- Up-to-date: /home/rrm/src/install/rrm_msgs/share/rrm_msgs/cmake/rrm_msgs__rosidl_typesupport_cExport-noconfig.cmake
[0.401s] -- Up-to-date: /home/rrm/src/install/rrm_msgs/share/rrm_msgs/cmake/export_rrm_msgs__rosidl_generator_cppExport.cmake
[0.401s] -- Up-to-date: /home/rrm/src/install/rrm_msgs/share/rrm_msgs/cmake/export_rrm_msgs__rosidl_typesupport_fastrtps_cppExport.cmake
[0.401s] -- Up-to-date: /home/rrm/src/install/rrm_msgs/share/rrm_msgs/cmake/export_rrm_msgs__rosidl_typesupport_fastrtps_cppExport-noconfig.cmake
[0.401s] -- Up-to-date: /home/rrm/src/install/rrm_msgs/share/rrm_msgs/cmake/rrm_msgs__rosidl_typesupport_introspection_cppExport.cmake
[0.401s] -- Up-to-date: /home/rrm/src/install/rrm_msgs/share/rrm_msgs/cmake/rrm_msgs__rosidl_typesupport_introspection_cppExport-noconfig.cmake
[0.401s] -- Up-to-date: /home/rrm/src/install/rrm_msgs/share/rrm_msgs/cmake/rrm_msgs__rosidl_typesupport_cppExport.cmake
[0.402s] -- Up-to-date: /home/rrm/src/install/rrm_msgs/share/rrm_msgs/cmake/rrm_msgs__rosidl_typesupport_cppExport-noconfig.cmake
[0.402s] -- Up-to-date: /home/rrm/src/install/rrm_msgs/share/rrm_msgs/cmake/export_rrm_msgs__rosidl_generator_pyExport.cmake
[0.403s] -- Up-to-date: /home/rrm/src/install/rrm_msgs/share/rrm_msgs/cmake/export_rrm_msgs__rosidl_generator_pyExport-noconfig.cmake
[0.403s] -- Up-to-date: /home/rrm/src/install/rrm_msgs/share/rrm_msgs/cmake/rosidl_cmake-extras.cmake
[0.403s] -- Up-to-date: /home/rrm/src/install/rrm_msgs/share/rrm_msgs/cmake/ament_cmake_export_include_directories-extras.cmake
[0.403s] -- Up-to-date: /home/rrm/src/install/rrm_msgs/share/rrm_msgs/cmake/ament_cmake_export_libraries-extras.cmake
[0.403s] -- Up-to-date: /home/rrm/src/install/rrm_msgs/share/rrm_msgs/cmake/ament_cmake_export_targets-extras.cmake
[0.403s] -- Up-to-date: /home/rrm/src/install/rrm_msgs/share/rrm_msgs/cmake/rosidl_cmake_export_typesupport_targets-extras.cmake
[0.403s] -- Up-to-date: /home/rrm/src/install/rrm_msgs/share/rrm_msgs/cmake/ament_cmake_export_dependencies-extras.cmake
[0.403s] -- Up-to-date: /home/rrm/src/install/rrm_msgs/share/rrm_msgs/cmake/rosidl_cmake_export_typesupport_libraries-extras.cmake
[0.404s] -- Up-to-date: /home/rrm/src/install/rrm_msgs/share/rrm_msgs/cmake/rrm_msgsConfig.cmake
[0.404s] -- Up-to-date: /home/rrm/src/install/rrm_msgs/share/rrm_msgs/cmake/rrm_msgsConfig-version.cmake
[0.404s] -- Up-to-date: /home/rrm/src/install/rrm_msgs/share/rrm_msgs/package.xml
[0.404s] Invoked command in '/home/rrm/src/build/rrm_msgs' returned '0': CMAKE_PREFIX_PATH=${CMAKE_PREFIX_PATH}:/opt/ros/humble /usr/bin/cmake --install /home/rrm/src/build/rrm_msgs
