[35m[1mConsolidate compiler generated dependencies of target robot_sim_node[0m
[100%] Built target robot_sim_node
-- Install configuration: ""
-- Installing: /home/rrm/src/install/rrm_sim/lib/rrm_sim/robot_sim_node
-- Set runtime path of "/home/rrm/src/install/rrm_sim/lib/rrm_sim/robot_sim_node" to ""
-- Installing: /home/rrm/src/install/rrm_sim/share/rrm_sim/launch
-- Installing: /home/rrm/src/install/rrm_sim/share/rrm_sim/launch/rrm_sim.launch.xml
-- Installing: /home/rrm/src/install/rrm_sim/share/ament_index/resource_index/package_run_dependencies/rrm_sim
-- Installing: /home/rrm/src/install/rrm_sim/share/ament_index/resource_index/parent_prefix_path/rrm_sim
-- Installing: /home/rrm/src/install/rrm_sim/share/rrm_sim/environment/ament_prefix_path.sh
-- Installing: /home/rrm/src/install/rrm_sim/share/rrm_sim/environment/ament_prefix_path.dsv
-- Installing: /home/rrm/src/install/rrm_sim/share/rrm_sim/environment/path.sh
-- Installing: /home/rrm/src/install/rrm_sim/share/rrm_sim/environment/path.dsv
-- Installing: /home/rrm/src/install/rrm_sim/share/rrm_sim/local_setup.bash
-- Installing: /home/rrm/src/install/rrm_sim/share/rrm_sim/local_setup.sh
-- Installing: /home/rrm/src/install/rrm_sim/share/rrm_sim/local_setup.zsh
-- Installing: /home/rrm/src/install/rrm_sim/share/rrm_sim/local_setup.dsv
-- Installing: /home/rrm/src/install/rrm_sim/share/rrm_sim/package.dsv
-- Installing: /home/rrm/src/install/rrm_sim/share/ament_index/resource_index/packages/rrm_sim
-- Installing: /home/rrm/src/install/rrm_sim/share/rrm_sim/cmake/rrm_simConfig.cmake
-- Installing: /home/rrm/src/install/rrm_sim/share/rrm_sim/cmake/rrm_simConfig-version.cmake
-- Installing: /home/rrm/src/install/rrm_sim/share/rrm_sim/package.xml
