[0.118s] DEBUG:colcon:Command line arguments: ['/usr/bin/colcon', 'build']
[0.118s] DEBUG:colcon:Parsed command line arguments: Namespace(log_base=None, log_level=None, verb_name='build', build_base='build', install_base='install', merge_install=False, symlink_install=False, test_result_base=None, continue_on_error=False, executor='parallel', parallel_workers=8, event_handlers=None, ignore_user_meta=False, metas=['./colcon.meta'], base_paths=['.'], packages_ignore=None, packages_ignore_regex=None, paths=None, packages_up_to=None, packages_up_to_regex=None, packages_above=None, packages_above_and_dependencies=None, packages_above_depth=None, packages_select_by_dep=None, packages_skip_by_dep=None, packages_skip_up_to=None, packages_select_build_failed=False, packages_skip_build_finished=False, packages_select_test_failures=False, packages_skip_test_passed=False, packages_select=None, packages_skip=None, packages_select_regex=None, packages_skip_regex=None, packages_start=None, packages_end=None, cmake_args=None, cmake_target=None, cmake_target_skip_unavailable=False, cmake_clean_cache=False, cmake_clean_first=False, cmake_force_configure=False, ament_cmake_args=None, catkin_cmake_args=None, catkin_skip_building_tests=False, mixin_files=None, mixin=None, verb_parser=<colcon_mixin.mixin.mixin_argument.MixinArgumentDecorator object at 0x7fc1a52837f0>, verb_extension=<colcon_core.verb.build.BuildVerb object at 0x7fc1a5282d40>, main=<bound method BuildVerb.main of <colcon_core.verb.build.BuildVerb object at 0x7fc1a5282d40>>, mixin_verb=('build',))
[0.277s] Level 1:colcon.colcon_core.package_discovery:discover_packages(colcon_meta) check parameters
[0.278s] INFO:colcon.colcon_metadata.package_discovery.colcon_meta:Using configuration from '/root/.colcon/metadata/default/Gazebo.meta'
[0.278s] INFO:colcon.colcon_metadata.package_discovery.colcon_meta:Using configuration from '/root/.colcon/metadata/default/fastdds.meta'
[0.279s] INFO:colcon.colcon_metadata.package_discovery.colcon_meta:Using configuration from '/root/.colcon/metadata/default/fastrtps.meta'
[0.279s] Level 1:colcon.colcon_core.package_discovery:discover_packages(recursive) check parameters
[0.279s] Level 1:colcon.colcon_core.package_discovery:discover_packages(ignore) check parameters
[0.279s] Level 1:colcon.colcon_core.package_discovery:discover_packages(path) check parameters
[0.279s] Level 1:colcon.colcon_core.package_discovery:discover_packages(colcon_meta) discover
[0.279s] Level 1:colcon.colcon_core.package_discovery:discover_packages(recursive) discover
[0.279s] INFO:colcon.colcon_core.package_discovery:Crawling recursively for packages in '/home/rrm'
[0.279s] Level 1:colcon.colcon_core.package_identification:_identify(.) by extensions ['ignore', 'ignore_ament_install']
[0.279s] Level 1:colcon.colcon_core.package_identification:_identify(.) by extension 'ignore'
[0.279s] Level 1:colcon.colcon_core.package_identification:_identify(.) by extension 'ignore_ament_install'
[0.279s] Level 1:colcon.colcon_core.package_identification:_identify(.) by extensions ['colcon_pkg']
[0.279s] Level 1:colcon.colcon_core.package_identification:_identify(.) by extension 'colcon_pkg'
[0.279s] Level 1:colcon.colcon_core.package_identification:_identify(.) by extensions ['colcon_meta']
[0.279s] Level 1:colcon.colcon_core.package_identification:_identify(.) by extension 'colcon_meta'
[0.279s] Level 1:colcon.colcon_core.package_identification:_identify(.) by extensions ['ros']
[0.279s] Level 1:colcon.colcon_core.package_identification:_identify(.) by extension 'ros'
[0.289s] Level 1:colcon.colcon_core.package_identification:_identify(.) by extensions ['cmake', 'python']
[0.289s] Level 1:colcon.colcon_core.package_identification:_identify(.) by extension 'cmake'
[0.289s] Level 1:colcon.colcon_core.package_identification:_identify(.) by extension 'python'
[0.289s] Level 1:colcon.colcon_core.package_identification:_identify(.) by extensions ['python_setup_py']
[0.289s] Level 1:colcon.colcon_core.package_identification:_identify(.) by extension 'python_setup_py'
[0.290s] Level 1:colcon.colcon_core.package_identification:_identify(build) by extensions ['ignore', 'ignore_ament_install']
[0.290s] Level 1:colcon.colcon_core.package_identification:_identify(build) by extension 'ignore'
[0.290s] Level 1:colcon.colcon_core.package_identification:_identify(build) ignored
[0.290s] Level 1:colcon.colcon_core.package_identification:_identify(install) by extensions ['ignore', 'ignore_ament_install']
[0.290s] Level 1:colcon.colcon_core.package_identification:_identify(install) by extension 'ignore'
[0.290s] Level 1:colcon.colcon_core.package_identification:_identify(install) ignored
[0.290s] Level 1:colcon.colcon_core.package_identification:_identify(log) by extensions ['ignore', 'ignore_ament_install']
[0.290s] Level 1:colcon.colcon_core.package_identification:_identify(log) by extension 'ignore'
[0.290s] Level 1:colcon.colcon_core.package_identification:_identify(log) ignored
[0.290s] Level 1:colcon.colcon_core.package_identification:_identify(src) by extensions ['ignore', 'ignore_ament_install']
[0.291s] Level 1:colcon.colcon_core.package_identification:_identify(src) by extension 'ignore'
[0.291s] Level 1:colcon.colcon_core.package_identification:_identify(src) by extension 'ignore_ament_install'
[0.291s] Level 1:colcon.colcon_core.package_identification:_identify(src) by extensions ['colcon_pkg']
[0.291s] Level 1:colcon.colcon_core.package_identification:_identify(src) by extension 'colcon_pkg'
[0.291s] Level 1:colcon.colcon_core.package_identification:_identify(src) by extensions ['colcon_meta']
[0.291s] Level 1:colcon.colcon_core.package_identification:_identify(src) by extension 'colcon_meta'
[0.291s] Level 1:colcon.colcon_core.package_identification:_identify(src) by extensions ['ros']
[0.291s] Level 1:colcon.colcon_core.package_identification:_identify(src) by extension 'ros'
[0.291s] Level 1:colcon.colcon_core.package_identification:_identify(src) by extensions ['cmake', 'python']
[0.291s] Level 1:colcon.colcon_core.package_identification:_identify(src) by extension 'cmake'
[0.291s] Level 1:colcon.colcon_core.package_identification:_identify(src) by extension 'python'
[0.291s] Level 1:colcon.colcon_core.package_identification:_identify(src) by extensions ['python_setup_py']
[0.291s] Level 1:colcon.colcon_core.package_identification:_identify(src) by extension 'python_setup_py'
[0.291s] Level 1:colcon.colcon_core.package_identification:_identify(src/cv1) by extensions ['ignore', 'ignore_ament_install']
[0.291s] Level 1:colcon.colcon_core.package_identification:_identify(src/cv1) by extension 'ignore'
[0.291s] Level 1:colcon.colcon_core.package_identification:_identify(src/cv1) by extension 'ignore_ament_install'
[0.291s] Level 1:colcon.colcon_core.package_identification:_identify(src/cv1) by extensions ['colcon_pkg']
[0.291s] Level 1:colcon.colcon_core.package_identification:_identify(src/cv1) by extension 'colcon_pkg'
[0.292s] Level 1:colcon.colcon_core.package_identification:_identify(src/cv1) by extensions ['colcon_meta']
[0.292s] Level 1:colcon.colcon_core.package_identification:_identify(src/cv1) by extension 'colcon_meta'
[0.292s] Level 1:colcon.colcon_core.package_identification:_identify(src/cv1) by extensions ['ros']
[0.292s] Level 1:colcon.colcon_core.package_identification:_identify(src/cv1) by extension 'ros'
[0.294s] DEBUG:colcon.colcon_core.package_identification:Package 'src/cv1' with type 'ros.ament_cmake' and name 'cv1'
[0.294s] Level 1:colcon.colcon_core.package_identification:_identify(src/cv2) by extensions ['ignore', 'ignore_ament_install']
[0.294s] Level 1:colcon.colcon_core.package_identification:_identify(src/cv2) by extension 'ignore'
[0.294s] Level 1:colcon.colcon_core.package_identification:_identify(src/cv2) by extension 'ignore_ament_install'
[0.294s] Level 1:colcon.colcon_core.package_identification:_identify(src/cv2) by extensions ['colcon_pkg']
[0.294s] Level 1:colcon.colcon_core.package_identification:_identify(src/cv2) by extension 'colcon_pkg'
[0.294s] Level 1:colcon.colcon_core.package_identification:_identify(src/cv2) by extensions ['colcon_meta']
[0.294s] Level 1:colcon.colcon_core.package_identification:_identify(src/cv2) by extension 'colcon_meta'
[0.294s] Level 1:colcon.colcon_core.package_identification:_identify(src/cv2) by extensions ['ros']
[0.294s] Level 1:colcon.colcon_core.package_identification:_identify(src/cv2) by extension 'ros'
[0.295s] DEBUG:colcon.colcon_core.package_identification:Package 'src/cv2' with type 'ros.ament_cmake' and name 'cv2'
[0.295s] Level 1:colcon.colcon_core.package_identification:_identify(src/rrm_msgs) by extensions ['ignore', 'ignore_ament_install']
[0.295s] Level 1:colcon.colcon_core.package_identification:_identify(src/rrm_msgs) by extension 'ignore'
[0.295s] Level 1:colcon.colcon_core.package_identification:_identify(src/rrm_msgs) by extension 'ignore_ament_install'
[0.295s] Level 1:colcon.colcon_core.package_identification:_identify(src/rrm_msgs) by extensions ['colcon_pkg']
[0.295s] Level 1:colcon.colcon_core.package_identification:_identify(src/rrm_msgs) by extension 'colcon_pkg'
[0.295s] Level 1:colcon.colcon_core.package_identification:_identify(src/rrm_msgs) by extensions ['colcon_meta']
[0.295s] Level 1:colcon.colcon_core.package_identification:_identify(src/rrm_msgs) by extension 'colcon_meta'
[0.295s] Level 1:colcon.colcon_core.package_identification:_identify(src/rrm_msgs) by extensions ['ros']
[0.295s] Level 1:colcon.colcon_core.package_identification:_identify(src/rrm_msgs) by extension 'ros'
[0.296s] DEBUG:colcon.colcon_core.package_identification:Package 'src/rrm_msgs' with type 'ros.ament_cmake' and name 'rrm_msgs'
[0.296s] Level 1:colcon.colcon_core.package_identification:_identify(src/rrm_sim) by extensions ['ignore', 'ignore_ament_install']
[0.296s] Level 1:colcon.colcon_core.package_identification:_identify(src/rrm_sim) by extension 'ignore'
[0.296s] Level 1:colcon.colcon_core.package_identification:_identify(src/rrm_sim) by extension 'ignore_ament_install'
[0.296s] Level 1:colcon.colcon_core.package_identification:_identify(src/rrm_sim) by extensions ['colcon_pkg']
[0.296s] Level 1:colcon.colcon_core.package_identification:_identify(src/rrm_sim) by extension 'colcon_pkg'
[0.296s] Level 1:colcon.colcon_core.package_identification:_identify(src/rrm_sim) by extensions ['colcon_meta']
[0.296s] Level 1:colcon.colcon_core.package_identification:_identify(src/rrm_sim) by extension 'colcon_meta'
[0.296s] Level 1:colcon.colcon_core.package_identification:_identify(src/rrm_sim) by extensions ['ros']
[0.296s] Level 1:colcon.colcon_core.package_identification:_identify(src/rrm_sim) by extension 'ros'
[0.297s] DEBUG:colcon.colcon_core.package_identification:Package 'src/rrm_sim' with type 'ros.ament_cmake' and name 'rrm_sim'
[0.297s] Level 1:colcon.colcon_core.package_identification:_identify(src/rrm_simple_robot_model) by extensions ['ignore', 'ignore_ament_install']
[0.297s] Level 1:colcon.colcon_core.package_identification:_identify(src/rrm_simple_robot_model) by extension 'ignore'
[0.297s] Level 1:colcon.colcon_core.package_identification:_identify(src/rrm_simple_robot_model) by extension 'ignore_ament_install'
[0.297s] Level 1:colcon.colcon_core.package_identification:_identify(src/rrm_simple_robot_model) by extensions ['colcon_pkg']
[0.297s] Level 1:colcon.colcon_core.package_identification:_identify(src/rrm_simple_robot_model) by extension 'colcon_pkg'
[0.297s] Level 1:colcon.colcon_core.package_identification:_identify(src/rrm_simple_robot_model) by extensions ['colcon_meta']
[0.297s] Level 1:colcon.colcon_core.package_identification:_identify(src/rrm_simple_robot_model) by extension 'colcon_meta'
[0.297s] Level 1:colcon.colcon_core.package_identification:_identify(src/rrm_simple_robot_model) by extensions ['ros']
[0.297s] Level 1:colcon.colcon_core.package_identification:_identify(src/rrm_simple_robot_model) by extension 'ros'
[0.298s] DEBUG:colcon.colcon_core.package_identification:Package 'src/rrm_simple_robot_model' with type 'ros.ament_cmake' and name 'rrm_simple_robot_model'
[0.298s] Level 1:colcon.colcon_core.package_discovery:discover_packages(recursive) using defaults
[0.298s] Level 1:colcon.colcon_core.package_discovery:discover_packages(ignore) discover
[0.298s] Level 1:colcon.colcon_core.package_discovery:discover_packages(ignore) using defaults
[0.298s] Level 1:colcon.colcon_core.package_discovery:discover_packages(path) discover
[0.298s] Level 1:colcon.colcon_core.package_discovery:discover_packages(path) using defaults
[0.315s] Level 5:colcon.colcon_core.verb:set package 'cv1' build argument 'cmake_args' from command line to 'None'
[0.315s] Level 5:colcon.colcon_core.verb:set package 'cv1' build argument 'cmake_target' from command line to 'None'
[0.315s] Level 5:colcon.colcon_core.verb:set package 'cv1' build argument 'cmake_target_skip_unavailable' from command line to 'False'
[0.315s] Level 5:colcon.colcon_core.verb:set package 'cv1' build argument 'cmake_clean_cache' from command line to 'False'
[0.315s] Level 5:colcon.colcon_core.verb:set package 'cv1' build argument 'cmake_clean_first' from command line to 'False'
[0.316s] Level 5:colcon.colcon_core.verb:set package 'cv1' build argument 'cmake_force_configure' from command line to 'False'
[0.316s] Level 5:colcon.colcon_core.verb:set package 'cv1' build argument 'ament_cmake_args' from command line to 'None'
[0.316s] Level 5:colcon.colcon_core.verb:set package 'cv1' build argument 'catkin_cmake_args' from command line to 'None'
[0.316s] Level 5:colcon.colcon_core.verb:set package 'cv1' build argument 'catkin_skip_building_tests' from command line to 'False'
[0.316s] DEBUG:colcon.colcon_core.verb:Building package 'cv1' with the following arguments: {'ament_cmake_args': None, 'build_base': '/home/rrm/build/cv1', 'catkin_cmake_args': None, 'catkin_skip_building_tests': False, 'cmake_args': None, 'cmake_clean_cache': False, 'cmake_clean_first': False, 'cmake_force_configure': False, 'cmake_target': None, 'cmake_target_skip_unavailable': False, 'install_base': '/home/rrm/install/cv1', 'merge_install': False, 'path': '/home/rrm/src/cv1', 'symlink_install': False, 'test_result_base': None}
[0.316s] Level 5:colcon.colcon_core.verb:set package 'rrm_msgs' build argument 'cmake_args' from command line to 'None'
[0.316s] Level 5:colcon.colcon_core.verb:set package 'rrm_msgs' build argument 'cmake_target' from command line to 'None'
[0.316s] Level 5:colcon.colcon_core.verb:set package 'rrm_msgs' build argument 'cmake_target_skip_unavailable' from command line to 'False'
[0.316s] Level 5:colcon.colcon_core.verb:set package 'rrm_msgs' build argument 'cmake_clean_cache' from command line to 'False'
[0.316s] Level 5:colcon.colcon_core.verb:set package 'rrm_msgs' build argument 'cmake_clean_first' from command line to 'False'
[0.316s] Level 5:colcon.colcon_core.verb:set package 'rrm_msgs' build argument 'cmake_force_configure' from command line to 'False'
[0.316s] Level 5:colcon.colcon_core.verb:set package 'rrm_msgs' build argument 'ament_cmake_args' from command line to 'None'
[0.316s] Level 5:colcon.colcon_core.verb:set package 'rrm_msgs' build argument 'catkin_cmake_args' from command line to 'None'
[0.316s] Level 5:colcon.colcon_core.verb:set package 'rrm_msgs' build argument 'catkin_skip_building_tests' from command line to 'False'
[0.316s] DEBUG:colcon.colcon_core.verb:Building package 'rrm_msgs' with the following arguments: {'ament_cmake_args': None, 'build_base': '/home/rrm/build/rrm_msgs', 'catkin_cmake_args': None, 'catkin_skip_building_tests': False, 'cmake_args': None, 'cmake_clean_cache': False, 'cmake_clean_first': False, 'cmake_force_configure': False, 'cmake_target': None, 'cmake_target_skip_unavailable': False, 'install_base': '/home/rrm/install/rrm_msgs', 'merge_install': False, 'path': '/home/rrm/src/rrm_msgs', 'symlink_install': False, 'test_result_base': None}
[0.316s] Level 5:colcon.colcon_core.verb:set package 'rrm_simple_robot_model' build argument 'cmake_args' from command line to 'None'
[0.317s] Level 5:colcon.colcon_core.verb:set package 'rrm_simple_robot_model' build argument 'cmake_target' from command line to 'None'
[0.317s] Level 5:colcon.colcon_core.verb:set package 'rrm_simple_robot_model' build argument 'cmake_target_skip_unavailable' from command line to 'False'
[0.317s] Level 5:colcon.colcon_core.verb:set package 'rrm_simple_robot_model' build argument 'cmake_clean_cache' from command line to 'False'
[0.317s] Level 5:colcon.colcon_core.verb:set package 'rrm_simple_robot_model' build argument 'cmake_clean_first' from command line to 'False'
[0.317s] Level 5:colcon.colcon_core.verb:set package 'rrm_simple_robot_model' build argument 'cmake_force_configure' from command line to 'False'
[0.317s] Level 5:colcon.colcon_core.verb:set package 'rrm_simple_robot_model' build argument 'ament_cmake_args' from command line to 'None'
[0.317s] Level 5:colcon.colcon_core.verb:set package 'rrm_simple_robot_model' build argument 'catkin_cmake_args' from command line to 'None'
[0.317s] Level 5:colcon.colcon_core.verb:set package 'rrm_simple_robot_model' build argument 'catkin_skip_building_tests' from command line to 'False'
[0.317s] DEBUG:colcon.colcon_core.verb:Building package 'rrm_simple_robot_model' with the following arguments: {'ament_cmake_args': None, 'build_base': '/home/rrm/build/rrm_simple_robot_model', 'catkin_cmake_args': None, 'catkin_skip_building_tests': False, 'cmake_args': None, 'cmake_clean_cache': False, 'cmake_clean_first': False, 'cmake_force_configure': False, 'cmake_target': None, 'cmake_target_skip_unavailable': False, 'install_base': '/home/rrm/install/rrm_simple_robot_model', 'merge_install': False, 'path': '/home/rrm/src/rrm_simple_robot_model', 'symlink_install': False, 'test_result_base': None}
[0.317s] Level 5:colcon.colcon_core.verb:set package 'cv2' build argument 'cmake_args' from command line to 'None'
[0.317s] Level 5:colcon.colcon_core.verb:set package 'cv2' build argument 'cmake_target' from command line to 'None'
[0.317s] Level 5:colcon.colcon_core.verb:set package 'cv2' build argument 'cmake_target_skip_unavailable' from command line to 'False'
[0.317s] Level 5:colcon.colcon_core.verb:set package 'cv2' build argument 'cmake_clean_cache' from command line to 'False'
[0.317s] Level 5:colcon.colcon_core.verb:set package 'cv2' build argument 'cmake_clean_first' from command line to 'False'
[0.317s] Level 5:colcon.colcon_core.verb:set package 'cv2' build argument 'cmake_force_configure' from command line to 'False'
[0.317s] Level 5:colcon.colcon_core.verb:set package 'cv2' build argument 'ament_cmake_args' from command line to 'None'
[0.317s] Level 5:colcon.colcon_core.verb:set package 'cv2' build argument 'catkin_cmake_args' from command line to 'None'
[0.317s] Level 5:colcon.colcon_core.verb:set package 'cv2' build argument 'catkin_skip_building_tests' from command line to 'False'
[0.317s] DEBUG:colcon.colcon_core.verb:Building package 'cv2' with the following arguments: {'ament_cmake_args': None, 'build_base': '/home/rrm/build/cv2', 'catkin_cmake_args': None, 'catkin_skip_building_tests': False, 'cmake_args': None, 'cmake_clean_cache': False, 'cmake_clean_first': False, 'cmake_force_configure': False, 'cmake_target': None, 'cmake_target_skip_unavailable': False, 'install_base': '/home/rrm/install/cv2', 'merge_install': False, 'path': '/home/rrm/src/cv2', 'symlink_install': False, 'test_result_base': None}
[0.317s] Level 5:colcon.colcon_core.verb:set package 'rrm_sim' build argument 'cmake_args' from command line to 'None'
[0.318s] Level 5:colcon.colcon_core.verb:set package 'rrm_sim' build argument 'cmake_target' from command line to 'None'
[0.318s] Level 5:colcon.colcon_core.verb:set package 'rrm_sim' build argument 'cmake_target_skip_unavailable' from command line to 'False'
[0.318s] Level 5:colcon.colcon_core.verb:set package 'rrm_sim' build argument 'cmake_clean_cache' from command line to 'False'
[0.318s] Level 5:colcon.colcon_core.verb:set package 'rrm_sim' build argument 'cmake_clean_first' from command line to 'False'
[0.318s] Level 5:colcon.colcon_core.verb:set package 'rrm_sim' build argument 'cmake_force_configure' from command line to 'False'
[0.318s] Level 5:colcon.colcon_core.verb:set package 'rrm_sim' build argument 'ament_cmake_args' from command line to 'None'
[0.318s] Level 5:colcon.colcon_core.verb:set package 'rrm_sim' build argument 'catkin_cmake_args' from command line to 'None'
[0.318s] Level 5:colcon.colcon_core.verb:set package 'rrm_sim' build argument 'catkin_skip_building_tests' from command line to 'False'
[0.318s] DEBUG:colcon.colcon_core.verb:Building package 'rrm_sim' with the following arguments: {'ament_cmake_args': None, 'build_base': '/home/rrm/build/rrm_sim', 'catkin_cmake_args': None, 'catkin_skip_building_tests': False, 'cmake_args': None, 'cmake_clean_cache': False, 'cmake_clean_first': False, 'cmake_force_configure': False, 'cmake_target': None, 'cmake_target_skip_unavailable': False, 'install_base': '/home/rrm/install/rrm_sim', 'merge_install': False, 'path': '/home/rrm/src/rrm_sim', 'symlink_install': False, 'test_result_base': None}
[0.318s] INFO:colcon.colcon_core.executor:Executing jobs using 'parallel' executor
[0.319s] DEBUG:colcon.colcon_parallel_executor.executor.parallel:run_until_complete
[0.319s] INFO:colcon.colcon_ros.task.ament_cmake.build:Building ROS package in '/home/rrm/src/rrm_msgs' with build type 'ament_cmake'
[0.319s] INFO:colcon.colcon_cmake.task.cmake.build:Building CMake package in '/home/rrm/src/rrm_msgs'
[0.321s] INFO:colcon.colcon_core.plugin_system:Skipping extension 'colcon_core.shell.bat': Not used on non-Windows systems
[0.321s] INFO:colcon.colcon_core.shell:Skip shell extension 'powershell' for command environment: Not usable outside of PowerShell
[0.321s] DEBUG:colcon.colcon_core.shell:Skip shell extension 'dsv' for command environment
[0.325s] INFO:colcon.colcon_ros.task.ament_cmake.build:Building ROS package in '/home/rrm/src/cv1' with build type 'ament_cmake'
[0.325s] INFO:colcon.colcon_cmake.task.cmake.build:Building CMake package in '/home/rrm/src/cv1'
[0.326s] INFO:colcon.colcon_core.shell:Skip shell extension 'powershell' for command environment: Not usable outside of PowerShell
[0.326s] DEBUG:colcon.colcon_core.shell:Skip shell extension 'dsv' for command environment
[0.329s] INFO:colcon.colcon_ros.task.ament_cmake.build:Building ROS package in '/home/rrm/src/rrm_simple_robot_model' with build type 'ament_cmake'
[0.329s] INFO:colcon.colcon_cmake.task.cmake.build:Building CMake package in '/home/rrm/src/rrm_simple_robot_model'
[0.329s] INFO:colcon.colcon_core.shell:Skip shell extension 'powershell' for command environment: Not usable outside of PowerShell
[0.329s] DEBUG:colcon.colcon_core.shell:Skip shell extension 'dsv' for command environment
[0.337s] DEBUG:colcon.colcon_core.event_handler.log_command:Invoking command in '/home/rrm/build/rrm_msgs': CMAKE_PREFIX_PATH=${CMAKE_PREFIX_PATH}:/opt/ros/humble /usr/bin/cmake --build /home/rrm/build/rrm_msgs -- -j8 -l8
[0.341s] DEBUG:colcon.colcon_core.event_handler.log_command:Invoking command in '/home/rrm/build/cv1': CMAKE_PREFIX_PATH=${CMAKE_PREFIX_PATH}:/opt/ros/humble /usr/bin/cmake --build /home/rrm/build/cv1 -- -j8 -l8
[0.349s] DEBUG:colcon.colcon_core.event_handler.log_command:Invoking command in '/home/rrm/build/rrm_simple_robot_model': CMAKE_PREFIX_PATH=${CMAKE_PREFIX_PATH}:/opt/ros/humble /usr/bin/cmake --build /home/rrm/build/rrm_simple_robot_model -- -j8 -l8
[0.379s] DEBUG:colcon.colcon_core.event_handler.log_command:Invoked command in '/home/rrm/build/rrm_simple_robot_model' returned '0': CMAKE_PREFIX_PATH=${CMAKE_PREFIX_PATH}:/opt/ros/humble /usr/bin/cmake --build /home/rrm/build/rrm_simple_robot_model -- -j8 -l8
[0.391s] DEBUG:colcon.colcon_core.event_handler.log_command:Invoking command in '/home/rrm/build/rrm_simple_robot_model': CMAKE_PREFIX_PATH=${CMAKE_PREFIX_PATH}:/opt/ros/humble /usr/bin/cmake --install /home/rrm/build/rrm_simple_robot_model
[0.404s] Level 1:colcon.colcon_core.environment:create_environment_scripts_only(rrm_simple_robot_model)
[0.405s] DEBUG:colcon.colcon_core.event_handler.log_command:Invoked command in '/home/rrm/build/rrm_simple_robot_model' returned '0': CMAKE_PREFIX_PATH=${CMAKE_PREFIX_PATH}:/opt/ros/humble /usr/bin/cmake --install /home/rrm/build/rrm_simple_robot_model
[0.410s] Level 1:colcon.colcon_core.environment:checking '/home/rrm/install/rrm_simple_robot_model' for CMake module files
[0.411s] Level 1:colcon.colcon_core.environment:checking '/home/rrm/install/rrm_simple_robot_model' for CMake config files
[0.411s] Level 1:colcon.colcon_core.shell:create_environment_hook('rrm_simple_robot_model', 'cmake_prefix_path')
[0.411s] INFO:colcon.colcon_core.shell:Creating environment hook '/home/rrm/install/rrm_simple_robot_model/share/rrm_simple_robot_model/hook/cmake_prefix_path.ps1'
[0.412s] INFO:colcon.colcon_core.shell:Creating environment descriptor '/home/rrm/install/rrm_simple_robot_model/share/rrm_simple_robot_model/hook/cmake_prefix_path.dsv'
[0.413s] INFO:colcon.colcon_core.shell:Creating environment hook '/home/rrm/install/rrm_simple_robot_model/share/rrm_simple_robot_model/hook/cmake_prefix_path.sh'
[0.416s] Level 1:colcon.colcon_core.environment:checking '/home/rrm/install/rrm_simple_robot_model/bin'
[0.417s] Level 1:colcon.colcon_core.environment:checking '/home/rrm/install/rrm_simple_robot_model/lib/pkgconfig/rrm_simple_robot_model.pc'
[0.419s] Level 1:colcon.colcon_core.environment:checking '/home/rrm/install/rrm_simple_robot_model/lib/python3.10/site-packages'
[0.421s] Level 1:colcon.colcon_core.environment:checking '/home/rrm/install/rrm_simple_robot_model/bin'
[0.422s] INFO:colcon.colcon_core.shell:Creating package script '/home/rrm/install/rrm_simple_robot_model/share/rrm_simple_robot_model/package.ps1'
[0.423s] INFO:colcon.colcon_core.shell:Creating package descriptor '/home/rrm/install/rrm_simple_robot_model/share/rrm_simple_robot_model/package.dsv'
[0.424s] INFO:colcon.colcon_core.shell:Creating package script '/home/rrm/install/rrm_simple_robot_model/share/rrm_simple_robot_model/package.sh'
[0.426s] INFO:colcon.colcon_core.shell:Creating package script '/home/rrm/install/rrm_simple_robot_model/share/rrm_simple_robot_model/package.bash'
[0.428s] INFO:colcon.colcon_core.shell:Creating package script '/home/rrm/install/rrm_simple_robot_model/share/rrm_simple_robot_model/package.zsh'
[0.434s] Level 1:colcon.colcon_core.environment:create_file_with_runtime_dependencies(/home/rrm/install/rrm_simple_robot_model/share/colcon-core/packages/rrm_simple_robot_model)
[0.435s] Level 1:colcon.colcon_core.environment:create_environment_scripts_only(rrm_simple_robot_model)
[0.436s] Level 1:colcon.colcon_core.environment:checking '/home/rrm/install/rrm_simple_robot_model' for CMake module files
[0.436s] Level 1:colcon.colcon_core.environment:checking '/home/rrm/install/rrm_simple_robot_model' for CMake config files
[0.437s] Level 1:colcon.colcon_core.shell:create_environment_hook('rrm_simple_robot_model', 'cmake_prefix_path')
[0.438s] INFO:colcon.colcon_core.shell:Creating environment hook '/home/rrm/install/rrm_simple_robot_model/share/rrm_simple_robot_model/hook/cmake_prefix_path.ps1'
[0.439s] INFO:colcon.colcon_core.shell:Creating environment descriptor '/home/rrm/install/rrm_simple_robot_model/share/rrm_simple_robot_model/hook/cmake_prefix_path.dsv'
[0.443s] INFO:colcon.colcon_core.shell:Creating environment hook '/home/rrm/install/rrm_simple_robot_model/share/rrm_simple_robot_model/hook/cmake_prefix_path.sh'
[0.444s] Level 1:colcon.colcon_core.environment:checking '/home/rrm/install/rrm_simple_robot_model/bin'
[0.444s] Level 1:colcon.colcon_core.environment:checking '/home/rrm/install/rrm_simple_robot_model/lib/pkgconfig/rrm_simple_robot_model.pc'
[0.444s] Level 1:colcon.colcon_core.environment:checking '/home/rrm/install/rrm_simple_robot_model/lib/python3.10/site-packages'
[0.445s] Level 1:colcon.colcon_core.environment:checking '/home/rrm/install/rrm_simple_robot_model/bin'
[0.446s] INFO:colcon.colcon_core.shell:Creating package script '/home/rrm/install/rrm_simple_robot_model/share/rrm_simple_robot_model/package.ps1'
[0.446s] INFO:colcon.colcon_core.shell:Creating package descriptor '/home/rrm/install/rrm_simple_robot_model/share/rrm_simple_robot_model/package.dsv'
[0.447s] INFO:colcon.colcon_core.shell:Creating package script '/home/rrm/install/rrm_simple_robot_model/share/rrm_simple_robot_model/package.sh'
[0.447s] INFO:colcon.colcon_core.shell:Creating package script '/home/rrm/install/rrm_simple_robot_model/share/rrm_simple_robot_model/package.bash'
[0.448s] INFO:colcon.colcon_core.shell:Creating package script '/home/rrm/install/rrm_simple_robot_model/share/rrm_simple_robot_model/package.zsh'
[0.448s] Level 1:colcon.colcon_core.environment:create_file_with_runtime_dependencies(/home/rrm/install/rrm_simple_robot_model/share/colcon-core/packages/rrm_simple_robot_model)
[0.450s] DEBUG:colcon.colcon_core.event_handler.log_command:Invoked command in '/home/rrm/build/cv1' returned '0': CMAKE_PREFIX_PATH=${CMAKE_PREFIX_PATH}:/opt/ros/humble /usr/bin/cmake --build /home/rrm/build/cv1 -- -j8 -l8
[0.452s] DEBUG:colcon.colcon_core.event_handler.log_command:Invoking command in '/home/rrm/build/cv1': CMAKE_PREFIX_PATH=${CMAKE_PREFIX_PATH}:/opt/ros/humble /usr/bin/cmake --install /home/rrm/build/cv1
[0.464s] Level 1:colcon.colcon_core.environment:create_environment_scripts_only(cv1)
[0.464s] Level 1:colcon.colcon_core.environment:checking '/home/rrm/install/cv1' for CMake module files
[0.465s] DEBUG:colcon.colcon_core.event_handler.log_command:Invoked command in '/home/rrm/build/cv1' returned '0': CMAKE_PREFIX_PATH=${CMAKE_PREFIX_PATH}:/opt/ros/humble /usr/bin/cmake --install /home/rrm/build/cv1
[0.465s] Level 1:colcon.colcon_core.environment:checking '/home/rrm/install/cv1' for CMake config files
[0.466s] Level 1:colcon.colcon_core.shell:create_environment_hook('cv1', 'cmake_prefix_path')
[0.466s] INFO:colcon.colcon_core.shell:Creating environment hook '/home/rrm/install/cv1/share/cv1/hook/cmake_prefix_path.ps1'
[0.467s] INFO:colcon.colcon_core.shell:Creating environment descriptor '/home/rrm/install/cv1/share/cv1/hook/cmake_prefix_path.dsv'
[0.467s] INFO:colcon.colcon_core.shell:Creating environment hook '/home/rrm/install/cv1/share/cv1/hook/cmake_prefix_path.sh'
[0.468s] Level 1:colcon.colcon_core.environment:checking '/home/rrm/install/cv1/lib'
[0.468s] Level 1:colcon.colcon_core.environment:checking '/home/rrm/install/cv1/bin'
[0.468s] Level 1:colcon.colcon_core.environment:checking '/home/rrm/install/cv1/lib/pkgconfig/cv1.pc'
[0.469s] Level 1:colcon.colcon_core.environment:checking '/home/rrm/install/cv1/lib/python3.10/site-packages'
[0.469s] Level 1:colcon.colcon_core.environment:checking '/home/rrm/install/cv1/bin'
[0.469s] INFO:colcon.colcon_core.shell:Creating package script '/home/rrm/install/cv1/share/cv1/package.ps1'
[0.470s] INFO:colcon.colcon_core.shell:Creating package descriptor '/home/rrm/install/cv1/share/cv1/package.dsv'
[0.471s] INFO:colcon.colcon_core.shell:Creating package script '/home/rrm/install/cv1/share/cv1/package.sh'
[0.472s] INFO:colcon.colcon_core.shell:Creating package script '/home/rrm/install/cv1/share/cv1/package.bash'
[0.472s] INFO:colcon.colcon_core.shell:Creating package script '/home/rrm/install/cv1/share/cv1/package.zsh'
[0.473s] Level 1:colcon.colcon_core.environment:create_file_with_runtime_dependencies(/home/rrm/install/cv1/share/colcon-core/packages/cv1)
[0.474s] Level 1:colcon.colcon_core.environment:create_environment_scripts_only(cv1)
[0.474s] Level 1:colcon.colcon_core.environment:checking '/home/rrm/install/cv1' for CMake module files
[0.475s] Level 1:colcon.colcon_core.environment:checking '/home/rrm/install/cv1' for CMake config files
[0.476s] Level 1:colcon.colcon_core.shell:create_environment_hook('cv1', 'cmake_prefix_path')
[0.476s] INFO:colcon.colcon_core.shell:Creating environment hook '/home/rrm/install/cv1/share/cv1/hook/cmake_prefix_path.ps1'
[0.476s] INFO:colcon.colcon_core.shell:Creating environment descriptor '/home/rrm/install/cv1/share/cv1/hook/cmake_prefix_path.dsv'
[0.477s] INFO:colcon.colcon_core.shell:Creating environment hook '/home/rrm/install/cv1/share/cv1/hook/cmake_prefix_path.sh'
[0.478s] Level 1:colcon.colcon_core.environment:checking '/home/rrm/install/cv1/lib'
[0.478s] Level 1:colcon.colcon_core.environment:checking '/home/rrm/install/cv1/bin'
[0.478s] Level 1:colcon.colcon_core.environment:checking '/home/rrm/install/cv1/lib/pkgconfig/cv1.pc'
[0.478s] Level 1:colcon.colcon_core.environment:checking '/home/rrm/install/cv1/lib/python3.10/site-packages'
[0.479s] Level 1:colcon.colcon_core.environment:checking '/home/rrm/install/cv1/bin'
[0.479s] INFO:colcon.colcon_core.shell:Creating package script '/home/rrm/install/cv1/share/cv1/package.ps1'
[0.480s] INFO:colcon.colcon_core.shell:Creating package descriptor '/home/rrm/install/cv1/share/cv1/package.dsv'
[0.481s] INFO:colcon.colcon_core.shell:Creating package script '/home/rrm/install/cv1/share/cv1/package.sh'
[0.482s] INFO:colcon.colcon_core.shell:Creating package script '/home/rrm/install/cv1/share/cv1/package.bash'
[0.483s] INFO:colcon.colcon_core.shell:Creating package script '/home/rrm/install/cv1/share/cv1/package.zsh'
[0.501s] Level 1:colcon.colcon_core.environment:create_file_with_runtime_dependencies(/home/rrm/install/cv1/share/colcon-core/packages/cv1)
[0.758s] DEBUG:colcon.colcon_core.event_handler.log_command:Invoked command in '/home/rrm/build/rrm_msgs' returned '0': CMAKE_PREFIX_PATH=${CMAKE_PREFIX_PATH}:/opt/ros/humble /usr/bin/cmake --build /home/rrm/build/rrm_msgs -- -j8 -l8
[0.759s] DEBUG:colcon.colcon_core.event_handler.log_command:Invoking command in '/home/rrm/build/rrm_msgs': CMAKE_PREFIX_PATH=${CMAKE_PREFIX_PATH}:/opt/ros/humble /usr/bin/cmake --install /home/rrm/build/rrm_msgs
[0.811s] Level 1:colcon.colcon_core.environment:create_environment_scripts_only(rrm_msgs)
[0.811s] Level 1:colcon.colcon_core.environment:checking '/home/rrm/install/rrm_msgs' for CMake module files
[0.812s] DEBUG:colcon.colcon_core.event_handler.log_command:Invoked command in '/home/rrm/build/rrm_msgs' returned '0': CMAKE_PREFIX_PATH=${CMAKE_PREFIX_PATH}:/opt/ros/humble /usr/bin/cmake --install /home/rrm/build/rrm_msgs
[0.813s] Level 1:colcon.colcon_core.environment:checking '/home/rrm/install/rrm_msgs' for CMake config files
[0.813s] Level 1:colcon.colcon_core.shell:create_environment_hook('rrm_msgs', 'cmake_prefix_path')
[0.814s] INFO:colcon.colcon_core.shell:Creating environment hook '/home/rrm/install/rrm_msgs/share/rrm_msgs/hook/cmake_prefix_path.ps1'
[0.814s] INFO:colcon.colcon_core.shell:Creating environment descriptor '/home/rrm/install/rrm_msgs/share/rrm_msgs/hook/cmake_prefix_path.dsv'
[0.815s] INFO:colcon.colcon_core.shell:Creating environment hook '/home/rrm/install/rrm_msgs/share/rrm_msgs/hook/cmake_prefix_path.sh'
[0.815s] Level 1:colcon.colcon_core.environment:checking '/home/rrm/install/rrm_msgs/lib'
[0.815s] Level 1:colcon.colcon_core.shell:create_environment_hook('rrm_msgs', 'ld_library_path_lib')
[0.816s] INFO:colcon.colcon_core.shell:Creating environment hook '/home/rrm/install/rrm_msgs/share/rrm_msgs/hook/ld_library_path_lib.ps1'
[0.816s] INFO:colcon.colcon_core.shell:Creating environment descriptor '/home/rrm/install/rrm_msgs/share/rrm_msgs/hook/ld_library_path_lib.dsv'
[0.817s] INFO:colcon.colcon_core.shell:Creating environment hook '/home/rrm/install/rrm_msgs/share/rrm_msgs/hook/ld_library_path_lib.sh'
[0.817s] Level 1:colcon.colcon_core.environment:checking '/home/rrm/install/rrm_msgs/bin'
[0.817s] Level 1:colcon.colcon_core.environment:checking '/home/rrm/install/rrm_msgs/lib/pkgconfig/rrm_msgs.pc'
[0.818s] Level 1:colcon.colcon_core.environment:checking '/home/rrm/install/rrm_msgs/lib/python3.10/site-packages'
[0.818s] Level 1:colcon.colcon_core.environment:checking '/home/rrm/install/rrm_msgs/bin'
[0.819s] INFO:colcon.colcon_core.shell:Creating package script '/home/rrm/install/rrm_msgs/share/rrm_msgs/package.ps1'
[0.819s] INFO:colcon.colcon_core.shell:Creating package descriptor '/home/rrm/install/rrm_msgs/share/rrm_msgs/package.dsv'
[0.820s] INFO:colcon.colcon_core.shell:Creating package script '/home/rrm/install/rrm_msgs/share/rrm_msgs/package.sh'
[0.820s] INFO:colcon.colcon_core.shell:Creating package script '/home/rrm/install/rrm_msgs/share/rrm_msgs/package.bash'
[0.821s] INFO:colcon.colcon_core.shell:Creating package script '/home/rrm/install/rrm_msgs/share/rrm_msgs/package.zsh'
[0.821s] Level 1:colcon.colcon_core.environment:create_file_with_runtime_dependencies(/home/rrm/install/rrm_msgs/share/colcon-core/packages/rrm_msgs)
[0.822s] Level 1:colcon.colcon_core.environment:create_environment_scripts_only(rrm_msgs)
[0.822s] Level 1:colcon.colcon_core.environment:checking '/home/rrm/install/rrm_msgs' for CMake module files
[0.823s] Level 1:colcon.colcon_core.environment:checking '/home/rrm/install/rrm_msgs' for CMake config files
[0.823s] Level 1:colcon.colcon_core.shell:create_environment_hook('rrm_msgs', 'cmake_prefix_path')
[0.823s] INFO:colcon.colcon_core.shell:Creating environment hook '/home/rrm/install/rrm_msgs/share/rrm_msgs/hook/cmake_prefix_path.ps1'
[0.824s] INFO:colcon.colcon_core.shell:Creating environment descriptor '/home/rrm/install/rrm_msgs/share/rrm_msgs/hook/cmake_prefix_path.dsv'
[0.824s] INFO:colcon.colcon_core.shell:Creating environment hook '/home/rrm/install/rrm_msgs/share/rrm_msgs/hook/cmake_prefix_path.sh'
[0.825s] Level 1:colcon.colcon_core.environment:checking '/home/rrm/install/rrm_msgs/lib'
[0.825s] Level 1:colcon.colcon_core.shell:create_environment_hook('rrm_msgs', 'ld_library_path_lib')
[0.825s] INFO:colcon.colcon_core.shell:Creating environment hook '/home/rrm/install/rrm_msgs/share/rrm_msgs/hook/ld_library_path_lib.ps1'
[0.825s] INFO:colcon.colcon_core.shell:Creating environment descriptor '/home/rrm/install/rrm_msgs/share/rrm_msgs/hook/ld_library_path_lib.dsv'
[0.826s] INFO:colcon.colcon_core.shell:Creating environment hook '/home/rrm/install/rrm_msgs/share/rrm_msgs/hook/ld_library_path_lib.sh'
[0.826s] Level 1:colcon.colcon_core.environment:checking '/home/rrm/install/rrm_msgs/bin'
[0.826s] Level 1:colcon.colcon_core.environment:checking '/home/rrm/install/rrm_msgs/lib/pkgconfig/rrm_msgs.pc'
[0.826s] Level 1:colcon.colcon_core.environment:checking '/home/rrm/install/rrm_msgs/lib/python3.10/site-packages'
[0.827s] Level 1:colcon.colcon_core.environment:checking '/home/rrm/install/rrm_msgs/bin'
[0.827s] INFO:colcon.colcon_core.shell:Creating package script '/home/rrm/install/rrm_msgs/share/rrm_msgs/package.ps1'
[0.828s] INFO:colcon.colcon_core.shell:Creating package descriptor '/home/rrm/install/rrm_msgs/share/rrm_msgs/package.dsv'
[0.828s] INFO:colcon.colcon_core.shell:Creating package script '/home/rrm/install/rrm_msgs/share/rrm_msgs/package.sh'
[0.829s] INFO:colcon.colcon_core.shell:Creating package script '/home/rrm/install/rrm_msgs/share/rrm_msgs/package.bash'
[0.830s] INFO:colcon.colcon_core.shell:Creating package script '/home/rrm/install/rrm_msgs/share/rrm_msgs/package.zsh'
[0.830s] Level 1:colcon.colcon_core.environment:create_file_with_runtime_dependencies(/home/rrm/install/rrm_msgs/share/colcon-core/packages/rrm_msgs)
[0.830s] INFO:colcon.colcon_ros.task.ament_cmake.build:Building ROS package in '/home/rrm/src/cv2' with build type 'ament_cmake'
[0.830s] INFO:colcon.colcon_cmake.task.cmake.build:Building CMake package in '/home/rrm/src/cv2'
[0.831s] INFO:colcon.colcon_core.shell:Skip shell extension 'powershell' for command environment: Not usable outside of PowerShell
[0.831s] DEBUG:colcon.colcon_core.shell:Skip shell extension 'dsv' for command environment
[0.834s] INFO:colcon.colcon_ros.task.ament_cmake.build:Building ROS package in '/home/rrm/src/rrm_sim' with build type 'ament_cmake'
[0.834s] INFO:colcon.colcon_cmake.task.cmake.build:Building CMake package in '/home/rrm/src/rrm_sim'
[0.835s] INFO:colcon.colcon_core.shell:Skip shell extension 'powershell' for command environment: Not usable outside of PowerShell
[0.835s] DEBUG:colcon.colcon_core.shell:Skip shell extension 'dsv' for command environment
[0.842s] DEBUG:colcon.colcon_core.event_handler.log_command:Invoking command in '/home/rrm/build/cv2': CMAKE_PREFIX_PATH=/home/rrm/install/rrm_msgs:/home/rrm/install/rrm_simple_robot_model:/home/rrm/install/rrm_sim:/home/rrm/install/cv2:/home/rrm/install/cv1:/opt/ros/humble /usr/bin/cmake --build /home/rrm/build/cv2 -- -j8 -l8
[0.846s] DEBUG:colcon.colcon_core.event_handler.log_command:Invoking command in '/home/rrm/build/rrm_sim': CMAKE_PREFIX_PATH=/home/rrm/install/rrm_msgs:/home/rrm/install/rrm_simple_robot_model:/home/rrm/install/rrm_sim:/home/rrm/install/cv2:/home/rrm/install/cv1:/opt/ros/humble /usr/bin/cmake --build /home/rrm/build/rrm_sim -- -j8 -l8
[0.897s] DEBUG:colcon.colcon_core.event_handler.log_command:Invoked command in '/home/rrm/build/cv2' returned '0': CMAKE_PREFIX_PATH=/home/rrm/install/rrm_msgs:/home/rrm/install/rrm_simple_robot_model:/home/rrm/install/rrm_sim:/home/rrm/install/cv2:/home/rrm/install/cv1:/opt/ros/humble /usr/bin/cmake --build /home/rrm/build/cv2 -- -j8 -l8
[0.898s] DEBUG:colcon.colcon_core.event_handler.log_command:Invoking command in '/home/rrm/build/cv2': CMAKE_PREFIX_PATH=/home/rrm/install/rrm_msgs:/home/rrm/install/rrm_simple_robot_model:/home/rrm/install/rrm_sim:/home/rrm/install/cv2:/home/rrm/install/cv1:/opt/ros/humble /usr/bin/cmake --install /home/rrm/build/cv2
[0.904s] DEBUG:colcon.colcon_core.event_handler.log_command:Invoked command in '/home/rrm/build/rrm_sim' returned '0': CMAKE_PREFIX_PATH=/home/rrm/install/rrm_msgs:/home/rrm/install/rrm_simple_robot_model:/home/rrm/install/rrm_sim:/home/rrm/install/cv2:/home/rrm/install/cv1:/opt/ros/humble /usr/bin/cmake --build /home/rrm/build/rrm_sim -- -j8 -l8
[0.907s] Level 1:colcon.colcon_core.environment:create_environment_scripts_only(cv2)
[0.908s] Level 1:colcon.colcon_core.environment:checking '/home/rrm/install/cv2' for CMake module files
[0.909s] DEBUG:colcon.colcon_core.event_handler.log_command:Invoking command in '/home/rrm/build/rrm_sim': CMAKE_PREFIX_PATH=/home/rrm/install/rrm_msgs:/home/rrm/install/rrm_simple_robot_model:/home/rrm/install/rrm_sim:/home/rrm/install/cv2:/home/rrm/install/cv1:/opt/ros/humble /usr/bin/cmake --install /home/rrm/build/rrm_sim
[0.910s] Level 1:colcon.colcon_core.environment:checking '/home/rrm/install/cv2' for CMake config files
[0.910s] DEBUG:colcon.colcon_core.event_handler.log_command:Invoked command in '/home/rrm/build/cv2' returned '0': CMAKE_PREFIX_PATH=/home/rrm/install/rrm_msgs:/home/rrm/install/rrm_simple_robot_model:/home/rrm/install/rrm_sim:/home/rrm/install/cv2:/home/rrm/install/cv1:/opt/ros/humble /usr/bin/cmake --install /home/rrm/build/cv2
[0.911s] Level 1:colcon.colcon_core.shell:create_environment_hook('cv2', 'cmake_prefix_path')
[0.911s] INFO:colcon.colcon_core.shell:Creating environment hook '/home/rrm/install/cv2/share/cv2/hook/cmake_prefix_path.ps1'
[0.912s] INFO:colcon.colcon_core.shell:Creating environment descriptor '/home/rrm/install/cv2/share/cv2/hook/cmake_prefix_path.dsv'
[0.913s] INFO:colcon.colcon_core.shell:Creating environment hook '/home/rrm/install/cv2/share/cv2/hook/cmake_prefix_path.sh'
[0.914s] Level 1:colcon.colcon_core.environment:checking '/home/rrm/install/cv2/lib'
[0.914s] Level 1:colcon.colcon_core.environment:checking '/home/rrm/install/cv2/bin'
[0.914s] Level 1:colcon.colcon_core.environment:checking '/home/rrm/install/cv2/lib/pkgconfig/cv2.pc'
[0.915s] Level 1:colcon.colcon_core.environment:checking '/home/rrm/install/cv2/lib/python3.10/site-packages'
[0.915s] Level 1:colcon.colcon_core.environment:checking '/home/rrm/install/cv2/bin'
[0.915s] INFO:colcon.colcon_core.shell:Creating package script '/home/rrm/install/cv2/share/cv2/package.ps1'
[0.916s] INFO:colcon.colcon_core.shell:Creating package descriptor '/home/rrm/install/cv2/share/cv2/package.dsv'
[0.917s] INFO:colcon.colcon_core.shell:Creating package script '/home/rrm/install/cv2/share/cv2/package.sh'
[0.917s] INFO:colcon.colcon_core.shell:Creating package script '/home/rrm/install/cv2/share/cv2/package.bash'
[0.918s] INFO:colcon.colcon_core.shell:Creating package script '/home/rrm/install/cv2/share/cv2/package.zsh'
[0.918s] Level 1:colcon.colcon_core.environment:create_file_with_runtime_dependencies(/home/rrm/install/cv2/share/colcon-core/packages/cv2)
[0.918s] Level 1:colcon.colcon_core.environment:create_environment_scripts_only(cv2)
[0.919s] Level 1:colcon.colcon_core.environment:checking '/home/rrm/install/cv2' for CMake module files
[0.919s] Level 1:colcon.colcon_core.environment:checking '/home/rrm/install/cv2' for CMake config files
[0.919s] Level 1:colcon.colcon_core.shell:create_environment_hook('cv2', 'cmake_prefix_path')
[0.920s] INFO:colcon.colcon_core.shell:Creating environment hook '/home/rrm/install/cv2/share/cv2/hook/cmake_prefix_path.ps1'
[0.920s] INFO:colcon.colcon_core.shell:Creating environment descriptor '/home/rrm/install/cv2/share/cv2/hook/cmake_prefix_path.dsv'
[0.921s] INFO:colcon.colcon_core.shell:Creating environment hook '/home/rrm/install/cv2/share/cv2/hook/cmake_prefix_path.sh'
[0.921s] Level 1:colcon.colcon_core.environment:checking '/home/rrm/install/cv2/lib'
[0.922s] Level 1:colcon.colcon_core.environment:checking '/home/rrm/install/cv2/bin'
[0.922s] Level 1:colcon.colcon_core.environment:checking '/home/rrm/install/cv2/lib/pkgconfig/cv2.pc'
[0.922s] Level 1:colcon.colcon_core.environment:checking '/home/rrm/install/cv2/lib/python3.10/site-packages'
[0.922s] Level 1:colcon.colcon_core.environment:checking '/home/rrm/install/cv2/bin'
[0.923s] INFO:colcon.colcon_core.shell:Creating package script '/home/rrm/install/cv2/share/cv2/package.ps1'
[0.923s] INFO:colcon.colcon_core.shell:Creating package descriptor '/home/rrm/install/cv2/share/cv2/package.dsv'
[0.924s] INFO:colcon.colcon_core.shell:Creating package script '/home/rrm/install/cv2/share/cv2/package.sh'
[0.924s] INFO:colcon.colcon_core.shell:Creating package script '/home/rrm/install/cv2/share/cv2/package.bash'
[0.924s] INFO:colcon.colcon_core.shell:Creating package script '/home/rrm/install/cv2/share/cv2/package.zsh'
[0.925s] Level 1:colcon.colcon_core.environment:create_file_with_runtime_dependencies(/home/rrm/install/cv2/share/colcon-core/packages/cv2)
[0.926s] Level 1:colcon.colcon_core.environment:create_environment_scripts_only(rrm_sim)
[0.926s] Level 1:colcon.colcon_core.environment:checking '/home/rrm/install/rrm_sim' for CMake module files
[0.927s] DEBUG:colcon.colcon_core.event_handler.log_command:Invoked command in '/home/rrm/build/rrm_sim' returned '0': CMAKE_PREFIX_PATH=/home/rrm/install/rrm_msgs:/home/rrm/install/rrm_simple_robot_model:/home/rrm/install/rrm_sim:/home/rrm/install/cv2:/home/rrm/install/cv1:/opt/ros/humble /usr/bin/cmake --install /home/rrm/build/rrm_sim
[0.927s] Level 1:colcon.colcon_core.environment:checking '/home/rrm/install/rrm_sim' for CMake config files
[0.927s] Level 1:colcon.colcon_core.shell:create_environment_hook('rrm_sim', 'cmake_prefix_path')
[0.927s] INFO:colcon.colcon_core.shell:Creating environment hook '/home/rrm/install/rrm_sim/share/rrm_sim/hook/cmake_prefix_path.ps1'
[0.928s] INFO:colcon.colcon_core.shell:Creating environment descriptor '/home/rrm/install/rrm_sim/share/rrm_sim/hook/cmake_prefix_path.dsv'
[0.928s] INFO:colcon.colcon_core.shell:Creating environment hook '/home/rrm/install/rrm_sim/share/rrm_sim/hook/cmake_prefix_path.sh'
[0.929s] Level 1:colcon.colcon_core.environment:checking '/home/rrm/install/rrm_sim/lib'
[0.929s] Level 1:colcon.colcon_core.environment:checking '/home/rrm/install/rrm_sim/bin'
[0.929s] Level 1:colcon.colcon_core.environment:checking '/home/rrm/install/rrm_sim/lib/pkgconfig/rrm_sim.pc'
[0.929s] Level 1:colcon.colcon_core.environment:checking '/home/rrm/install/rrm_sim/lib/python3.10/site-packages'
[0.929s] Level 1:colcon.colcon_core.environment:checking '/home/rrm/install/rrm_sim/bin'
[0.930s] INFO:colcon.colcon_core.shell:Creating package script '/home/rrm/install/rrm_sim/share/rrm_sim/package.ps1'
[0.930s] INFO:colcon.colcon_core.shell:Creating package descriptor '/home/rrm/install/rrm_sim/share/rrm_sim/package.dsv'
[0.930s] INFO:colcon.colcon_core.shell:Creating package script '/home/rrm/install/rrm_sim/share/rrm_sim/package.sh'
[0.931s] INFO:colcon.colcon_core.shell:Creating package script '/home/rrm/install/rrm_sim/share/rrm_sim/package.bash'
[0.931s] INFO:colcon.colcon_core.shell:Creating package script '/home/rrm/install/rrm_sim/share/rrm_sim/package.zsh'
[0.932s] Level 1:colcon.colcon_core.environment:create_file_with_runtime_dependencies(/home/rrm/install/rrm_sim/share/colcon-core/packages/rrm_sim)
[0.932s] Level 1:colcon.colcon_core.environment:create_environment_scripts_only(rrm_sim)
[0.933s] Level 1:colcon.colcon_core.environment:checking '/home/rrm/install/rrm_sim' for CMake module files
[0.933s] Level 1:colcon.colcon_core.environment:checking '/home/rrm/install/rrm_sim' for CMake config files
[0.934s] Level 1:colcon.colcon_core.shell:create_environment_hook('rrm_sim', 'cmake_prefix_path')
[0.934s] INFO:colcon.colcon_core.shell:Creating environment hook '/home/rrm/install/rrm_sim/share/rrm_sim/hook/cmake_prefix_path.ps1'
[0.934s] INFO:colcon.colcon_core.shell:Creating environment descriptor '/home/rrm/install/rrm_sim/share/rrm_sim/hook/cmake_prefix_path.dsv'
[0.935s] INFO:colcon.colcon_core.shell:Creating environment hook '/home/rrm/install/rrm_sim/share/rrm_sim/hook/cmake_prefix_path.sh'
[0.936s] Level 1:colcon.colcon_core.environment:checking '/home/rrm/install/rrm_sim/lib'
[0.936s] Level 1:colcon.colcon_core.environment:checking '/home/rrm/install/rrm_sim/bin'
[0.936s] Level 1:colcon.colcon_core.environment:checking '/home/rrm/install/rrm_sim/lib/pkgconfig/rrm_sim.pc'
[0.936s] Level 1:colcon.colcon_core.environment:checking '/home/rrm/install/rrm_sim/lib/python3.10/site-packages'
[0.936s] Level 1:colcon.colcon_core.environment:checking '/home/rrm/install/rrm_sim/bin'
[0.936s] INFO:colcon.colcon_core.shell:Creating package script '/home/rrm/install/rrm_sim/share/rrm_sim/package.ps1'
[0.937s] INFO:colcon.colcon_core.shell:Creating package descriptor '/home/rrm/install/rrm_sim/share/rrm_sim/package.dsv'
[0.938s] INFO:colcon.colcon_core.shell:Creating package script '/home/rrm/install/rrm_sim/share/rrm_sim/package.sh'
[0.938s] INFO:colcon.colcon_core.shell:Creating package script '/home/rrm/install/rrm_sim/share/rrm_sim/package.bash'
[0.939s] INFO:colcon.colcon_core.shell:Creating package script '/home/rrm/install/rrm_sim/share/rrm_sim/package.zsh'
[0.939s] Level 1:colcon.colcon_core.environment:create_file_with_runtime_dependencies(/home/rrm/install/rrm_sim/share/colcon-core/packages/rrm_sim)
[0.940s] DEBUG:colcon.colcon_parallel_executor.executor.parallel:closing loop
[0.940s] DEBUG:colcon.colcon_parallel_executor.executor.parallel:loop closed
[0.940s] DEBUG:colcon.colcon_parallel_executor.executor.parallel:run_until_complete finished with '0'
[0.940s] DEBUG:colcon.colcon_core.event_reactor:joining thread
[0.946s] INFO:colcon.colcon_core.plugin_system:Skipping extension 'colcon_notification.desktop_notification.notify_send': Could not find 'notify-send'
[0.946s] INFO:colcon.colcon_core.plugin_system:Skipping extension 'colcon_notification.desktop_notification.terminal_notifier': Not used on non-Darwin systems
[0.946s] INFO:colcon.colcon_core.plugin_system:Skipping extension 'colcon_notification.desktop_notification.win32': Not used on non-Windows systems
[0.946s] INFO:colcon.colcon_notification.desktop_notification:Sending desktop notification using 'notify2'
[0.948s] DEBUG:colcon.colcon_notification.desktop_notification.notify2:Failed to initialize notify2: org.freedesktop.DBus.Error.Spawn.ExecFailed: /usr/bin/dbus-launch terminated abnormally without any error message
[0.948s] DEBUG:colcon.colcon_core.event_reactor:joined thread
[0.949s] INFO:colcon.colcon_core.shell:Creating prefix script '/home/rrm/install/local_setup.ps1'
[0.950s] INFO:colcon.colcon_core.shell:Creating prefix util module '/home/rrm/install/_local_setup_util_ps1.py'
[0.951s] INFO:colcon.colcon_core.shell:Creating prefix chain script '/home/rrm/install/setup.ps1'
[0.953s] INFO:colcon.colcon_core.shell:Creating prefix script '/home/rrm/install/local_setup.sh'
[0.954s] INFO:colcon.colcon_core.shell:Creating prefix util module '/home/rrm/install/_local_setup_util_sh.py'
[0.954s] INFO:colcon.colcon_core.shell:Creating prefix chain script '/home/rrm/install/setup.sh'
[0.956s] INFO:colcon.colcon_core.shell:Creating prefix script '/home/rrm/install/local_setup.bash'
[0.957s] INFO:colcon.colcon_core.shell:Creating prefix chain script '/home/rrm/install/setup.bash'
[0.958s] INFO:colcon.colcon_core.shell:Creating prefix script '/home/rrm/install/local_setup.zsh'
[0.958s] INFO:colcon.colcon_core.shell:Creating prefix chain script '/home/rrm/install/setup.zsh'
