[0.015s] Invoking command in '/home/rrm/src/build/cv3': AMENT_PREFIX_PATH=/home/rrm/src/install/rrm_msgs:${AMENT_PREFIX_PATH} CMAKE_PREFIX_PATH=/home/rrm/src/install/rrm_msgs:/home/rrm/install/rrm_simple_robot_model:/home/rrm/install/rrm_sim:/home/rrm/install/cv2:/home/rrm/install/rrm_msgs:/home/rrm/install/cv1:/opt/ros/humble LD_LIBRARY_PATH=/home/rrm/src/install/rrm_msgs/lib:${LD_LIBRARY_PATH} PYTHONPATH=/home/rrm/src/install/rrm_msgs/local/lib/python3.10/dist-packages:${PYTHONPATH} /usr/bin/cmake --build /home/rrm/src/build/cv3 -- -j8 -l8
[0.055s] [35m[1mConsolidate compiler generated dependencies of target logger_node[0m
[0.057s] [35m[1mConsolidate compiler generated dependencies of target cv3_node[0m
[0.077s] [ 25%] [32mBuilding CXX object CMakeFiles/cv3_node.dir/src/teleop.cpp.o[0m
[0.079s] [ 50%] [32mBuilding CXX object CMakeFiles/logger_node.dir/src/joint_logger.cpp.o[0m
[0.290s] [01m[K/home/rrm/src/cv3/src/teleop.cpp:3:10:[m[K [01;31m[Kfatal error: [m[Ksensor_msgs/msg/joint_state.hpp: No such file or directory
[0.290s]     3 | #include [01;31m[K"sensor_msgs/msg/joint_state.hpp"[m[K // Добавлено для получения текущих позиций
[0.290s]       |          [01;31m[K^~~~~~~~~~~~~~~~~~~~~~~~~~~~~~~~~[m[K
[0.290s] compilation terminated.
[0.292s] gmake[2]: *** [CMakeFiles/cv3_node.dir/build.make:76: CMakeFiles/cv3_node.dir/src/teleop.cpp.o] Error 1
[0.292s] gmake[1]: *** [CMakeFiles/Makefile2:139: CMakeFiles/cv3_node.dir/all] Error 2
[0.292s] gmake[1]: *** Waiting for unfinished jobs....
[2.127s] [01m[K/home/rrm/src/cv3/src/joint_logger.cpp:[m[K In member function ‘[01m[Kvoid JointLogger::joint_states_callback(sensor_msgs::msg::JointState_<std::allocator<void> >::SharedPtr)[m[K’:
[2.127s] [01m[K/home/rrm/src/cv3/src/joint_logger.cpp:11:5:[m[K [01;31m[Kerror: [m[K‘[01m[Kcurrent_positions_[m[K’ was not declared in this scope
[2.127s]    11 |     [01;31m[Kcurrent_positions_[m[K = msg->position;
[2.128s]       |     [01;31m[K^~~~~~~~~~~~~~~~~~[m[K
[2.135s] [01m[K/home/rrm/src/cv3/src/joint_logger.cpp:14:10:[m[K [01;31m[Kerror: [m[K‘[01m[Kcommand_sent_[m[K’ was not declared in this scope
[2.135s]    14 |     if (![01;31m[Kcommand_sent_[m[K) {
[2.135s]       |          [01;31m[K^~~~~~~~~~~~~[m[K
[2.135s] [01m[K/home/rrm/src/cv3/src/joint_logger.cpp:23:28:[m[K [01;31m[Kerror: [m[Kno matching function for call to ‘[01m[Kmove(std::vector<double, std::allocator<double> >&, double&)[m[K’
[2.136s]    23 |         bool success = [01;31m[Kmove(test_target, test_velocity)[m[K;
[2.136s]       |                        [01;31m[K~~~~^~~~~~~~~~~~~~~~~~~~~~~~~~~~[m[K
[2.136s] In file included from [01m[K/usr/include/c++/11/bits/stl_pair.h:59[m[K,
[2.136s]                  from [01m[K/usr/include/c++/11/bits/stl_algobase.h:64[m[K,
[2.136s]                  from [01m[K/usr/include/c++/11/memory:63[m[K,
[2.136s]                  from [01m[K/opt/ros/humble/include/rclcpp/rclcpp/rclcpp.hpp:153[m[K,
[2.136s]                  from [01m[K/home/rrm/src/cv3/include/cv3/logger_node.hpp:3[m[K,
[2.136s]                  from [01m[K/home/rrm/src/cv3/src/joint_logger.cpp:1[m[K:
[2.136s] [01m[K/usr/include/c++/11/bits/move.h:104:5:[m[K [01;36m[Knote: [m[Kcandidate: ‘[01m[Ktemplate<class _Tp> constexpr typename std::remove_reference<_Tp>::type&& std::move(_Tp&&)[m[K’
[2.137s]   104 |     [01;36m[Kmove[m[K(_Tp&& __t) noexcept
[2.137s]       |     [01;36m[K^~~~[m[K
[2.137s] [01m[K/usr/include/c++/11/bits/move.h:104:5:[m[K [01;36m[Knote: [m[K  template argument deduction/substitution failed:
[2.137s] [01m[K/home/rrm/src/cv3/src/joint_logger.cpp:23:28:[m[K [01;36m[Knote: [m[K  candidate expects 1 argument, 2 provided
[2.137s]    23 |         bool success = [01;36m[Kmove(test_target, test_velocity)[m[K;
[2.137s]       |                        [01;36m[K~~~~^~~~~~~~~~~~~~~~~~~~~~~~~~~~[m[K
[2.137s] In file included from [01m[K/usr/include/c++/11/memory:63[m[K,
[2.137s]                  from [01m[K/opt/ros/humble/include/rclcpp/rclcpp/rclcpp.hpp:153[m[K,
[2.137s]                  from [01m[K/home/rrm/src/cv3/include/cv3/logger_node.hpp:3[m[K,
[2.137s]                  from [01m[K/home/rrm/src/cv3/src/joint_logger.cpp:1[m[K:
[2.138s] [01m[K/usr/include/c++/11/bits/stl_algobase.h:644:5:[m[K [01;36m[Knote: [m[Kcandidate: ‘[01m[Ktemplate<class _II, class _OI> _OI std::move(_II, _II, _OI)[m[K’
[2.138s]   644 |     [01;36m[Kmove[m[K(_II __first, _II __last, _OI __result)
[2.138s]       |     [01;36m[K^~~~[m[K
[2.138s] [01m[K/usr/include/c++/11/bits/stl_algobase.h:644:5:[m[K [01;36m[Knote: [m[K  template argument deduction/substitution failed:
[2.138s] [01m[K/home/rrm/src/cv3/src/joint_logger.cpp:23:28:[m[K [01;36m[Knote: [m[K  deduced conflicting types for parameter ‘[01m[K_II[m[K’ (‘[01m[Kstd::vector<double, std::allocator<double> >[m[K’ and ‘[01m[Kdouble[m[K’)
[2.138s]    23 |         bool success = [01;36m[Kmove(test_target, test_velocity)[m[K;
[2.138s]       |                        [01;36m[K~~~~^~~~~~~~~~~~~~~~~~~~~~~~~~~~[m[K
[2.138s] In file included from [01m[K/usr/include/c++/11/algorithm:74[m[K,
[2.138s]                  from [01m[K/opt/ros/humble/include/rclcpp/rclcpp/executor.hpp:18[m[K,
[2.138s]                  from [01m[K/opt/ros/humble/include/rclcpp/rclcpp/executors/multi_threaded_executor.hpp:25[m[K,
[2.138s]                  from [01m[K/opt/ros/humble/include/rclcpp/rclcpp/executors.hpp:21[m[K,
[2.139s]                  from [01m[K/opt/ros/humble/include/rclcpp/rclcpp/rclcpp.hpp:155[m[K,
[2.139s]                  from [01m[K/home/rrm/src/cv3/include/cv3/logger_node.hpp:3[m[K,
[2.139s]                  from [01m[K/home/rrm/src/cv3/src/joint_logger.cpp:1[m[K:
[2.139s] [01m[K/usr/include/c++/11/pstl/glue_algorithm_defs.h:353:1:[m[K [01;36m[Knote: [m[Kcandidate: ‘[01m[Ktemplate<class _ExecutionPolicy, class _ForwardIterator1, class _ForwardIterator2> __pstl::__internal::__enable_if_execution_policy<_ExecutionPolicy, _ForwardIterator> std::move(_ExecutionPolicy&&, _ForwardIterator1, _ForwardIterator1, _ForwardIterator2)[m[K’
[2.139s]   353 | [01;36m[Kmove[m[K(_ExecutionPolicy&& __exec, _ForwardIterator1 __first, _ForwardIterator1 __last, _ForwardIterator2 __d_first);
[2.139s]       | [01;36m[K^~~~[m[K
[2.139s] [01m[K/usr/include/c++/11/pstl/glue_algorithm_defs.h:353:1:[m[K [01;36m[Knote: [m[K  template argument deduction/substitution failed:
[2.139s] [01m[K/home/rrm/src/cv3/src/joint_logger.cpp:23:28:[m[K [01;36m[Knote: [m[K  candidate expects 4 arguments, 2 provided
[2.139s]    23 |         bool success = [01;36m[Kmove(test_target, test_velocity)[m[K;
[2.139s]       |                        [01;36m[K~~~~^~~~~~~~~~~~~~~~~~~~~~~~~~~~[m[K
[2.141s] [01m[K/home/rrm/src/cv3/src/joint_logger.cpp:[m[K In function ‘[01m[Kint main(int, char**)[m[K’:
[2.141s] [01m[K/home/rrm/src/cv3/src/joint_logger.cpp:42:10:[m[K [01;35m[Kwarning: [m[Kunused variable ‘[01m[Kcommand_sent_[m[K’ [[01;35m[K]8;;https://gcc.gnu.org/onlinedocs/gcc/Warning-Options.html#index-Wunused-variable-Wunused-variable]8;;[m[K]
[2.141s]    42 |     bool [01;35m[Kcommand_sent_[m[K = false;
[2.142s]       |          [01;35m[K^~~~~~~~~~~~~[m[K
[4.204s] gmake[2]: *** [CMakeFiles/logger_node.dir/build.make:76: CMakeFiles/logger_node.dir/src/joint_logger.cpp.o] Error 1
[4.205s] gmake[1]: *** [CMakeFiles/Makefile2:165: CMakeFiles/logger_node.dir/all] Error 2
[4.205s] gmake: *** [Makefile:146: all] Error 2
[4.206s] Invoked command in '/home/rrm/src/build/cv3' returned '2': AMENT_PREFIX_PATH=/home/rrm/src/install/rrm_msgs:${AMENT_PREFIX_PATH} CMAKE_PREFIX_PATH=/home/rrm/src/install/rrm_msgs:/home/rrm/install/rrm_simple_robot_model:/home/rrm/install/rrm_sim:/home/rrm/install/cv2:/home/rrm/install/rrm_msgs:/home/rrm/install/cv1:/opt/ros/humble LD_LIBRARY_PATH=/home/rrm/src/install/rrm_msgs/lib:${LD_LIBRARY_PATH} PYTHONPATH=/home/rrm/src/install/rrm_msgs/local/lib/python3.10/dist-packages:${PYTHONPATH} /usr/bin/cmake --build /home/rrm/src/build/cv3 -- -j8 -l8
