[0.111s] DEBUG:colcon:Command line arguments: ['/usr/bin/colcon', 'build']
[0.111s] DEBUG:colcon:Parsed command line arguments: Namespace(log_base=None, log_level=None, verb_name='build', build_base='build', install_base='install', merge_install=False, symlink_install=False, test_result_base=None, continue_on_error=False, executor='parallel', parallel_workers=8, event_handlers=None, ignore_user_meta=False, metas=['./colcon.meta'], base_paths=['.'], packages_ignore=None, packages_ignore_regex=None, paths=None, packages_up_to=None, packages_up_to_regex=None, packages_above=None, packages_above_and_dependencies=None, packages_above_depth=None, packages_select_by_dep=None, packages_skip_by_dep=None, packages_skip_up_to=None, packages_select_build_failed=False, packages_skip_build_finished=False, packages_select_test_failures=False, packages_skip_test_passed=False, packages_select=None, packages_skip=None, packages_select_regex=None, packages_skip_regex=None, packages_start=None, packages_end=None, cmake_args=None, cmake_target=None, cmake_target_skip_unavailable=False, cmake_clean_cache=False, cmake_clean_first=False, cmake_force_configure=False, ament_cmake_args=None, catkin_cmake_args=None, catkin_skip_building_tests=False, mixin_files=None, mixin=None, verb_parser=<colcon_mixin.mixin.mixin_argument.MixinArgumentDecorator object at 0x7f265658b7f0>, verb_extension=<colcon_core.verb.build.BuildVerb object at 0x7f265658ad40>, main=<bound method BuildVerb.main of <colcon_core.verb.build.BuildVerb object at 0x7f265658ad40>>, mixin_verb=('build',))
[0.242s] Level 1:colcon.colcon_core.package_discovery:discover_packages(colcon_meta) check parameters
[0.242s] INFO:colcon.colcon_metadata.package_discovery.colcon_meta:Using configuration from '/root/.colcon/metadata/default/Gazebo.meta'
[0.242s] INFO:colcon.colcon_metadata.package_discovery.colcon_meta:Using configuration from '/root/.colcon/metadata/default/fastdds.meta'
[0.243s] INFO:colcon.colcon_metadata.package_discovery.colcon_meta:Using configuration from '/root/.colcon/metadata/default/fastrtps.meta'
[0.243s] Level 1:colcon.colcon_core.package_discovery:discover_packages(recursive) check parameters
[0.243s] Level 1:colcon.colcon_core.package_discovery:discover_packages(ignore) check parameters
[0.243s] Level 1:colcon.colcon_core.package_discovery:discover_packages(path) check parameters
[0.243s] Level 1:colcon.colcon_core.package_discovery:discover_packages(colcon_meta) discover
[0.243s] Level 1:colcon.colcon_core.package_discovery:discover_packages(recursive) discover
[0.243s] INFO:colcon.colcon_core.package_discovery:Crawling recursively for packages in '/home/rrm'
[0.243s] Level 1:colcon.colcon_core.package_identification:_identify(.) by extensions ['ignore', 'ignore_ament_install']
[0.243s] Level 1:colcon.colcon_core.package_identification:_identify(.) by extension 'ignore'
[0.243s] Level 1:colcon.colcon_core.package_identification:_identify(.) by extension 'ignore_ament_install'
[0.243s] Level 1:colcon.colcon_core.package_identification:_identify(.) by extensions ['colcon_pkg']
[0.243s] Level 1:colcon.colcon_core.package_identification:_identify(.) by extension 'colcon_pkg'
[0.243s] Level 1:colcon.colcon_core.package_identification:_identify(.) by extensions ['colcon_meta']
[0.243s] Level 1:colcon.colcon_core.package_identification:_identify(.) by extension 'colcon_meta'
[0.243s] Level 1:colcon.colcon_core.package_identification:_identify(.) by extensions ['ros']
[0.243s] Level 1:colcon.colcon_core.package_identification:_identify(.) by extension 'ros'
[0.253s] Level 1:colcon.colcon_core.package_identification:_identify(.) by extensions ['cmake', 'python']
[0.253s] Level 1:colcon.colcon_core.package_identification:_identify(.) by extension 'cmake'
[0.253s] Level 1:colcon.colcon_core.package_identification:_identify(.) by extension 'python'
[0.253s] Level 1:colcon.colcon_core.package_identification:_identify(.) by extensions ['python_setup_py']
[0.253s] Level 1:colcon.colcon_core.package_identification:_identify(.) by extension 'python_setup_py'
[0.254s] Level 1:colcon.colcon_core.package_identification:_identify(build) by extensions ['ignore', 'ignore_ament_install']
[0.254s] Level 1:colcon.colcon_core.package_identification:_identify(build) by extension 'ignore'
[0.254s] Level 1:colcon.colcon_core.package_identification:_identify(build) ignored
[0.254s] Level 1:colcon.colcon_core.package_identification:_identify(install) by extensions ['ignore', 'ignore_ament_install']
[0.254s] Level 1:colcon.colcon_core.package_identification:_identify(install) by extension 'ignore'
[0.254s] Level 1:colcon.colcon_core.package_identification:_identify(install) ignored
[0.254s] Level 1:colcon.colcon_core.package_identification:_identify(log) by extensions ['ignore', 'ignore_ament_install']
[0.254s] Level 1:colcon.colcon_core.package_identification:_identify(log) by extension 'ignore'
[0.254s] Level 1:colcon.colcon_core.package_identification:_identify(log) ignored
[0.254s] Level 1:colcon.colcon_core.package_identification:_identify(src) by extensions ['ignore', 'ignore_ament_install']
[0.254s] Level 1:colcon.colcon_core.package_identification:_identify(src) by extension 'ignore'
[0.254s] Level 1:colcon.colcon_core.package_identification:_identify(src) by extension 'ignore_ament_install'
[0.254s] Level 1:colcon.colcon_core.package_identification:_identify(src) by extensions ['colcon_pkg']
[0.255s] Level 1:colcon.colcon_core.package_identification:_identify(src) by extension 'colcon_pkg'
[0.255s] Level 1:colcon.colcon_core.package_identification:_identify(src) by extensions ['colcon_meta']
[0.255s] Level 1:colcon.colcon_core.package_identification:_identify(src) by extension 'colcon_meta'
[0.255s] Level 1:colcon.colcon_core.package_identification:_identify(src) by extensions ['ros']
[0.255s] Level 1:colcon.colcon_core.package_identification:_identify(src) by extension 'ros'
[0.255s] Level 1:colcon.colcon_core.package_identification:_identify(src) by extensions ['cmake', 'python']
[0.255s] Level 1:colcon.colcon_core.package_identification:_identify(src) by extension 'cmake'
[0.255s] Level 1:colcon.colcon_core.package_identification:_identify(src) by extension 'python'
[0.255s] Level 1:colcon.colcon_core.package_identification:_identify(src) by extensions ['python_setup_py']
[0.255s] Level 1:colcon.colcon_core.package_identification:_identify(src) by extension 'python_setup_py'
[0.255s] Level 1:colcon.colcon_core.package_identification:_identify(src/cv1) by extensions ['ignore', 'ignore_ament_install']
[0.255s] Level 1:colcon.colcon_core.package_identification:_identify(src/cv1) by extension 'ignore'
[0.255s] Level 1:colcon.colcon_core.package_identification:_identify(src/cv1) by extension 'ignore_ament_install'
[0.255s] Level 1:colcon.colcon_core.package_identification:_identify(src/cv1) by extensions ['colcon_pkg']
[0.255s] Level 1:colcon.colcon_core.package_identification:_identify(src/cv1) by extension 'colcon_pkg'
[0.255s] Level 1:colcon.colcon_core.package_identification:_identify(src/cv1) by extensions ['colcon_meta']
[0.255s] Level 1:colcon.colcon_core.package_identification:_identify(src/cv1) by extension 'colcon_meta'
[0.255s] Level 1:colcon.colcon_core.package_identification:_identify(src/cv1) by extensions ['ros']
[0.255s] Level 1:colcon.colcon_core.package_identification:_identify(src/cv1) by extension 'ros'
[0.257s] DEBUG:colcon.colcon_core.package_identification:Package 'src/cv1' with type 'ros.ament_cmake' and name 'cv1'
[0.257s] Level 1:colcon.colcon_core.package_identification:_identify(src/cv2) by extensions ['ignore', 'ignore_ament_install']
[0.257s] Level 1:colcon.colcon_core.package_identification:_identify(src/cv2) by extension 'ignore'
[0.257s] Level 1:colcon.colcon_core.package_identification:_identify(src/cv2) by extension 'ignore_ament_install'
[0.257s] Level 1:colcon.colcon_core.package_identification:_identify(src/cv2) by extensions ['colcon_pkg']
[0.257s] Level 1:colcon.colcon_core.package_identification:_identify(src/cv2) by extension 'colcon_pkg'
[0.257s] Level 1:colcon.colcon_core.package_identification:_identify(src/cv2) by extensions ['colcon_meta']
[0.258s] Level 1:colcon.colcon_core.package_identification:_identify(src/cv2) by extension 'colcon_meta'
[0.258s] Level 1:colcon.colcon_core.package_identification:_identify(src/cv2) by extensions ['ros']
[0.258s] Level 1:colcon.colcon_core.package_identification:_identify(src/cv2) by extension 'ros'
[0.258s] DEBUG:colcon.colcon_core.package_identification:Package 'src/cv2' with type 'ros.ament_cmake' and name 'cv2'
[0.258s] Level 1:colcon.colcon_core.package_identification:_identify(src/rrm_msgs) by extensions ['ignore', 'ignore_ament_install']
[0.258s] Level 1:colcon.colcon_core.package_identification:_identify(src/rrm_msgs) by extension 'ignore'
[0.258s] Level 1:colcon.colcon_core.package_identification:_identify(src/rrm_msgs) by extension 'ignore_ament_install'
[0.259s] Level 1:colcon.colcon_core.package_identification:_identify(src/rrm_msgs) by extensions ['colcon_pkg']
[0.259s] Level 1:colcon.colcon_core.package_identification:_identify(src/rrm_msgs) by extension 'colcon_pkg'
[0.259s] Level 1:colcon.colcon_core.package_identification:_identify(src/rrm_msgs) by extensions ['colcon_meta']
[0.259s] Level 1:colcon.colcon_core.package_identification:_identify(src/rrm_msgs) by extension 'colcon_meta'
[0.259s] Level 1:colcon.colcon_core.package_identification:_identify(src/rrm_msgs) by extensions ['ros']
[0.259s] Level 1:colcon.colcon_core.package_identification:_identify(src/rrm_msgs) by extension 'ros'
[0.259s] DEBUG:colcon.colcon_core.package_identification:Package 'src/rrm_msgs' with type 'ros.ament_cmake' and name 'rrm_msgs'
[0.259s] Level 1:colcon.colcon_core.package_identification:_identify(src/rrm_sim) by extensions ['ignore', 'ignore_ament_install']
[0.259s] Level 1:colcon.colcon_core.package_identification:_identify(src/rrm_sim) by extension 'ignore'
[0.259s] Level 1:colcon.colcon_core.package_identification:_identify(src/rrm_sim) by extension 'ignore_ament_install'
[0.259s] Level 1:colcon.colcon_core.package_identification:_identify(src/rrm_sim) by extensions ['colcon_pkg']
[0.259s] Level 1:colcon.colcon_core.package_identification:_identify(src/rrm_sim) by extension 'colcon_pkg'
[0.259s] Level 1:colcon.colcon_core.package_identification:_identify(src/rrm_sim) by extensions ['colcon_meta']
[0.259s] Level 1:colcon.colcon_core.package_identification:_identify(src/rrm_sim) by extension 'colcon_meta'
[0.259s] Level 1:colcon.colcon_core.package_identification:_identify(src/rrm_sim) by extensions ['ros']
[0.260s] Level 1:colcon.colcon_core.package_identification:_identify(src/rrm_sim) by extension 'ros'
[0.260s] DEBUG:colcon.colcon_core.package_identification:Package 'src/rrm_sim' with type 'ros.ament_cmake' and name 'rrm_sim'
[0.260s] Level 1:colcon.colcon_core.package_identification:_identify(src/rrm_simple_robot_model) by extensions ['ignore', 'ignore_ament_install']
[0.260s] Level 1:colcon.colcon_core.package_identification:_identify(src/rrm_simple_robot_model) by extension 'ignore'
[0.260s] Level 1:colcon.colcon_core.package_identification:_identify(src/rrm_simple_robot_model) by extension 'ignore_ament_install'
[0.260s] Level 1:colcon.colcon_core.package_identification:_identify(src/rrm_simple_robot_model) by extensions ['colcon_pkg']
[0.260s] Level 1:colcon.colcon_core.package_identification:_identify(src/rrm_simple_robot_model) by extension 'colcon_pkg'
[0.260s] Level 1:colcon.colcon_core.package_identification:_identify(src/rrm_simple_robot_model) by extensions ['colcon_meta']
[0.260s] Level 1:colcon.colcon_core.package_identification:_identify(src/rrm_simple_robot_model) by extension 'colcon_meta'
[0.260s] Level 1:colcon.colcon_core.package_identification:_identify(src/rrm_simple_robot_model) by extensions ['ros']
[0.261s] Level 1:colcon.colcon_core.package_identification:_identify(src/rrm_simple_robot_model) by extension 'ros'
[0.261s] DEBUG:colcon.colcon_core.package_identification:Package 'src/rrm_simple_robot_model' with type 'ros.ament_cmake' and name 'rrm_simple_robot_model'
[0.261s] Level 1:colcon.colcon_core.package_discovery:discover_packages(recursive) using defaults
[0.261s] Level 1:colcon.colcon_core.package_discovery:discover_packages(ignore) discover
[0.261s] Level 1:colcon.colcon_core.package_discovery:discover_packages(ignore) using defaults
[0.261s] Level 1:colcon.colcon_core.package_discovery:discover_packages(path) discover
[0.261s] Level 1:colcon.colcon_core.package_discovery:discover_packages(path) using defaults
[0.277s] Level 5:colcon.colcon_core.verb:set package 'cv1' build argument 'cmake_args' from command line to 'None'
[0.277s] Level 5:colcon.colcon_core.verb:set package 'cv1' build argument 'cmake_target' from command line to 'None'
[0.278s] Level 5:colcon.colcon_core.verb:set package 'cv1' build argument 'cmake_target_skip_unavailable' from command line to 'False'
[0.278s] Level 5:colcon.colcon_core.verb:set package 'cv1' build argument 'cmake_clean_cache' from command line to 'False'
[0.278s] Level 5:colcon.colcon_core.verb:set package 'cv1' build argument 'cmake_clean_first' from command line to 'False'
[0.278s] Level 5:colcon.colcon_core.verb:set package 'cv1' build argument 'cmake_force_configure' from command line to 'False'
[0.278s] Level 5:colcon.colcon_core.verb:set package 'cv1' build argument 'ament_cmake_args' from command line to 'None'
[0.278s] Level 5:colcon.colcon_core.verb:set package 'cv1' build argument 'catkin_cmake_args' from command line to 'None'
[0.278s] Level 5:colcon.colcon_core.verb:set package 'cv1' build argument 'catkin_skip_building_tests' from command line to 'False'
[0.278s] DEBUG:colcon.colcon_core.verb:Building package 'cv1' with the following arguments: {'ament_cmake_args': None, 'build_base': '/home/rrm/build/cv1', 'catkin_cmake_args': None, 'catkin_skip_building_tests': False, 'cmake_args': None, 'cmake_clean_cache': False, 'cmake_clean_first': False, 'cmake_force_configure': False, 'cmake_target': None, 'cmake_target_skip_unavailable': False, 'install_base': '/home/rrm/install/cv1', 'merge_install': False, 'path': '/home/rrm/src/cv1', 'symlink_install': False, 'test_result_base': None}
[0.278s] Level 5:colcon.colcon_core.verb:set package 'rrm_msgs' build argument 'cmake_args' from command line to 'None'
[0.278s] Level 5:colcon.colcon_core.verb:set package 'rrm_msgs' build argument 'cmake_target' from command line to 'None'
[0.278s] Level 5:colcon.colcon_core.verb:set package 'rrm_msgs' build argument 'cmake_target_skip_unavailable' from command line to 'False'
[0.278s] Level 5:colcon.colcon_core.verb:set package 'rrm_msgs' build argument 'cmake_clean_cache' from command line to 'False'
[0.278s] Level 5:colcon.colcon_core.verb:set package 'rrm_msgs' build argument 'cmake_clean_first' from command line to 'False'
[0.278s] Level 5:colcon.colcon_core.verb:set package 'rrm_msgs' build argument 'cmake_force_configure' from command line to 'False'
[0.278s] Level 5:colcon.colcon_core.verb:set package 'rrm_msgs' build argument 'ament_cmake_args' from command line to 'None'
[0.278s] Level 5:colcon.colcon_core.verb:set package 'rrm_msgs' build argument 'catkin_cmake_args' from command line to 'None'
[0.278s] Level 5:colcon.colcon_core.verb:set package 'rrm_msgs' build argument 'catkin_skip_building_tests' from command line to 'False'
[0.278s] DEBUG:colcon.colcon_core.verb:Building package 'rrm_msgs' with the following arguments: {'ament_cmake_args': None, 'build_base': '/home/rrm/build/rrm_msgs', 'catkin_cmake_args': None, 'catkin_skip_building_tests': False, 'cmake_args': None, 'cmake_clean_cache': False, 'cmake_clean_first': False, 'cmake_force_configure': False, 'cmake_target': None, 'cmake_target_skip_unavailable': False, 'install_base': '/home/rrm/install/rrm_msgs', 'merge_install': False, 'path': '/home/rrm/src/rrm_msgs', 'symlink_install': False, 'test_result_base': None}
[0.279s] Level 5:colcon.colcon_core.verb:set package 'rrm_simple_robot_model' build argument 'cmake_args' from command line to 'None'
[0.279s] Level 5:colcon.colcon_core.verb:set package 'rrm_simple_robot_model' build argument 'cmake_target' from command line to 'None'
[0.279s] Level 5:colcon.colcon_core.verb:set package 'rrm_simple_robot_model' build argument 'cmake_target_skip_unavailable' from command line to 'False'
[0.279s] Level 5:colcon.colcon_core.verb:set package 'rrm_simple_robot_model' build argument 'cmake_clean_cache' from command line to 'False'
[0.279s] Level 5:colcon.colcon_core.verb:set package 'rrm_simple_robot_model' build argument 'cmake_clean_first' from command line to 'False'
[0.279s] Level 5:colcon.colcon_core.verb:set package 'rrm_simple_robot_model' build argument 'cmake_force_configure' from command line to 'False'
[0.279s] Level 5:colcon.colcon_core.verb:set package 'rrm_simple_robot_model' build argument 'ament_cmake_args' from command line to 'None'
[0.279s] Level 5:colcon.colcon_core.verb:set package 'rrm_simple_robot_model' build argument 'catkin_cmake_args' from command line to 'None'
[0.279s] Level 5:colcon.colcon_core.verb:set package 'rrm_simple_robot_model' build argument 'catkin_skip_building_tests' from command line to 'False'
[0.279s] DEBUG:colcon.colcon_core.verb:Building package 'rrm_simple_robot_model' with the following arguments: {'ament_cmake_args': None, 'build_base': '/home/rrm/build/rrm_simple_robot_model', 'catkin_cmake_args': None, 'catkin_skip_building_tests': False, 'cmake_args': None, 'cmake_clean_cache': False, 'cmake_clean_first': False, 'cmake_force_configure': False, 'cmake_target': None, 'cmake_target_skip_unavailable': False, 'install_base': '/home/rrm/install/rrm_simple_robot_model', 'merge_install': False, 'path': '/home/rrm/src/rrm_simple_robot_model', 'symlink_install': False, 'test_result_base': None}
[0.279s] Level 5:colcon.colcon_core.verb:set package 'cv2' build argument 'cmake_args' from command line to 'None'
[0.279s] Level 5:colcon.colcon_core.verb:set package 'cv2' build argument 'cmake_target' from command line to 'None'
[0.279s] Level 5:colcon.colcon_core.verb:set package 'cv2' build argument 'cmake_target_skip_unavailable' from command line to 'False'
[0.279s] Level 5:colcon.colcon_core.verb:set package 'cv2' build argument 'cmake_clean_cache' from command line to 'False'
[0.279s] Level 5:colcon.colcon_core.verb:set package 'cv2' build argument 'cmake_clean_first' from command line to 'False'
[0.279s] Level 5:colcon.colcon_core.verb:set package 'cv2' build argument 'cmake_force_configure' from command line to 'False'
[0.279s] Level 5:colcon.colcon_core.verb:set package 'cv2' build argument 'ament_cmake_args' from command line to 'None'
[0.279s] Level 5:colcon.colcon_core.verb:set package 'cv2' build argument 'catkin_cmake_args' from command line to 'None'
[0.279s] Level 5:colcon.colcon_core.verb:set package 'cv2' build argument 'catkin_skip_building_tests' from command line to 'False'
[0.279s] DEBUG:colcon.colcon_core.verb:Building package 'cv2' with the following arguments: {'ament_cmake_args': None, 'build_base': '/home/rrm/build/cv2', 'catkin_cmake_args': None, 'catkin_skip_building_tests': False, 'cmake_args': None, 'cmake_clean_cache': False, 'cmake_clean_first': False, 'cmake_force_configure': False, 'cmake_target': None, 'cmake_target_skip_unavailable': False, 'install_base': '/home/rrm/install/cv2', 'merge_install': False, 'path': '/home/rrm/src/cv2', 'symlink_install': False, 'test_result_base': None}
[0.280s] Level 5:colcon.colcon_core.verb:set package 'rrm_sim' build argument 'cmake_args' from command line to 'None'
[0.280s] Level 5:colcon.colcon_core.verb:set package 'rrm_sim' build argument 'cmake_target' from command line to 'None'
[0.280s] Level 5:colcon.colcon_core.verb:set package 'rrm_sim' build argument 'cmake_target_skip_unavailable' from command line to 'False'
[0.280s] Level 5:colcon.colcon_core.verb:set package 'rrm_sim' build argument 'cmake_clean_cache' from command line to 'False'
[0.280s] Level 5:colcon.colcon_core.verb:set package 'rrm_sim' build argument 'cmake_clean_first' from command line to 'False'
[0.280s] Level 5:colcon.colcon_core.verb:set package 'rrm_sim' build argument 'cmake_force_configure' from command line to 'False'
[0.280s] Level 5:colcon.colcon_core.verb:set package 'rrm_sim' build argument 'ament_cmake_args' from command line to 'None'
[0.280s] Level 5:colcon.colcon_core.verb:set package 'rrm_sim' build argument 'catkin_cmake_args' from command line to 'None'
[0.280s] Level 5:colcon.colcon_core.verb:set package 'rrm_sim' build argument 'catkin_skip_building_tests' from command line to 'False'
[0.280s] DEBUG:colcon.colcon_core.verb:Building package 'rrm_sim' with the following arguments: {'ament_cmake_args': None, 'build_base': '/home/rrm/build/rrm_sim', 'catkin_cmake_args': None, 'catkin_skip_building_tests': False, 'cmake_args': None, 'cmake_clean_cache': False, 'cmake_clean_first': False, 'cmake_force_configure': False, 'cmake_target': None, 'cmake_target_skip_unavailable': False, 'install_base': '/home/rrm/install/rrm_sim', 'merge_install': False, 'path': '/home/rrm/src/rrm_sim', 'symlink_install': False, 'test_result_base': None}
[0.280s] INFO:colcon.colcon_core.executor:Executing jobs using 'parallel' executor
[0.281s] DEBUG:colcon.colcon_parallel_executor.executor.parallel:run_until_complete
[0.281s] INFO:colcon.colcon_ros.task.ament_cmake.build:Building ROS package in '/home/rrm/src/rrm_msgs' with build type 'ament_cmake'
[0.281s] INFO:colcon.colcon_cmake.task.cmake.build:Building CMake package in '/home/rrm/src/rrm_msgs'
[0.283s] INFO:colcon.colcon_core.plugin_system:Skipping extension 'colcon_core.shell.bat': Not used on non-Windows systems
[0.283s] INFO:colcon.colcon_core.shell:Skip shell extension 'powershell' for command environment: Not usable outside of PowerShell
[0.283s] DEBUG:colcon.colcon_core.shell:Skip shell extension 'dsv' for command environment
[0.287s] INFO:colcon.colcon_ros.task.ament_cmake.build:Building ROS package in '/home/rrm/src/cv1' with build type 'ament_cmake'
[0.287s] INFO:colcon.colcon_cmake.task.cmake.build:Building CMake package in '/home/rrm/src/cv1'
[0.288s] INFO:colcon.colcon_core.shell:Skip shell extension 'powershell' for command environment: Not usable outside of PowerShell
[0.288s] DEBUG:colcon.colcon_core.shell:Skip shell extension 'dsv' for command environment
[0.291s] INFO:colcon.colcon_ros.task.ament_cmake.build:Building ROS package in '/home/rrm/src/rrm_simple_robot_model' with build type 'ament_cmake'
[0.291s] INFO:colcon.colcon_cmake.task.cmake.build:Building CMake package in '/home/rrm/src/rrm_simple_robot_model'
[0.291s] INFO:colcon.colcon_core.shell:Skip shell extension 'powershell' for command environment: Not usable outside of PowerShell
[0.291s] DEBUG:colcon.colcon_core.shell:Skip shell extension 'dsv' for command environment
[0.302s] DEBUG:colcon.colcon_core.event_handler.log_command:Invoking command in '/home/rrm/build/rrm_msgs': CMAKE_PREFIX_PATH=${CMAKE_PREFIX_PATH}:/opt/ros/humble /usr/bin/cmake --build /home/rrm/build/rrm_msgs -- -j8 -l8
[0.308s] DEBUG:colcon.colcon_core.event_handler.log_command:Invoking command in '/home/rrm/build/cv1': CMAKE_PREFIX_PATH=${CMAKE_PREFIX_PATH}:/opt/ros/humble /usr/bin/cmake --build /home/rrm/build/cv1 -- -j8 -l8
[0.309s] DEBUG:colcon.colcon_core.event_handler.log_command:Invoking command in '/home/rrm/build/rrm_simple_robot_model': CMAKE_PREFIX_PATH=${CMAKE_PREFIX_PATH}:/opt/ros/humble /usr/bin/cmake --build /home/rrm/build/rrm_simple_robot_model -- -j8 -l8
[0.343s] DEBUG:colcon.colcon_core.event_handler.log_command:Invoked command in '/home/rrm/build/rrm_simple_robot_model' returned '0': CMAKE_PREFIX_PATH=${CMAKE_PREFIX_PATH}:/opt/ros/humble /usr/bin/cmake --build /home/rrm/build/rrm_simple_robot_model -- -j8 -l8
[0.351s] DEBUG:colcon.colcon_core.event_handler.log_command:Invoking command in '/home/rrm/build/rrm_simple_robot_model': CMAKE_PREFIX_PATH=${CMAKE_PREFIX_PATH}:/opt/ros/humble /usr/bin/cmake --install /home/rrm/build/rrm_simple_robot_model
[0.366s] DEBUG:colcon.colcon_core.event_handler.log_command:Invoked command in '/home/rrm/build/cv1' returned '0': CMAKE_PREFIX_PATH=${CMAKE_PREFIX_PATH}:/opt/ros/humble /usr/bin/cmake --build /home/rrm/build/cv1 -- -j8 -l8
[0.367s] DEBUG:colcon.colcon_core.event_handler.log_command:Invoking command in '/home/rrm/build/cv1': CMAKE_PREFIX_PATH=${CMAKE_PREFIX_PATH}:/opt/ros/humble /usr/bin/cmake --install /home/rrm/build/cv1
[0.377s] Level 1:colcon.colcon_core.environment:create_environment_scripts_only(rrm_simple_robot_model)
[0.378s] DEBUG:colcon.colcon_core.event_handler.log_command:Invoked command in '/home/rrm/build/rrm_simple_robot_model' returned '0': CMAKE_PREFIX_PATH=${CMAKE_PREFIX_PATH}:/opt/ros/humble /usr/bin/cmake --install /home/rrm/build/rrm_simple_robot_model
[0.380s] Level 1:colcon.colcon_core.environment:checking '/home/rrm/install/rrm_simple_robot_model' for CMake module files
[0.380s] Level 1:colcon.colcon_core.environment:checking '/home/rrm/install/rrm_simple_robot_model' for CMake config files
[0.380s] Level 1:colcon.colcon_core.shell:create_environment_hook('rrm_simple_robot_model', 'cmake_prefix_path')
[0.380s] INFO:colcon.colcon_core.shell:Creating environment hook '/home/rrm/install/rrm_simple_robot_model/share/rrm_simple_robot_model/hook/cmake_prefix_path.ps1'
[0.381s] INFO:colcon.colcon_core.shell:Creating environment descriptor '/home/rrm/install/rrm_simple_robot_model/share/rrm_simple_robot_model/hook/cmake_prefix_path.dsv'
[0.382s] INFO:colcon.colcon_core.shell:Creating environment hook '/home/rrm/install/rrm_simple_robot_model/share/rrm_simple_robot_model/hook/cmake_prefix_path.sh'
[0.383s] Level 1:colcon.colcon_core.environment:checking '/home/rrm/install/rrm_simple_robot_model/bin'
[0.384s] Level 1:colcon.colcon_core.environment:checking '/home/rrm/install/rrm_simple_robot_model/lib/pkgconfig/rrm_simple_robot_model.pc'
[0.385s] Level 1:colcon.colcon_core.environment:checking '/home/rrm/install/rrm_simple_robot_model/lib/python3.10/site-packages'
[0.385s] Level 1:colcon.colcon_core.environment:checking '/home/rrm/install/rrm_simple_robot_model/bin'
[0.386s] INFO:colcon.colcon_core.shell:Creating package script '/home/rrm/install/rrm_simple_robot_model/share/rrm_simple_robot_model/package.ps1'
[0.388s] INFO:colcon.colcon_core.shell:Creating package descriptor '/home/rrm/install/rrm_simple_robot_model/share/rrm_simple_robot_model/package.dsv'
[0.389s] INFO:colcon.colcon_core.shell:Creating package script '/home/rrm/install/rrm_simple_robot_model/share/rrm_simple_robot_model/package.sh'
[0.389s] INFO:colcon.colcon_core.shell:Creating package script '/home/rrm/install/rrm_simple_robot_model/share/rrm_simple_robot_model/package.bash'
[0.390s] INFO:colcon.colcon_core.shell:Creating package script '/home/rrm/install/rrm_simple_robot_model/share/rrm_simple_robot_model/package.zsh'
[0.391s] Level 1:colcon.colcon_core.environment:create_file_with_runtime_dependencies(/home/rrm/install/rrm_simple_robot_model/share/colcon-core/packages/rrm_simple_robot_model)
[0.392s] Level 1:colcon.colcon_core.environment:create_environment_scripts_only(rrm_simple_robot_model)
[0.392s] Level 1:colcon.colcon_core.environment:checking '/home/rrm/install/rrm_simple_robot_model' for CMake module files
[0.392s] Level 1:colcon.colcon_core.environment:checking '/home/rrm/install/rrm_simple_robot_model' for CMake config files
[0.393s] Level 1:colcon.colcon_core.shell:create_environment_hook('rrm_simple_robot_model', 'cmake_prefix_path')
[0.393s] INFO:colcon.colcon_core.shell:Creating environment hook '/home/rrm/install/rrm_simple_robot_model/share/rrm_simple_robot_model/hook/cmake_prefix_path.ps1'
[0.393s] INFO:colcon.colcon_core.shell:Creating environment descriptor '/home/rrm/install/rrm_simple_robot_model/share/rrm_simple_robot_model/hook/cmake_prefix_path.dsv'
[0.394s] INFO:colcon.colcon_core.shell:Creating environment hook '/home/rrm/install/rrm_simple_robot_model/share/rrm_simple_robot_model/hook/cmake_prefix_path.sh'
[0.394s] Level 1:colcon.colcon_core.environment:checking '/home/rrm/install/rrm_simple_robot_model/bin'
[0.394s] Level 1:colcon.colcon_core.environment:checking '/home/rrm/install/rrm_simple_robot_model/lib/pkgconfig/rrm_simple_robot_model.pc'
[0.395s] Level 1:colcon.colcon_core.environment:checking '/home/rrm/install/rrm_simple_robot_model/lib/python3.10/site-packages'
[0.395s] Level 1:colcon.colcon_core.environment:checking '/home/rrm/install/rrm_simple_robot_model/bin'
[0.396s] INFO:colcon.colcon_core.shell:Creating package script '/home/rrm/install/rrm_simple_robot_model/share/rrm_simple_robot_model/package.ps1'
[0.396s] INFO:colcon.colcon_core.shell:Creating package descriptor '/home/rrm/install/rrm_simple_robot_model/share/rrm_simple_robot_model/package.dsv'
[0.397s] INFO:colcon.colcon_core.shell:Creating package script '/home/rrm/install/rrm_simple_robot_model/share/rrm_simple_robot_model/package.sh'
[0.398s] INFO:colcon.colcon_core.shell:Creating package script '/home/rrm/install/rrm_simple_robot_model/share/rrm_simple_robot_model/package.bash'
[0.398s] INFO:colcon.colcon_core.shell:Creating package script '/home/rrm/install/rrm_simple_robot_model/share/rrm_simple_robot_model/package.zsh'
[0.399s] Level 1:colcon.colcon_core.environment:create_file_with_runtime_dependencies(/home/rrm/install/rrm_simple_robot_model/share/colcon-core/packages/rrm_simple_robot_model)
[0.399s] Level 1:colcon.colcon_core.environment:create_environment_scripts_only(cv1)
[0.399s] Level 1:colcon.colcon_core.environment:checking '/home/rrm/install/cv1' for CMake module files
[0.400s] DEBUG:colcon.colcon_core.event_handler.log_command:Invoked command in '/home/rrm/build/cv1' returned '0': CMAKE_PREFIX_PATH=${CMAKE_PREFIX_PATH}:/opt/ros/humble /usr/bin/cmake --install /home/rrm/build/cv1
[0.401s] Level 1:colcon.colcon_core.environment:checking '/home/rrm/install/cv1' for CMake config files
[0.401s] Level 1:colcon.colcon_core.shell:create_environment_hook('cv1', 'cmake_prefix_path')
[0.401s] INFO:colcon.colcon_core.shell:Creating environment hook '/home/rrm/install/cv1/share/cv1/hook/cmake_prefix_path.ps1'
[0.402s] INFO:colcon.colcon_core.shell:Creating environment descriptor '/home/rrm/install/cv1/share/cv1/hook/cmake_prefix_path.dsv'
[0.402s] INFO:colcon.colcon_core.shell:Creating environment hook '/home/rrm/install/cv1/share/cv1/hook/cmake_prefix_path.sh'
[0.403s] Level 1:colcon.colcon_core.environment:checking '/home/rrm/install/cv1/lib'
[0.403s] Level 1:colcon.colcon_core.environment:checking '/home/rrm/install/cv1/bin'
[0.403s] Level 1:colcon.colcon_core.environment:checking '/home/rrm/install/cv1/lib/pkgconfig/cv1.pc'
[0.404s] Level 1:colcon.colcon_core.environment:checking '/home/rrm/install/cv1/lib/python3.10/site-packages'
[0.404s] Level 1:colcon.colcon_core.environment:checking '/home/rrm/install/cv1/bin'
[0.404s] INFO:colcon.colcon_core.shell:Creating package script '/home/rrm/install/cv1/share/cv1/package.ps1'
[0.405s] INFO:colcon.colcon_core.shell:Creating package descriptor '/home/rrm/install/cv1/share/cv1/package.dsv'
[0.406s] INFO:colcon.colcon_core.shell:Creating package script '/home/rrm/install/cv1/share/cv1/package.sh'
[0.406s] INFO:colcon.colcon_core.shell:Creating package script '/home/rrm/install/cv1/share/cv1/package.bash'
[0.407s] INFO:colcon.colcon_core.shell:Creating package script '/home/rrm/install/cv1/share/cv1/package.zsh'
[0.407s] Level 1:colcon.colcon_core.environment:create_file_with_runtime_dependencies(/home/rrm/install/cv1/share/colcon-core/packages/cv1)
[0.408s] Level 1:colcon.colcon_core.environment:create_environment_scripts_only(cv1)
[0.408s] Level 1:colcon.colcon_core.environment:checking '/home/rrm/install/cv1' for CMake module files
[0.408s] Level 1:colcon.colcon_core.environment:checking '/home/rrm/install/cv1' for CMake config files
[0.409s] Level 1:colcon.colcon_core.shell:create_environment_hook('cv1', 'cmake_prefix_path')
[0.409s] INFO:colcon.colcon_core.shell:Creating environment hook '/home/rrm/install/cv1/share/cv1/hook/cmake_prefix_path.ps1'
[0.409s] INFO:colcon.colcon_core.shell:Creating environment descriptor '/home/rrm/install/cv1/share/cv1/hook/cmake_prefix_path.dsv'
[0.410s] INFO:colcon.colcon_core.shell:Creating environment hook '/home/rrm/install/cv1/share/cv1/hook/cmake_prefix_path.sh'
[0.410s] Level 1:colcon.colcon_core.environment:checking '/home/rrm/install/cv1/lib'
[0.410s] Level 1:colcon.colcon_core.environment:checking '/home/rrm/install/cv1/bin'
[0.411s] Level 1:colcon.colcon_core.environment:checking '/home/rrm/install/cv1/lib/pkgconfig/cv1.pc'
[0.411s] Level 1:colcon.colcon_core.environment:checking '/home/rrm/install/cv1/lib/python3.10/site-packages'
[0.411s] Level 1:colcon.colcon_core.environment:checking '/home/rrm/install/cv1/bin'
[0.412s] INFO:colcon.colcon_core.shell:Creating package script '/home/rrm/install/cv1/share/cv1/package.ps1'
[0.412s] INFO:colcon.colcon_core.shell:Creating package descriptor '/home/rrm/install/cv1/share/cv1/package.dsv'
[0.413s] INFO:colcon.colcon_core.shell:Creating package script '/home/rrm/install/cv1/share/cv1/package.sh'
[0.413s] INFO:colcon.colcon_core.shell:Creating package script '/home/rrm/install/cv1/share/cv1/package.bash'
[0.414s] INFO:colcon.colcon_core.shell:Creating package script '/home/rrm/install/cv1/share/cv1/package.zsh'
[0.414s] Level 1:colcon.colcon_core.environment:create_file_with_runtime_dependencies(/home/rrm/install/cv1/share/colcon-core/packages/cv1)
[0.628s] DEBUG:colcon.colcon_core.event_handler.log_command:Invoked command in '/home/rrm/build/rrm_msgs' returned '0': CMAKE_PREFIX_PATH=${CMAKE_PREFIX_PATH}:/opt/ros/humble /usr/bin/cmake --build /home/rrm/build/rrm_msgs -- -j8 -l8
[0.629s] DEBUG:colcon.colcon_core.event_handler.log_command:Invoking command in '/home/rrm/build/rrm_msgs': CMAKE_PREFIX_PATH=${CMAKE_PREFIX_PATH}:/opt/ros/humble /usr/bin/cmake --install /home/rrm/build/rrm_msgs
[0.678s] Level 1:colcon.colcon_core.environment:create_environment_scripts_only(rrm_msgs)
[0.678s] Level 1:colcon.colcon_core.environment:checking '/home/rrm/install/rrm_msgs' for CMake module files
[0.680s] DEBUG:colcon.colcon_core.event_handler.log_command:Invoked command in '/home/rrm/build/rrm_msgs' returned '0': CMAKE_PREFIX_PATH=${CMAKE_PREFIX_PATH}:/opt/ros/humble /usr/bin/cmake --install /home/rrm/build/rrm_msgs
[0.680s] Level 1:colcon.colcon_core.environment:checking '/home/rrm/install/rrm_msgs' for CMake config files
[0.680s] Level 1:colcon.colcon_core.shell:create_environment_hook('rrm_msgs', 'cmake_prefix_path')
[0.680s] INFO:colcon.colcon_core.shell:Creating environment hook '/home/rrm/install/rrm_msgs/share/rrm_msgs/hook/cmake_prefix_path.ps1'
[0.681s] INFO:colcon.colcon_core.shell:Creating environment descriptor '/home/rrm/install/rrm_msgs/share/rrm_msgs/hook/cmake_prefix_path.dsv'
[0.681s] INFO:colcon.colcon_core.shell:Creating environment hook '/home/rrm/install/rrm_msgs/share/rrm_msgs/hook/cmake_prefix_path.sh'
[0.682s] Level 1:colcon.colcon_core.environment:checking '/home/rrm/install/rrm_msgs/lib'
[0.682s] Level 1:colcon.colcon_core.shell:create_environment_hook('rrm_msgs', 'ld_library_path_lib')
[0.682s] INFO:colcon.colcon_core.shell:Creating environment hook '/home/rrm/install/rrm_msgs/share/rrm_msgs/hook/ld_library_path_lib.ps1'
[0.682s] INFO:colcon.colcon_core.shell:Creating environment descriptor '/home/rrm/install/rrm_msgs/share/rrm_msgs/hook/ld_library_path_lib.dsv'
[0.683s] INFO:colcon.colcon_core.shell:Creating environment hook '/home/rrm/install/rrm_msgs/share/rrm_msgs/hook/ld_library_path_lib.sh'
[0.683s] Level 1:colcon.colcon_core.environment:checking '/home/rrm/install/rrm_msgs/bin'
[0.683s] Level 1:colcon.colcon_core.environment:checking '/home/rrm/install/rrm_msgs/lib/pkgconfig/rrm_msgs.pc'
[0.683s] Level 1:colcon.colcon_core.environment:checking '/home/rrm/install/rrm_msgs/lib/python3.10/site-packages'
[0.683s] Level 1:colcon.colcon_core.environment:checking '/home/rrm/install/rrm_msgs/bin'
[0.684s] INFO:colcon.colcon_core.shell:Creating package script '/home/rrm/install/rrm_msgs/share/rrm_msgs/package.ps1'
[0.684s] INFO:colcon.colcon_core.shell:Creating package descriptor '/home/rrm/install/rrm_msgs/share/rrm_msgs/package.dsv'
[0.684s] INFO:colcon.colcon_core.shell:Creating package script '/home/rrm/install/rrm_msgs/share/rrm_msgs/package.sh'
[0.685s] INFO:colcon.colcon_core.shell:Creating package script '/home/rrm/install/rrm_msgs/share/rrm_msgs/package.bash'
[0.685s] INFO:colcon.colcon_core.shell:Creating package script '/home/rrm/install/rrm_msgs/share/rrm_msgs/package.zsh'
[0.685s] Level 1:colcon.colcon_core.environment:create_file_with_runtime_dependencies(/home/rrm/install/rrm_msgs/share/colcon-core/packages/rrm_msgs)
[0.686s] Level 1:colcon.colcon_core.environment:create_environment_scripts_only(rrm_msgs)
[0.686s] Level 1:colcon.colcon_core.environment:checking '/home/rrm/install/rrm_msgs' for CMake module files
[0.687s] Level 1:colcon.colcon_core.environment:checking '/home/rrm/install/rrm_msgs' for CMake config files
[0.687s] Level 1:colcon.colcon_core.shell:create_environment_hook('rrm_msgs', 'cmake_prefix_path')
[0.687s] INFO:colcon.colcon_core.shell:Creating environment hook '/home/rrm/install/rrm_msgs/share/rrm_msgs/hook/cmake_prefix_path.ps1'
[0.688s] INFO:colcon.colcon_core.shell:Creating environment descriptor '/home/rrm/install/rrm_msgs/share/rrm_msgs/hook/cmake_prefix_path.dsv'
[0.688s] INFO:colcon.colcon_core.shell:Creating environment hook '/home/rrm/install/rrm_msgs/share/rrm_msgs/hook/cmake_prefix_path.sh'
[0.689s] Level 1:colcon.colcon_core.environment:checking '/home/rrm/install/rrm_msgs/lib'
[0.689s] Level 1:colcon.colcon_core.shell:create_environment_hook('rrm_msgs', 'ld_library_path_lib')
[0.689s] INFO:colcon.colcon_core.shell:Creating environment hook '/home/rrm/install/rrm_msgs/share/rrm_msgs/hook/ld_library_path_lib.ps1'
[0.689s] INFO:colcon.colcon_core.shell:Creating environment descriptor '/home/rrm/install/rrm_msgs/share/rrm_msgs/hook/ld_library_path_lib.dsv'
[0.690s] INFO:colcon.colcon_core.shell:Creating environment hook '/home/rrm/install/rrm_msgs/share/rrm_msgs/hook/ld_library_path_lib.sh'
[0.690s] Level 1:colcon.colcon_core.environment:checking '/home/rrm/install/rrm_msgs/bin'
[0.690s] Level 1:colcon.colcon_core.environment:checking '/home/rrm/install/rrm_msgs/lib/pkgconfig/rrm_msgs.pc'
[0.690s] Level 1:colcon.colcon_core.environment:checking '/home/rrm/install/rrm_msgs/lib/python3.10/site-packages'
[0.691s] Level 1:colcon.colcon_core.environment:checking '/home/rrm/install/rrm_msgs/bin'
[0.691s] INFO:colcon.colcon_core.shell:Creating package script '/home/rrm/install/rrm_msgs/share/rrm_msgs/package.ps1'
[0.692s] INFO:colcon.colcon_core.shell:Creating package descriptor '/home/rrm/install/rrm_msgs/share/rrm_msgs/package.dsv'
[0.692s] INFO:colcon.colcon_core.shell:Creating package script '/home/rrm/install/rrm_msgs/share/rrm_msgs/package.sh'
[0.693s] INFO:colcon.colcon_core.shell:Creating package script '/home/rrm/install/rrm_msgs/share/rrm_msgs/package.bash'
[0.694s] INFO:colcon.colcon_core.shell:Creating package script '/home/rrm/install/rrm_msgs/share/rrm_msgs/package.zsh'
[0.694s] Level 1:colcon.colcon_core.environment:create_file_with_runtime_dependencies(/home/rrm/install/rrm_msgs/share/colcon-core/packages/rrm_msgs)
[0.695s] INFO:colcon.colcon_ros.task.ament_cmake.build:Building ROS package in '/home/rrm/src/cv2' with build type 'ament_cmake'
[0.695s] INFO:colcon.colcon_cmake.task.cmake.build:Building CMake package in '/home/rrm/src/cv2'
[0.695s] INFO:colcon.colcon_core.shell:Skip shell extension 'powershell' for command environment: Not usable outside of PowerShell
[0.695s] DEBUG:colcon.colcon_core.shell:Skip shell extension 'dsv' for command environment
[0.699s] INFO:colcon.colcon_ros.task.ament_cmake.build:Building ROS package in '/home/rrm/src/rrm_sim' with build type 'ament_cmake'
[0.700s] INFO:colcon.colcon_cmake.task.cmake.build:Building CMake package in '/home/rrm/src/rrm_sim'
[0.700s] INFO:colcon.colcon_core.shell:Skip shell extension 'powershell' for command environment: Not usable outside of PowerShell
[0.700s] DEBUG:colcon.colcon_core.shell:Skip shell extension 'dsv' for command environment
[0.709s] DEBUG:colcon.colcon_core.event_handler.log_command:Invoking command in '/home/rrm/build/cv2': CMAKE_PREFIX_PATH=/home/rrm/install/rrm_msgs:/home/rrm/install/rrm_simple_robot_model:/home/rrm/install/rrm_sim:/home/rrm/install/cv2:/home/rrm/install/cv1:/opt/ros/humble /usr/bin/cmake --build /home/rrm/build/cv2 -- -j8 -l8
[0.711s] DEBUG:colcon.colcon_core.event_handler.log_command:Invoking command in '/home/rrm/build/rrm_sim': CMAKE_PREFIX_PATH=/home/rrm/install/rrm_msgs:/home/rrm/install/rrm_simple_robot_model:/home/rrm/install/rrm_sim:/home/rrm/install/cv2:/home/rrm/install/cv1:/opt/ros/humble /usr/bin/cmake --build /home/rrm/build/rrm_sim -- -j8 -l8
[0.775s] DEBUG:colcon.colcon_core.event_handler.log_command:Invoked command in '/home/rrm/build/rrm_sim' returned '0': CMAKE_PREFIX_PATH=/home/rrm/install/rrm_msgs:/home/rrm/install/rrm_simple_robot_model:/home/rrm/install/rrm_sim:/home/rrm/install/cv2:/home/rrm/install/cv1:/opt/ros/humble /usr/bin/cmake --build /home/rrm/build/rrm_sim -- -j8 -l8
[0.777s] DEBUG:colcon.colcon_core.event_handler.log_command:Invoking command in '/home/rrm/build/rrm_sim': CMAKE_PREFIX_PATH=/home/rrm/install/rrm_msgs:/home/rrm/install/rrm_simple_robot_model:/home/rrm/install/rrm_sim:/home/rrm/install/cv2:/home/rrm/install/cv1:/opt/ros/humble /usr/bin/cmake --install /home/rrm/build/rrm_sim
[0.787s] Level 1:colcon.colcon_core.environment:create_environment_scripts_only(rrm_sim)
[0.787s] Level 1:colcon.colcon_core.environment:checking '/home/rrm/install/rrm_sim' for CMake module files
[0.788s] DEBUG:colcon.colcon_core.event_handler.log_command:Invoked command in '/home/rrm/build/rrm_sim' returned '0': CMAKE_PREFIX_PATH=/home/rrm/install/rrm_msgs:/home/rrm/install/rrm_simple_robot_model:/home/rrm/install/rrm_sim:/home/rrm/install/cv2:/home/rrm/install/cv1:/opt/ros/humble /usr/bin/cmake --install /home/rrm/build/rrm_sim
[0.788s] Level 1:colcon.colcon_core.environment:checking '/home/rrm/install/rrm_sim' for CMake config files
[0.789s] Level 1:colcon.colcon_core.shell:create_environment_hook('rrm_sim', 'cmake_prefix_path')
[0.789s] INFO:colcon.colcon_core.shell:Creating environment hook '/home/rrm/install/rrm_sim/share/rrm_sim/hook/cmake_prefix_path.ps1'
[0.790s] INFO:colcon.colcon_core.shell:Creating environment descriptor '/home/rrm/install/rrm_sim/share/rrm_sim/hook/cmake_prefix_path.dsv'
[0.790s] INFO:colcon.colcon_core.shell:Creating environment hook '/home/rrm/install/rrm_sim/share/rrm_sim/hook/cmake_prefix_path.sh'
[0.791s] Level 1:colcon.colcon_core.environment:checking '/home/rrm/install/rrm_sim/lib'
[0.792s] Level 1:colcon.colcon_core.environment:checking '/home/rrm/install/rrm_sim/bin'
[0.792s] Level 1:colcon.colcon_core.environment:checking '/home/rrm/install/rrm_sim/lib/pkgconfig/rrm_sim.pc'
[0.792s] Level 1:colcon.colcon_core.environment:checking '/home/rrm/install/rrm_sim/lib/python3.10/site-packages'
[0.792s] Level 1:colcon.colcon_core.environment:checking '/home/rrm/install/rrm_sim/bin'
[0.793s] INFO:colcon.colcon_core.shell:Creating package script '/home/rrm/install/rrm_sim/share/rrm_sim/package.ps1'
[0.794s] INFO:colcon.colcon_core.shell:Creating package descriptor '/home/rrm/install/rrm_sim/share/rrm_sim/package.dsv'
[0.794s] INFO:colcon.colcon_core.shell:Creating package script '/home/rrm/install/rrm_sim/share/rrm_sim/package.sh'
[0.795s] INFO:colcon.colcon_core.shell:Creating package script '/home/rrm/install/rrm_sim/share/rrm_sim/package.bash'
[0.795s] INFO:colcon.colcon_core.shell:Creating package script '/home/rrm/install/rrm_sim/share/rrm_sim/package.zsh'
[0.796s] Level 1:colcon.colcon_core.environment:create_file_with_runtime_dependencies(/home/rrm/install/rrm_sim/share/colcon-core/packages/rrm_sim)
[0.796s] Level 1:colcon.colcon_core.environment:create_environment_scripts_only(rrm_sim)
[0.797s] Level 1:colcon.colcon_core.environment:checking '/home/rrm/install/rrm_sim' for CMake module files
[0.798s] Level 1:colcon.colcon_core.environment:checking '/home/rrm/install/rrm_sim' for CMake config files
[0.798s] Level 1:colcon.colcon_core.shell:create_environment_hook('rrm_sim', 'cmake_prefix_path')
[0.799s] INFO:colcon.colcon_core.shell:Creating environment hook '/home/rrm/install/rrm_sim/share/rrm_sim/hook/cmake_prefix_path.ps1'
[0.800s] INFO:colcon.colcon_core.shell:Creating environment descriptor '/home/rrm/install/rrm_sim/share/rrm_sim/hook/cmake_prefix_path.dsv'
[0.800s] INFO:colcon.colcon_core.shell:Creating environment hook '/home/rrm/install/rrm_sim/share/rrm_sim/hook/cmake_prefix_path.sh'
[0.801s] Level 1:colcon.colcon_core.environment:checking '/home/rrm/install/rrm_sim/lib'
[0.801s] Level 1:colcon.colcon_core.environment:checking '/home/rrm/install/rrm_sim/bin'
[0.801s] Level 1:colcon.colcon_core.environment:checking '/home/rrm/install/rrm_sim/lib/pkgconfig/rrm_sim.pc'
[0.801s] Level 1:colcon.colcon_core.environment:checking '/home/rrm/install/rrm_sim/lib/python3.10/site-packages'
[0.802s] Level 1:colcon.colcon_core.environment:checking '/home/rrm/install/rrm_sim/bin'
[0.803s] INFO:colcon.colcon_core.shell:Creating package script '/home/rrm/install/rrm_sim/share/rrm_sim/package.ps1'
[0.804s] INFO:colcon.colcon_core.shell:Creating package descriptor '/home/rrm/install/rrm_sim/share/rrm_sim/package.dsv'
[0.805s] INFO:colcon.colcon_core.shell:Creating package script '/home/rrm/install/rrm_sim/share/rrm_sim/package.sh'
[0.805s] INFO:colcon.colcon_core.shell:Creating package script '/home/rrm/install/rrm_sim/share/rrm_sim/package.bash'
[0.806s] INFO:colcon.colcon_core.shell:Creating package script '/home/rrm/install/rrm_sim/share/rrm_sim/package.zsh'
[0.806s] Level 1:colcon.colcon_core.environment:create_file_with_runtime_dependencies(/home/rrm/install/rrm_sim/share/colcon-core/packages/rrm_sim)
[8.828s] DEBUG:colcon.colcon_core.event_handler.log_command:Invoked command in '/home/rrm/build/cv2' returned '0': CMAKE_PREFIX_PATH=/home/rrm/install/rrm_msgs:/home/rrm/install/rrm_simple_robot_model:/home/rrm/install/rrm_sim:/home/rrm/install/cv2:/home/rrm/install/cv1:/opt/ros/humble /usr/bin/cmake --build /home/rrm/build/cv2 -- -j8 -l8
[8.830s] DEBUG:colcon.colcon_core.event_handler.log_command:Invoking command in '/home/rrm/build/cv2': CMAKE_PREFIX_PATH=/home/rrm/install/rrm_msgs:/home/rrm/install/rrm_simple_robot_model:/home/rrm/install/rrm_sim:/home/rrm/install/cv2:/home/rrm/install/cv1:/opt/ros/humble /usr/bin/cmake --install /home/rrm/build/cv2
[8.840s] DEBUG:colcon.colcon_core.event_handler.log_command:Invoked command in '/home/rrm/build/cv2' returned '1': CMAKE_PREFIX_PATH=/home/rrm/install/rrm_msgs:/home/rrm/install/rrm_simple_robot_model:/home/rrm/install/rrm_sim:/home/rrm/install/cv2:/home/rrm/install/cv1:/opt/ros/humble /usr/bin/cmake --install /home/rrm/build/cv2
[8.841s] Level 1:colcon.colcon_core.environment:create_environment_scripts_only(cv2)
[8.841s] Level 1:colcon.colcon_core.environment:checking '/home/rrm/install/cv2' for CMake module files
[8.841s] Level 1:colcon.colcon_core.environment:checking '/home/rrm/install/cv2' for CMake config files
[8.842s] Level 1:colcon.colcon_core.shell:create_environment_hook('cv2', 'cmake_prefix_path')
[8.842s] INFO:colcon.colcon_core.shell:Creating environment hook '/home/rrm/install/cv2/share/cv2/hook/cmake_prefix_path.ps1'
[8.842s] INFO:colcon.colcon_core.shell:Creating environment descriptor '/home/rrm/install/cv2/share/cv2/hook/cmake_prefix_path.dsv'
[8.843s] INFO:colcon.colcon_core.shell:Creating environment hook '/home/rrm/install/cv2/share/cv2/hook/cmake_prefix_path.sh'
[8.843s] Level 1:colcon.colcon_core.environment:checking '/home/rrm/install/cv2/lib'
[8.843s] Level 1:colcon.colcon_core.environment:checking '/home/rrm/install/cv2/bin'
[8.843s] Level 1:colcon.colcon_core.environment:checking '/home/rrm/install/cv2/lib/pkgconfig/cv2.pc'
[8.843s] Level 1:colcon.colcon_core.environment:checking '/home/rrm/install/cv2/lib/python3.10/site-packages'
[8.844s] Level 1:colcon.colcon_core.environment:checking '/home/rrm/install/cv2/bin'
[8.844s] INFO:colcon.colcon_core.shell:Creating package script '/home/rrm/install/cv2/share/cv2/package.ps1'
[8.845s] INFO:colcon.colcon_core.shell:Creating package descriptor '/home/rrm/install/cv2/share/cv2/package.dsv'
[8.845s] INFO:colcon.colcon_core.shell:Creating package script '/home/rrm/install/cv2/share/cv2/package.sh'
[8.846s] INFO:colcon.colcon_core.shell:Creating package script '/home/rrm/install/cv2/share/cv2/package.bash'
[8.846s] INFO:colcon.colcon_core.shell:Creating package script '/home/rrm/install/cv2/share/cv2/package.zsh'
[8.846s] Level 1:colcon.colcon_core.environment:create_file_with_runtime_dependencies(/home/rrm/install/cv2/share/colcon-core/packages/cv2)
[8.857s] DEBUG:colcon.colcon_parallel_executor.executor.parallel:closing loop
[8.857s] DEBUG:colcon.colcon_parallel_executor.executor.parallel:loop closed
[8.857s] DEBUG:colcon.colcon_parallel_executor.executor.parallel:run_until_complete finished with '1'
[8.857s] DEBUG:colcon.colcon_core.event_reactor:joining thread
[8.864s] INFO:colcon.colcon_core.plugin_system:Skipping extension 'colcon_notification.desktop_notification.notify_send': Could not find 'notify-send'
[8.864s] INFO:colcon.colcon_core.plugin_system:Skipping extension 'colcon_notification.desktop_notification.terminal_notifier': Not used on non-Darwin systems
[8.864s] INFO:colcon.colcon_core.plugin_system:Skipping extension 'colcon_notification.desktop_notification.win32': Not used on non-Windows systems
[8.864s] INFO:colcon.colcon_notification.desktop_notification:Sending desktop notification using 'notify2'
[8.867s] DEBUG:colcon.colcon_notification.desktop_notification.notify2:Failed to initialize notify2: org.freedesktop.DBus.Error.Spawn.ExecFailed: /usr/bin/dbus-launch terminated abnormally without any error message
[8.867s] DEBUG:colcon.colcon_core.event_reactor:joined thread
[8.868s] INFO:colcon.colcon_core.shell:Creating prefix script '/home/rrm/install/local_setup.ps1'
[8.869s] INFO:colcon.colcon_core.shell:Creating prefix util module '/home/rrm/install/_local_setup_util_ps1.py'
[8.872s] INFO:colcon.colcon_core.shell:Creating prefix chain script '/home/rrm/install/setup.ps1'
[8.873s] INFO:colcon.colcon_core.shell:Creating prefix script '/home/rrm/install/local_setup.sh'
[8.874s] INFO:colcon.colcon_core.shell:Creating prefix util module '/home/rrm/install/_local_setup_util_sh.py'
[8.874s] INFO:colcon.colcon_core.shell:Creating prefix chain script '/home/rrm/install/setup.sh'
[8.876s] INFO:colcon.colcon_core.shell:Creating prefix script '/home/rrm/install/local_setup.bash'
[8.876s] INFO:colcon.colcon_core.shell:Creating prefix chain script '/home/rrm/install/setup.bash'
[8.877s] INFO:colcon.colcon_core.shell:Creating prefix script '/home/rrm/install/local_setup.zsh'
[8.878s] INFO:colcon.colcon_core.shell:Creating prefix chain script '/home/rrm/install/setup.zsh'
