-- The C compiler identification is GNU 11.4.0
-- The CXX compiler identification is GNU 11.4.0
-- Detecting C compiler ABI info
-- Detecting C compiler ABI info - done
-- Check for working C compiler: /usr/bin/cc - skipped
-- Detecting C compile features
-- Detecting C compile features - done
-- Detecting CXX compiler ABI info
-- Detecting CXX compiler ABI info - done
-- Check for working CXX compiler: /usr/bin/c++ - skipped
-- Detecting CXX compile features
-- Detecting CXX compile features - done
-- Found ament_cmake: 1.3.12 (/opt/ros/humble/share/ament_cmake/cmake)
-- Found Python3: /usr/bin/python3 (found version "3.10.12") found components: Interpreter 
-- Found rosidl_default_generators: 1.2.0 (/opt/ros/humble/share/rosidl_default_generators/cmake)
-- Using all available rosidl_typesupport_c: rosidl_typesupport_fastrtps_c;rosidl_typesupport_introspection_c
-- Found rosidl_adapter: 3.1.8 (/opt/ros/humble/share/rosidl_adapter/cmake)
-- Using all available rosidl_typesupport_cpp: rosidl_typesupport_fastrtps_cpp;rosidl_typesupport_introspection_cpp
-- Found ament_cmake_ros: 0.10.0 (/opt/ros/humble/share/ament_cmake_ros/cmake)
-- Using all available rosidl_typesupport_c: rosidl_typesupport_fastrtps_c;rosidl_typesupport_introspection_c
-- Using all available rosidl_typesupport_cpp: rosidl_typesupport_fastrtps_cpp;rosidl_typesupport_introspection_cpp
-- Found PythonInterp: /usr/bin/python3 (found suitable version "3.10.12", minimum required is "3.6") 
-- Found python_cmake_module: 0.10.0 (/opt/ros/humble/share/python_cmake_module/cmake)
-- Found PythonLibs: /usr/lib/x86_64-linux-gnu/libpython3.10.so (found suitable version "3.10.12", minimum required is "3.5") 
-- Using PYTHON_EXECUTABLE: /usr/bin/python3
-- Using PYTHON_INCLUDE_DIRS: /usr/include/python3.10
-- Using PYTHON_LIBRARIES: /usr/lib/x86_64-linux-gnu/libpython3.10.so
-- Found PythonExtra: .so  
-- Found ament_lint_auto: 0.12.14 (/opt/ros/humble/share/ament_lint_auto/cmake)
-- Added test 'copyright' to check source files copyright and LICENSE
-- Added test 'lint_cmake' to check CMake code style
-- Added test 'xmllint' to check XML markup files
-- Configuring done
-- Generating done
-- Build files have been written to: /home/rrm/src/build/rrm_msgs
[  2%] [34m[1mGenerating C code for ROS interfaces[0m
[  5%] [34m[1mGenerating C++ code for ROS interfaces[0m
[  5%] Built target ament_cmake_python_copy_rrm_msgs
running egg_info
creating rrm_msgs.egg-info
writing rrm_msgs.egg-info/PKG-INFO
writing dependency_links to rrm_msgs.egg-info/dependency_links.txt
writing top-level names to rrm_msgs.egg-info/top_level.txt
writing manifest file 'rrm_msgs.egg-info/SOURCES.txt'
reading manifest file 'rrm_msgs.egg-info/SOURCES.txt'
writing manifest file 'rrm_msgs.egg-info/SOURCES.txt'
[  5%] Built target ament_cmake_python_build_rrm_msgs_egg
[ 10%] [32mBuilding C object CMakeFiles/rrm_msgs__rosidl_generator_c.dir/rosidl_generator_c/rrm_msgs/srv/detail/command__functions.c.o[0m
[ 10%] [32mBuilding C object CMakeFiles/rrm_msgs__rosidl_generator_c.dir/rosidl_generator_c/rrm_msgs/msg/detail/command__functions.c.o[0m
[ 12%] [32m[1mLinking C shared library librrm_msgs__rosidl_generator_c.so[0m
[ 12%] Built target rrm_msgs__cpp
[ 20%] [34m[1mGenerating C++ type support dispatch for ROS interfaces[0m
[ 20%] [34m[1mGenerating C++ type support for eProsima Fast-RTPS[0m
[ 20%] [34m[1mGenerating C++ introspection for ROS interfaces[0m
[ 20%] Built target rrm_msgs__rosidl_generator_c
[ 23%] [34m[1mGenerating C type support for eProsima Fast-RTPS[0m
[ 28%] [34m[1mGenerating C type support dispatch for ROS interfaces[0m
[ 28%] [34m[1mGenerating C introspection for ROS interfaces[0m
[ 30%] [32mBuilding CXX object CMakeFiles/rrm_msgs__rosidl_typesupport_cpp.dir/rosidl_typesupport_cpp/rrm_msgs/msg/command__type_support.cpp.o[0m
[ 33%] [32mBuilding CXX object CMakeFiles/rrm_msgs__rosidl_typesupport_cpp.dir/rosidl_typesupport_cpp/rrm_msgs/srv/command__type_support.cpp.o[0m
[ 35%] [32mBuilding CXX object CMakeFiles/rrm_msgs__rosidl_typesupport_c.dir/rosidl_typesupport_c/rrm_msgs/srv/command__type_support.cpp.o[0m
[ 38%] [32mBuilding CXX object CMakeFiles/rrm_msgs__rosidl_typesupport_introspection_cpp.dir/rosidl_typesupport_introspection_cpp/rrm_msgs/msg/detail/command__type_support.cpp.o[0m
[ 41%] [32mBuilding CXX object CMakeFiles/rrm_msgs__rosidl_typesupport_c.dir/rosidl_typesupport_c/rrm_msgs/msg/command__type_support.cpp.o[0m
[ 43%] [32mBuilding CXX object CMakeFiles/rrm_msgs__rosidl_typesupport_introspection_cpp.dir/rosidl_typesupport_introspection_cpp/rrm_msgs/srv/detail/command__type_support.cpp.o[0m
[ 46%] [32mBuilding CXX object CMakeFiles/rrm_msgs__rosidl_typesupport_fastrtps_c.dir/rosidl_typesupport_fastrtps_c/rrm_msgs/msg/detail/command__type_support_c.cpp.o[0m
[ 48%] [32m[1mLinking CXX shared library librrm_msgs__rosidl_typesupport_c.so[0m
[ 51%] [32mBuilding C object CMakeFiles/rrm_msgs__rosidl_typesupport_introspection_c.dir/rosidl_typesupport_introspection_c/rrm_msgs/msg/detail/command__type_support.c.o[0m
[ 53%] [32mBuilding CXX object CMakeFiles/rrm_msgs__rosidl_typesupport_fastrtps_cpp.dir/rosidl_typesupport_fastrtps_cpp/rrm_msgs/msg/detail/dds_fastrtps/command__type_support.cpp.o[0m
[ 56%] [32mBuilding C object CMakeFiles/rrm_msgs__rosidl_typesupport_introspection_c.dir/rosidl_typesupport_introspection_c/rrm_msgs/srv/detail/command__type_support.c.o[0m
[ 56%] Built target rrm_msgs__rosidl_typesupport_c
[ 58%] [32mBuilding CXX object CMakeFiles/rrm_msgs__rosidl_typesupport_fastrtps_c.dir/rosidl_typesupport_fastrtps_c/rrm_msgs/srv/detail/command__type_support_c.cpp.o[0m
[ 61%] [32m[1mLinking C shared library librrm_msgs__rosidl_typesupport_introspection_c.so[0m
[ 64%] [32mBuilding CXX object CMakeFiles/rrm_msgs__rosidl_typesupport_fastrtps_cpp.dir/rosidl_typesupport_fastrtps_cpp/rrm_msgs/srv/detail/dds_fastrtps/command__type_support.cpp.o[0m
[ 66%] [32m[1mLinking CXX shared library librrm_msgs__rosidl_typesupport_cpp.so[0m
[ 66%] Built target rrm_msgs__rosidl_typesupport_introspection_c
[ 66%] Built target rrm_msgs__rosidl_typesupport_cpp
[ 69%] [32m[1mLinking CXX shared library librrm_msgs__rosidl_typesupport_introspection_cpp.so[0m
[ 69%] Built target rrm_msgs__rosidl_typesupport_introspection_cpp
[ 71%] [32m[1mLinking CXX shared library librrm_msgs__rosidl_typesupport_fastrtps_c.so[0m
[ 71%] Built target rrm_msgs__rosidl_typesupport_fastrtps_c
[ 74%] [32m[1mLinking CXX shared library librrm_msgs__rosidl_typesupport_fastrtps_cpp.so[0m
[ 74%] Built target rrm_msgs__rosidl_typesupport_fastrtps_cpp
[ 74%] Built target rrm_msgs
[ 76%] [34m[1mGenerating Python code for ROS interfaces[0m
[ 76%] Built target rrm_msgs__py
[ 82%] [32mBuilding C object CMakeFiles/rrm_msgs__rosidl_generator_py.dir/rosidl_generator_py/rrm_msgs/msg/_command_s.c.o[0m
[ 82%] [32mBuilding C object CMakeFiles/rrm_msgs__rosidl_generator_py.dir/rosidl_generator_py/rrm_msgs/srv/_command_s.c.o[0m
[ 84%] [32m[1mLinking C shared library rosidl_generator_py/rrm_msgs/librrm_msgs__rosidl_generator_py.so[0m
[ 84%] Built target rrm_msgs__rosidl_generator_py
[ 87%] [32mBuilding C object CMakeFiles/rrm_msgs__rosidl_typesupport_fastrtps_c__pyext.dir/rosidl_generator_py/rrm_msgs/_rrm_msgs_s.ep.rosidl_typesupport_fastrtps_c.c.o[0m
[ 89%] [32mBuilding C object CMakeFiles/rrm_msgs__rosidl_typesupport_introspection_c__pyext.dir/rosidl_generator_py/rrm_msgs/_rrm_msgs_s.ep.rosidl_typesupport_introspection_c.c.o[0m
[ 92%] [32mBuilding C object CMakeFiles/rrm_msgs__rosidl_typesupport_c__pyext.dir/rosidl_generator_py/rrm_msgs/_rrm_msgs_s.ep.rosidl_typesupport_c.c.o[0m
[ 94%] [32m[1mLinking C shared library rosidl_generator_py/rrm_msgs/rrm_msgs_s__rosidl_typesupport_introspection_c.cpython-310-x86_64-linux-gnu.so[0m
[ 97%] [32m[1mLinking C shared library rosidl_generator_py/rrm_msgs/rrm_msgs_s__rosidl_typesupport_fastrtps_c.cpython-310-x86_64-linux-gnu.so[0m
[ 97%] Built target rrm_msgs__rosidl_typesupport_introspection_c__pyext
[ 97%] Built target rrm_msgs__rosidl_typesupport_fastrtps_c__pyext
[100%] [32m[1mLinking C shared library rosidl_generator_py/rrm_msgs/rrm_msgs_s__rosidl_typesupport_c.cpython-310-x86_64-linux-gnu.so[0m
[100%] Built target rrm_msgs__rosidl_typesupport_c__pyext
-- Install configuration: ""
-- Installing: /home/rrm/src/install/rrm_msgs/share/ament_index/resource_index/rosidl_interfaces/rrm_msgs
-- Installing: /home/rrm/src/install/rrm_msgs/include/rrm_msgs/rrm_msgs
-- Installing: /home/rrm/src/install/rrm_msgs/include/rrm_msgs/rrm_msgs/msg
-- Installing: /home/rrm/src/install/rrm_msgs/include/rrm_msgs/rrm_msgs/msg/detail
-- Installing: /home/rrm/src/install/rrm_msgs/include/rrm_msgs/rrm_msgs/msg/detail/command__functions.h
-- Installing: /home/rrm/src/install/rrm_msgs/include/rrm_msgs/rrm_msgs/msg/detail/command__type_support.h
-- Installing: /home/rrm/src/install/rrm_msgs/include/rrm_msgs/rrm_msgs/msg/detail/command__functions.c
-- Installing: /home/rrm/src/install/rrm_msgs/include/rrm_msgs/rrm_msgs/msg/detail/command__struct.h
-- Installing: /home/rrm/src/install/rrm_msgs/include/rrm_msgs/rrm_msgs/msg/command.h
-- Installing: /home/rrm/src/install/rrm_msgs/include/rrm_msgs/rrm_msgs/msg/rosidl_generator_c__visibility_control.h
-- Installing: /home/rrm/src/install/rrm_msgs/include/rrm_msgs/rrm_msgs/srv
-- Installing: /home/rrm/src/install/rrm_msgs/include/rrm_msgs/rrm_msgs/srv/detail
-- Installing: /home/rrm/src/install/rrm_msgs/include/rrm_msgs/rrm_msgs/srv/detail/command__functions.h
-- Installing: /home/rrm/src/install/rrm_msgs/include/rrm_msgs/rrm_msgs/srv/detail/command__type_support.h
-- Installing: /home/rrm/src/install/rrm_msgs/include/rrm_msgs/rrm_msgs/srv/detail/command__functions.c
-- Installing: /home/rrm/src/install/rrm_msgs/include/rrm_msgs/rrm_msgs/srv/detail/command__struct.h
-- Installing: /home/rrm/src/install/rrm_msgs/include/rrm_msgs/rrm_msgs/srv/command.h
-- Installing: /home/rrm/src/install/rrm_msgs/share/rrm_msgs/environment/library_path.sh
-- Installing: /home/rrm/src/install/rrm_msgs/share/rrm_msgs/environment/library_path.dsv
-- Installing: /home/rrm/src/install/rrm_msgs/lib/librrm_msgs__rosidl_generator_c.so
-- Set runtime path of "/home/rrm/src/install/rrm_msgs/lib/librrm_msgs__rosidl_generator_c.so" to ""
-- Up-to-date: /home/rrm/src/install/rrm_msgs/include/rrm_msgs/rrm_msgs
-- Up-to-date: /home/rrm/src/install/rrm_msgs/include/rrm_msgs/rrm_msgs/msg
-- Installing: /home/rrm/src/install/rrm_msgs/include/rrm_msgs/rrm_msgs/msg/rosidl_typesupport_fastrtps_c__visibility_control.h
-- Up-to-date: /home/rrm/src/install/rrm_msgs/include/rrm_msgs/rrm_msgs/msg/detail
-- Installing: /home/rrm/src/install/rrm_msgs/include/rrm_msgs/rrm_msgs/msg/detail/command__rosidl_typesupport_fastrtps_c.h
-- Up-to-date: /home/rrm/src/install/rrm_msgs/include/rrm_msgs/rrm_msgs/srv
-- Up-to-date: /home/rrm/src/install/rrm_msgs/include/rrm_msgs/rrm_msgs/srv/detail
-- Installing: /home/rrm/src/install/rrm_msgs/include/rrm_msgs/rrm_msgs/srv/detail/command__rosidl_typesupport_fastrtps_c.h
-- Installing: /home/rrm/src/install/rrm_msgs/lib/librrm_msgs__rosidl_typesupport_fastrtps_c.so
-- Set runtime path of "/home/rrm/src/install/rrm_msgs/lib/librrm_msgs__rosidl_typesupport_fastrtps_c.so" to ""
-- Up-to-date: /home/rrm/src/install/rrm_msgs/include/rrm_msgs/rrm_msgs
-- Up-to-date: /home/rrm/src/install/rrm_msgs/include/rrm_msgs/rrm_msgs/msg
-- Up-to-date: /home/rrm/src/install/rrm_msgs/include/rrm_msgs/rrm_msgs/msg/detail
-- Installing: /home/rrm/src/install/rrm_msgs/include/rrm_msgs/rrm_msgs/msg/detail/command__type_support.c
-- Installing: /home/rrm/src/install/rrm_msgs/include/rrm_msgs/rrm_msgs/msg/detail/command__rosidl_typesupport_introspection_c.h
-- Installing: /home/rrm/src/install/rrm_msgs/include/rrm_msgs/rrm_msgs/msg/rosidl_typesupport_introspection_c__visibility_control.h
-- Up-to-date: /home/rrm/src/install/rrm_msgs/include/rrm_msgs/rrm_msgs/srv
-- Up-to-date: /home/rrm/src/install/rrm_msgs/include/rrm_msgs/rrm_msgs/srv/detail
-- Installing: /home/rrm/src/install/rrm_msgs/include/rrm_msgs/rrm_msgs/srv/detail/command__type_support.c
-- Installing: /home/rrm/src/install/rrm_msgs/include/rrm_msgs/rrm_msgs/srv/detail/command__rosidl_typesupport_introspection_c.h
-- Installing: /home/rrm/src/install/rrm_msgs/lib/librrm_msgs__rosidl_typesupport_introspection_c.so
-- Set runtime path of "/home/rrm/src/install/rrm_msgs/lib/librrm_msgs__rosidl_typesupport_introspection_c.so" to ""
-- Installing: /home/rrm/src/install/rrm_msgs/lib/librrm_msgs__rosidl_typesupport_c.so
-- Set runtime path of "/home/rrm/src/install/rrm_msgs/lib/librrm_msgs__rosidl_typesupport_c.so" to ""
-- Up-to-date: /home/rrm/src/install/rrm_msgs/include/rrm_msgs/rrm_msgs
-- Up-to-date: /home/rrm/src/install/rrm_msgs/include/rrm_msgs/rrm_msgs/msg
-- Installing: /home/rrm/src/install/rrm_msgs/include/rrm_msgs/rrm_msgs/msg/command.hpp
-- Up-to-date: /home/rrm/src/install/rrm_msgs/include/rrm_msgs/rrm_msgs/msg/detail
-- Installing: /home/rrm/src/install/rrm_msgs/include/rrm_msgs/rrm_msgs/msg/detail/command__traits.hpp
-- Installing: /home/rrm/src/install/rrm_msgs/include/rrm_msgs/rrm_msgs/msg/detail/command__builder.hpp
-- Installing: /home/rrm/src/install/rrm_msgs/include/rrm_msgs/rrm_msgs/msg/detail/command__type_support.hpp
-- Installing: /home/rrm/src/install/rrm_msgs/include/rrm_msgs/rrm_msgs/msg/detail/command__struct.hpp
-- Installing: /home/rrm/src/install/rrm_msgs/include/rrm_msgs/rrm_msgs/msg/rosidl_generator_cpp__visibility_control.hpp
-- Up-to-date: /home/rrm/src/install/rrm_msgs/include/rrm_msgs/rrm_msgs/srv
-- Installing: /home/rrm/src/install/rrm_msgs/include/rrm_msgs/rrm_msgs/srv/command.hpp
-- Up-to-date: /home/rrm/src/install/rrm_msgs/include/rrm_msgs/rrm_msgs/srv/detail
-- Installing: /home/rrm/src/install/rrm_msgs/include/rrm_msgs/rrm_msgs/srv/detail/command__traits.hpp
-- Installing: /home/rrm/src/install/rrm_msgs/include/rrm_msgs/rrm_msgs/srv/detail/command__builder.hpp
-- Installing: /home/rrm/src/install/rrm_msgs/include/rrm_msgs/rrm_msgs/srv/detail/command__type_support.hpp
-- Installing: /home/rrm/src/install/rrm_msgs/include/rrm_msgs/rrm_msgs/srv/detail/command__struct.hpp
-- Up-to-date: /home/rrm/src/install/rrm_msgs/include/rrm_msgs/rrm_msgs
-- Up-to-date: /home/rrm/src/install/rrm_msgs/include/rrm_msgs/rrm_msgs/msg
-- Up-to-date: /home/rrm/src/install/rrm_msgs/include/rrm_msgs/rrm_msgs/msg/detail
-- Installing: /home/rrm/src/install/rrm_msgs/include/rrm_msgs/rrm_msgs/msg/detail/dds_fastrtps
-- Installing: /home/rrm/src/install/rrm_msgs/include/rrm_msgs/rrm_msgs/msg/detail/command__rosidl_typesupport_fastrtps_cpp.hpp
-- Installing: /home/rrm/src/install/rrm_msgs/include/rrm_msgs/rrm_msgs/msg/rosidl_typesupport_fastrtps_cpp__visibility_control.h
-- Up-to-date: /home/rrm/src/install/rrm_msgs/include/rrm_msgs/rrm_msgs/srv
-- Up-to-date: /home/rrm/src/install/rrm_msgs/include/rrm_msgs/rrm_msgs/srv/detail
-- Installing: /home/rrm/src/install/rrm_msgs/include/rrm_msgs/rrm_msgs/srv/detail/dds_fastrtps
-- Installing: /home/rrm/src/install/rrm_msgs/include/rrm_msgs/rrm_msgs/srv/detail/command__rosidl_typesupport_fastrtps_cpp.hpp
-- Installing: /home/rrm/src/install/rrm_msgs/lib/librrm_msgs__rosidl_typesupport_fastrtps_cpp.so
-- Set runtime path of "/home/rrm/src/install/rrm_msgs/lib/librrm_msgs__rosidl_typesupport_fastrtps_cpp.so" to ""
-- Up-to-date: /home/rrm/src/install/rrm_msgs/include/rrm_msgs/rrm_msgs
-- Up-to-date: /home/rrm/src/install/rrm_msgs/include/rrm_msgs/rrm_msgs/msg
-- Up-to-date: /home/rrm/src/install/rrm_msgs/include/rrm_msgs/rrm_msgs/msg/detail
-- Installing: /home/rrm/src/install/rrm_msgs/include/rrm_msgs/rrm_msgs/msg/detail/command__type_support.cpp
-- Installing: /home/rrm/src/install/rrm_msgs/include/rrm_msgs/rrm_msgs/msg/detail/command__rosidl_typesupport_introspection_cpp.hpp
-- Up-to-date: /home/rrm/src/install/rrm_msgs/include/rrm_msgs/rrm_msgs/srv
-- Up-to-date: /home/rrm/src/install/rrm_msgs/include/rrm_msgs/rrm_msgs/srv/detail
-- Installing: /home/rrm/src/install/rrm_msgs/include/rrm_msgs/rrm_msgs/srv/detail/command__type_support.cpp
-- Installing: /home/rrm/src/install/rrm_msgs/include/rrm_msgs/rrm_msgs/srv/detail/command__rosidl_typesupport_introspection_cpp.hpp
-- Installing: /home/rrm/src/install/rrm_msgs/lib/librrm_msgs__rosidl_typesupport_introspection_cpp.so
-- Set runtime path of "/home/rrm/src/install/rrm_msgs/lib/librrm_msgs__rosidl_typesupport_introspection_cpp.so" to ""
-- Installing: /home/rrm/src/install/rrm_msgs/lib/librrm_msgs__rosidl_typesupport_cpp.so
-- Set runtime path of "/home/rrm/src/install/rrm_msgs/lib/librrm_msgs__rosidl_typesupport_cpp.so" to ""
-- Installing: /home/rrm/src/install/rrm_msgs/share/rrm_msgs/environment/pythonpath.sh
-- Installing: /home/rrm/src/install/rrm_msgs/share/rrm_msgs/environment/pythonpath.dsv
-- Installing: /home/rrm/src/install/rrm_msgs/local/lib/python3.10/dist-packages/rrm_msgs-0.0.0-py3.10.egg-info
-- Installing: /home/rrm/src/install/rrm_msgs/local/lib/python3.10/dist-packages/rrm_msgs-0.0.0-py3.10.egg-info/SOURCES.txt
-- Installing: /home/rrm/src/install/rrm_msgs/local/lib/python3.10/dist-packages/rrm_msgs-0.0.0-py3.10.egg-info/dependency_links.txt
-- Installing: /home/rrm/src/install/rrm_msgs/local/lib/python3.10/dist-packages/rrm_msgs-0.0.0-py3.10.egg-info/PKG-INFO
-- Installing: /home/rrm/src/install/rrm_msgs/local/lib/python3.10/dist-packages/rrm_msgs-0.0.0-py3.10.egg-info/top_level.txt
-- Installing: /home/rrm/src/install/rrm_msgs/local/lib/python3.10/dist-packages/rrm_msgs
-- Installing: /home/rrm/src/install/rrm_msgs/local/lib/python3.10/dist-packages/rrm_msgs/__init__.py
-- Installing: /home/rrm/src/install/rrm_msgs/local/lib/python3.10/dist-packages/rrm_msgs/msg
-- Installing: /home/rrm/src/install/rrm_msgs/local/lib/python3.10/dist-packages/rrm_msgs/msg/_command_s.c
-- Installing: /home/rrm/src/install/rrm_msgs/local/lib/python3.10/dist-packages/rrm_msgs/msg/__init__.py
-- Installing: /home/rrm/src/install/rrm_msgs/local/lib/python3.10/dist-packages/rrm_msgs/msg/_command.py
-- Installing: /home/rrm/src/install/rrm_msgs/local/lib/python3.10/dist-packages/rrm_msgs/rrm_msgs_s__rosidl_typesupport_fastrtps_c.cpython-310-x86_64-linux-gnu.so
-- Installing: /home/rrm/src/install/rrm_msgs/local/lib/python3.10/dist-packages/rrm_msgs/_rrm_msgs_s.ep.rosidl_typesupport_introspection_c.c
-- Installing: /home/rrm/src/install/rrm_msgs/local/lib/python3.10/dist-packages/rrm_msgs/_rrm_msgs_s.ep.rosidl_typesupport_c.c
-- Installing: /home/rrm/src/install/rrm_msgs/local/lib/python3.10/dist-packages/rrm_msgs/_rrm_msgs_s.ep.rosidl_typesupport_fastrtps_c.c
-- Installing: /home/rrm/src/install/rrm_msgs/local/lib/python3.10/dist-packages/rrm_msgs/librrm_msgs__rosidl_generator_py.so
-- Installing: /home/rrm/src/install/rrm_msgs/local/lib/python3.10/dist-packages/rrm_msgs/rrm_msgs_s__rosidl_typesupport_c.cpython-310-x86_64-linux-gnu.so
-- Installing: /home/rrm/src/install/rrm_msgs/local/lib/python3.10/dist-packages/rrm_msgs/rrm_msgs_s__rosidl_typesupport_introspection_c.cpython-310-x86_64-linux-gnu.so
-- Installing: /home/rrm/src/install/rrm_msgs/local/lib/python3.10/dist-packages/rrm_msgs/srv
-- Installing: /home/rrm/src/install/rrm_msgs/local/lib/python3.10/dist-packages/rrm_msgs/srv/_command_s.c
-- Installing: /home/rrm/src/install/rrm_msgs/local/lib/python3.10/dist-packages/rrm_msgs/srv/__init__.py
-- Installing: /home/rrm/src/install/rrm_msgs/local/lib/python3.10/dist-packages/rrm_msgs/srv/_command.py
Listing '/home/rrm/src/install/rrm_msgs/local/lib/python3.10/dist-packages/rrm_msgs'...
Compiling '/home/rrm/src/install/rrm_msgs/local/lib/python3.10/dist-packages/rrm_msgs/__init__.py'...
Listing '/home/rrm/src/install/rrm_msgs/local/lib/python3.10/dist-packages/rrm_msgs/msg'...
Compiling '/home/rrm/src/install/rrm_msgs/local/lib/python3.10/dist-packages/rrm_msgs/msg/__init__.py'...
Compiling '/home/rrm/src/install/rrm_msgs/local/lib/python3.10/dist-packages/rrm_msgs/msg/_command.py'...
Listing '/home/rrm/src/install/rrm_msgs/local/lib/python3.10/dist-packages/rrm_msgs/srv'...
Compiling '/home/rrm/src/install/rrm_msgs/local/lib/python3.10/dist-packages/rrm_msgs/srv/__init__.py'...
Compiling '/home/rrm/src/install/rrm_msgs/local/lib/python3.10/dist-packages/rrm_msgs/srv/_command.py'...
-- Installing: /home/rrm/src/install/rrm_msgs/local/lib/python3.10/dist-packages/rrm_msgs/rrm_msgs_s__rosidl_typesupport_fastrtps_c.cpython-310-x86_64-linux-gnu.so
-- Set runtime path of "/home/rrm/src/install/rrm_msgs/local/lib/python3.10/dist-packages/rrm_msgs/rrm_msgs_s__rosidl_typesupport_fastrtps_c.cpython-310-x86_64-linux-gnu.so" to ""
-- Installing: /home/rrm/src/install/rrm_msgs/local/lib/python3.10/dist-packages/rrm_msgs/rrm_msgs_s__rosidl_typesupport_introspection_c.cpython-310-x86_64-linux-gnu.so
-- Set runtime path of "/home/rrm/src/install/rrm_msgs/local/lib/python3.10/dist-packages/rrm_msgs/rrm_msgs_s__rosidl_typesupport_introspection_c.cpython-310-x86_64-linux-gnu.so" to ""
-- Installing: /home/rrm/src/install/rrm_msgs/local/lib/python3.10/dist-packages/rrm_msgs/rrm_msgs_s__rosidl_typesupport_c.cpython-310-x86_64-linux-gnu.so
-- Set runtime path of "/home/rrm/src/install/rrm_msgs/local/lib/python3.10/dist-packages/rrm_msgs/rrm_msgs_s__rosidl_typesupport_c.cpython-310-x86_64-linux-gnu.so" to ""
-- Installing: /home/rrm/src/install/rrm_msgs/lib/librrm_msgs__rosidl_generator_py.so
-- Set runtime path of "/home/rrm/src/install/rrm_msgs/lib/librrm_msgs__rosidl_generator_py.so" to ""
-- Installing: /home/rrm/src/install/rrm_msgs/share/rrm_msgs/msg/Command.idl
-- Installing: /home/rrm/src/install/rrm_msgs/share/rrm_msgs/srv/Command.idl
-- Installing: /home/rrm/src/install/rrm_msgs/share/rrm_msgs/msg/Command.msg
-- Installing: /home/rrm/src/install/rrm_msgs/share/rrm_msgs/srv/Command.srv
-- Installing: /home/rrm/src/install/rrm_msgs/share/rrm_msgs/srv/Command_Request.msg
-- Installing: /home/rrm/src/install/rrm_msgs/share/rrm_msgs/srv/Command_Response.msg
-- Installing: /home/rrm/src/install/rrm_msgs/share/ament_index/resource_index/package_run_dependencies/rrm_msgs
-- Installing: /home/rrm/src/install/rrm_msgs/share/ament_index/resource_index/parent_prefix_path/rrm_msgs
-- Installing: /home/rrm/src/install/rrm_msgs/share/rrm_msgs/environment/ament_prefix_path.sh
-- Installing: /home/rrm/src/install/rrm_msgs/share/rrm_msgs/environment/ament_prefix_path.dsv
-- Installing: /home/rrm/src/install/rrm_msgs/share/rrm_msgs/environment/path.sh
-- Installing: /home/rrm/src/install/rrm_msgs/share/rrm_msgs/environment/path.dsv
-- Installing: /home/rrm/src/install/rrm_msgs/share/rrm_msgs/local_setup.bash
-- Installing: /home/rrm/src/install/rrm_msgs/share/rrm_msgs/local_setup.sh
-- Installing: /home/rrm/src/install/rrm_msgs/share/rrm_msgs/local_setup.zsh
-- Installing: /home/rrm/src/install/rrm_msgs/share/rrm_msgs/local_setup.dsv
-- Installing: /home/rrm/src/install/rrm_msgs/share/rrm_msgs/package.dsv
-- Installing: /home/rrm/src/install/rrm_msgs/share/ament_index/resource_index/packages/rrm_msgs
-- Installing: /home/rrm/src/install/rrm_msgs/share/rrm_msgs/cmake/export_rrm_msgs__rosidl_generator_cExport.cmake
-- Installing: /home/rrm/src/install/rrm_msgs/share/rrm_msgs/cmake/export_rrm_msgs__rosidl_generator_cExport-noconfig.cmake
-- Installing: /home/rrm/src/install/rrm_msgs/share/rrm_msgs/cmake/export_rrm_msgs__rosidl_typesupport_fastrtps_cExport.cmake
-- Installing: /home/rrm/src/install/rrm_msgs/share/rrm_msgs/cmake/export_rrm_msgs__rosidl_typesupport_fastrtps_cExport-noconfig.cmake
-- Installing: /home/rrm/src/install/rrm_msgs/share/rrm_msgs/cmake/rrm_msgs__rosidl_typesupport_introspection_cExport.cmake
-- Installing: /home/rrm/src/install/rrm_msgs/share/rrm_msgs/cmake/rrm_msgs__rosidl_typesupport_introspection_cExport-noconfig.cmake
-- Installing: /home/rrm/src/install/rrm_msgs/share/rrm_msgs/cmake/rrm_msgs__rosidl_typesupport_cExport.cmake
-- Installing: /home/rrm/src/install/rrm_msgs/share/rrm_msgs/cmake/rrm_msgs__rosidl_typesupport_cExport-noconfig.cmake
-- Installing: /home/rrm/src/install/rrm_msgs/share/rrm_msgs/cmake/export_rrm_msgs__rosidl_generator_cppExport.cmake
-- Installing: /home/rrm/src/install/rrm_msgs/share/rrm_msgs/cmake/export_rrm_msgs__rosidl_typesupport_fastrtps_cppExport.cmake
-- Installing: /home/rrm/src/install/rrm_msgs/share/rrm_msgs/cmake/export_rrm_msgs__rosidl_typesupport_fastrtps_cppExport-noconfig.cmake
-- Installing: /home/rrm/src/install/rrm_msgs/share/rrm_msgs/cmake/rrm_msgs__rosidl_typesupport_introspection_cppExport.cmake
-- Installing: /home/rrm/src/install/rrm_msgs/share/rrm_msgs/cmake/rrm_msgs__rosidl_typesupport_introspection_cppExport-noconfig.cmake
-- Installing: /home/rrm/src/install/rrm_msgs/share/rrm_msgs/cmake/rrm_msgs__rosidl_typesupport_cppExport.cmake
-- Installing: /home/rrm/src/install/rrm_msgs/share/rrm_msgs/cmake/rrm_msgs__rosidl_typesupport_cppExport-noconfig.cmake
-- Installing: /home/rrm/src/install/rrm_msgs/share/rrm_msgs/cmake/export_rrm_msgs__rosidl_generator_pyExport.cmake
-- Installing: /home/rrm/src/install/rrm_msgs/share/rrm_msgs/cmake/export_rrm_msgs__rosidl_generator_pyExport-noconfig.cmake
-- Installing: /home/rrm/src/install/rrm_msgs/share/rrm_msgs/cmake/rosidl_cmake-extras.cmake
-- Installing: /home/rrm/src/install/rrm_msgs/share/rrm_msgs/cmake/ament_cmake_export_include_directories-extras.cmake
-- Installing: /home/rrm/src/install/rrm_msgs/share/rrm_msgs/cmake/ament_cmake_export_libraries-extras.cmake
-- Installing: /home/rrm/src/install/rrm_msgs/share/rrm_msgs/cmake/ament_cmake_export_targets-extras.cmake
-- Installing: /home/rrm/src/install/rrm_msgs/share/rrm_msgs/cmake/rosidl_cmake_export_typesupport_targets-extras.cmake
-- Installing: /home/rrm/src/install/rrm_msgs/share/rrm_msgs/cmake/ament_cmake_export_dependencies-extras.cmake
-- Installing: /home/rrm/src/install/rrm_msgs/share/rrm_msgs/cmake/rosidl_cmake_export_typesupport_libraries-extras.cmake
-- Installing: /home/rrm/src/install/rrm_msgs/share/rrm_msgs/cmake/rrm_msgsConfig.cmake
-- Installing: /home/rrm/src/install/rrm_msgs/share/rrm_msgs/cmake/rrm_msgsConfig-version.cmake
-- Installing: /home/rrm/src/install/rrm_msgs/share/rrm_msgs/package.xml
