[0.023s] Invoking command in '/home/rrm/src/build/rrm_msgs': CMAKE_PREFIX_PATH=${CMAKE_PREFIX_PATH}:/opt/ros/humble /usr/bin/cmake /home/rrm/src/rrm_msgs -DCMAKE_INSTALL_PREFIX=/home/rrm/src/install/rrm_msgs
[0.269s] -- The C compiler identification is GNU 11.4.0
[0.414s] -- The CXX compiler identification is GNU 11.4.0
[0.422s] -- Detecting C compiler ABI info
[0.489s] -- Detecting C compiler ABI info - done
[0.496s] -- Check for working C compiler: /usr/bin/cc - skipped
[0.496s] -- Detecting C compile features
[0.497s] -- Detecting C compile features - done
[0.501s] -- Detecting CXX compiler ABI info
[0.569s] -- Detecting CXX compiler ABI info - done
[0.575s] -- Check for working CXX compiler: /usr/bin/c++ - skipped
[0.576s] -- Detecting CXX compile features
[0.576s] -- Detecting CXX compile features - done
[0.588s] -- Found ament_cmake: 1.3.12 (/opt/ros/humble/share/ament_cmake/cmake)
[0.730s] -- Found Python3: /usr/bin/python3 (found version "3.10.12") found components: Interpreter 
[0.838s] -- Found rosidl_default_generators: 1.2.0 (/opt/ros/humble/share/rosidl_default_generators/cmake)
[0.847s] -- Using all available rosidl_typesupport_c: rosidl_typesupport_fastrtps_c;rosidl_typesupport_introspection_c
[0.857s] -- Found rosidl_adapter: 3.1.8 (/opt/ros/humble/share/rosidl_adapter/cmake)
[0.909s] -- Using all available rosidl_typesupport_cpp: rosidl_typesupport_fastrtps_cpp;rosidl_typesupport_introspection_cpp
[1.180s] -- Found ament_cmake_ros: 0.10.0 (/opt/ros/humble/share/ament_cmake_ros/cmake)
[1.348s] -- Using all available rosidl_typesupport_c: rosidl_typesupport_fastrtps_c;rosidl_typesupport_introspection_c
[1.563s] -- Using all available rosidl_typesupport_cpp: rosidl_typesupport_fastrtps_cpp;rosidl_typesupport_introspection_cpp
[1.582s] -- Found PythonInterp: /usr/bin/python3 (found suitable version "3.10.12", minimum required is "3.6") 
[1.585s] -- Found python_cmake_module: 0.10.0 (/opt/ros/humble/share/python_cmake_module/cmake)
[1.606s] -- Found PythonLibs: /usr/lib/x86_64-linux-gnu/libpython3.10.so (found suitable version "3.10.12", minimum required is "3.5") 
[1.606s] -- Using PYTHON_EXECUTABLE: /usr/bin/python3
[1.606s] -- Using PYTHON_INCLUDE_DIRS: /usr/include/python3.10
[1.606s] -- Using PYTHON_LIBRARIES: /usr/lib/x86_64-linux-gnu/libpython3.10.so
[1.627s] -- Found PythonExtra: .so  
[1.664s] -- Found ament_lint_auto: 0.12.14 (/opt/ros/humble/share/ament_lint_auto/cmake)
[1.701s] -- Added test 'copyright' to check source files copyright and LICENSE
[1.704s] -- Added test 'lint_cmake' to check CMake code style
[1.706s] -- Added test 'xmllint' to check XML markup files
[1.710s] -- Configuring done
[1.748s] -- Generating done
[1.759s] -- Build files have been written to: /home/rrm/src/build/rrm_msgs
[1.764s] Invoked command in '/home/rrm/src/build/rrm_msgs' returned '0': CMAKE_PREFIX_PATH=${CMAKE_PREFIX_PATH}:/opt/ros/humble /usr/bin/cmake /home/rrm/src/rrm_msgs -DCMAKE_INSTALL_PREFIX=/home/rrm/src/install/rrm_msgs
[1.765s] Invoking command in '/home/rrm/src/build/rrm_msgs': CMAKE_PREFIX_PATH=${CMAKE_PREFIX_PATH}:/opt/ros/humble /usr/bin/cmake --build /home/rrm/src/build/rrm_msgs -- -j8 -l8
[1.793s] [  2%] [34m[1mGenerating C code for ROS interfaces[0m
[1.802s] [  5%] [34m[1mGenerating C++ code for ROS interfaces[0m
[1.810s] [  5%] Built target ament_cmake_python_copy_rrm_msgs
[2.061s] running egg_info
[2.062s] creating rrm_msgs.egg-info
[2.062s] writing rrm_msgs.egg-info/PKG-INFO
[2.062s] writing dependency_links to rrm_msgs.egg-info/dependency_links.txt
[2.063s] writing top-level names to rrm_msgs.egg-info/top_level.txt
[2.063s] writing manifest file 'rrm_msgs.egg-info/SOURCES.txt'
[2.065s] reading manifest file 'rrm_msgs.egg-info/SOURCES.txt'
[2.066s] writing manifest file 'rrm_msgs.egg-info/SOURCES.txt'
[2.096s] [  5%] Built target ament_cmake_python_build_rrm_msgs_egg
[2.189s] [ 10%] [32mBuilding C object CMakeFiles/rrm_msgs__rosidl_generator_c.dir/rosidl_generator_c/rrm_msgs/srv/detail/command__functions.c.o[0m
[2.189s] [ 10%] [32mBuilding C object CMakeFiles/rrm_msgs__rosidl_generator_c.dir/rosidl_generator_c/rrm_msgs/msg/detail/command__functions.c.o[0m
[2.264s] [ 12%] [32m[1mLinking C shared library librrm_msgs__rosidl_generator_c.so[0m
[2.272s] [ 12%] Built target rrm_msgs__cpp
[2.282s] [ 20%] [34m[1mGenerating C++ type support dispatch for ROS interfaces[0m
[2.282s] [ 20%] [34m[1mGenerating C++ type support for eProsima Fast-RTPS[0m
[2.282s] [ 20%] [34m[1mGenerating C++ introspection for ROS interfaces[0m
[2.300s] [ 20%] Built target rrm_msgs__rosidl_generator_c
[2.311s] [ 23%] [34m[1mGenerating C type support for eProsima Fast-RTPS[0m
[2.312s] [ 28%] [34m[1mGenerating C type support dispatch for ROS interfaces[0m
[2.315s] [ 28%] [34m[1mGenerating C introspection for ROS interfaces[0m
[2.703s] [ 30%] [32mBuilding CXX object CMakeFiles/rrm_msgs__rosidl_typesupport_cpp.dir/rosidl_typesupport_cpp/rrm_msgs/msg/command__type_support.cpp.o[0m
[2.712s] [ 33%] [32mBuilding CXX object CMakeFiles/rrm_msgs__rosidl_typesupport_cpp.dir/rosidl_typesupport_cpp/rrm_msgs/srv/command__type_support.cpp.o[0m
[2.800s] [ 35%] [32mBuilding CXX object CMakeFiles/rrm_msgs__rosidl_typesupport_c.dir/rosidl_typesupport_c/rrm_msgs/srv/command__type_support.cpp.o[0m
[2.811s] [ 38%] [32mBuilding CXX object CMakeFiles/rrm_msgs__rosidl_typesupport_introspection_cpp.dir/rosidl_typesupport_introspection_cpp/rrm_msgs/msg/detail/command__type_support.cpp.o[0m
[2.815s] [ 41%] [32mBuilding CXX object CMakeFiles/rrm_msgs__rosidl_typesupport_c.dir/rosidl_typesupport_c/rrm_msgs/msg/command__type_support.cpp.o[0m
[2.882s] [ 43%] [32mBuilding CXX object CMakeFiles/rrm_msgs__rosidl_typesupport_introspection_cpp.dir/rosidl_typesupport_introspection_cpp/rrm_msgs/srv/detail/command__type_support.cpp.o[0m
[2.893s] [ 46%] [32mBuilding CXX object CMakeFiles/rrm_msgs__rosidl_typesupport_fastrtps_c.dir/rosidl_typesupport_fastrtps_c/rrm_msgs/msg/detail/command__type_support_c.cpp.o[0m
[2.910s] [ 48%] [32m[1mLinking CXX shared library librrm_msgs__rosidl_typesupport_c.so[0m
[2.913s] [ 51%] [32mBuilding C object CMakeFiles/rrm_msgs__rosidl_typesupport_introspection_c.dir/rosidl_typesupport_introspection_c/rrm_msgs/msg/detail/command__type_support.c.o[0m
[2.935s] [ 53%] [32mBuilding CXX object CMakeFiles/rrm_msgs__rosidl_typesupport_fastrtps_cpp.dir/rosidl_typesupport_fastrtps_cpp/rrm_msgs/msg/detail/dds_fastrtps/command__type_support.cpp.o[0m
[3.011s] [ 56%] [32mBuilding C object CMakeFiles/rrm_msgs__rosidl_typesupport_introspection_c.dir/rosidl_typesupport_introspection_c/rrm_msgs/srv/detail/command__type_support.c.o[0m
[3.021s] [ 56%] Built target rrm_msgs__rosidl_typesupport_c
[3.033s] [ 58%] [32mBuilding CXX object CMakeFiles/rrm_msgs__rosidl_typesupport_fastrtps_c.dir/rosidl_typesupport_fastrtps_c/rrm_msgs/srv/detail/command__type_support_c.cpp.o[0m
[3.183s] [ 61%] [32m[1mLinking C shared library librrm_msgs__rosidl_typesupport_introspection_c.so[0m
[3.187s] [ 64%] [32mBuilding CXX object CMakeFiles/rrm_msgs__rosidl_typesupport_fastrtps_cpp.dir/rosidl_typesupport_fastrtps_cpp/rrm_msgs/srv/detail/dds_fastrtps/command__type_support.cpp.o[0m
[3.260s] [ 66%] [32m[1mLinking CXX shared library librrm_msgs__rosidl_typesupport_cpp.so[0m
[3.311s] [ 66%] Built target rrm_msgs__rosidl_typesupport_introspection_c
[3.409s] [ 66%] Built target rrm_msgs__rosidl_typesupport_cpp
[3.497s] [ 69%] [32m[1mLinking CXX shared library librrm_msgs__rosidl_typesupport_introspection_cpp.so[0m
[3.606s] [ 69%] Built target rrm_msgs__rosidl_typesupport_introspection_cpp
[3.613s] [ 71%] [32m[1mLinking CXX shared library librrm_msgs__rosidl_typesupport_fastrtps_c.so[0m
[3.692s] [ 71%] Built target rrm_msgs__rosidl_typesupport_fastrtps_c
[3.736s] [ 74%] [32m[1mLinking CXX shared library librrm_msgs__rosidl_typesupport_fastrtps_cpp.so[0m
[3.810s] [ 74%] Built target rrm_msgs__rosidl_typesupport_fastrtps_cpp
[3.829s] [ 74%] Built target rrm_msgs
[3.845s] [ 76%] [34m[1mGenerating Python code for ROS interfaces[0m
[4.278s] [ 76%] Built target rrm_msgs__py
[4.292s] [ 82%] [32mBuilding C object CMakeFiles/rrm_msgs__rosidl_generator_py.dir/rosidl_generator_py/rrm_msgs/msg/_command_s.c.o[0m
[4.293s] [ 82%] [32mBuilding C object CMakeFiles/rrm_msgs__rosidl_generator_py.dir/rosidl_generator_py/rrm_msgs/srv/_command_s.c.o[0m
[4.418s] [ 84%] [32m[1mLinking C shared library rosidl_generator_py/rrm_msgs/librrm_msgs__rosidl_generator_py.so[0m
[4.453s] [ 84%] Built target rrm_msgs__rosidl_generator_py
[4.468s] [ 87%] [32mBuilding C object CMakeFiles/rrm_msgs__rosidl_typesupport_fastrtps_c__pyext.dir/rosidl_generator_py/rrm_msgs/_rrm_msgs_s.ep.rosidl_typesupport_fastrtps_c.c.o[0m
[4.470s] [ 89%] [32mBuilding C object CMakeFiles/rrm_msgs__rosidl_typesupport_introspection_c__pyext.dir/rosidl_generator_py/rrm_msgs/_rrm_msgs_s.ep.rosidl_typesupport_introspection_c.c.o[0m
[4.473s] [ 92%] [32mBuilding C object CMakeFiles/rrm_msgs__rosidl_typesupport_c__pyext.dir/rosidl_generator_py/rrm_msgs/_rrm_msgs_s.ep.rosidl_typesupport_c.c.o[0m
[4.560s] [ 94%] [32m[1mLinking C shared library rosidl_generator_py/rrm_msgs/rrm_msgs_s__rosidl_typesupport_introspection_c.cpython-310-x86_64-linux-gnu.so[0m
[4.562s] [ 97%] [32m[1mLinking C shared library rosidl_generator_py/rrm_msgs/rrm_msgs_s__rosidl_typesupport_fastrtps_c.cpython-310-x86_64-linux-gnu.so[0m
[4.588s] [ 97%] Built target rrm_msgs__rosidl_typesupport_introspection_c__pyext
[4.592s] [ 97%] Built target rrm_msgs__rosidl_typesupport_fastrtps_c__pyext
[4.598s] [100%] [32m[1mLinking C shared library rosidl_generator_py/rrm_msgs/rrm_msgs_s__rosidl_typesupport_c.cpython-310-x86_64-linux-gnu.so[0m
[4.624s] [100%] Built target rrm_msgs__rosidl_typesupport_c__pyext
[4.637s] Invoked command in '/home/rrm/src/build/rrm_msgs' returned '0': CMAKE_PREFIX_PATH=${CMAKE_PREFIX_PATH}:/opt/ros/humble /usr/bin/cmake --build /home/rrm/src/build/rrm_msgs -- -j8 -l8
[4.639s] Invoking command in '/home/rrm/src/build/rrm_msgs': CMAKE_PREFIX_PATH=${CMAKE_PREFIX_PATH}:/opt/ros/humble /usr/bin/cmake --install /home/rrm/src/build/rrm_msgs
[4.647s] -- Install configuration: ""
[4.647s] -- Installing: /home/rrm/src/install/rrm_msgs/share/ament_index/resource_index/rosidl_interfaces/rrm_msgs
[4.648s] -- Installing: /home/rrm/src/install/rrm_msgs/include/rrm_msgs/rrm_msgs
[4.648s] -- Installing: /home/rrm/src/install/rrm_msgs/include/rrm_msgs/rrm_msgs/msg
[4.648s] -- Installing: /home/rrm/src/install/rrm_msgs/include/rrm_msgs/rrm_msgs/msg/detail
[4.648s] -- Installing: /home/rrm/src/install/rrm_msgs/include/rrm_msgs/rrm_msgs/msg/detail/command__functions.h
[4.648s] -- Installing: /home/rrm/src/install/rrm_msgs/include/rrm_msgs/rrm_msgs/msg/detail/command__type_support.h
[4.648s] -- Installing: /home/rrm/src/install/rrm_msgs/include/rrm_msgs/rrm_msgs/msg/detail/command__functions.c
[4.648s] -- Installing: /home/rrm/src/install/rrm_msgs/include/rrm_msgs/rrm_msgs/msg/detail/command__struct.h
[4.649s] -- Installing: /home/rrm/src/install/rrm_msgs/include/rrm_msgs/rrm_msgs/msg/command.h
[4.649s] -- Installing: /home/rrm/src/install/rrm_msgs/include/rrm_msgs/rrm_msgs/msg/rosidl_generator_c__visibility_control.h
[4.649s] -- Installing: /home/rrm/src/install/rrm_msgs/include/rrm_msgs/rrm_msgs/srv
[4.649s] -- Installing: /home/rrm/src/install/rrm_msgs/include/rrm_msgs/rrm_msgs/srv/detail
[4.649s] -- Installing: /home/rrm/src/install/rrm_msgs/include/rrm_msgs/rrm_msgs/srv/detail/command__functions.h
[4.649s] -- Installing: /home/rrm/src/install/rrm_msgs/include/rrm_msgs/rrm_msgs/srv/detail/command__type_support.h
[4.649s] -- Installing: /home/rrm/src/install/rrm_msgs/include/rrm_msgs/rrm_msgs/srv/detail/command__functions.c
[4.650s] -- Installing: /home/rrm/src/install/rrm_msgs/include/rrm_msgs/rrm_msgs/srv/detail/command__struct.h
[4.650s] -- Installing: /home/rrm/src/install/rrm_msgs/include/rrm_msgs/rrm_msgs/srv/command.h
[4.650s] -- Installing: /home/rrm/src/install/rrm_msgs/share/rrm_msgs/environment/library_path.sh
[4.650s] -- Installing: /home/rrm/src/install/rrm_msgs/share/rrm_msgs/environment/library_path.dsv
[4.650s] -- Installing: /home/rrm/src/install/rrm_msgs/lib/librrm_msgs__rosidl_generator_c.so
[4.651s] -- Set runtime path of "/home/rrm/src/install/rrm_msgs/lib/librrm_msgs__rosidl_generator_c.so" to ""
[4.651s] -- Up-to-date: /home/rrm/src/install/rrm_msgs/include/rrm_msgs/rrm_msgs
[4.651s] -- Up-to-date: /home/rrm/src/install/rrm_msgs/include/rrm_msgs/rrm_msgs/msg
[4.651s] -- Installing: /home/rrm/src/install/rrm_msgs/include/rrm_msgs/rrm_msgs/msg/rosidl_typesupport_fastrtps_c__visibility_control.h
[4.651s] -- Up-to-date: /home/rrm/src/install/rrm_msgs/include/rrm_msgs/rrm_msgs/msg/detail
[4.651s] -- Installing: /home/rrm/src/install/rrm_msgs/include/rrm_msgs/rrm_msgs/msg/detail/command__rosidl_typesupport_fastrtps_c.h
[4.651s] -- Up-to-date: /home/rrm/src/install/rrm_msgs/include/rrm_msgs/rrm_msgs/srv
[4.651s] -- Up-to-date: /home/rrm/src/install/rrm_msgs/include/rrm_msgs/rrm_msgs/srv/detail
[4.651s] -- Installing: /home/rrm/src/install/rrm_msgs/include/rrm_msgs/rrm_msgs/srv/detail/command__rosidl_typesupport_fastrtps_c.h
[4.652s] -- Installing: /home/rrm/src/install/rrm_msgs/lib/librrm_msgs__rosidl_typesupport_fastrtps_c.so
[4.652s] -- Set runtime path of "/home/rrm/src/install/rrm_msgs/lib/librrm_msgs__rosidl_typesupport_fastrtps_c.so" to ""
[4.652s] -- Up-to-date: /home/rrm/src/install/rrm_msgs/include/rrm_msgs/rrm_msgs
[4.652s] -- Up-to-date: /home/rrm/src/install/rrm_msgs/include/rrm_msgs/rrm_msgs/msg
[4.652s] -- Up-to-date: /home/rrm/src/install/rrm_msgs/include/rrm_msgs/rrm_msgs/msg/detail
[4.652s] -- Installing: /home/rrm/src/install/rrm_msgs/include/rrm_msgs/rrm_msgs/msg/detail/command__type_support.c
[4.652s] -- Installing: /home/rrm/src/install/rrm_msgs/include/rrm_msgs/rrm_msgs/msg/detail/command__rosidl_typesupport_introspection_c.h
[4.653s] -- Installing: /home/rrm/src/install/rrm_msgs/include/rrm_msgs/rrm_msgs/msg/rosidl_typesupport_introspection_c__visibility_control.h
[4.653s] -- Up-to-date: /home/rrm/src/install/rrm_msgs/include/rrm_msgs/rrm_msgs/srv
[4.653s] -- Up-to-date: /home/rrm/src/install/rrm_msgs/include/rrm_msgs/rrm_msgs/srv/detail
[4.653s] -- Installing: /home/rrm/src/install/rrm_msgs/include/rrm_msgs/rrm_msgs/srv/detail/command__type_support.c
[4.653s] -- Installing: /home/rrm/src/install/rrm_msgs/include/rrm_msgs/rrm_msgs/srv/detail/command__rosidl_typesupport_introspection_c.h
[4.653s] -- Installing: /home/rrm/src/install/rrm_msgs/lib/librrm_msgs__rosidl_typesupport_introspection_c.so
[4.654s] -- Set runtime path of "/home/rrm/src/install/rrm_msgs/lib/librrm_msgs__rosidl_typesupport_introspection_c.so" to ""
[4.654s] -- Installing: /home/rrm/src/install/rrm_msgs/lib/librrm_msgs__rosidl_typesupport_c.so
[4.654s] -- Set runtime path of "/home/rrm/src/install/rrm_msgs/lib/librrm_msgs__rosidl_typesupport_c.so" to ""
[4.654s] -- Up-to-date: /home/rrm/src/install/rrm_msgs/include/rrm_msgs/rrm_msgs
[4.654s] -- Up-to-date: /home/rrm/src/install/rrm_msgs/include/rrm_msgs/rrm_msgs/msg
[4.654s] -- Installing: /home/rrm/src/install/rrm_msgs/include/rrm_msgs/rrm_msgs/msg/command.hpp
[4.654s] -- Up-to-date: /home/rrm/src/install/rrm_msgs/include/rrm_msgs/rrm_msgs/msg/detail
[4.654s] -- Installing: /home/rrm/src/install/rrm_msgs/include/rrm_msgs/rrm_msgs/msg/detail/command__traits.hpp
[4.655s] -- Installing: /home/rrm/src/install/rrm_msgs/include/rrm_msgs/rrm_msgs/msg/detail/command__builder.hpp
[4.655s] -- Installing: /home/rrm/src/install/rrm_msgs/include/rrm_msgs/rrm_msgs/msg/detail/command__type_support.hpp
[4.655s] -- Installing: /home/rrm/src/install/rrm_msgs/include/rrm_msgs/rrm_msgs/msg/detail/command__struct.hpp
[4.655s] -- Installing: /home/rrm/src/install/rrm_msgs/include/rrm_msgs/rrm_msgs/msg/rosidl_generator_cpp__visibility_control.hpp
[4.655s] -- Up-to-date: /home/rrm/src/install/rrm_msgs/include/rrm_msgs/rrm_msgs/srv
[4.655s] -- Installing: /home/rrm/src/install/rrm_msgs/include/rrm_msgs/rrm_msgs/srv/command.hpp
[4.655s] -- Up-to-date: /home/rrm/src/install/rrm_msgs/include/rrm_msgs/rrm_msgs/srv/detail
[4.655s] -- Installing: /home/rrm/src/install/rrm_msgs/include/rrm_msgs/rrm_msgs/srv/detail/command__traits.hpp
[4.656s] -- Installing: /home/rrm/src/install/rrm_msgs/include/rrm_msgs/rrm_msgs/srv/detail/command__builder.hpp
[4.656s] -- Installing: /home/rrm/src/install/rrm_msgs/include/rrm_msgs/rrm_msgs/srv/detail/command__type_support.hpp
[4.656s] -- Installing: /home/rrm/src/install/rrm_msgs/include/rrm_msgs/rrm_msgs/srv/detail/command__struct.hpp
[4.656s] -- Up-to-date: /home/rrm/src/install/rrm_msgs/include/rrm_msgs/rrm_msgs
[4.656s] -- Up-to-date: /home/rrm/src/install/rrm_msgs/include/rrm_msgs/rrm_msgs/msg
[4.656s] -- Up-to-date: /home/rrm/src/install/rrm_msgs/include/rrm_msgs/rrm_msgs/msg/detail
[4.656s] -- Installing: /home/rrm/src/install/rrm_msgs/include/rrm_msgs/rrm_msgs/msg/detail/dds_fastrtps
[4.656s] -- Installing: /home/rrm/src/install/rrm_msgs/include/rrm_msgs/rrm_msgs/msg/detail/command__rosidl_typesupport_fastrtps_cpp.hpp
[4.656s] -- Installing: /home/rrm/src/install/rrm_msgs/include/rrm_msgs/rrm_msgs/msg/rosidl_typesupport_fastrtps_cpp__visibility_control.h
[4.657s] -- Up-to-date: /home/rrm/src/install/rrm_msgs/include/rrm_msgs/rrm_msgs/srv
[4.657s] -- Up-to-date: /home/rrm/src/install/rrm_msgs/include/rrm_msgs/rrm_msgs/srv/detail
[4.657s] -- Installing: /home/rrm/src/install/rrm_msgs/include/rrm_msgs/rrm_msgs/srv/detail/dds_fastrtps
[4.657s] -- Installing: /home/rrm/src/install/rrm_msgs/include/rrm_msgs/rrm_msgs/srv/detail/command__rosidl_typesupport_fastrtps_cpp.hpp
[4.657s] -- Installing: /home/rrm/src/install/rrm_msgs/lib/librrm_msgs__rosidl_typesupport_fastrtps_cpp.so
[4.657s] -- Set runtime path of "/home/rrm/src/install/rrm_msgs/lib/librrm_msgs__rosidl_typesupport_fastrtps_cpp.so" to ""
[4.658s] -- Up-to-date: /home/rrm/src/install/rrm_msgs/include/rrm_msgs/rrm_msgs
[4.658s] -- Up-to-date: /home/rrm/src/install/rrm_msgs/include/rrm_msgs/rrm_msgs/msg
[4.658s] -- Up-to-date: /home/rrm/src/install/rrm_msgs/include/rrm_msgs/rrm_msgs/msg/detail
[4.658s] -- Installing: /home/rrm/src/install/rrm_msgs/include/rrm_msgs/rrm_msgs/msg/detail/command__type_support.cpp
[4.658s] -- Installing: /home/rrm/src/install/rrm_msgs/include/rrm_msgs/rrm_msgs/msg/detail/command__rosidl_typesupport_introspection_cpp.hpp
[4.658s] -- Up-to-date: /home/rrm/src/install/rrm_msgs/include/rrm_msgs/rrm_msgs/srv
[4.658s] -- Up-to-date: /home/rrm/src/install/rrm_msgs/include/rrm_msgs/rrm_msgs/srv/detail
[4.658s] -- Installing: /home/rrm/src/install/rrm_msgs/include/rrm_msgs/rrm_msgs/srv/detail/command__type_support.cpp
[4.658s] -- Installing: /home/rrm/src/install/rrm_msgs/include/rrm_msgs/rrm_msgs/srv/detail/command__rosidl_typesupport_introspection_cpp.hpp
[4.659s] -- Installing: /home/rrm/src/install/rrm_msgs/lib/librrm_msgs__rosidl_typesupport_introspection_cpp.so
[4.659s] -- Set runtime path of "/home/rrm/src/install/rrm_msgs/lib/librrm_msgs__rosidl_typesupport_introspection_cpp.so" to ""
[4.659s] -- Installing: /home/rrm/src/install/rrm_msgs/lib/librrm_msgs__rosidl_typesupport_cpp.so
[4.659s] -- Set runtime path of "/home/rrm/src/install/rrm_msgs/lib/librrm_msgs__rosidl_typesupport_cpp.so" to ""
[4.660s] -- Installing: /home/rrm/src/install/rrm_msgs/share/rrm_msgs/environment/pythonpath.sh
[4.660s] -- Installing: /home/rrm/src/install/rrm_msgs/share/rrm_msgs/environment/pythonpath.dsv
[4.660s] -- Installing: /home/rrm/src/install/rrm_msgs/local/lib/python3.10/dist-packages/rrm_msgs-0.0.0-py3.10.egg-info
[4.660s] -- Installing: /home/rrm/src/install/rrm_msgs/local/lib/python3.10/dist-packages/rrm_msgs-0.0.0-py3.10.egg-info/SOURCES.txt
[4.660s] -- Installing: /home/rrm/src/install/rrm_msgs/local/lib/python3.10/dist-packages/rrm_msgs-0.0.0-py3.10.egg-info/dependency_links.txt
[4.660s] -- Installing: /home/rrm/src/install/rrm_msgs/local/lib/python3.10/dist-packages/rrm_msgs-0.0.0-py3.10.egg-info/PKG-INFO
[4.661s] -- Installing: /home/rrm/src/install/rrm_msgs/local/lib/python3.10/dist-packages/rrm_msgs-0.0.0-py3.10.egg-info/top_level.txt
[4.661s] -- Installing: /home/rrm/src/install/rrm_msgs/local/lib/python3.10/dist-packages/rrm_msgs
[4.661s] -- Installing: /home/rrm/src/install/rrm_msgs/local/lib/python3.10/dist-packages/rrm_msgs/__init__.py
[4.661s] -- Installing: /home/rrm/src/install/rrm_msgs/local/lib/python3.10/dist-packages/rrm_msgs/msg
[4.661s] -- Installing: /home/rrm/src/install/rrm_msgs/local/lib/python3.10/dist-packages/rrm_msgs/msg/_command_s.c
[4.661s] -- Installing: /home/rrm/src/install/rrm_msgs/local/lib/python3.10/dist-packages/rrm_msgs/msg/__init__.py
[4.661s] -- Installing: /home/rrm/src/install/rrm_msgs/local/lib/python3.10/dist-packages/rrm_msgs/msg/_command.py
[4.661s] -- Installing: /home/rrm/src/install/rrm_msgs/local/lib/python3.10/dist-packages/rrm_msgs/rrm_msgs_s__rosidl_typesupport_fastrtps_c.cpython-310-x86_64-linux-gnu.so
[4.662s] -- Installing: /home/rrm/src/install/rrm_msgs/local/lib/python3.10/dist-packages/rrm_msgs/_rrm_msgs_s.ep.rosidl_typesupport_introspection_c.c
[4.662s] -- Installing: /home/rrm/src/install/rrm_msgs/local/lib/python3.10/dist-packages/rrm_msgs/_rrm_msgs_s.ep.rosidl_typesupport_c.c
[4.662s] -- Installing: /home/rrm/src/install/rrm_msgs/local/lib/python3.10/dist-packages/rrm_msgs/_rrm_msgs_s.ep.rosidl_typesupport_fastrtps_c.c
[4.662s] -- Installing: /home/rrm/src/install/rrm_msgs/local/lib/python3.10/dist-packages/rrm_msgs/librrm_msgs__rosidl_generator_py.so
[4.662s] -- Installing: /home/rrm/src/install/rrm_msgs/local/lib/python3.10/dist-packages/rrm_msgs/rrm_msgs_s__rosidl_typesupport_c.cpython-310-x86_64-linux-gnu.so
[4.662s] -- Installing: /home/rrm/src/install/rrm_msgs/local/lib/python3.10/dist-packages/rrm_msgs/rrm_msgs_s__rosidl_typesupport_introspection_c.cpython-310-x86_64-linux-gnu.so
[4.663s] -- Installing: /home/rrm/src/install/rrm_msgs/local/lib/python3.10/dist-packages/rrm_msgs/srv
[4.663s] -- Installing: /home/rrm/src/install/rrm_msgs/local/lib/python3.10/dist-packages/rrm_msgs/srv/_command_s.c
[4.663s] -- Installing: /home/rrm/src/install/rrm_msgs/local/lib/python3.10/dist-packages/rrm_msgs/srv/__init__.py
[4.663s] -- Installing: /home/rrm/src/install/rrm_msgs/local/lib/python3.10/dist-packages/rrm_msgs/srv/_command.py
[4.695s] Listing '/home/rrm/src/install/rrm_msgs/local/lib/python3.10/dist-packages/rrm_msgs'...
[4.696s] Compiling '/home/rrm/src/install/rrm_msgs/local/lib/python3.10/dist-packages/rrm_msgs/__init__.py'...
[4.696s] Listing '/home/rrm/src/install/rrm_msgs/local/lib/python3.10/dist-packages/rrm_msgs/msg'...
[4.696s] Compiling '/home/rrm/src/install/rrm_msgs/local/lib/python3.10/dist-packages/rrm_msgs/msg/__init__.py'...
[4.696s] Compiling '/home/rrm/src/install/rrm_msgs/local/lib/python3.10/dist-packages/rrm_msgs/msg/_command.py'...
[4.696s] Listing '/home/rrm/src/install/rrm_msgs/local/lib/python3.10/dist-packages/rrm_msgs/srv'...
[4.696s] Compiling '/home/rrm/src/install/rrm_msgs/local/lib/python3.10/dist-packages/rrm_msgs/srv/__init__.py'...
[4.696s] Compiling '/home/rrm/src/install/rrm_msgs/local/lib/python3.10/dist-packages/rrm_msgs/srv/_command.py'...
[4.700s] -- Installing: /home/rrm/src/install/rrm_msgs/local/lib/python3.10/dist-packages/rrm_msgs/rrm_msgs_s__rosidl_typesupport_fastrtps_c.cpython-310-x86_64-linux-gnu.so
[4.701s] -- Set runtime path of "/home/rrm/src/install/rrm_msgs/local/lib/python3.10/dist-packages/rrm_msgs/rrm_msgs_s__rosidl_typesupport_fastrtps_c.cpython-310-x86_64-linux-gnu.so" to ""
[4.701s] -- Installing: /home/rrm/src/install/rrm_msgs/local/lib/python3.10/dist-packages/rrm_msgs/rrm_msgs_s__rosidl_typesupport_introspection_c.cpython-310-x86_64-linux-gnu.so
[4.701s] -- Set runtime path of "/home/rrm/src/install/rrm_msgs/local/lib/python3.10/dist-packages/rrm_msgs/rrm_msgs_s__rosidl_typesupport_introspection_c.cpython-310-x86_64-linux-gnu.so" to ""
[4.702s] -- Installing: /home/rrm/src/install/rrm_msgs/local/lib/python3.10/dist-packages/rrm_msgs/rrm_msgs_s__rosidl_typesupport_c.cpython-310-x86_64-linux-gnu.so
[4.702s] -- Set runtime path of "/home/rrm/src/install/rrm_msgs/local/lib/python3.10/dist-packages/rrm_msgs/rrm_msgs_s__rosidl_typesupport_c.cpython-310-x86_64-linux-gnu.so" to ""
[4.702s] -- Installing: /home/rrm/src/install/rrm_msgs/lib/librrm_msgs__rosidl_generator_py.so
[4.703s] -- Set runtime path of "/home/rrm/src/install/rrm_msgs/lib/librrm_msgs__rosidl_generator_py.so" to ""
[4.703s] -- Installing: /home/rrm/src/install/rrm_msgs/share/rrm_msgs/msg/Command.idl
[4.703s] -- Installing: /home/rrm/src/install/rrm_msgs/share/rrm_msgs/srv/Command.idl
[4.703s] -- Installing: /home/rrm/src/install/rrm_msgs/share/rrm_msgs/msg/Command.msg
[4.703s] -- Installing: /home/rrm/src/install/rrm_msgs/share/rrm_msgs/srv/Command.srv
[4.704s] -- Installing: /home/rrm/src/install/rrm_msgs/share/rrm_msgs/srv/Command_Request.msg
[4.704s] -- Installing: /home/rrm/src/install/rrm_msgs/share/rrm_msgs/srv/Command_Response.msg
[4.704s] -- Installing: /home/rrm/src/install/rrm_msgs/share/ament_index/resource_index/package_run_dependencies/rrm_msgs
[4.705s] -- Installing: /home/rrm/src/install/rrm_msgs/share/ament_index/resource_index/parent_prefix_path/rrm_msgs
[4.705s] -- Installing: /home/rrm/src/install/rrm_msgs/share/rrm_msgs/environment/ament_prefix_path.sh
[4.705s] -- Installing: /home/rrm/src/install/rrm_msgs/share/rrm_msgs/environment/ament_prefix_path.dsv
[4.705s] -- Installing: /home/rrm/src/install/rrm_msgs/share/rrm_msgs/environment/path.sh
[4.705s] -- Installing: /home/rrm/src/install/rrm_msgs/share/rrm_msgs/environment/path.dsv
[4.706s] -- Installing: /home/rrm/src/install/rrm_msgs/share/rrm_msgs/local_setup.bash
[4.706s] -- Installing: /home/rrm/src/install/rrm_msgs/share/rrm_msgs/local_setup.sh
[4.706s] -- Installing: /home/rrm/src/install/rrm_msgs/share/rrm_msgs/local_setup.zsh
[4.706s] -- Installing: /home/rrm/src/install/rrm_msgs/share/rrm_msgs/local_setup.dsv
[4.706s] -- Installing: /home/rrm/src/install/rrm_msgs/share/rrm_msgs/package.dsv
[4.707s] -- Installing: /home/rrm/src/install/rrm_msgs/share/ament_index/resource_index/packages/rrm_msgs
[4.707s] -- Installing: /home/rrm/src/install/rrm_msgs/share/rrm_msgs/cmake/export_rrm_msgs__rosidl_generator_cExport.cmake
[4.707s] -- Installing: /home/rrm/src/install/rrm_msgs/share/rrm_msgs/cmake/export_rrm_msgs__rosidl_generator_cExport-noconfig.cmake
[4.707s] -- Installing: /home/rrm/src/install/rrm_msgs/share/rrm_msgs/cmake/export_rrm_msgs__rosidl_typesupport_fastrtps_cExport.cmake
[4.708s] -- Installing: /home/rrm/src/install/rrm_msgs/share/rrm_msgs/cmake/export_rrm_msgs__rosidl_typesupport_fastrtps_cExport-noconfig.cmake
[4.708s] -- Installing: /home/rrm/src/install/rrm_msgs/share/rrm_msgs/cmake/rrm_msgs__rosidl_typesupport_introspection_cExport.cmake
[4.708s] -- Installing: /home/rrm/src/install/rrm_msgs/share/rrm_msgs/cmake/rrm_msgs__rosidl_typesupport_introspection_cExport-noconfig.cmake
[4.708s] -- Installing: /home/rrm/src/install/rrm_msgs/share/rrm_msgs/cmake/rrm_msgs__rosidl_typesupport_cExport.cmake
[4.709s] -- Installing: /home/rrm/src/install/rrm_msgs/share/rrm_msgs/cmake/rrm_msgs__rosidl_typesupport_cExport-noconfig.cmake
[4.709s] -- Installing: /home/rrm/src/install/rrm_msgs/share/rrm_msgs/cmake/export_rrm_msgs__rosidl_generator_cppExport.cmake
[4.709s] -- Installing: /home/rrm/src/install/rrm_msgs/share/rrm_msgs/cmake/export_rrm_msgs__rosidl_typesupport_fastrtps_cppExport.cmake
[4.709s] -- Installing: /home/rrm/src/install/rrm_msgs/share/rrm_msgs/cmake/export_rrm_msgs__rosidl_typesupport_fastrtps_cppExport-noconfig.cmake
[4.709s] -- Installing: /home/rrm/src/install/rrm_msgs/share/rrm_msgs/cmake/rrm_msgs__rosidl_typesupport_introspection_cppExport.cmake
[4.710s] -- Installing: /home/rrm/src/install/rrm_msgs/share/rrm_msgs/cmake/rrm_msgs__rosidl_typesupport_introspection_cppExport-noconfig.cmake
[4.710s] -- Installing: /home/rrm/src/install/rrm_msgs/share/rrm_msgs/cmake/rrm_msgs__rosidl_typesupport_cppExport.cmake
[4.710s] -- Installing: /home/rrm/src/install/rrm_msgs/share/rrm_msgs/cmake/rrm_msgs__rosidl_typesupport_cppExport-noconfig.cmake
[4.710s] -- Installing: /home/rrm/src/install/rrm_msgs/share/rrm_msgs/cmake/export_rrm_msgs__rosidl_generator_pyExport.cmake
[4.710s] -- Installing: /home/rrm/src/install/rrm_msgs/share/rrm_msgs/cmake/export_rrm_msgs__rosidl_generator_pyExport-noconfig.cmake
[4.711s] -- Installing: /home/rrm/src/install/rrm_msgs/share/rrm_msgs/cmake/rosidl_cmake-extras.cmake
[4.711s] -- Installing: /home/rrm/src/install/rrm_msgs/share/rrm_msgs/cmake/ament_cmake_export_include_directories-extras.cmake
[4.711s] -- Installing: /home/rrm/src/install/rrm_msgs/share/rrm_msgs/cmake/ament_cmake_export_libraries-extras.cmake
[4.711s] -- Installing: /home/rrm/src/install/rrm_msgs/share/rrm_msgs/cmake/ament_cmake_export_targets-extras.cmake
[4.711s] -- Installing: /home/rrm/src/install/rrm_msgs/share/rrm_msgs/cmake/rosidl_cmake_export_typesupport_targets-extras.cmake
[4.712s] -- Installing: /home/rrm/src/install/rrm_msgs/share/rrm_msgs/cmake/ament_cmake_export_dependencies-extras.cmake
[4.712s] -- Installing: /home/rrm/src/install/rrm_msgs/share/rrm_msgs/cmake/rosidl_cmake_export_typesupport_libraries-extras.cmake
[4.712s] -- Installing: /home/rrm/src/install/rrm_msgs/share/rrm_msgs/cmake/rrm_msgsConfig.cmake
[4.712s] -- Installing: /home/rrm/src/install/rrm_msgs/share/rrm_msgs/cmake/rrm_msgsConfig-version.cmake
[4.712s] -- Installing: /home/rrm/src/install/rrm_msgs/share/rrm_msgs/package.xml
[4.715s] Invoked command in '/home/rrm/src/build/rrm_msgs' returned '0': CMAKE_PREFIX_PATH=${CMAKE_PREFIX_PATH}:/opt/ros/humble /usr/bin/cmake --install /home/rrm/src/build/rrm_msgs
