-- Found ament_cmake: 1.3.12 (/opt/ros/humble/share/ament_cmake/cmake)
-- Found rclcpp: 16.0.17 (/opt/ros/humble/share/rclcpp/cmake)
-- Found rosidl_generator_c: 3.1.8 (/opt/ros/humble/share/rosidl_generator_c/cmake)
-- Found rosidl_adapter: 3.1.8 (/opt/ros/humble/share/rosidl_adapter/cmake)
-- Found rosidl_generator_cpp: 3.1.8 (/opt/ros/humble/share/rosidl_generator_cpp/cmake)
-- Using all available rosidl_typesupport_c: rosidl_typesupport_fastrtps_c;rosidl_typesupport_introspection_c
-- Using all available rosidl_typesupport_cpp: rosidl_typesupport_fastrtps_cpp;rosidl_typesupport_introspection_cpp
-- Found rmw_implementation_cmake: 6.1.2 (/opt/ros/humble/share/rmw_implementation_cmake/cmake)
-- Found rmw_fastrtps_cpp: 6.2.9 (/opt/ros/humble/share/rmw_fastrtps_cpp/cmake)
-- Using RMW implementation 'rmw_fastrtps_cpp' as default
-- Found rrm_msgs: 0.0.0 (/home/rrm/install/rrm_msgs/share/rrm_msgs/cmake)
-- Found sensor_msgs: 4.9.0 (/opt/ros/humble/share/sensor_msgs/cmake)
-- Found ament_lint_auto: 0.12.14 (/opt/ros/humble/share/ament_lint_auto/cmake)
-- Added test 'cppcheck' to perform static code analysis on C / C++ code
-- Configured cppcheck include dirs: $<BUILD_INTERFACE:/home/rrm/src/cv2/include>
-- Configured cppcheck exclude dirs and/or files: 
-- Added test 'lint_cmake' to check CMake code style
-- Added test 'uncrustify' to check C / C++ code style
-- Configured uncrustify additional arguments: 
-- Added test 'xmllint' to check XML markup files
-- Configuring done
-- Generating done
-- Build files have been written to: /home/rrm/build/cv2
[35m[1mConsolidate compiler generated dependencies of target cv2_node[0m
[35m[1mConsolidate compiler generated dependencies of target logger_node[0m
[ 50%] Built target cv2_node
[100%] Built target logger_node
-- Install configuration: ""
-- Up-to-date: /home/rrm/install/cv2/lib/cv2/cv2_node
-- Up-to-date: /home/rrm/install/cv2/lib/cv2/logger_node
-- Installing: /home/rrm/install/cv2/share/cv2//launch
-- Installing: /home/rrm/install/cv2/share/cv2//launch/cv2.launch.xml
-- Installing: /home/rrm/install/cv2/share/cv2//config
-- Installing: /home/rrm/install/cv2/share/cv2//config/cv2.rviz
-- Up-to-date: /home/rrm/install/cv2/share/ament_index/resource_index/package_run_dependencies/cv2
-- Up-to-date: /home/rrm/install/cv2/share/ament_index/resource_index/parent_prefix_path/cv2
-- Up-to-date: /home/rrm/install/cv2/share/cv2/environment/ament_prefix_path.sh
-- Installing: /home/rrm/install/cv2/share/cv2/environment/ament_prefix_path.dsv
-- Up-to-date: /home/rrm/install/cv2/share/cv2/environment/path.sh
-- Installing: /home/rrm/install/cv2/share/cv2/environment/path.dsv
-- Up-to-date: /home/rrm/install/cv2/share/cv2/local_setup.bash
-- Up-to-date: /home/rrm/install/cv2/share/cv2/local_setup.sh
-- Up-to-date: /home/rrm/install/cv2/share/cv2/local_setup.zsh
-- Installing: /home/rrm/install/cv2/share/cv2/local_setup.dsv
-- Installing: /home/rrm/install/cv2/share/cv2/package.dsv
-- Up-to-date: /home/rrm/install/cv2/share/ament_index/resource_index/packages/cv2
-- Up-to-date: /home/rrm/install/cv2/share/cv2/cmake/cv2Config.cmake
-- Up-to-date: /home/rrm/install/cv2/share/cv2/cmake/cv2Config-version.cmake
-- Up-to-date: /home/rrm/install/cv2/share/cv2/package.xml
