[0.013s] Invoking command in '/home/rrm/build/cv2': CMAKE_PREFIX_PATH=/home/rrm/install/rrm_msgs:/home/rrm/install/rrm_simple_robot_model:/home/rrm/install/rrm_sim:/home/rrm/install/cv2:/home/rrm/install/cv1:/opt/ros/humble /usr/bin/cmake --build /home/rrm/build/cv2 -- -j8 -l8
[0.033s] -- Found ament_cmake: 1.3.12 (/opt/ros/humble/share/ament_cmake/cmake)
[0.152s] -- Found rclcpp: 16.0.17 (/opt/ros/humble/share/rclcpp/cmake)
[0.180s] -- Found rosidl_generator_c: 3.1.8 (/opt/ros/humble/share/rosidl_generator_c/cmake)
[0.183s] -- Found rosidl_adapter: 3.1.8 (/opt/ros/humble/share/rosidl_adapter/cmake)
[0.189s] -- Found rosidl_generator_cpp: 3.1.8 (/opt/ros/humble/share/rosidl_generator_cpp/cmake)
[0.197s] -- Using all available rosidl_typesupport_c: rosidl_typesupport_fastrtps_c;rosidl_typesupport_introspection_c
[0.213s] -- Using all available rosidl_typesupport_cpp: rosidl_typesupport_fastrtps_cpp;rosidl_typesupport_introspection_cpp
[0.241s] -- Found rmw_implementation_cmake: 6.1.2 (/opt/ros/humble/share/rmw_implementation_cmake/cmake)
[0.243s] -- Found rmw_fastrtps_cpp: 6.2.9 (/opt/ros/humble/share/rmw_fastrtps_cpp/cmake)
[0.336s] -- Using RMW implementation 'rmw_fastrtps_cpp' as default
[0.381s] -- Found rrm_msgs: 0.0.0 (/home/rrm/install/rrm_msgs/share/rrm_msgs/cmake)
[0.388s] -- Found sensor_msgs: 4.9.0 (/opt/ros/humble/share/sensor_msgs/cmake)
[0.418s] -- Found ament_lint_auto: 0.12.14 (/opt/ros/humble/share/ament_lint_auto/cmake)
[0.476s] -- Added test 'cppcheck' to perform static code analysis on C / C++ code
[0.476s] -- Configured cppcheck include dirs: $<BUILD_INTERFACE:/home/rrm/src/cv2/include>
[0.476s] -- Configured cppcheck exclude dirs and/or files: 
[0.477s] -- Added test 'lint_cmake' to check CMake code style
[0.479s] -- Added test 'uncrustify' to check C / C++ code style
[0.479s] -- Configured uncrustify additional arguments: 
[0.479s] -- Added test 'xmllint' to check XML markup files
[0.480s] -- Configuring done
[0.491s] -- Generating done
[0.495s] -- Build files have been written to: /home/rrm/build/cv2
[0.518s] [35m[1mConsolidate compiler generated dependencies of target cv2_node[0m
[0.521s] [35m[1mConsolidate compiler generated dependencies of target logger_node[0m
[0.532s] [ 50%] Built target cv2_node
[0.536s] [100%] Built target logger_node
[0.544s] Invoked command in '/home/rrm/build/cv2' returned '0': CMAKE_PREFIX_PATH=/home/rrm/install/rrm_msgs:/home/rrm/install/rrm_simple_robot_model:/home/rrm/install/rrm_sim:/home/rrm/install/cv2:/home/rrm/install/cv1:/opt/ros/humble /usr/bin/cmake --build /home/rrm/build/cv2 -- -j8 -l8
[0.545s] Invoking command in '/home/rrm/build/cv2': CMAKE_PREFIX_PATH=/home/rrm/install/rrm_msgs:/home/rrm/install/rrm_simple_robot_model:/home/rrm/install/rrm_sim:/home/rrm/install/cv2:/home/rrm/install/cv1:/opt/ros/humble /usr/bin/cmake --install /home/rrm/build/cv2
[0.551s] -- Install configuration: ""
[0.552s] -- Up-to-date: /home/rrm/install/cv2/lib/cv2/cv2_node
[0.552s] -- Up-to-date: /home/rrm/install/cv2/lib/cv2/logger_node
[0.553s] -- Installing: /home/rrm/install/cv2/share/cv2//launch
[0.553s] -- Installing: /home/rrm/install/cv2/share/cv2//launch/cv2.launch.xml
[0.553s] -- Installing: /home/rrm/install/cv2/share/cv2//config
[0.553s] -- Installing: /home/rrm/install/cv2/share/cv2//config/cv2.rviz
[0.554s] -- Up-to-date: /home/rrm/install/cv2/share/ament_index/resource_index/package_run_dependencies/cv2
[0.554s] -- Up-to-date: /home/rrm/install/cv2/share/ament_index/resource_index/parent_prefix_path/cv2
[0.554s] -- Up-to-date: /home/rrm/install/cv2/share/cv2/environment/ament_prefix_path.sh
[0.554s] -- Installing: /home/rrm/install/cv2/share/cv2/environment/ament_prefix_path.dsv
[0.554s] -- Up-to-date: /home/rrm/install/cv2/share/cv2/environment/path.sh
[0.554s] -- Installing: /home/rrm/install/cv2/share/cv2/environment/path.dsv
[0.554s] -- Up-to-date: /home/rrm/install/cv2/share/cv2/local_setup.bash
[0.554s] -- Up-to-date: /home/rrm/install/cv2/share/cv2/local_setup.sh
[0.555s] -- Up-to-date: /home/rrm/install/cv2/share/cv2/local_setup.zsh
[0.555s] -- Installing: /home/rrm/install/cv2/share/cv2/local_setup.dsv
[0.555s] -- Installing: /home/rrm/install/cv2/share/cv2/package.dsv
[0.555s] -- Up-to-date: /home/rrm/install/cv2/share/ament_index/resource_index/packages/cv2
[0.555s] -- Up-to-date: /home/rrm/install/cv2/share/cv2/cmake/cv2Config.cmake
[0.555s] -- Up-to-date: /home/rrm/install/cv2/share/cv2/cmake/cv2Config-version.cmake
[0.555s] -- Up-to-date: /home/rrm/install/cv2/share/cv2/package.xml
[0.557s] Invoked command in '/home/rrm/build/cv2' returned '0': CMAKE_PREFIX_PATH=/home/rrm/install/rrm_msgs:/home/rrm/install/rrm_simple_robot_model:/home/rrm/install/rrm_sim:/home/rrm/install/cv2:/home/rrm/install/cv1:/opt/ros/humble /usr/bin/cmake --install /home/rrm/build/cv2
