[0.105s] DEBUG:colcon:Command line arguments: ['/usr/bin/colcon', 'build']
[0.105s] DEBUG:colcon:Parsed command line arguments: Namespace(log_base=None, log_level=None, verb_name='build', build_base='build', install_base='install', merge_install=False, symlink_install=False, test_result_base=None, continue_on_error=False, executor='parallel', parallel_workers=8, event_handlers=None, ignore_user_meta=False, metas=['./colcon.meta'], base_paths=['.'], packages_ignore=None, packages_ignore_regex=None, paths=None, packages_up_to=None, packages_up_to_regex=None, packages_above=None, packages_above_and_dependencies=None, packages_above_depth=None, packages_select_by_dep=None, packages_skip_by_dep=None, packages_skip_up_to=None, packages_select_build_failed=False, packages_skip_build_finished=False, packages_select_test_failures=False, packages_skip_test_passed=False, packages_select=None, packages_skip=None, packages_select_regex=None, packages_skip_regex=None, packages_start=None, packages_end=None, cmake_args=None, cmake_target=None, cmake_target_skip_unavailable=False, cmake_clean_cache=False, cmake_clean_first=False, cmake_force_configure=False, ament_cmake_args=None, catkin_cmake_args=None, catkin_skip_building_tests=False, mixin_files=None, mixin=None, verb_parser=<colcon_mixin.mixin.mixin_argument.MixinArgumentDecorator object at 0x7f844f8f37f0>, verb_extension=<colcon_core.verb.build.BuildVerb object at 0x7f844f8f2d40>, main=<bound method BuildVerb.main of <colcon_core.verb.build.BuildVerb object at 0x7f844f8f2d40>>, mixin_verb=('build',))
[0.231s] Level 1:colcon.colcon_core.package_discovery:discover_packages(colcon_meta) check parameters
[0.231s] INFO:colcon.colcon_metadata.package_discovery.colcon_meta:Using configuration from '/root/.colcon/metadata/default/Gazebo.meta'
[0.232s] INFO:colcon.colcon_metadata.package_discovery.colcon_meta:Using configuration from '/root/.colcon/metadata/default/fastdds.meta'
[0.232s] INFO:colcon.colcon_metadata.package_discovery.colcon_meta:Using configuration from '/root/.colcon/metadata/default/fastrtps.meta'
[0.232s] Level 1:colcon.colcon_core.package_discovery:discover_packages(recursive) check parameters
[0.232s] Level 1:colcon.colcon_core.package_discovery:discover_packages(ignore) check parameters
[0.232s] Level 1:colcon.colcon_core.package_discovery:discover_packages(path) check parameters
[0.232s] Level 1:colcon.colcon_core.package_discovery:discover_packages(colcon_meta) discover
[0.233s] Level 1:colcon.colcon_core.package_discovery:discover_packages(recursive) discover
[0.233s] INFO:colcon.colcon_core.package_discovery:Crawling recursively for packages in '/home/rrm/src'
[0.233s] Level 1:colcon.colcon_core.package_identification:_identify(.) by extensions ['ignore', 'ignore_ament_install']
[0.233s] Level 1:colcon.colcon_core.package_identification:_identify(.) by extension 'ignore'
[0.233s] Level 1:colcon.colcon_core.package_identification:_identify(.) by extension 'ignore_ament_install'
[0.233s] Level 1:colcon.colcon_core.package_identification:_identify(.) by extensions ['colcon_pkg']
[0.233s] Level 1:colcon.colcon_core.package_identification:_identify(.) by extension 'colcon_pkg'
[0.233s] Level 1:colcon.colcon_core.package_identification:_identify(.) by extensions ['colcon_meta']
[0.233s] Level 1:colcon.colcon_core.package_identification:_identify(.) by extension 'colcon_meta'
[0.233s] Level 1:colcon.colcon_core.package_identification:_identify(.) by extensions ['ros']
[0.233s] Level 1:colcon.colcon_core.package_identification:_identify(.) by extension 'ros'
[0.244s] Level 1:colcon.colcon_core.package_identification:_identify(.) by extensions ['cmake', 'python']
[0.244s] Level 1:colcon.colcon_core.package_identification:_identify(.) by extension 'cmake'
[0.244s] Level 1:colcon.colcon_core.package_identification:_identify(.) by extension 'python'
[0.244s] Level 1:colcon.colcon_core.package_identification:_identify(.) by extensions ['python_setup_py']
[0.244s] Level 1:colcon.colcon_core.package_identification:_identify(.) by extension 'python_setup_py'
[0.244s] Level 1:colcon.colcon_core.package_identification:_identify(build) by extensions ['ignore', 'ignore_ament_install']
[0.245s] Level 1:colcon.colcon_core.package_identification:_identify(build) by extension 'ignore'
[0.245s] Level 1:colcon.colcon_core.package_identification:_identify(build) ignored
[0.245s] Level 1:colcon.colcon_core.package_identification:_identify(cv1) by extensions ['ignore', 'ignore_ament_install']
[0.245s] Level 1:colcon.colcon_core.package_identification:_identify(cv1) by extension 'ignore'
[0.245s] Level 1:colcon.colcon_core.package_identification:_identify(cv1) by extension 'ignore_ament_install'
[0.245s] Level 1:colcon.colcon_core.package_identification:_identify(cv1) by extensions ['colcon_pkg']
[0.245s] Level 1:colcon.colcon_core.package_identification:_identify(cv1) by extension 'colcon_pkg'
[0.245s] Level 1:colcon.colcon_core.package_identification:_identify(cv1) by extensions ['colcon_meta']
[0.245s] Level 1:colcon.colcon_core.package_identification:_identify(cv1) by extension 'colcon_meta'
[0.245s] Level 1:colcon.colcon_core.package_identification:_identify(cv1) by extensions ['ros']
[0.245s] Level 1:colcon.colcon_core.package_identification:_identify(cv1) by extension 'ros'
[0.247s] DEBUG:colcon.colcon_core.package_identification:Package 'cv1' with type 'ros.ament_cmake' and name 'cv1'
[0.247s] Level 1:colcon.colcon_core.package_identification:_identify(cv2) by extensions ['ignore', 'ignore_ament_install']
[0.247s] Level 1:colcon.colcon_core.package_identification:_identify(cv2) by extension 'ignore'
[0.247s] Level 1:colcon.colcon_core.package_identification:_identify(cv2) by extension 'ignore_ament_install'
[0.247s] Level 1:colcon.colcon_core.package_identification:_identify(cv2) by extensions ['colcon_pkg']
[0.247s] Level 1:colcon.colcon_core.package_identification:_identify(cv2) by extension 'colcon_pkg'
[0.247s] Level 1:colcon.colcon_core.package_identification:_identify(cv2) by extensions ['colcon_meta']
[0.247s] Level 1:colcon.colcon_core.package_identification:_identify(cv2) by extension 'colcon_meta'
[0.247s] Level 1:colcon.colcon_core.package_identification:_identify(cv2) by extensions ['ros']
[0.247s] Level 1:colcon.colcon_core.package_identification:_identify(cv2) by extension 'ros'
[0.248s] DEBUG:colcon.colcon_core.package_identification:Package 'cv2' with type 'ros.ament_cmake' and name 'cv2'
[0.248s] Level 1:colcon.colcon_core.package_identification:_identify(cv3) by extensions ['ignore', 'ignore_ament_install']
[0.248s] Level 1:colcon.colcon_core.package_identification:_identify(cv3) by extension 'ignore'
[0.248s] Level 1:colcon.colcon_core.package_identification:_identify(cv3) by extension 'ignore_ament_install'
[0.248s] Level 1:colcon.colcon_core.package_identification:_identify(cv3) by extensions ['colcon_pkg']
[0.248s] Level 1:colcon.colcon_core.package_identification:_identify(cv3) by extension 'colcon_pkg'
[0.248s] Level 1:colcon.colcon_core.package_identification:_identify(cv3) by extensions ['colcon_meta']
[0.248s] Level 1:colcon.colcon_core.package_identification:_identify(cv3) by extension 'colcon_meta'
[0.248s] Level 1:colcon.colcon_core.package_identification:_identify(cv3) by extensions ['ros']
[0.248s] Level 1:colcon.colcon_core.package_identification:_identify(cv3) by extension 'ros'
[0.249s] DEBUG:colcon.colcon_core.package_identification:Package 'cv3' with type 'ros.ament_cmake' and name 'cv3'
[0.249s] Level 1:colcon.colcon_core.package_identification:_identify(install) by extensions ['ignore', 'ignore_ament_install']
[0.249s] Level 1:colcon.colcon_core.package_identification:_identify(install) by extension 'ignore'
[0.249s] Level 1:colcon.colcon_core.package_identification:_identify(install) ignored
[0.249s] Level 1:colcon.colcon_core.package_identification:_identify(log) by extensions ['ignore', 'ignore_ament_install']
[0.249s] Level 1:colcon.colcon_core.package_identification:_identify(log) by extension 'ignore'
[0.249s] Level 1:colcon.colcon_core.package_identification:_identify(log) ignored
[0.249s] Level 1:colcon.colcon_core.package_identification:_identify(rrm_msgs) by extensions ['ignore', 'ignore_ament_install']
[0.250s] Level 1:colcon.colcon_core.package_identification:_identify(rrm_msgs) by extension 'ignore'
[0.250s] Level 1:colcon.colcon_core.package_identification:_identify(rrm_msgs) by extension 'ignore_ament_install'
[0.250s] Level 1:colcon.colcon_core.package_identification:_identify(rrm_msgs) by extensions ['colcon_pkg']
[0.250s] Level 1:colcon.colcon_core.package_identification:_identify(rrm_msgs) by extension 'colcon_pkg'
[0.250s] Level 1:colcon.colcon_core.package_identification:_identify(rrm_msgs) by extensions ['colcon_meta']
[0.250s] Level 1:colcon.colcon_core.package_identification:_identify(rrm_msgs) by extension 'colcon_meta'
[0.250s] Level 1:colcon.colcon_core.package_identification:_identify(rrm_msgs) by extensions ['ros']
[0.250s] Level 1:colcon.colcon_core.package_identification:_identify(rrm_msgs) by extension 'ros'
[0.250s] DEBUG:colcon.colcon_core.package_identification:Package 'rrm_msgs' with type 'ros.ament_cmake' and name 'rrm_msgs'
[0.250s] Level 1:colcon.colcon_core.package_identification:_identify(rrm_sim) by extensions ['ignore', 'ignore_ament_install']
[0.250s] Level 1:colcon.colcon_core.package_identification:_identify(rrm_sim) by extension 'ignore'
[0.251s] Level 1:colcon.colcon_core.package_identification:_identify(rrm_sim) by extension 'ignore_ament_install'
[0.251s] Level 1:colcon.colcon_core.package_identification:_identify(rrm_sim) by extensions ['colcon_pkg']
[0.251s] Level 1:colcon.colcon_core.package_identification:_identify(rrm_sim) by extension 'colcon_pkg'
[0.251s] Level 1:colcon.colcon_core.package_identification:_identify(rrm_sim) by extensions ['colcon_meta']
[0.251s] Level 1:colcon.colcon_core.package_identification:_identify(rrm_sim) by extension 'colcon_meta'
[0.251s] Level 1:colcon.colcon_core.package_identification:_identify(rrm_sim) by extensions ['ros']
[0.251s] Level 1:colcon.colcon_core.package_identification:_identify(rrm_sim) by extension 'ros'
[0.251s] DEBUG:colcon.colcon_core.package_identification:Package 'rrm_sim' with type 'ros.ament_cmake' and name 'rrm_sim'
[0.252s] Level 1:colcon.colcon_core.package_identification:_identify(rrm_simple_robot_model) by extensions ['ignore', 'ignore_ament_install']
[0.252s] Level 1:colcon.colcon_core.package_identification:_identify(rrm_simple_robot_model) by extension 'ignore'
[0.252s] Level 1:colcon.colcon_core.package_identification:_identify(rrm_simple_robot_model) by extension 'ignore_ament_install'
[0.252s] Level 1:colcon.colcon_core.package_identification:_identify(rrm_simple_robot_model) by extensions ['colcon_pkg']
[0.252s] Level 1:colcon.colcon_core.package_identification:_identify(rrm_simple_robot_model) by extension 'colcon_pkg'
[0.252s] Level 1:colcon.colcon_core.package_identification:_identify(rrm_simple_robot_model) by extensions ['colcon_meta']
[0.252s] Level 1:colcon.colcon_core.package_identification:_identify(rrm_simple_robot_model) by extension 'colcon_meta'
[0.252s] Level 1:colcon.colcon_core.package_identification:_identify(rrm_simple_robot_model) by extensions ['ros']
[0.252s] Level 1:colcon.colcon_core.package_identification:_identify(rrm_simple_robot_model) by extension 'ros'
[0.252s] DEBUG:colcon.colcon_core.package_identification:Package 'rrm_simple_robot_model' with type 'ros.ament_cmake' and name 'rrm_simple_robot_model'
[0.253s] Level 1:colcon.colcon_core.package_discovery:discover_packages(recursive) using defaults
[0.253s] Level 1:colcon.colcon_core.package_discovery:discover_packages(ignore) discover
[0.253s] Level 1:colcon.colcon_core.package_discovery:discover_packages(ignore) using defaults
[0.253s] Level 1:colcon.colcon_core.package_discovery:discover_packages(path) discover
[0.253s] Level 1:colcon.colcon_core.package_discovery:discover_packages(path) using defaults
[0.272s] Level 5:colcon.colcon_core.verb:set package 'cv1' build argument 'cmake_args' from command line to 'None'
[0.272s] Level 5:colcon.colcon_core.verb:set package 'cv1' build argument 'cmake_target' from command line to 'None'
[0.272s] Level 5:colcon.colcon_core.verb:set package 'cv1' build argument 'cmake_target_skip_unavailable' from command line to 'False'
[0.272s] Level 5:colcon.colcon_core.verb:set package 'cv1' build argument 'cmake_clean_cache' from command line to 'False'
[0.272s] Level 5:colcon.colcon_core.verb:set package 'cv1' build argument 'cmake_clean_first' from command line to 'False'
[0.272s] Level 5:colcon.colcon_core.verb:set package 'cv1' build argument 'cmake_force_configure' from command line to 'False'
[0.272s] Level 5:colcon.colcon_core.verb:set package 'cv1' build argument 'ament_cmake_args' from command line to 'None'
[0.272s] Level 5:colcon.colcon_core.verb:set package 'cv1' build argument 'catkin_cmake_args' from command line to 'None'
[0.272s] Level 5:colcon.colcon_core.verb:set package 'cv1' build argument 'catkin_skip_building_tests' from command line to 'False'
[0.272s] DEBUG:colcon.colcon_core.verb:Building package 'cv1' with the following arguments: {'ament_cmake_args': None, 'build_base': '/home/rrm/src/build/cv1', 'catkin_cmake_args': None, 'catkin_skip_building_tests': False, 'cmake_args': None, 'cmake_clean_cache': False, 'cmake_clean_first': False, 'cmake_force_configure': False, 'cmake_target': None, 'cmake_target_skip_unavailable': False, 'install_base': '/home/rrm/src/install/cv1', 'merge_install': False, 'path': '/home/rrm/src/cv1', 'symlink_install': False, 'test_result_base': None}
[0.273s] Level 5:colcon.colcon_core.verb:set package 'rrm_msgs' build argument 'cmake_args' from command line to 'None'
[0.273s] Level 5:colcon.colcon_core.verb:set package 'rrm_msgs' build argument 'cmake_target' from command line to 'None'
[0.273s] Level 5:colcon.colcon_core.verb:set package 'rrm_msgs' build argument 'cmake_target_skip_unavailable' from command line to 'False'
[0.273s] Level 5:colcon.colcon_core.verb:set package 'rrm_msgs' build argument 'cmake_clean_cache' from command line to 'False'
[0.273s] Level 5:colcon.colcon_core.verb:set package 'rrm_msgs' build argument 'cmake_clean_first' from command line to 'False'
[0.273s] Level 5:colcon.colcon_core.verb:set package 'rrm_msgs' build argument 'cmake_force_configure' from command line to 'False'
[0.273s] Level 5:colcon.colcon_core.verb:set package 'rrm_msgs' build argument 'ament_cmake_args' from command line to 'None'
[0.273s] Level 5:colcon.colcon_core.verb:set package 'rrm_msgs' build argument 'catkin_cmake_args' from command line to 'None'
[0.273s] Level 5:colcon.colcon_core.verb:set package 'rrm_msgs' build argument 'catkin_skip_building_tests' from command line to 'False'
[0.273s] DEBUG:colcon.colcon_core.verb:Building package 'rrm_msgs' with the following arguments: {'ament_cmake_args': None, 'build_base': '/home/rrm/src/build/rrm_msgs', 'catkin_cmake_args': None, 'catkin_skip_building_tests': False, 'cmake_args': None, 'cmake_clean_cache': False, 'cmake_clean_first': False, 'cmake_force_configure': False, 'cmake_target': None, 'cmake_target_skip_unavailable': False, 'install_base': '/home/rrm/src/install/rrm_msgs', 'merge_install': False, 'path': '/home/rrm/src/rrm_msgs', 'symlink_install': False, 'test_result_base': None}
[0.273s] Level 5:colcon.colcon_core.verb:set package 'rrm_simple_robot_model' build argument 'cmake_args' from command line to 'None'
[0.273s] Level 5:colcon.colcon_core.verb:set package 'rrm_simple_robot_model' build argument 'cmake_target' from command line to 'None'
[0.273s] Level 5:colcon.colcon_core.verb:set package 'rrm_simple_robot_model' build argument 'cmake_target_skip_unavailable' from command line to 'False'
[0.273s] Level 5:colcon.colcon_core.verb:set package 'rrm_simple_robot_model' build argument 'cmake_clean_cache' from command line to 'False'
[0.273s] Level 5:colcon.colcon_core.verb:set package 'rrm_simple_robot_model' build argument 'cmake_clean_first' from command line to 'False'
[0.273s] Level 5:colcon.colcon_core.verb:set package 'rrm_simple_robot_model' build argument 'cmake_force_configure' from command line to 'False'
[0.273s] Level 5:colcon.colcon_core.verb:set package 'rrm_simple_robot_model' build argument 'ament_cmake_args' from command line to 'None'
[0.273s] Level 5:colcon.colcon_core.verb:set package 'rrm_simple_robot_model' build argument 'catkin_cmake_args' from command line to 'None'
[0.274s] Level 5:colcon.colcon_core.verb:set package 'rrm_simple_robot_model' build argument 'catkin_skip_building_tests' from command line to 'False'
[0.274s] DEBUG:colcon.colcon_core.verb:Building package 'rrm_simple_robot_model' with the following arguments: {'ament_cmake_args': None, 'build_base': '/home/rrm/src/build/rrm_simple_robot_model', 'catkin_cmake_args': None, 'catkin_skip_building_tests': False, 'cmake_args': None, 'cmake_clean_cache': False, 'cmake_clean_first': False, 'cmake_force_configure': False, 'cmake_target': None, 'cmake_target_skip_unavailable': False, 'install_base': '/home/rrm/src/install/rrm_simple_robot_model', 'merge_install': False, 'path': '/home/rrm/src/rrm_simple_robot_model', 'symlink_install': False, 'test_result_base': None}
[0.274s] Level 5:colcon.colcon_core.verb:set package 'cv2' build argument 'cmake_args' from command line to 'None'
[0.274s] Level 5:colcon.colcon_core.verb:set package 'cv2' build argument 'cmake_target' from command line to 'None'
[0.274s] Level 5:colcon.colcon_core.verb:set package 'cv2' build argument 'cmake_target_skip_unavailable' from command line to 'False'
[0.274s] Level 5:colcon.colcon_core.verb:set package 'cv2' build argument 'cmake_clean_cache' from command line to 'False'
[0.274s] Level 5:colcon.colcon_core.verb:set package 'cv2' build argument 'cmake_clean_first' from command line to 'False'
[0.274s] Level 5:colcon.colcon_core.verb:set package 'cv2' build argument 'cmake_force_configure' from command line to 'False'
[0.274s] Level 5:colcon.colcon_core.verb:set package 'cv2' build argument 'ament_cmake_args' from command line to 'None'
[0.274s] Level 5:colcon.colcon_core.verb:set package 'cv2' build argument 'catkin_cmake_args' from command line to 'None'
[0.274s] Level 5:colcon.colcon_core.verb:set package 'cv2' build argument 'catkin_skip_building_tests' from command line to 'False'
[0.274s] DEBUG:colcon.colcon_core.verb:Building package 'cv2' with the following arguments: {'ament_cmake_args': None, 'build_base': '/home/rrm/src/build/cv2', 'catkin_cmake_args': None, 'catkin_skip_building_tests': False, 'cmake_args': None, 'cmake_clean_cache': False, 'cmake_clean_first': False, 'cmake_force_configure': False, 'cmake_target': None, 'cmake_target_skip_unavailable': False, 'install_base': '/home/rrm/src/install/cv2', 'merge_install': False, 'path': '/home/rrm/src/cv2', 'symlink_install': False, 'test_result_base': None}
[0.274s] Level 5:colcon.colcon_core.verb:set package 'cv3' build argument 'cmake_args' from command line to 'None'
[0.274s] Level 5:colcon.colcon_core.verb:set package 'cv3' build argument 'cmake_target' from command line to 'None'
[0.274s] Level 5:colcon.colcon_core.verb:set package 'cv3' build argument 'cmake_target_skip_unavailable' from command line to 'False'
[0.274s] Level 5:colcon.colcon_core.verb:set package 'cv3' build argument 'cmake_clean_cache' from command line to 'False'
[0.274s] Level 5:colcon.colcon_core.verb:set package 'cv3' build argument 'cmake_clean_first' from command line to 'False'
[0.274s] Level 5:colcon.colcon_core.verb:set package 'cv3' build argument 'cmake_force_configure' from command line to 'False'
[0.275s] Level 5:colcon.colcon_core.verb:set package 'cv3' build argument 'ament_cmake_args' from command line to 'None'
[0.275s] Level 5:colcon.colcon_core.verb:set package 'cv3' build argument 'catkin_cmake_args' from command line to 'None'
[0.275s] Level 5:colcon.colcon_core.verb:set package 'cv3' build argument 'catkin_skip_building_tests' from command line to 'False'
[0.275s] DEBUG:colcon.colcon_core.verb:Building package 'cv3' with the following arguments: {'ament_cmake_args': None, 'build_base': '/home/rrm/src/build/cv3', 'catkin_cmake_args': None, 'catkin_skip_building_tests': False, 'cmake_args': None, 'cmake_clean_cache': False, 'cmake_clean_first': False, 'cmake_force_configure': False, 'cmake_target': None, 'cmake_target_skip_unavailable': False, 'install_base': '/home/rrm/src/install/cv3', 'merge_install': False, 'path': '/home/rrm/src/cv3', 'symlink_install': False, 'test_result_base': None}
[0.275s] Level 5:colcon.colcon_core.verb:set package 'rrm_sim' build argument 'cmake_args' from command line to 'None'
[0.275s] Level 5:colcon.colcon_core.verb:set package 'rrm_sim' build argument 'cmake_target' from command line to 'None'
[0.275s] Level 5:colcon.colcon_core.verb:set package 'rrm_sim' build argument 'cmake_target_skip_unavailable' from command line to 'False'
[0.275s] Level 5:colcon.colcon_core.verb:set package 'rrm_sim' build argument 'cmake_clean_cache' from command line to 'False'
[0.275s] Level 5:colcon.colcon_core.verb:set package 'rrm_sim' build argument 'cmake_clean_first' from command line to 'False'
[0.275s] Level 5:colcon.colcon_core.verb:set package 'rrm_sim' build argument 'cmake_force_configure' from command line to 'False'
[0.275s] Level 5:colcon.colcon_core.verb:set package 'rrm_sim' build argument 'ament_cmake_args' from command line to 'None'
[0.275s] Level 5:colcon.colcon_core.verb:set package 'rrm_sim' build argument 'catkin_cmake_args' from command line to 'None'
[0.275s] Level 5:colcon.colcon_core.verb:set package 'rrm_sim' build argument 'catkin_skip_building_tests' from command line to 'False'
[0.275s] DEBUG:colcon.colcon_core.verb:Building package 'rrm_sim' with the following arguments: {'ament_cmake_args': None, 'build_base': '/home/rrm/src/build/rrm_sim', 'catkin_cmake_args': None, 'catkin_skip_building_tests': False, 'cmake_args': None, 'cmake_clean_cache': False, 'cmake_clean_first': False, 'cmake_force_configure': False, 'cmake_target': None, 'cmake_target_skip_unavailable': False, 'install_base': '/home/rrm/src/install/rrm_sim', 'merge_install': False, 'path': '/home/rrm/src/rrm_sim', 'symlink_install': False, 'test_result_base': None}
[0.275s] INFO:colcon.colcon_core.executor:Executing jobs using 'parallel' executor
[0.276s] DEBUG:colcon.colcon_parallel_executor.executor.parallel:run_until_complete
[0.276s] INFO:colcon.colcon_ros.task.ament_cmake.build:Building ROS package in '/home/rrm/src/rrm_msgs' with build type 'ament_cmake'
[0.276s] INFO:colcon.colcon_cmake.task.cmake.build:Building CMake package in '/home/rrm/src/rrm_msgs'
[0.278s] INFO:colcon.colcon_core.plugin_system:Skipping extension 'colcon_core.shell.bat': Not used on non-Windows systems
[0.278s] INFO:colcon.colcon_core.shell:Skip shell extension 'powershell' for command environment: Not usable outside of PowerShell
[0.278s] DEBUG:colcon.colcon_core.shell:Skip shell extension 'dsv' for command environment
[0.282s] INFO:colcon.colcon_ros.task.ament_cmake.build:Building ROS package in '/home/rrm/src/cv1' with build type 'ament_cmake'
[0.282s] INFO:colcon.colcon_cmake.task.cmake.build:Building CMake package in '/home/rrm/src/cv1'
[0.282s] INFO:colcon.colcon_core.shell:Skip shell extension 'powershell' for command environment: Not usable outside of PowerShell
[0.282s] DEBUG:colcon.colcon_core.shell:Skip shell extension 'dsv' for command environment
[0.286s] INFO:colcon.colcon_ros.task.ament_cmake.build:Building ROS package in '/home/rrm/src/rrm_simple_robot_model' with build type 'ament_cmake'
[0.286s] INFO:colcon.colcon_cmake.task.cmake.build:Building CMake package in '/home/rrm/src/rrm_simple_robot_model'
[0.286s] INFO:colcon.colcon_core.shell:Skip shell extension 'powershell' for command environment: Not usable outside of PowerShell
[0.286s] DEBUG:colcon.colcon_core.shell:Skip shell extension 'dsv' for command environment
[0.297s] DEBUG:colcon.colcon_core.event_handler.log_command:Invoking command in '/home/rrm/src/build/rrm_msgs': CMAKE_PREFIX_PATH=${CMAKE_PREFIX_PATH}:/opt/ros/humble /usr/bin/cmake --build /home/rrm/src/build/rrm_msgs -- -j8 -l8
[0.301s] DEBUG:colcon.colcon_core.event_handler.log_command:Invoking command in '/home/rrm/src/build/cv1': CMAKE_PREFIX_PATH=${CMAKE_PREFIX_PATH}:/opt/ros/humble /usr/bin/cmake --build /home/rrm/src/build/cv1 -- -j8 -l8
[0.304s] DEBUG:colcon.colcon_core.event_handler.log_command:Invoking command in '/home/rrm/src/build/rrm_simple_robot_model': CMAKE_PREFIX_PATH=${CMAKE_PREFIX_PATH}:/opt/ros/humble /usr/bin/cmake --build /home/rrm/src/build/rrm_simple_robot_model -- -j8 -l8
[0.337s] DEBUG:colcon.colcon_core.event_handler.log_command:Invoked command in '/home/rrm/src/build/rrm_simple_robot_model' returned '0': CMAKE_PREFIX_PATH=${CMAKE_PREFIX_PATH}:/opt/ros/humble /usr/bin/cmake --build /home/rrm/src/build/rrm_simple_robot_model -- -j8 -l8
[0.345s] DEBUG:colcon.colcon_core.event_handler.log_command:Invoking command in '/home/rrm/src/build/rrm_simple_robot_model': CMAKE_PREFIX_PATH=${CMAKE_PREFIX_PATH}:/opt/ros/humble /usr/bin/cmake --install /home/rrm/src/build/rrm_simple_robot_model
[0.363s] Level 1:colcon.colcon_core.environment:create_environment_scripts_only(rrm_simple_robot_model)
[0.364s] DEBUG:colcon.colcon_core.event_handler.log_command:Invoked command in '/home/rrm/src/build/rrm_simple_robot_model' returned '0': CMAKE_PREFIX_PATH=${CMAKE_PREFIX_PATH}:/opt/ros/humble /usr/bin/cmake --install /home/rrm/src/build/rrm_simple_robot_model
[0.368s] Level 1:colcon.colcon_core.environment:checking '/home/rrm/src/install/rrm_simple_robot_model' for CMake module files
[0.369s] Level 1:colcon.colcon_core.environment:checking '/home/rrm/src/install/rrm_simple_robot_model' for CMake config files
[0.370s] Level 1:colcon.colcon_core.shell:create_environment_hook('rrm_simple_robot_model', 'cmake_prefix_path')
[0.370s] INFO:colcon.colcon_core.shell:Creating environment hook '/home/rrm/src/install/rrm_simple_robot_model/share/rrm_simple_robot_model/hook/cmake_prefix_path.ps1'
[0.371s] INFO:colcon.colcon_core.shell:Creating environment descriptor '/home/rrm/src/install/rrm_simple_robot_model/share/rrm_simple_robot_model/hook/cmake_prefix_path.dsv'
[0.371s] INFO:colcon.colcon_core.shell:Creating environment hook '/home/rrm/src/install/rrm_simple_robot_model/share/rrm_simple_robot_model/hook/cmake_prefix_path.sh'
[0.372s] Level 1:colcon.colcon_core.environment:checking '/home/rrm/src/install/rrm_simple_robot_model/bin'
[0.373s] Level 1:colcon.colcon_core.environment:checking '/home/rrm/src/install/rrm_simple_robot_model/lib/pkgconfig/rrm_simple_robot_model.pc'
[0.374s] Level 1:colcon.colcon_core.environment:checking '/home/rrm/src/install/rrm_simple_robot_model/lib/python3.10/site-packages'
[0.375s] Level 1:colcon.colcon_core.environment:checking '/home/rrm/src/install/rrm_simple_robot_model/bin'
[0.376s] INFO:colcon.colcon_core.shell:Creating package script '/home/rrm/src/install/rrm_simple_robot_model/share/rrm_simple_robot_model/package.ps1'
[0.377s] INFO:colcon.colcon_core.shell:Creating package descriptor '/home/rrm/src/install/rrm_simple_robot_model/share/rrm_simple_robot_model/package.dsv'
[0.378s] INFO:colcon.colcon_core.shell:Creating package script '/home/rrm/src/install/rrm_simple_robot_model/share/rrm_simple_robot_model/package.sh'
[0.379s] INFO:colcon.colcon_core.shell:Creating package script '/home/rrm/src/install/rrm_simple_robot_model/share/rrm_simple_robot_model/package.bash'
[0.380s] INFO:colcon.colcon_core.shell:Creating package script '/home/rrm/src/install/rrm_simple_robot_model/share/rrm_simple_robot_model/package.zsh'
[0.381s] Level 1:colcon.colcon_core.environment:create_file_with_runtime_dependencies(/home/rrm/src/install/rrm_simple_robot_model/share/colcon-core/packages/rrm_simple_robot_model)
[0.382s] Level 1:colcon.colcon_core.environment:create_environment_scripts_only(rrm_simple_robot_model)
[0.382s] Level 1:colcon.colcon_core.environment:checking '/home/rrm/src/install/rrm_simple_robot_model' for CMake module files
[0.399s] Level 1:colcon.colcon_core.environment:checking '/home/rrm/src/install/rrm_simple_robot_model' for CMake config files
[0.399s] Level 1:colcon.colcon_core.shell:create_environment_hook('rrm_simple_robot_model', 'cmake_prefix_path')
[0.400s] INFO:colcon.colcon_core.shell:Creating environment hook '/home/rrm/src/install/rrm_simple_robot_model/share/rrm_simple_robot_model/hook/cmake_prefix_path.ps1'
[0.401s] INFO:colcon.colcon_core.shell:Creating environment descriptor '/home/rrm/src/install/rrm_simple_robot_model/share/rrm_simple_robot_model/hook/cmake_prefix_path.dsv'
[0.401s] INFO:colcon.colcon_core.shell:Creating environment hook '/home/rrm/src/install/rrm_simple_robot_model/share/rrm_simple_robot_model/hook/cmake_prefix_path.sh'
[0.402s] Level 1:colcon.colcon_core.environment:checking '/home/rrm/src/install/rrm_simple_robot_model/bin'
[0.403s] Level 1:colcon.colcon_core.environment:checking '/home/rrm/src/install/rrm_simple_robot_model/lib/pkgconfig/rrm_simple_robot_model.pc'
[0.403s] Level 1:colcon.colcon_core.environment:checking '/home/rrm/src/install/rrm_simple_robot_model/lib/python3.10/site-packages'
[0.403s] Level 1:colcon.colcon_core.environment:checking '/home/rrm/src/install/rrm_simple_robot_model/bin'
[0.404s] INFO:colcon.colcon_core.shell:Creating package script '/home/rrm/src/install/rrm_simple_robot_model/share/rrm_simple_robot_model/package.ps1'
[0.405s] INFO:colcon.colcon_core.shell:Creating package descriptor '/home/rrm/src/install/rrm_simple_robot_model/share/rrm_simple_robot_model/package.dsv'
[0.406s] INFO:colcon.colcon_core.shell:Creating package script '/home/rrm/src/install/rrm_simple_robot_model/share/rrm_simple_robot_model/package.sh'
[0.406s] INFO:colcon.colcon_core.shell:Creating package script '/home/rrm/src/install/rrm_simple_robot_model/share/rrm_simple_robot_model/package.bash'
[0.407s] INFO:colcon.colcon_core.shell:Creating package script '/home/rrm/src/install/rrm_simple_robot_model/share/rrm_simple_robot_model/package.zsh'
[0.407s] Level 1:colcon.colcon_core.environment:create_file_with_runtime_dependencies(/home/rrm/src/install/rrm_simple_robot_model/share/colcon-core/packages/rrm_simple_robot_model)
[0.409s] DEBUG:colcon.colcon_core.event_handler.log_command:Invoked command in '/home/rrm/src/build/cv1' returned '0': CMAKE_PREFIX_PATH=${CMAKE_PREFIX_PATH}:/opt/ros/humble /usr/bin/cmake --build /home/rrm/src/build/cv1 -- -j8 -l8
[0.410s] DEBUG:colcon.colcon_core.event_handler.log_command:Invoking command in '/home/rrm/src/build/cv1': CMAKE_PREFIX_PATH=${CMAKE_PREFIX_PATH}:/opt/ros/humble /usr/bin/cmake --install /home/rrm/src/build/cv1
[0.419s] Level 1:colcon.colcon_core.environment:create_environment_scripts_only(cv1)
[0.419s] Level 1:colcon.colcon_core.environment:checking '/home/rrm/src/install/cv1' for CMake module files
[0.419s] DEBUG:colcon.colcon_core.event_handler.log_command:Invoked command in '/home/rrm/src/build/cv1' returned '0': CMAKE_PREFIX_PATH=${CMAKE_PREFIX_PATH}:/opt/ros/humble /usr/bin/cmake --install /home/rrm/src/build/cv1
[0.420s] Level 1:colcon.colcon_core.environment:checking '/home/rrm/src/install/cv1' for CMake config files
[0.420s] Level 1:colcon.colcon_core.shell:create_environment_hook('cv1', 'cmake_prefix_path')
[0.420s] INFO:colcon.colcon_core.shell:Creating environment hook '/home/rrm/src/install/cv1/share/cv1/hook/cmake_prefix_path.ps1'
[0.421s] INFO:colcon.colcon_core.shell:Creating environment descriptor '/home/rrm/src/install/cv1/share/cv1/hook/cmake_prefix_path.dsv'
[0.421s] INFO:colcon.colcon_core.shell:Creating environment hook '/home/rrm/src/install/cv1/share/cv1/hook/cmake_prefix_path.sh'
[0.422s] Level 1:colcon.colcon_core.environment:checking '/home/rrm/src/install/cv1/lib'
[0.423s] Level 1:colcon.colcon_core.environment:checking '/home/rrm/src/install/cv1/bin'
[0.423s] Level 1:colcon.colcon_core.environment:checking '/home/rrm/src/install/cv1/lib/pkgconfig/cv1.pc'
[0.423s] Level 1:colcon.colcon_core.environment:checking '/home/rrm/src/install/cv1/lib/python3.10/site-packages'
[0.423s] Level 1:colcon.colcon_core.environment:checking '/home/rrm/src/install/cv1/bin'
[0.424s] INFO:colcon.colcon_core.shell:Creating package script '/home/rrm/src/install/cv1/share/cv1/package.ps1'
[0.425s] INFO:colcon.colcon_core.shell:Creating package descriptor '/home/rrm/src/install/cv1/share/cv1/package.dsv'
[0.426s] INFO:colcon.colcon_core.shell:Creating package script '/home/rrm/src/install/cv1/share/cv1/package.sh'
[0.426s] INFO:colcon.colcon_core.shell:Creating package script '/home/rrm/src/install/cv1/share/cv1/package.bash'
[0.427s] INFO:colcon.colcon_core.shell:Creating package script '/home/rrm/src/install/cv1/share/cv1/package.zsh'
[0.427s] Level 1:colcon.colcon_core.environment:create_file_with_runtime_dependencies(/home/rrm/src/install/cv1/share/colcon-core/packages/cv1)
[0.428s] Level 1:colcon.colcon_core.environment:create_environment_scripts_only(cv1)
[0.428s] Level 1:colcon.colcon_core.environment:checking '/home/rrm/src/install/cv1' for CMake module files
[0.428s] Level 1:colcon.colcon_core.environment:checking '/home/rrm/src/install/cv1' for CMake config files
[0.428s] Level 1:colcon.colcon_core.shell:create_environment_hook('cv1', 'cmake_prefix_path')
[0.429s] INFO:colcon.colcon_core.shell:Creating environment hook '/home/rrm/src/install/cv1/share/cv1/hook/cmake_prefix_path.ps1'
[0.429s] INFO:colcon.colcon_core.shell:Creating environment descriptor '/home/rrm/src/install/cv1/share/cv1/hook/cmake_prefix_path.dsv'
[0.430s] INFO:colcon.colcon_core.shell:Creating environment hook '/home/rrm/src/install/cv1/share/cv1/hook/cmake_prefix_path.sh'
[0.430s] Level 1:colcon.colcon_core.environment:checking '/home/rrm/src/install/cv1/lib'
[0.431s] Level 1:colcon.colcon_core.environment:checking '/home/rrm/src/install/cv1/bin'
[0.431s] Level 1:colcon.colcon_core.environment:checking '/home/rrm/src/install/cv1/lib/pkgconfig/cv1.pc'
[0.431s] Level 1:colcon.colcon_core.environment:checking '/home/rrm/src/install/cv1/lib/python3.10/site-packages'
[0.431s] Level 1:colcon.colcon_core.environment:checking '/home/rrm/src/install/cv1/bin'
[0.431s] INFO:colcon.colcon_core.shell:Creating package script '/home/rrm/src/install/cv1/share/cv1/package.ps1'
[0.432s] INFO:colcon.colcon_core.shell:Creating package descriptor '/home/rrm/src/install/cv1/share/cv1/package.dsv'
[0.432s] INFO:colcon.colcon_core.shell:Creating package script '/home/rrm/src/install/cv1/share/cv1/package.sh'
[0.433s] INFO:colcon.colcon_core.shell:Creating package script '/home/rrm/src/install/cv1/share/cv1/package.bash'
[0.433s] INFO:colcon.colcon_core.shell:Creating package script '/home/rrm/src/install/cv1/share/cv1/package.zsh'
[0.434s] Level 1:colcon.colcon_core.environment:create_file_with_runtime_dependencies(/home/rrm/src/install/cv1/share/colcon-core/packages/cv1)
[0.644s] DEBUG:colcon.colcon_core.event_handler.log_command:Invoked command in '/home/rrm/src/build/rrm_msgs' returned '0': CMAKE_PREFIX_PATH=${CMAKE_PREFIX_PATH}:/opt/ros/humble /usr/bin/cmake --build /home/rrm/src/build/rrm_msgs -- -j8 -l8
[0.646s] DEBUG:colcon.colcon_core.event_handler.log_command:Invoking command in '/home/rrm/src/build/rrm_msgs': CMAKE_PREFIX_PATH=${CMAKE_PREFIX_PATH}:/opt/ros/humble /usr/bin/cmake --install /home/rrm/src/build/rrm_msgs
[0.699s] Level 1:colcon.colcon_core.environment:create_environment_scripts_only(rrm_msgs)
[0.699s] Level 1:colcon.colcon_core.environment:checking '/home/rrm/src/install/rrm_msgs' for CMake module files
[0.701s] Level 1:colcon.colcon_core.environment:checking '/home/rrm/src/install/rrm_msgs' for CMake config files
[0.701s] Level 1:colcon.colcon_core.shell:create_environment_hook('rrm_msgs', 'cmake_prefix_path')
[0.702s] INFO:colcon.colcon_core.shell:Creating environment hook '/home/rrm/src/install/rrm_msgs/share/rrm_msgs/hook/cmake_prefix_path.ps1'
[0.702s] INFO:colcon.colcon_core.shell:Creating environment descriptor '/home/rrm/src/install/rrm_msgs/share/rrm_msgs/hook/cmake_prefix_path.dsv'
[0.703s] INFO:colcon.colcon_core.shell:Creating environment hook '/home/rrm/src/install/rrm_msgs/share/rrm_msgs/hook/cmake_prefix_path.sh'
[0.704s] Level 1:colcon.colcon_core.environment:checking '/home/rrm/src/install/rrm_msgs/lib'
[0.704s] Level 1:colcon.colcon_core.shell:create_environment_hook('rrm_msgs', 'ld_library_path_lib')
[0.704s] INFO:colcon.colcon_core.shell:Creating environment hook '/home/rrm/src/install/rrm_msgs/share/rrm_msgs/hook/ld_library_path_lib.ps1'
[0.705s] INFO:colcon.colcon_core.shell:Creating environment descriptor '/home/rrm/src/install/rrm_msgs/share/rrm_msgs/hook/ld_library_path_lib.dsv'
[0.705s] INFO:colcon.colcon_core.shell:Creating environment hook '/home/rrm/src/install/rrm_msgs/share/rrm_msgs/hook/ld_library_path_lib.sh'
[0.705s] Level 1:colcon.colcon_core.environment:checking '/home/rrm/src/install/rrm_msgs/bin'
[0.706s] Level 1:colcon.colcon_core.environment:checking '/home/rrm/src/install/rrm_msgs/lib/pkgconfig/rrm_msgs.pc'
[0.706s] Level 1:colcon.colcon_core.environment:checking '/home/rrm/src/install/rrm_msgs/lib/python3.10/site-packages'
[0.706s] Level 1:colcon.colcon_core.environment:checking '/home/rrm/src/install/rrm_msgs/bin'
[0.707s] INFO:colcon.colcon_core.shell:Creating package script '/home/rrm/src/install/rrm_msgs/share/rrm_msgs/package.ps1'
[0.708s] INFO:colcon.colcon_core.shell:Creating package descriptor '/home/rrm/src/install/rrm_msgs/share/rrm_msgs/package.dsv'
[0.709s] INFO:colcon.colcon_core.shell:Creating package script '/home/rrm/src/install/rrm_msgs/share/rrm_msgs/package.sh'
[0.710s] INFO:colcon.colcon_core.shell:Creating package script '/home/rrm/src/install/rrm_msgs/share/rrm_msgs/package.bash'
[0.711s] INFO:colcon.colcon_core.shell:Creating package script '/home/rrm/src/install/rrm_msgs/share/rrm_msgs/package.zsh'
[0.711s] DEBUG:colcon.colcon_core.event_handler.log_command:Invoked command in '/home/rrm/src/build/rrm_msgs' returned '0': CMAKE_PREFIX_PATH=${CMAKE_PREFIX_PATH}:/opt/ros/humble /usr/bin/cmake --install /home/rrm/src/build/rrm_msgs
[0.712s] Level 1:colcon.colcon_core.environment:create_file_with_runtime_dependencies(/home/rrm/src/install/rrm_msgs/share/colcon-core/packages/rrm_msgs)
[0.712s] Level 1:colcon.colcon_core.environment:create_environment_scripts_only(rrm_msgs)
[0.712s] Level 1:colcon.colcon_core.environment:checking '/home/rrm/src/install/rrm_msgs' for CMake module files
[0.713s] Level 1:colcon.colcon_core.environment:checking '/home/rrm/src/install/rrm_msgs' for CMake config files
[0.714s] Level 1:colcon.colcon_core.shell:create_environment_hook('rrm_msgs', 'cmake_prefix_path')
[0.714s] INFO:colcon.colcon_core.shell:Creating environment hook '/home/rrm/src/install/rrm_msgs/share/rrm_msgs/hook/cmake_prefix_path.ps1'
[0.714s] INFO:colcon.colcon_core.shell:Creating environment descriptor '/home/rrm/src/install/rrm_msgs/share/rrm_msgs/hook/cmake_prefix_path.dsv'
[0.715s] INFO:colcon.colcon_core.shell:Creating environment hook '/home/rrm/src/install/rrm_msgs/share/rrm_msgs/hook/cmake_prefix_path.sh'
[0.715s] Level 1:colcon.colcon_core.environment:checking '/home/rrm/src/install/rrm_msgs/lib'
[0.715s] Level 1:colcon.colcon_core.shell:create_environment_hook('rrm_msgs', 'ld_library_path_lib')
[0.716s] INFO:colcon.colcon_core.shell:Creating environment hook '/home/rrm/src/install/rrm_msgs/share/rrm_msgs/hook/ld_library_path_lib.ps1'
[0.716s] INFO:colcon.colcon_core.shell:Creating environment descriptor '/home/rrm/src/install/rrm_msgs/share/rrm_msgs/hook/ld_library_path_lib.dsv'
[0.716s] INFO:colcon.colcon_core.shell:Creating environment hook '/home/rrm/src/install/rrm_msgs/share/rrm_msgs/hook/ld_library_path_lib.sh'
[0.717s] Level 1:colcon.colcon_core.environment:checking '/home/rrm/src/install/rrm_msgs/bin'
[0.717s] Level 1:colcon.colcon_core.environment:checking '/home/rrm/src/install/rrm_msgs/lib/pkgconfig/rrm_msgs.pc'
[0.718s] Level 1:colcon.colcon_core.environment:checking '/home/rrm/src/install/rrm_msgs/lib/python3.10/site-packages'
[0.718s] Level 1:colcon.colcon_core.environment:checking '/home/rrm/src/install/rrm_msgs/bin'
[0.719s] INFO:colcon.colcon_core.shell:Creating package script '/home/rrm/src/install/rrm_msgs/share/rrm_msgs/package.ps1'
[0.719s] INFO:colcon.colcon_core.shell:Creating package descriptor '/home/rrm/src/install/rrm_msgs/share/rrm_msgs/package.dsv'
[0.720s] INFO:colcon.colcon_core.shell:Creating package script '/home/rrm/src/install/rrm_msgs/share/rrm_msgs/package.sh'
[0.720s] INFO:colcon.colcon_core.shell:Creating package script '/home/rrm/src/install/rrm_msgs/share/rrm_msgs/package.bash'
[0.721s] INFO:colcon.colcon_core.shell:Creating package script '/home/rrm/src/install/rrm_msgs/share/rrm_msgs/package.zsh'
[0.721s] Level 1:colcon.colcon_core.environment:create_file_with_runtime_dependencies(/home/rrm/src/install/rrm_msgs/share/colcon-core/packages/rrm_msgs)
[0.722s] INFO:colcon.colcon_ros.task.ament_cmake.build:Building ROS package in '/home/rrm/src/cv2' with build type 'ament_cmake'
[0.722s] INFO:colcon.colcon_cmake.task.cmake.build:Building CMake package in '/home/rrm/src/cv2'
[0.722s] INFO:colcon.colcon_core.shell:Skip shell extension 'powershell' for command environment: Not usable outside of PowerShell
[0.722s] DEBUG:colcon.colcon_core.shell:Skip shell extension 'dsv' for command environment
[0.728s] INFO:colcon.colcon_ros.task.ament_cmake.build:Building ROS package in '/home/rrm/src/cv3' with build type 'ament_cmake'
[0.728s] INFO:colcon.colcon_cmake.task.cmake.build:Building CMake package in '/home/rrm/src/cv3'
[0.729s] INFO:colcon.colcon_core.shell:Skip shell extension 'powershell' for command environment: Not usable outside of PowerShell
[0.729s] DEBUG:colcon.colcon_core.shell:Skip shell extension 'dsv' for command environment
[0.732s] INFO:colcon.colcon_ros.task.ament_cmake.build:Building ROS package in '/home/rrm/src/rrm_sim' with build type 'ament_cmake'
[0.732s] INFO:colcon.colcon_cmake.task.cmake.build:Building CMake package in '/home/rrm/src/rrm_sim'
[0.732s] INFO:colcon.colcon_core.shell:Skip shell extension 'powershell' for command environment: Not usable outside of PowerShell
[0.733s] DEBUG:colcon.colcon_core.shell:Skip shell extension 'dsv' for command environment
[0.741s] DEBUG:colcon.colcon_core.event_handler.log_command:Invoking command in '/home/rrm/src/build/cv2': AMENT_PREFIX_PATH=/home/rrm/src/install/rrm_msgs:${AMENT_PREFIX_PATH} CMAKE_PREFIX_PATH=/home/rrm/src/install/rrm_msgs:/home/rrm/install/rrm_simple_robot_model:/home/rrm/install/rrm_sim:/home/rrm/install/cv2:/home/rrm/install/rrm_msgs:/home/rrm/install/cv1:/opt/ros/humble LD_LIBRARY_PATH=/home/rrm/src/install/rrm_msgs/lib:${LD_LIBRARY_PATH} PYTHONPATH=/home/rrm/src/install/rrm_msgs/local/lib/python3.10/dist-packages:${PYTHONPATH} /usr/bin/cmake --build /home/rrm/src/build/cv2 -- -j8 -l8
[0.745s] DEBUG:colcon.colcon_core.event_handler.log_command:Invoking command in '/home/rrm/src/build/cv3': AMENT_PREFIX_PATH=/home/rrm/src/install/rrm_msgs:${AMENT_PREFIX_PATH} CMAKE_PREFIX_PATH=/home/rrm/src/install/rrm_msgs:/home/rrm/install/rrm_simple_robot_model:/home/rrm/install/rrm_sim:/home/rrm/install/cv2:/home/rrm/install/rrm_msgs:/home/rrm/install/cv1:/opt/ros/humble LD_LIBRARY_PATH=/home/rrm/src/install/rrm_msgs/lib:${LD_LIBRARY_PATH} PYTHONPATH=/home/rrm/src/install/rrm_msgs/local/lib/python3.10/dist-packages:${PYTHONPATH} /usr/bin/cmake --build /home/rrm/src/build/cv3 -- -j8 -l8
[0.747s] DEBUG:colcon.colcon_core.event_handler.log_command:Invoking command in '/home/rrm/src/build/rrm_sim': AMENT_PREFIX_PATH=/home/rrm/src/install/rrm_msgs:${AMENT_PREFIX_PATH} CMAKE_PREFIX_PATH=/home/rrm/src/install/rrm_msgs:/home/rrm/install/rrm_simple_robot_model:/home/rrm/install/rrm_sim:/home/rrm/install/cv2:/home/rrm/install/rrm_msgs:/home/rrm/install/cv1:/opt/ros/humble LD_LIBRARY_PATH=/home/rrm/src/install/rrm_msgs/lib:${LD_LIBRARY_PATH} PYTHONPATH=/home/rrm/src/install/rrm_msgs/local/lib/python3.10/dist-packages:${PYTHONPATH} /usr/bin/cmake --build /home/rrm/src/build/rrm_sim -- -j8 -l8
[0.829s] DEBUG:colcon.colcon_core.event_handler.log_command:Invoked command in '/home/rrm/src/build/cv2' returned '0': AMENT_PREFIX_PATH=/home/rrm/src/install/rrm_msgs:${AMENT_PREFIX_PATH} CMAKE_PREFIX_PATH=/home/rrm/src/install/rrm_msgs:/home/rrm/install/rrm_simple_robot_model:/home/rrm/install/rrm_sim:/home/rrm/install/cv2:/home/rrm/install/rrm_msgs:/home/rrm/install/cv1:/opt/ros/humble LD_LIBRARY_PATH=/home/rrm/src/install/rrm_msgs/lib:${LD_LIBRARY_PATH} PYTHONPATH=/home/rrm/src/install/rrm_msgs/local/lib/python3.10/dist-packages:${PYTHONPATH} /usr/bin/cmake --build /home/rrm/src/build/cv2 -- -j8 -l8
[0.831s] DEBUG:colcon.colcon_core.event_handler.log_command:Invoking command in '/home/rrm/src/build/cv2': AMENT_PREFIX_PATH=/home/rrm/src/install/rrm_msgs:${AMENT_PREFIX_PATH} CMAKE_PREFIX_PATH=/home/rrm/src/install/rrm_msgs:/home/rrm/install/rrm_simple_robot_model:/home/rrm/install/rrm_sim:/home/rrm/install/cv2:/home/rrm/install/rrm_msgs:/home/rrm/install/cv1:/opt/ros/humble LD_LIBRARY_PATH=/home/rrm/src/install/rrm_msgs/lib:${LD_LIBRARY_PATH} PYTHONPATH=/home/rrm/src/install/rrm_msgs/local/lib/python3.10/dist-packages:${PYTHONPATH} /usr/bin/cmake --install /home/rrm/src/build/cv2
[0.836s] DEBUG:colcon.colcon_core.event_handler.log_command:Invoked command in '/home/rrm/src/build/rrm_sim' returned '0': AMENT_PREFIX_PATH=/home/rrm/src/install/rrm_msgs:${AMENT_PREFIX_PATH} CMAKE_PREFIX_PATH=/home/rrm/src/install/rrm_msgs:/home/rrm/install/rrm_simple_robot_model:/home/rrm/install/rrm_sim:/home/rrm/install/cv2:/home/rrm/install/rrm_msgs:/home/rrm/install/cv1:/opt/ros/humble LD_LIBRARY_PATH=/home/rrm/src/install/rrm_msgs/lib:${LD_LIBRARY_PATH} PYTHONPATH=/home/rrm/src/install/rrm_msgs/local/lib/python3.10/dist-packages:${PYTHONPATH} /usr/bin/cmake --build /home/rrm/src/build/rrm_sim -- -j8 -l8
[0.838s] DEBUG:colcon.colcon_core.event_handler.log_command:Invoking command in '/home/rrm/src/build/rrm_sim': AMENT_PREFIX_PATH=/home/rrm/src/install/rrm_msgs:${AMENT_PREFIX_PATH} CMAKE_PREFIX_PATH=/home/rrm/src/install/rrm_msgs:/home/rrm/install/rrm_simple_robot_model:/home/rrm/install/rrm_sim:/home/rrm/install/cv2:/home/rrm/install/rrm_msgs:/home/rrm/install/cv1:/opt/ros/humble LD_LIBRARY_PATH=/home/rrm/src/install/rrm_msgs/lib:${LD_LIBRARY_PATH} PYTHONPATH=/home/rrm/src/install/rrm_msgs/local/lib/python3.10/dist-packages:${PYTHONPATH} /usr/bin/cmake --install /home/rrm/src/build/rrm_sim
[0.842s] Level 1:colcon.colcon_core.environment:create_environment_scripts_only(cv2)
[0.842s] Level 1:colcon.colcon_core.environment:checking '/home/rrm/src/install/cv2' for CMake module files
[0.843s] DEBUG:colcon.colcon_core.event_handler.log_command:Invoked command in '/home/rrm/src/build/cv2' returned '0': AMENT_PREFIX_PATH=/home/rrm/src/install/rrm_msgs:${AMENT_PREFIX_PATH} CMAKE_PREFIX_PATH=/home/rrm/src/install/rrm_msgs:/home/rrm/install/rrm_simple_robot_model:/home/rrm/install/rrm_sim:/home/rrm/install/cv2:/home/rrm/install/rrm_msgs:/home/rrm/install/cv1:/opt/ros/humble LD_LIBRARY_PATH=/home/rrm/src/install/rrm_msgs/lib:${LD_LIBRARY_PATH} PYTHONPATH=/home/rrm/src/install/rrm_msgs/local/lib/python3.10/dist-packages:${PYTHONPATH} /usr/bin/cmake --install /home/rrm/src/build/cv2
[0.843s] Level 1:colcon.colcon_core.environment:checking '/home/rrm/src/install/cv2' for CMake config files
[0.843s] Level 1:colcon.colcon_core.shell:create_environment_hook('cv2', 'cmake_prefix_path')
[0.844s] INFO:colcon.colcon_core.shell:Creating environment hook '/home/rrm/src/install/cv2/share/cv2/hook/cmake_prefix_path.ps1'
[0.844s] INFO:colcon.colcon_core.shell:Creating environment descriptor '/home/rrm/src/install/cv2/share/cv2/hook/cmake_prefix_path.dsv'
[0.844s] INFO:colcon.colcon_core.shell:Creating environment hook '/home/rrm/src/install/cv2/share/cv2/hook/cmake_prefix_path.sh'
[0.845s] Level 1:colcon.colcon_core.environment:checking '/home/rrm/src/install/cv2/lib'
[0.846s] Level 1:colcon.colcon_core.environment:checking '/home/rrm/src/install/cv2/bin'
[0.846s] Level 1:colcon.colcon_core.environment:checking '/home/rrm/src/install/cv2/lib/pkgconfig/cv2.pc'
[0.846s] Level 1:colcon.colcon_core.environment:checking '/home/rrm/src/install/cv2/lib/python3.10/site-packages'
[0.846s] Level 1:colcon.colcon_core.environment:checking '/home/rrm/src/install/cv2/bin'
[0.847s] INFO:colcon.colcon_core.shell:Creating package script '/home/rrm/src/install/cv2/share/cv2/package.ps1'
[0.848s] INFO:colcon.colcon_core.shell:Creating package descriptor '/home/rrm/src/install/cv2/share/cv2/package.dsv'
[0.849s] INFO:colcon.colcon_core.shell:Creating package script '/home/rrm/src/install/cv2/share/cv2/package.sh'
[0.851s] INFO:colcon.colcon_core.shell:Creating package script '/home/rrm/src/install/cv2/share/cv2/package.bash'
[0.851s] INFO:colcon.colcon_core.shell:Creating package script '/home/rrm/src/install/cv2/share/cv2/package.zsh'
[0.852s] Level 1:colcon.colcon_core.environment:create_file_with_runtime_dependencies(/home/rrm/src/install/cv2/share/colcon-core/packages/cv2)
[0.852s] Level 1:colcon.colcon_core.environment:create_environment_scripts_only(cv2)
[0.853s] Level 1:colcon.colcon_core.environment:checking '/home/rrm/src/install/cv2' for CMake module files
[0.853s] Level 1:colcon.colcon_core.environment:checking '/home/rrm/src/install/cv2' for CMake config files
[0.854s] Level 1:colcon.colcon_core.shell:create_environment_hook('cv2', 'cmake_prefix_path')
[0.854s] INFO:colcon.colcon_core.shell:Creating environment hook '/home/rrm/src/install/cv2/share/cv2/hook/cmake_prefix_path.ps1'
[0.854s] INFO:colcon.colcon_core.shell:Creating environment descriptor '/home/rrm/src/install/cv2/share/cv2/hook/cmake_prefix_path.dsv'
[0.855s] INFO:colcon.colcon_core.shell:Creating environment hook '/home/rrm/src/install/cv2/share/cv2/hook/cmake_prefix_path.sh'
[0.855s] Level 1:colcon.colcon_core.environment:checking '/home/rrm/src/install/cv2/lib'
[0.855s] Level 1:colcon.colcon_core.environment:checking '/home/rrm/src/install/cv2/bin'
[0.856s] Level 1:colcon.colcon_core.environment:checking '/home/rrm/src/install/cv2/lib/pkgconfig/cv2.pc'
[0.856s] Level 1:colcon.colcon_core.environment:checking '/home/rrm/src/install/cv2/lib/python3.10/site-packages'
[0.856s] Level 1:colcon.colcon_core.environment:checking '/home/rrm/src/install/cv2/bin'
[0.857s] INFO:colcon.colcon_core.shell:Creating package script '/home/rrm/src/install/cv2/share/cv2/package.ps1'
[0.857s] INFO:colcon.colcon_core.shell:Creating package descriptor '/home/rrm/src/install/cv2/share/cv2/package.dsv'
[0.858s] INFO:colcon.colcon_core.shell:Creating package script '/home/rrm/src/install/cv2/share/cv2/package.sh'
[0.858s] INFO:colcon.colcon_core.shell:Creating package script '/home/rrm/src/install/cv2/share/cv2/package.bash'
[0.859s] INFO:colcon.colcon_core.shell:Creating package script '/home/rrm/src/install/cv2/share/cv2/package.zsh'
[0.859s] Level 1:colcon.colcon_core.environment:create_file_with_runtime_dependencies(/home/rrm/src/install/cv2/share/colcon-core/packages/cv2)
[0.860s] Level 1:colcon.colcon_core.environment:create_environment_scripts_only(rrm_sim)
[0.861s] Level 1:colcon.colcon_core.environment:checking '/home/rrm/src/install/rrm_sim' for CMake module files
[0.861s] DEBUG:colcon.colcon_core.event_handler.log_command:Invoked command in '/home/rrm/src/build/rrm_sim' returned '0': AMENT_PREFIX_PATH=/home/rrm/src/install/rrm_msgs:${AMENT_PREFIX_PATH} CMAKE_PREFIX_PATH=/home/rrm/src/install/rrm_msgs:/home/rrm/install/rrm_simple_robot_model:/home/rrm/install/rrm_sim:/home/rrm/install/cv2:/home/rrm/install/rrm_msgs:/home/rrm/install/cv1:/opt/ros/humble LD_LIBRARY_PATH=/home/rrm/src/install/rrm_msgs/lib:${LD_LIBRARY_PATH} PYTHONPATH=/home/rrm/src/install/rrm_msgs/local/lib/python3.10/dist-packages:${PYTHONPATH} /usr/bin/cmake --install /home/rrm/src/build/rrm_sim
[0.862s] Level 1:colcon.colcon_core.environment:checking '/home/rrm/src/install/rrm_sim' for CMake config files
[0.862s] Level 1:colcon.colcon_core.shell:create_environment_hook('rrm_sim', 'cmake_prefix_path')
[0.862s] INFO:colcon.colcon_core.shell:Creating environment hook '/home/rrm/src/install/rrm_sim/share/rrm_sim/hook/cmake_prefix_path.ps1'
[0.863s] INFO:colcon.colcon_core.shell:Creating environment descriptor '/home/rrm/src/install/rrm_sim/share/rrm_sim/hook/cmake_prefix_path.dsv'
[0.863s] INFO:colcon.colcon_core.shell:Creating environment hook '/home/rrm/src/install/rrm_sim/share/rrm_sim/hook/cmake_prefix_path.sh'
[0.864s] Level 1:colcon.colcon_core.environment:checking '/home/rrm/src/install/rrm_sim/lib'
[0.864s] Level 1:colcon.colcon_core.environment:checking '/home/rrm/src/install/rrm_sim/bin'
[0.864s] Level 1:colcon.colcon_core.environment:checking '/home/rrm/src/install/rrm_sim/lib/pkgconfig/rrm_sim.pc'
[0.864s] Level 1:colcon.colcon_core.environment:checking '/home/rrm/src/install/rrm_sim/lib/python3.10/site-packages'
[0.865s] Level 1:colcon.colcon_core.environment:checking '/home/rrm/src/install/rrm_sim/bin'
[0.865s] INFO:colcon.colcon_core.shell:Creating package script '/home/rrm/src/install/rrm_sim/share/rrm_sim/package.ps1'
[0.866s] INFO:colcon.colcon_core.shell:Creating package descriptor '/home/rrm/src/install/rrm_sim/share/rrm_sim/package.dsv'
[0.866s] INFO:colcon.colcon_core.shell:Creating package script '/home/rrm/src/install/rrm_sim/share/rrm_sim/package.sh'
[0.866s] INFO:colcon.colcon_core.shell:Creating package script '/home/rrm/src/install/rrm_sim/share/rrm_sim/package.bash'
[0.867s] INFO:colcon.colcon_core.shell:Creating package script '/home/rrm/src/install/rrm_sim/share/rrm_sim/package.zsh'
[0.867s] Level 1:colcon.colcon_core.environment:create_file_with_runtime_dependencies(/home/rrm/src/install/rrm_sim/share/colcon-core/packages/rrm_sim)
[0.868s] Level 1:colcon.colcon_core.environment:create_environment_scripts_only(rrm_sim)
[0.868s] Level 1:colcon.colcon_core.environment:checking '/home/rrm/src/install/rrm_sim' for CMake module files
[0.869s] Level 1:colcon.colcon_core.environment:checking '/home/rrm/src/install/rrm_sim' for CMake config files
[0.869s] Level 1:colcon.colcon_core.shell:create_environment_hook('rrm_sim', 'cmake_prefix_path')
[0.870s] INFO:colcon.colcon_core.shell:Creating environment hook '/home/rrm/src/install/rrm_sim/share/rrm_sim/hook/cmake_prefix_path.ps1'
[0.870s] INFO:colcon.colcon_core.shell:Creating environment descriptor '/home/rrm/src/install/rrm_sim/share/rrm_sim/hook/cmake_prefix_path.dsv'
[0.871s] INFO:colcon.colcon_core.shell:Creating environment hook '/home/rrm/src/install/rrm_sim/share/rrm_sim/hook/cmake_prefix_path.sh'
[0.871s] Level 1:colcon.colcon_core.environment:checking '/home/rrm/src/install/rrm_sim/lib'
[0.871s] Level 1:colcon.colcon_core.environment:checking '/home/rrm/src/install/rrm_sim/bin'
[0.871s] Level 1:colcon.colcon_core.environment:checking '/home/rrm/src/install/rrm_sim/lib/pkgconfig/rrm_sim.pc'
[0.872s] Level 1:colcon.colcon_core.environment:checking '/home/rrm/src/install/rrm_sim/lib/python3.10/site-packages'
[0.872s] Level 1:colcon.colcon_core.environment:checking '/home/rrm/src/install/rrm_sim/bin'
[0.872s] INFO:colcon.colcon_core.shell:Creating package script '/home/rrm/src/install/rrm_sim/share/rrm_sim/package.ps1'
[0.873s] INFO:colcon.colcon_core.shell:Creating package descriptor '/home/rrm/src/install/rrm_sim/share/rrm_sim/package.dsv'
[0.874s] INFO:colcon.colcon_core.shell:Creating package script '/home/rrm/src/install/rrm_sim/share/rrm_sim/package.sh'
[0.874s] INFO:colcon.colcon_core.shell:Creating package script '/home/rrm/src/install/rrm_sim/share/rrm_sim/package.bash'
[0.875s] INFO:colcon.colcon_core.shell:Creating package script '/home/rrm/src/install/rrm_sim/share/rrm_sim/package.zsh'
[0.875s] Level 1:colcon.colcon_core.environment:create_file_with_runtime_dependencies(/home/rrm/src/install/rrm_sim/share/colcon-core/packages/rrm_sim)
[5.823s] DEBUG:colcon.colcon_core.event_handler.log_command:Invoked command in '/home/rrm/src/build/cv3' returned '2': AMENT_PREFIX_PATH=/home/rrm/src/install/rrm_msgs:${AMENT_PREFIX_PATH} CMAKE_PREFIX_PATH=/home/rrm/src/install/rrm_msgs:/home/rrm/install/rrm_simple_robot_model:/home/rrm/install/rrm_sim:/home/rrm/install/cv2:/home/rrm/install/rrm_msgs:/home/rrm/install/cv1:/opt/ros/humble LD_LIBRARY_PATH=/home/rrm/src/install/rrm_msgs/lib:${LD_LIBRARY_PATH} PYTHONPATH=/home/rrm/src/install/rrm_msgs/local/lib/python3.10/dist-packages:${PYTHONPATH} /usr/bin/cmake --build /home/rrm/src/build/cv3 -- -j8 -l8
[5.824s] Level 1:colcon.colcon_core.environment:create_environment_scripts_only(cv3)
[5.824s] Level 1:colcon.colcon_core.environment:checking '/home/rrm/src/install/cv3' for CMake module files
[5.825s] Level 1:colcon.colcon_core.environment:checking '/home/rrm/src/install/cv3' for CMake config files
[5.825s] Level 1:colcon.colcon_core.shell:create_environment_hook('cv3', 'cmake_prefix_path')
[5.825s] INFO:colcon.colcon_core.shell:Creating environment hook '/home/rrm/src/install/cv3/share/cv3/hook/cmake_prefix_path.ps1'
[5.826s] INFO:colcon.colcon_core.shell:Creating environment descriptor '/home/rrm/src/install/cv3/share/cv3/hook/cmake_prefix_path.dsv'
[5.826s] INFO:colcon.colcon_core.shell:Creating environment hook '/home/rrm/src/install/cv3/share/cv3/hook/cmake_prefix_path.sh'
[5.827s] Level 1:colcon.colcon_core.environment:checking '/home/rrm/src/install/cv3/lib'
[5.827s] Level 1:colcon.colcon_core.environment:checking '/home/rrm/src/install/cv3/bin'
[5.827s] Level 1:colcon.colcon_core.environment:checking '/home/rrm/src/install/cv3/lib/pkgconfig/cv3.pc'
[5.827s] Level 1:colcon.colcon_core.environment:checking '/home/rrm/src/install/cv3/lib/python3.10/site-packages'
[5.827s] Level 1:colcon.colcon_core.environment:checking '/home/rrm/src/install/cv3/bin'
[5.828s] INFO:colcon.colcon_core.shell:Creating package script '/home/rrm/src/install/cv3/share/cv3/package.ps1'
[5.828s] INFO:colcon.colcon_core.shell:Creating package descriptor '/home/rrm/src/install/cv3/share/cv3/package.dsv'
[5.829s] INFO:colcon.colcon_core.shell:Creating package script '/home/rrm/src/install/cv3/share/cv3/package.sh'
[5.829s] INFO:colcon.colcon_core.shell:Creating package script '/home/rrm/src/install/cv3/share/cv3/package.bash'
[5.830s] INFO:colcon.colcon_core.shell:Creating package script '/home/rrm/src/install/cv3/share/cv3/package.zsh'
[5.831s] Level 1:colcon.colcon_core.environment:create_file_with_runtime_dependencies(/home/rrm/src/install/cv3/share/colcon-core/packages/cv3)
[5.842s] DEBUG:colcon.colcon_parallel_executor.executor.parallel:closing loop
[5.842s] DEBUG:colcon.colcon_parallel_executor.executor.parallel:loop closed
[5.842s] DEBUG:colcon.colcon_parallel_executor.executor.parallel:run_until_complete finished with '2'
[5.842s] DEBUG:colcon.colcon_core.event_reactor:joining thread
[5.847s] INFO:colcon.colcon_core.plugin_system:Skipping extension 'colcon_notification.desktop_notification.notify_send': Could not find 'notify-send'
[5.848s] INFO:colcon.colcon_core.plugin_system:Skipping extension 'colcon_notification.desktop_notification.terminal_notifier': Not used on non-Darwin systems
[5.848s] INFO:colcon.colcon_core.plugin_system:Skipping extension 'colcon_notification.desktop_notification.win32': Not used on non-Windows systems
[5.848s] INFO:colcon.colcon_notification.desktop_notification:Sending desktop notification using 'notify2'
[5.850s] DEBUG:colcon.colcon_notification.desktop_notification.notify2:Failed to initialize notify2: org.freedesktop.DBus.Error.Spawn.ExecFailed: /usr/bin/dbus-launch terminated abnormally without any error message
[5.850s] DEBUG:colcon.colcon_core.event_reactor:joined thread
[5.851s] INFO:colcon.colcon_core.shell:Creating prefix script '/home/rrm/src/install/local_setup.ps1'
[5.853s] INFO:colcon.colcon_core.shell:Creating prefix util module '/home/rrm/src/install/_local_setup_util_ps1.py'
[5.855s] INFO:colcon.colcon_core.shell:Creating prefix chain script '/home/rrm/src/install/setup.ps1'
[5.857s] INFO:colcon.colcon_core.shell:Creating prefix script '/home/rrm/src/install/local_setup.sh'
[5.857s] INFO:colcon.colcon_core.shell:Creating prefix util module '/home/rrm/src/install/_local_setup_util_sh.py'
[5.858s] INFO:colcon.colcon_core.shell:Creating prefix chain script '/home/rrm/src/install/setup.sh'
[5.860s] INFO:colcon.colcon_core.shell:Creating prefix script '/home/rrm/src/install/local_setup.bash'
[5.860s] INFO:colcon.colcon_core.shell:Creating prefix chain script '/home/rrm/src/install/setup.bash'
[5.862s] INFO:colcon.colcon_core.shell:Creating prefix script '/home/rrm/src/install/local_setup.zsh'
[5.863s] INFO:colcon.colcon_core.shell:Creating prefix chain script '/home/rrm/src/install/setup.zsh'
