[0.108s] DEBUG:colcon:Command line arguments: ['/usr/bin/colcon', 'build']
[0.108s] DEBUG:colcon:Parsed command line arguments: Namespace(log_base=None, log_level=None, verb_name='build', build_base='build', install_base='install', merge_install=False, symlink_install=False, test_result_base=None, continue_on_error=False, executor='parallel', parallel_workers=8, event_handlers=None, ignore_user_meta=False, metas=['./colcon.meta'], base_paths=['.'], packages_ignore=None, packages_ignore_regex=None, paths=None, packages_up_to=None, packages_up_to_regex=None, packages_above=None, packages_above_and_dependencies=None, packages_above_depth=None, packages_select_by_dep=None, packages_skip_by_dep=None, packages_skip_up_to=None, packages_select_build_failed=False, packages_skip_build_finished=False, packages_select_test_failures=False, packages_skip_test_passed=False, packages_select=None, packages_skip=None, packages_select_regex=None, packages_skip_regex=None, packages_start=None, packages_end=None, cmake_args=None, cmake_target=None, cmake_target_skip_unavailable=False, cmake_clean_cache=False, cmake_clean_first=False, cmake_force_configure=False, ament_cmake_args=None, catkin_cmake_args=None, catkin_skip_building_tests=False, mixin_files=None, mixin=None, verb_parser=<colcon_mixin.mixin.mixin_argument.MixinArgumentDecorator object at 0x7f107baab7f0>, verb_extension=<colcon_core.verb.build.BuildVerb object at 0x7f107baaad40>, main=<bound method BuildVerb.main of <colcon_core.verb.build.BuildVerb object at 0x7f107baaad40>>, mixin_verb=('build',))
[0.234s] Level 1:colcon.colcon_core.package_discovery:discover_packages(colcon_meta) check parameters
[0.235s] INFO:colcon.colcon_metadata.package_discovery.colcon_meta:Using configuration from '/root/.colcon/metadata/default/Gazebo.meta'
[0.235s] INFO:colcon.colcon_metadata.package_discovery.colcon_meta:Using configuration from '/root/.colcon/metadata/default/fastdds.meta'
[0.235s] INFO:colcon.colcon_metadata.package_discovery.colcon_meta:Using configuration from '/root/.colcon/metadata/default/fastrtps.meta'
[0.235s] Level 1:colcon.colcon_core.package_discovery:discover_packages(recursive) check parameters
[0.236s] Level 1:colcon.colcon_core.package_discovery:discover_packages(ignore) check parameters
[0.236s] Level 1:colcon.colcon_core.package_discovery:discover_packages(path) check parameters
[0.236s] Level 1:colcon.colcon_core.package_discovery:discover_packages(colcon_meta) discover
[0.236s] Level 1:colcon.colcon_core.package_discovery:discover_packages(recursive) discover
[0.236s] INFO:colcon.colcon_core.package_discovery:Crawling recursively for packages in '/home/rrm/src'
[0.236s] Level 1:colcon.colcon_core.package_identification:_identify(.) by extensions ['ignore', 'ignore_ament_install']
[0.236s] Level 1:colcon.colcon_core.package_identification:_identify(.) by extension 'ignore'
[0.236s] Level 1:colcon.colcon_core.package_identification:_identify(.) by extension 'ignore_ament_install'
[0.236s] Level 1:colcon.colcon_core.package_identification:_identify(.) by extensions ['colcon_pkg']
[0.236s] Level 1:colcon.colcon_core.package_identification:_identify(.) by extension 'colcon_pkg'
[0.236s] Level 1:colcon.colcon_core.package_identification:_identify(.) by extensions ['colcon_meta']
[0.236s] Level 1:colcon.colcon_core.package_identification:_identify(.) by extension 'colcon_meta'
[0.236s] Level 1:colcon.colcon_core.package_identification:_identify(.) by extensions ['ros']
[0.236s] Level 1:colcon.colcon_core.package_identification:_identify(.) by extension 'ros'
[0.245s] Level 1:colcon.colcon_core.package_identification:_identify(.) by extensions ['cmake', 'python']
[0.245s] Level 1:colcon.colcon_core.package_identification:_identify(.) by extension 'cmake'
[0.245s] Level 1:colcon.colcon_core.package_identification:_identify(.) by extension 'python'
[0.245s] Level 1:colcon.colcon_core.package_identification:_identify(.) by extensions ['python_setup_py']
[0.245s] Level 1:colcon.colcon_core.package_identification:_identify(.) by extension 'python_setup_py'
[0.246s] Level 1:colcon.colcon_core.package_identification:_identify(build) by extensions ['ignore', 'ignore_ament_install']
[0.246s] Level 1:colcon.colcon_core.package_identification:_identify(build) by extension 'ignore'
[0.246s] Level 1:colcon.colcon_core.package_identification:_identify(build) ignored
[0.246s] Level 1:colcon.colcon_core.package_identification:_identify(cv1) by extensions ['ignore', 'ignore_ament_install']
[0.246s] Level 1:colcon.colcon_core.package_identification:_identify(cv1) by extension 'ignore'
[0.246s] Level 1:colcon.colcon_core.package_identification:_identify(cv1) by extension 'ignore_ament_install'
[0.246s] Level 1:colcon.colcon_core.package_identification:_identify(cv1) by extensions ['colcon_pkg']
[0.246s] Level 1:colcon.colcon_core.package_identification:_identify(cv1) by extension 'colcon_pkg'
[0.246s] Level 1:colcon.colcon_core.package_identification:_identify(cv1) by extensions ['colcon_meta']
[0.246s] Level 1:colcon.colcon_core.package_identification:_identify(cv1) by extension 'colcon_meta'
[0.246s] Level 1:colcon.colcon_core.package_identification:_identify(cv1) by extensions ['ros']
[0.246s] Level 1:colcon.colcon_core.package_identification:_identify(cv1) by extension 'ros'
[0.248s] DEBUG:colcon.colcon_core.package_identification:Package 'cv1' with type 'ros.ament_cmake' and name 'cv1'
[0.248s] Level 1:colcon.colcon_core.package_identification:_identify(cv2) by extensions ['ignore', 'ignore_ament_install']
[0.248s] Level 1:colcon.colcon_core.package_identification:_identify(cv2) by extension 'ignore'
[0.248s] Level 1:colcon.colcon_core.package_identification:_identify(cv2) by extension 'ignore_ament_install'
[0.248s] Level 1:colcon.colcon_core.package_identification:_identify(cv2) by extensions ['colcon_pkg']
[0.248s] Level 1:colcon.colcon_core.package_identification:_identify(cv2) by extension 'colcon_pkg'
[0.248s] Level 1:colcon.colcon_core.package_identification:_identify(cv2) by extensions ['colcon_meta']
[0.248s] Level 1:colcon.colcon_core.package_identification:_identify(cv2) by extension 'colcon_meta'
[0.248s] Level 1:colcon.colcon_core.package_identification:_identify(cv2) by extensions ['ros']
[0.248s] Level 1:colcon.colcon_core.package_identification:_identify(cv2) by extension 'ros'
[0.249s] DEBUG:colcon.colcon_core.package_identification:Package 'cv2' with type 'ros.ament_cmake' and name 'cv2'
[0.249s] Level 1:colcon.colcon_core.package_identification:_identify(cv3) by extensions ['ignore', 'ignore_ament_install']
[0.249s] Level 1:colcon.colcon_core.package_identification:_identify(cv3) by extension 'ignore'
[0.249s] Level 1:colcon.colcon_core.package_identification:_identify(cv3) by extension 'ignore_ament_install'
[0.249s] Level 1:colcon.colcon_core.package_identification:_identify(cv3) by extensions ['colcon_pkg']
[0.249s] Level 1:colcon.colcon_core.package_identification:_identify(cv3) by extension 'colcon_pkg'
[0.249s] Level 1:colcon.colcon_core.package_identification:_identify(cv3) by extensions ['colcon_meta']
[0.249s] Level 1:colcon.colcon_core.package_identification:_identify(cv3) by extension 'colcon_meta'
[0.249s] Level 1:colcon.colcon_core.package_identification:_identify(cv3) by extensions ['ros']
[0.249s] Level 1:colcon.colcon_core.package_identification:_identify(cv3) by extension 'ros'
[0.250s] DEBUG:colcon.colcon_core.package_identification:Package 'cv3' with type 'ros.ament_cmake' and name 'cv3'
[0.250s] Level 1:colcon.colcon_core.package_identification:_identify(install) by extensions ['ignore', 'ignore_ament_install']
[0.250s] Level 1:colcon.colcon_core.package_identification:_identify(install) by extension 'ignore'
[0.250s] Level 1:colcon.colcon_core.package_identification:_identify(install) ignored
[0.250s] Level 1:colcon.colcon_core.package_identification:_identify(log) by extensions ['ignore', 'ignore_ament_install']
[0.250s] Level 1:colcon.colcon_core.package_identification:_identify(log) by extension 'ignore'
[0.250s] Level 1:colcon.colcon_core.package_identification:_identify(log) ignored
[0.250s] Level 1:colcon.colcon_core.package_identification:_identify(rrm_msgs) by extensions ['ignore', 'ignore_ament_install']
[0.250s] Level 1:colcon.colcon_core.package_identification:_identify(rrm_msgs) by extension 'ignore'
[0.251s] Level 1:colcon.colcon_core.package_identification:_identify(rrm_msgs) by extension 'ignore_ament_install'
[0.251s] Level 1:colcon.colcon_core.package_identification:_identify(rrm_msgs) by extensions ['colcon_pkg']
[0.251s] Level 1:colcon.colcon_core.package_identification:_identify(rrm_msgs) by extension 'colcon_pkg'
[0.251s] Level 1:colcon.colcon_core.package_identification:_identify(rrm_msgs) by extensions ['colcon_meta']
[0.251s] Level 1:colcon.colcon_core.package_identification:_identify(rrm_msgs) by extension 'colcon_meta'
[0.251s] Level 1:colcon.colcon_core.package_identification:_identify(rrm_msgs) by extensions ['ros']
[0.251s] Level 1:colcon.colcon_core.package_identification:_identify(rrm_msgs) by extension 'ros'
[0.251s] DEBUG:colcon.colcon_core.package_identification:Package 'rrm_msgs' with type 'ros.ament_cmake' and name 'rrm_msgs'
[0.251s] Level 1:colcon.colcon_core.package_identification:_identify(rrm_sim) by extensions ['ignore', 'ignore_ament_install']
[0.251s] Level 1:colcon.colcon_core.package_identification:_identify(rrm_sim) by extension 'ignore'
[0.251s] Level 1:colcon.colcon_core.package_identification:_identify(rrm_sim) by extension 'ignore_ament_install'
[0.251s] Level 1:colcon.colcon_core.package_identification:_identify(rrm_sim) by extensions ['colcon_pkg']
[0.251s] Level 1:colcon.colcon_core.package_identification:_identify(rrm_sim) by extension 'colcon_pkg'
[0.251s] Level 1:colcon.colcon_core.package_identification:_identify(rrm_sim) by extensions ['colcon_meta']
[0.251s] Level 1:colcon.colcon_core.package_identification:_identify(rrm_sim) by extension 'colcon_meta'
[0.251s] Level 1:colcon.colcon_core.package_identification:_identify(rrm_sim) by extensions ['ros']
[0.252s] Level 1:colcon.colcon_core.package_identification:_identify(rrm_sim) by extension 'ros'
[0.252s] DEBUG:colcon.colcon_core.package_identification:Package 'rrm_sim' with type 'ros.ament_cmake' and name 'rrm_sim'
[0.252s] Level 1:colcon.colcon_core.package_identification:_identify(rrm_simple_robot_model) by extensions ['ignore', 'ignore_ament_install']
[0.252s] Level 1:colcon.colcon_core.package_identification:_identify(rrm_simple_robot_model) by extension 'ignore'
[0.252s] Level 1:colcon.colcon_core.package_identification:_identify(rrm_simple_robot_model) by extension 'ignore_ament_install'
[0.252s] Level 1:colcon.colcon_core.package_identification:_identify(rrm_simple_robot_model) by extensions ['colcon_pkg']
[0.252s] Level 1:colcon.colcon_core.package_identification:_identify(rrm_simple_robot_model) by extension 'colcon_pkg'
[0.252s] Level 1:colcon.colcon_core.package_identification:_identify(rrm_simple_robot_model) by extensions ['colcon_meta']
[0.253s] Level 1:colcon.colcon_core.package_identification:_identify(rrm_simple_robot_model) by extension 'colcon_meta'
[0.253s] Level 1:colcon.colcon_core.package_identification:_identify(rrm_simple_robot_model) by extensions ['ros']
[0.253s] Level 1:colcon.colcon_core.package_identification:_identify(rrm_simple_robot_model) by extension 'ros'
[0.253s] DEBUG:colcon.colcon_core.package_identification:Package 'rrm_simple_robot_model' with type 'ros.ament_cmake' and name 'rrm_simple_robot_model'
[0.253s] Level 1:colcon.colcon_core.package_discovery:discover_packages(recursive) using defaults
[0.253s] Level 1:colcon.colcon_core.package_discovery:discover_packages(ignore) discover
[0.253s] Level 1:colcon.colcon_core.package_discovery:discover_packages(ignore) using defaults
[0.253s] Level 1:colcon.colcon_core.package_discovery:discover_packages(path) discover
[0.253s] Level 1:colcon.colcon_core.package_discovery:discover_packages(path) using defaults
[0.269s] Level 5:colcon.colcon_core.verb:set package 'cv1' build argument 'cmake_args' from command line to 'None'
[0.270s] Level 5:colcon.colcon_core.verb:set package 'cv1' build argument 'cmake_target' from command line to 'None'
[0.270s] Level 5:colcon.colcon_core.verb:set package 'cv1' build argument 'cmake_target_skip_unavailable' from command line to 'False'
[0.270s] Level 5:colcon.colcon_core.verb:set package 'cv1' build argument 'cmake_clean_cache' from command line to 'False'
[0.270s] Level 5:colcon.colcon_core.verb:set package 'cv1' build argument 'cmake_clean_first' from command line to 'False'
[0.270s] Level 5:colcon.colcon_core.verb:set package 'cv1' build argument 'cmake_force_configure' from command line to 'False'
[0.270s] Level 5:colcon.colcon_core.verb:set package 'cv1' build argument 'ament_cmake_args' from command line to 'None'
[0.270s] Level 5:colcon.colcon_core.verb:set package 'cv1' build argument 'catkin_cmake_args' from command line to 'None'
[0.270s] Level 5:colcon.colcon_core.verb:set package 'cv1' build argument 'catkin_skip_building_tests' from command line to 'False'
[0.270s] DEBUG:colcon.colcon_core.verb:Building package 'cv1' with the following arguments: {'ament_cmake_args': None, 'build_base': '/home/rrm/src/build/cv1', 'catkin_cmake_args': None, 'catkin_skip_building_tests': False, 'cmake_args': None, 'cmake_clean_cache': False, 'cmake_clean_first': False, 'cmake_force_configure': False, 'cmake_target': None, 'cmake_target_skip_unavailable': False, 'install_base': '/home/rrm/src/install/cv1', 'merge_install': False, 'path': '/home/rrm/src/cv1', 'symlink_install': False, 'test_result_base': None}
[0.270s] Level 5:colcon.colcon_core.verb:set package 'rrm_msgs' build argument 'cmake_args' from command line to 'None'
[0.270s] Level 5:colcon.colcon_core.verb:set package 'rrm_msgs' build argument 'cmake_target' from command line to 'None'
[0.270s] Level 5:colcon.colcon_core.verb:set package 'rrm_msgs' build argument 'cmake_target_skip_unavailable' from command line to 'False'
[0.270s] Level 5:colcon.colcon_core.verb:set package 'rrm_msgs' build argument 'cmake_clean_cache' from command line to 'False'
[0.270s] Level 5:colcon.colcon_core.verb:set package 'rrm_msgs' build argument 'cmake_clean_first' from command line to 'False'
[0.270s] Level 5:colcon.colcon_core.verb:set package 'rrm_msgs' build argument 'cmake_force_configure' from command line to 'False'
[0.270s] Level 5:colcon.colcon_core.verb:set package 'rrm_msgs' build argument 'ament_cmake_args' from command line to 'None'
[0.270s] Level 5:colcon.colcon_core.verb:set package 'rrm_msgs' build argument 'catkin_cmake_args' from command line to 'None'
[0.270s] Level 5:colcon.colcon_core.verb:set package 'rrm_msgs' build argument 'catkin_skip_building_tests' from command line to 'False'
[0.270s] DEBUG:colcon.colcon_core.verb:Building package 'rrm_msgs' with the following arguments: {'ament_cmake_args': None, 'build_base': '/home/rrm/src/build/rrm_msgs', 'catkin_cmake_args': None, 'catkin_skip_building_tests': False, 'cmake_args': None, 'cmake_clean_cache': False, 'cmake_clean_first': False, 'cmake_force_configure': False, 'cmake_target': None, 'cmake_target_skip_unavailable': False, 'install_base': '/home/rrm/src/install/rrm_msgs', 'merge_install': False, 'path': '/home/rrm/src/rrm_msgs', 'symlink_install': False, 'test_result_base': None}
[0.271s] Level 5:colcon.colcon_core.verb:set package 'rrm_simple_robot_model' build argument 'cmake_args' from command line to 'None'
[0.271s] Level 5:colcon.colcon_core.verb:set package 'rrm_simple_robot_model' build argument 'cmake_target' from command line to 'None'
[0.271s] Level 5:colcon.colcon_core.verb:set package 'rrm_simple_robot_model' build argument 'cmake_target_skip_unavailable' from command line to 'False'
[0.271s] Level 5:colcon.colcon_core.verb:set package 'rrm_simple_robot_model' build argument 'cmake_clean_cache' from command line to 'False'
[0.271s] Level 5:colcon.colcon_core.verb:set package 'rrm_simple_robot_model' build argument 'cmake_clean_first' from command line to 'False'
[0.271s] Level 5:colcon.colcon_core.verb:set package 'rrm_simple_robot_model' build argument 'cmake_force_configure' from command line to 'False'
[0.271s] Level 5:colcon.colcon_core.verb:set package 'rrm_simple_robot_model' build argument 'ament_cmake_args' from command line to 'None'
[0.271s] Level 5:colcon.colcon_core.verb:set package 'rrm_simple_robot_model' build argument 'catkin_cmake_args' from command line to 'None'
[0.271s] Level 5:colcon.colcon_core.verb:set package 'rrm_simple_robot_model' build argument 'catkin_skip_building_tests' from command line to 'False'
[0.271s] DEBUG:colcon.colcon_core.verb:Building package 'rrm_simple_robot_model' with the following arguments: {'ament_cmake_args': None, 'build_base': '/home/rrm/src/build/rrm_simple_robot_model', 'catkin_cmake_args': None, 'catkin_skip_building_tests': False, 'cmake_args': None, 'cmake_clean_cache': False, 'cmake_clean_first': False, 'cmake_force_configure': False, 'cmake_target': None, 'cmake_target_skip_unavailable': False, 'install_base': '/home/rrm/src/install/rrm_simple_robot_model', 'merge_install': False, 'path': '/home/rrm/src/rrm_simple_robot_model', 'symlink_install': False, 'test_result_base': None}
[0.271s] Level 5:colcon.colcon_core.verb:set package 'cv2' build argument 'cmake_args' from command line to 'None'
[0.271s] Level 5:colcon.colcon_core.verb:set package 'cv2' build argument 'cmake_target' from command line to 'None'
[0.271s] Level 5:colcon.colcon_core.verb:set package 'cv2' build argument 'cmake_target_skip_unavailable' from command line to 'False'
[0.271s] Level 5:colcon.colcon_core.verb:set package 'cv2' build argument 'cmake_clean_cache' from command line to 'False'
[0.271s] Level 5:colcon.colcon_core.verb:set package 'cv2' build argument 'cmake_clean_first' from command line to 'False'
[0.271s] Level 5:colcon.colcon_core.verb:set package 'cv2' build argument 'cmake_force_configure' from command line to 'False'
[0.272s] Level 5:colcon.colcon_core.verb:set package 'cv2' build argument 'ament_cmake_args' from command line to 'None'
[0.272s] Level 5:colcon.colcon_core.verb:set package 'cv2' build argument 'catkin_cmake_args' from command line to 'None'
[0.272s] Level 5:colcon.colcon_core.verb:set package 'cv2' build argument 'catkin_skip_building_tests' from command line to 'False'
[0.272s] DEBUG:colcon.colcon_core.verb:Building package 'cv2' with the following arguments: {'ament_cmake_args': None, 'build_base': '/home/rrm/src/build/cv2', 'catkin_cmake_args': None, 'catkin_skip_building_tests': False, 'cmake_args': None, 'cmake_clean_cache': False, 'cmake_clean_first': False, 'cmake_force_configure': False, 'cmake_target': None, 'cmake_target_skip_unavailable': False, 'install_base': '/home/rrm/src/install/cv2', 'merge_install': False, 'path': '/home/rrm/src/cv2', 'symlink_install': False, 'test_result_base': None}
[0.272s] Level 5:colcon.colcon_core.verb:set package 'cv3' build argument 'cmake_args' from command line to 'None'
[0.272s] Level 5:colcon.colcon_core.verb:set package 'cv3' build argument 'cmake_target' from command line to 'None'
[0.272s] Level 5:colcon.colcon_core.verb:set package 'cv3' build argument 'cmake_target_skip_unavailable' from command line to 'False'
[0.272s] Level 5:colcon.colcon_core.verb:set package 'cv3' build argument 'cmake_clean_cache' from command line to 'False'
[0.272s] Level 5:colcon.colcon_core.verb:set package 'cv3' build argument 'cmake_clean_first' from command line to 'False'
[0.272s] Level 5:colcon.colcon_core.verb:set package 'cv3' build argument 'cmake_force_configure' from command line to 'False'
[0.272s] Level 5:colcon.colcon_core.verb:set package 'cv3' build argument 'ament_cmake_args' from command line to 'None'
[0.272s] Level 5:colcon.colcon_core.verb:set package 'cv3' build argument 'catkin_cmake_args' from command line to 'None'
[0.272s] Level 5:colcon.colcon_core.verb:set package 'cv3' build argument 'catkin_skip_building_tests' from command line to 'False'
[0.272s] DEBUG:colcon.colcon_core.verb:Building package 'cv3' with the following arguments: {'ament_cmake_args': None, 'build_base': '/home/rrm/src/build/cv3', 'catkin_cmake_args': None, 'catkin_skip_building_tests': False, 'cmake_args': None, 'cmake_clean_cache': False, 'cmake_clean_first': False, 'cmake_force_configure': False, 'cmake_target': None, 'cmake_target_skip_unavailable': False, 'install_base': '/home/rrm/src/install/cv3', 'merge_install': False, 'path': '/home/rrm/src/cv3', 'symlink_install': False, 'test_result_base': None}
[0.273s] Level 5:colcon.colcon_core.verb:set package 'rrm_sim' build argument 'cmake_args' from command line to 'None'
[0.273s] Level 5:colcon.colcon_core.verb:set package 'rrm_sim' build argument 'cmake_target' from command line to 'None'
[0.274s] Level 5:colcon.colcon_core.verb:set package 'rrm_sim' build argument 'cmake_target_skip_unavailable' from command line to 'False'
[0.274s] Level 5:colcon.colcon_core.verb:set package 'rrm_sim' build argument 'cmake_clean_cache' from command line to 'False'
[0.274s] Level 5:colcon.colcon_core.verb:set package 'rrm_sim' build argument 'cmake_clean_first' from command line to 'False'
[0.274s] Level 5:colcon.colcon_core.verb:set package 'rrm_sim' build argument 'cmake_force_configure' from command line to 'False'
[0.274s] Level 5:colcon.colcon_core.verb:set package 'rrm_sim' build argument 'ament_cmake_args' from command line to 'None'
[0.274s] Level 5:colcon.colcon_core.verb:set package 'rrm_sim' build argument 'catkin_cmake_args' from command line to 'None'
[0.274s] Level 5:colcon.colcon_core.verb:set package 'rrm_sim' build argument 'catkin_skip_building_tests' from command line to 'False'
[0.274s] DEBUG:colcon.colcon_core.verb:Building package 'rrm_sim' with the following arguments: {'ament_cmake_args': None, 'build_base': '/home/rrm/src/build/rrm_sim', 'catkin_cmake_args': None, 'catkin_skip_building_tests': False, 'cmake_args': None, 'cmake_clean_cache': False, 'cmake_clean_first': False, 'cmake_force_configure': False, 'cmake_target': None, 'cmake_target_skip_unavailable': False, 'install_base': '/home/rrm/src/install/rrm_sim', 'merge_install': False, 'path': '/home/rrm/src/rrm_sim', 'symlink_install': False, 'test_result_base': None}
[0.275s] INFO:colcon.colcon_core.executor:Executing jobs using 'parallel' executor
[0.276s] DEBUG:colcon.colcon_parallel_executor.executor.parallel:run_until_complete
[0.276s] INFO:colcon.colcon_ros.task.ament_cmake.build:Building ROS package in '/home/rrm/src/rrm_msgs' with build type 'ament_cmake'
[0.277s] INFO:colcon.colcon_cmake.task.cmake.build:Building CMake package in '/home/rrm/src/rrm_msgs'
[0.279s] INFO:colcon.colcon_core.plugin_system:Skipping extension 'colcon_core.shell.bat': Not used on non-Windows systems
[0.279s] INFO:colcon.colcon_core.shell:Skip shell extension 'powershell' for command environment: Not usable outside of PowerShell
[0.279s] DEBUG:colcon.colcon_core.shell:Skip shell extension 'dsv' for command environment
[0.283s] INFO:colcon.colcon_ros.task.ament_cmake.build:Building ROS package in '/home/rrm/src/cv1' with build type 'ament_cmake'
[0.283s] INFO:colcon.colcon_cmake.task.cmake.build:Building CMake package in '/home/rrm/src/cv1'
[0.283s] INFO:colcon.colcon_core.shell:Skip shell extension 'powershell' for command environment: Not usable outside of PowerShell
[0.283s] DEBUG:colcon.colcon_core.shell:Skip shell extension 'dsv' for command environment
[0.286s] INFO:colcon.colcon_ros.task.ament_cmake.build:Building ROS package in '/home/rrm/src/rrm_simple_robot_model' with build type 'ament_cmake'
[0.287s] INFO:colcon.colcon_cmake.task.cmake.build:Building CMake package in '/home/rrm/src/rrm_simple_robot_model'
[0.287s] INFO:colcon.colcon_core.shell:Skip shell extension 'powershell' for command environment: Not usable outside of PowerShell
[0.287s] DEBUG:colcon.colcon_core.shell:Skip shell extension 'dsv' for command environment
[0.298s] DEBUG:colcon.colcon_core.event_handler.log_command:Invoking command in '/home/rrm/src/build/rrm_msgs': CMAKE_PREFIX_PATH=${CMAKE_PREFIX_PATH}:/opt/ros/humble /usr/bin/cmake --build /home/rrm/src/build/rrm_msgs -- -j8 -l8
[0.302s] DEBUG:colcon.colcon_core.event_handler.log_command:Invoking command in '/home/rrm/src/build/cv1': CMAKE_PREFIX_PATH=${CMAKE_PREFIX_PATH}:/opt/ros/humble /usr/bin/cmake --build /home/rrm/src/build/cv1 -- -j8 -l8
[0.306s] DEBUG:colcon.colcon_core.event_handler.log_command:Invoking command in '/home/rrm/src/build/rrm_simple_robot_model': CMAKE_PREFIX_PATH=${CMAKE_PREFIX_PATH}:/opt/ros/humble /usr/bin/cmake --build /home/rrm/src/build/rrm_simple_robot_model -- -j8 -l8
[0.340s] DEBUG:colcon.colcon_core.event_handler.log_command:Invoked command in '/home/rrm/src/build/rrm_simple_robot_model' returned '0': CMAKE_PREFIX_PATH=${CMAKE_PREFIX_PATH}:/opt/ros/humble /usr/bin/cmake --build /home/rrm/src/build/rrm_simple_robot_model -- -j8 -l8
[0.348s] DEBUG:colcon.colcon_core.event_handler.log_command:Invoking command in '/home/rrm/src/build/rrm_simple_robot_model': CMAKE_PREFIX_PATH=${CMAKE_PREFIX_PATH}:/opt/ros/humble /usr/bin/cmake --install /home/rrm/src/build/rrm_simple_robot_model
[0.358s] Level 1:colcon.colcon_core.environment:create_environment_scripts_only(rrm_simple_robot_model)
[0.361s] Level 1:colcon.colcon_core.environment:checking '/home/rrm/src/install/rrm_simple_robot_model' for CMake module files
[0.362s] DEBUG:colcon.colcon_core.event_handler.log_command:Invoked command in '/home/rrm/src/build/rrm_simple_robot_model' returned '0': CMAKE_PREFIX_PATH=${CMAKE_PREFIX_PATH}:/opt/ros/humble /usr/bin/cmake --install /home/rrm/src/build/rrm_simple_robot_model
[0.363s] Level 1:colcon.colcon_core.environment:checking '/home/rrm/src/install/rrm_simple_robot_model' for CMake config files
[0.363s] Level 1:colcon.colcon_core.shell:create_environment_hook('rrm_simple_robot_model', 'cmake_prefix_path')
[0.363s] INFO:colcon.colcon_core.shell:Creating environment hook '/home/rrm/src/install/rrm_simple_robot_model/share/rrm_simple_robot_model/hook/cmake_prefix_path.ps1'
[0.364s] INFO:colcon.colcon_core.shell:Creating environment descriptor '/home/rrm/src/install/rrm_simple_robot_model/share/rrm_simple_robot_model/hook/cmake_prefix_path.dsv'
[0.365s] INFO:colcon.colcon_core.shell:Creating environment hook '/home/rrm/src/install/rrm_simple_robot_model/share/rrm_simple_robot_model/hook/cmake_prefix_path.sh'
[0.366s] Level 1:colcon.colcon_core.environment:checking '/home/rrm/src/install/rrm_simple_robot_model/bin'
[0.366s] Level 1:colcon.colcon_core.environment:checking '/home/rrm/src/install/rrm_simple_robot_model/lib/pkgconfig/rrm_simple_robot_model.pc'
[0.369s] Level 1:colcon.colcon_core.environment:checking '/home/rrm/src/install/rrm_simple_robot_model/lib/python3.10/site-packages'
[0.369s] Level 1:colcon.colcon_core.environment:checking '/home/rrm/src/install/rrm_simple_robot_model/bin'
[0.371s] INFO:colcon.colcon_core.shell:Creating package script '/home/rrm/src/install/rrm_simple_robot_model/share/rrm_simple_robot_model/package.ps1'
[0.372s] INFO:colcon.colcon_core.shell:Creating package descriptor '/home/rrm/src/install/rrm_simple_robot_model/share/rrm_simple_robot_model/package.dsv'
[0.373s] INFO:colcon.colcon_core.shell:Creating package script '/home/rrm/src/install/rrm_simple_robot_model/share/rrm_simple_robot_model/package.sh'
[0.374s] INFO:colcon.colcon_core.shell:Creating package script '/home/rrm/src/install/rrm_simple_robot_model/share/rrm_simple_robot_model/package.bash'
[0.375s] INFO:colcon.colcon_core.shell:Creating package script '/home/rrm/src/install/rrm_simple_robot_model/share/rrm_simple_robot_model/package.zsh'
[0.376s] Level 1:colcon.colcon_core.environment:create_file_with_runtime_dependencies(/home/rrm/src/install/rrm_simple_robot_model/share/colcon-core/packages/rrm_simple_robot_model)
[0.377s] Level 1:colcon.colcon_core.environment:create_environment_scripts_only(rrm_simple_robot_model)
[0.378s] Level 1:colcon.colcon_core.environment:checking '/home/rrm/src/install/rrm_simple_robot_model' for CMake module files
[0.392s] Level 1:colcon.colcon_core.environment:checking '/home/rrm/src/install/rrm_simple_robot_model' for CMake config files
[0.392s] Level 1:colcon.colcon_core.shell:create_environment_hook('rrm_simple_robot_model', 'cmake_prefix_path')
[0.393s] INFO:colcon.colcon_core.shell:Creating environment hook '/home/rrm/src/install/rrm_simple_robot_model/share/rrm_simple_robot_model/hook/cmake_prefix_path.ps1'
[0.393s] INFO:colcon.colcon_core.shell:Creating environment descriptor '/home/rrm/src/install/rrm_simple_robot_model/share/rrm_simple_robot_model/hook/cmake_prefix_path.dsv'
[0.393s] INFO:colcon.colcon_core.shell:Creating environment hook '/home/rrm/src/install/rrm_simple_robot_model/share/rrm_simple_robot_model/hook/cmake_prefix_path.sh'
[0.394s] Level 1:colcon.colcon_core.environment:checking '/home/rrm/src/install/rrm_simple_robot_model/bin'
[0.394s] Level 1:colcon.colcon_core.environment:checking '/home/rrm/src/install/rrm_simple_robot_model/lib/pkgconfig/rrm_simple_robot_model.pc'
[0.394s] Level 1:colcon.colcon_core.environment:checking '/home/rrm/src/install/rrm_simple_robot_model/lib/python3.10/site-packages'
[0.394s] Level 1:colcon.colcon_core.environment:checking '/home/rrm/src/install/rrm_simple_robot_model/bin'
[0.395s] INFO:colcon.colcon_core.shell:Creating package script '/home/rrm/src/install/rrm_simple_robot_model/share/rrm_simple_robot_model/package.ps1'
[0.395s] INFO:colcon.colcon_core.shell:Creating package descriptor '/home/rrm/src/install/rrm_simple_robot_model/share/rrm_simple_robot_model/package.dsv'
[0.396s] INFO:colcon.colcon_core.shell:Creating package script '/home/rrm/src/install/rrm_simple_robot_model/share/rrm_simple_robot_model/package.sh'
[0.396s] INFO:colcon.colcon_core.shell:Creating package script '/home/rrm/src/install/rrm_simple_robot_model/share/rrm_simple_robot_model/package.bash'
[0.396s] INFO:colcon.colcon_core.shell:Creating package script '/home/rrm/src/install/rrm_simple_robot_model/share/rrm_simple_robot_model/package.zsh'
[0.397s] Level 1:colcon.colcon_core.environment:create_file_with_runtime_dependencies(/home/rrm/src/install/rrm_simple_robot_model/share/colcon-core/packages/rrm_simple_robot_model)
[0.398s] DEBUG:colcon.colcon_core.event_handler.log_command:Invoked command in '/home/rrm/src/build/cv1' returned '0': CMAKE_PREFIX_PATH=${CMAKE_PREFIX_PATH}:/opt/ros/humble /usr/bin/cmake --build /home/rrm/src/build/cv1 -- -j8 -l8
[0.410s] DEBUG:colcon.colcon_core.event_handler.log_command:Invoking command in '/home/rrm/src/build/cv1': CMAKE_PREFIX_PATH=${CMAKE_PREFIX_PATH}:/opt/ros/humble /usr/bin/cmake --install /home/rrm/src/build/cv1
[0.411s] Level 1:colcon.colcon_core.environment:create_environment_scripts_only(cv1)
[0.411s] Level 1:colcon.colcon_core.environment:checking '/home/rrm/src/install/cv1' for CMake module files
[0.413s] Level 1:colcon.colcon_core.environment:checking '/home/rrm/src/install/cv1' for CMake config files
[0.414s] DEBUG:colcon.colcon_core.event_handler.log_command:Invoked command in '/home/rrm/src/build/cv1' returned '0': CMAKE_PREFIX_PATH=${CMAKE_PREFIX_PATH}:/opt/ros/humble /usr/bin/cmake --install /home/rrm/src/build/cv1
[0.414s] Level 1:colcon.colcon_core.shell:create_environment_hook('cv1', 'cmake_prefix_path')
[0.415s] INFO:colcon.colcon_core.shell:Creating environment hook '/home/rrm/src/install/cv1/share/cv1/hook/cmake_prefix_path.ps1'
[0.415s] INFO:colcon.colcon_core.shell:Creating environment descriptor '/home/rrm/src/install/cv1/share/cv1/hook/cmake_prefix_path.dsv'
[0.415s] INFO:colcon.colcon_core.shell:Creating environment hook '/home/rrm/src/install/cv1/share/cv1/hook/cmake_prefix_path.sh'
[0.416s] Level 1:colcon.colcon_core.environment:checking '/home/rrm/src/install/cv1/lib'
[0.416s] Level 1:colcon.colcon_core.environment:checking '/home/rrm/src/install/cv1/bin'
[0.416s] Level 1:colcon.colcon_core.environment:checking '/home/rrm/src/install/cv1/lib/pkgconfig/cv1.pc'
[0.416s] Level 1:colcon.colcon_core.environment:checking '/home/rrm/src/install/cv1/lib/python3.10/site-packages'
[0.417s] Level 1:colcon.colcon_core.environment:checking '/home/rrm/src/install/cv1/bin'
[0.417s] INFO:colcon.colcon_core.shell:Creating package script '/home/rrm/src/install/cv1/share/cv1/package.ps1'
[0.417s] INFO:colcon.colcon_core.shell:Creating package descriptor '/home/rrm/src/install/cv1/share/cv1/package.dsv'
[0.418s] INFO:colcon.colcon_core.shell:Creating package script '/home/rrm/src/install/cv1/share/cv1/package.sh'
[0.418s] INFO:colcon.colcon_core.shell:Creating package script '/home/rrm/src/install/cv1/share/cv1/package.bash'
[0.419s] INFO:colcon.colcon_core.shell:Creating package script '/home/rrm/src/install/cv1/share/cv1/package.zsh'
[0.419s] Level 1:colcon.colcon_core.environment:create_file_with_runtime_dependencies(/home/rrm/src/install/cv1/share/colcon-core/packages/cv1)
[0.419s] Level 1:colcon.colcon_core.environment:create_environment_scripts_only(cv1)
[0.420s] Level 1:colcon.colcon_core.environment:checking '/home/rrm/src/install/cv1' for CMake module files
[0.420s] Level 1:colcon.colcon_core.environment:checking '/home/rrm/src/install/cv1' for CMake config files
[0.420s] Level 1:colcon.colcon_core.shell:create_environment_hook('cv1', 'cmake_prefix_path')
[0.421s] INFO:colcon.colcon_core.shell:Creating environment hook '/home/rrm/src/install/cv1/share/cv1/hook/cmake_prefix_path.ps1'
[0.421s] INFO:colcon.colcon_core.shell:Creating environment descriptor '/home/rrm/src/install/cv1/share/cv1/hook/cmake_prefix_path.dsv'
[0.422s] INFO:colcon.colcon_core.shell:Creating environment hook '/home/rrm/src/install/cv1/share/cv1/hook/cmake_prefix_path.sh'
[0.422s] Level 1:colcon.colcon_core.environment:checking '/home/rrm/src/install/cv1/lib'
[0.422s] Level 1:colcon.colcon_core.environment:checking '/home/rrm/src/install/cv1/bin'
[0.423s] Level 1:colcon.colcon_core.environment:checking '/home/rrm/src/install/cv1/lib/pkgconfig/cv1.pc'
[0.423s] Level 1:colcon.colcon_core.environment:checking '/home/rrm/src/install/cv1/lib/python3.10/site-packages'
[0.423s] Level 1:colcon.colcon_core.environment:checking '/home/rrm/src/install/cv1/bin'
[0.424s] INFO:colcon.colcon_core.shell:Creating package script '/home/rrm/src/install/cv1/share/cv1/package.ps1'
[0.425s] INFO:colcon.colcon_core.shell:Creating package descriptor '/home/rrm/src/install/cv1/share/cv1/package.dsv'
[0.425s] INFO:colcon.colcon_core.shell:Creating package script '/home/rrm/src/install/cv1/share/cv1/package.sh'
[0.426s] INFO:colcon.colcon_core.shell:Creating package script '/home/rrm/src/install/cv1/share/cv1/package.bash'
[0.426s] INFO:colcon.colcon_core.shell:Creating package script '/home/rrm/src/install/cv1/share/cv1/package.zsh'
[0.427s] Level 1:colcon.colcon_core.environment:create_file_with_runtime_dependencies(/home/rrm/src/install/cv1/share/colcon-core/packages/cv1)
[0.626s] DEBUG:colcon.colcon_core.event_handler.log_command:Invoked command in '/home/rrm/src/build/rrm_msgs' returned '0': CMAKE_PREFIX_PATH=${CMAKE_PREFIX_PATH}:/opt/ros/humble /usr/bin/cmake --build /home/rrm/src/build/rrm_msgs -- -j8 -l8
[0.627s] DEBUG:colcon.colcon_core.event_handler.log_command:Invoking command in '/home/rrm/src/build/rrm_msgs': CMAKE_PREFIX_PATH=${CMAKE_PREFIX_PATH}:/opt/ros/humble /usr/bin/cmake --install /home/rrm/src/build/rrm_msgs
[0.672s] Level 1:colcon.colcon_core.environment:create_environment_scripts_only(rrm_msgs)
[0.673s] Level 1:colcon.colcon_core.environment:checking '/home/rrm/src/install/rrm_msgs' for CMake module files
[0.675s] Level 1:colcon.colcon_core.environment:checking '/home/rrm/src/install/rrm_msgs' for CMake config files
[0.675s] DEBUG:colcon.colcon_core.event_handler.log_command:Invoked command in '/home/rrm/src/build/rrm_msgs' returned '0': CMAKE_PREFIX_PATH=${CMAKE_PREFIX_PATH}:/opt/ros/humble /usr/bin/cmake --install /home/rrm/src/build/rrm_msgs
[0.676s] Level 1:colcon.colcon_core.shell:create_environment_hook('rrm_msgs', 'cmake_prefix_path')
[0.676s] INFO:colcon.colcon_core.shell:Creating environment hook '/home/rrm/src/install/rrm_msgs/share/rrm_msgs/hook/cmake_prefix_path.ps1'
[0.677s] INFO:colcon.colcon_core.shell:Creating environment descriptor '/home/rrm/src/install/rrm_msgs/share/rrm_msgs/hook/cmake_prefix_path.dsv'
[0.677s] INFO:colcon.colcon_core.shell:Creating environment hook '/home/rrm/src/install/rrm_msgs/share/rrm_msgs/hook/cmake_prefix_path.sh'
[0.678s] Level 1:colcon.colcon_core.environment:checking '/home/rrm/src/install/rrm_msgs/lib'
[0.678s] Level 1:colcon.colcon_core.shell:create_environment_hook('rrm_msgs', 'ld_library_path_lib')
[0.678s] INFO:colcon.colcon_core.shell:Creating environment hook '/home/rrm/src/install/rrm_msgs/share/rrm_msgs/hook/ld_library_path_lib.ps1'
[0.678s] INFO:colcon.colcon_core.shell:Creating environment descriptor '/home/rrm/src/install/rrm_msgs/share/rrm_msgs/hook/ld_library_path_lib.dsv'
[0.679s] INFO:colcon.colcon_core.shell:Creating environment hook '/home/rrm/src/install/rrm_msgs/share/rrm_msgs/hook/ld_library_path_lib.sh'
[0.679s] Level 1:colcon.colcon_core.environment:checking '/home/rrm/src/install/rrm_msgs/bin'
[0.679s] Level 1:colcon.colcon_core.environment:checking '/home/rrm/src/install/rrm_msgs/lib/pkgconfig/rrm_msgs.pc'
[0.679s] Level 1:colcon.colcon_core.environment:checking '/home/rrm/src/install/rrm_msgs/lib/python3.10/site-packages'
[0.679s] Level 1:colcon.colcon_core.environment:checking '/home/rrm/src/install/rrm_msgs/bin'
[0.680s] INFO:colcon.colcon_core.shell:Creating package script '/home/rrm/src/install/rrm_msgs/share/rrm_msgs/package.ps1'
[0.680s] INFO:colcon.colcon_core.shell:Creating package descriptor '/home/rrm/src/install/rrm_msgs/share/rrm_msgs/package.dsv'
[0.681s] INFO:colcon.colcon_core.shell:Creating package script '/home/rrm/src/install/rrm_msgs/share/rrm_msgs/package.sh'
[0.681s] INFO:colcon.colcon_core.shell:Creating package script '/home/rrm/src/install/rrm_msgs/share/rrm_msgs/package.bash'
[0.681s] INFO:colcon.colcon_core.shell:Creating package script '/home/rrm/src/install/rrm_msgs/share/rrm_msgs/package.zsh'
[0.682s] Level 1:colcon.colcon_core.environment:create_file_with_runtime_dependencies(/home/rrm/src/install/rrm_msgs/share/colcon-core/packages/rrm_msgs)
[0.682s] Level 1:colcon.colcon_core.environment:create_environment_scripts_only(rrm_msgs)
[0.682s] Level 1:colcon.colcon_core.environment:checking '/home/rrm/src/install/rrm_msgs' for CMake module files
[0.683s] Level 1:colcon.colcon_core.environment:checking '/home/rrm/src/install/rrm_msgs' for CMake config files
[0.683s] Level 1:colcon.colcon_core.shell:create_environment_hook('rrm_msgs', 'cmake_prefix_path')
[0.684s] INFO:colcon.colcon_core.shell:Creating environment hook '/home/rrm/src/install/rrm_msgs/share/rrm_msgs/hook/cmake_prefix_path.ps1'
[0.684s] INFO:colcon.colcon_core.shell:Creating environment descriptor '/home/rrm/src/install/rrm_msgs/share/rrm_msgs/hook/cmake_prefix_path.dsv'
[0.685s] INFO:colcon.colcon_core.shell:Creating environment hook '/home/rrm/src/install/rrm_msgs/share/rrm_msgs/hook/cmake_prefix_path.sh'
[0.685s] Level 1:colcon.colcon_core.environment:checking '/home/rrm/src/install/rrm_msgs/lib'
[0.685s] Level 1:colcon.colcon_core.shell:create_environment_hook('rrm_msgs', 'ld_library_path_lib')
[0.686s] INFO:colcon.colcon_core.shell:Creating environment hook '/home/rrm/src/install/rrm_msgs/share/rrm_msgs/hook/ld_library_path_lib.ps1'
[0.686s] INFO:colcon.colcon_core.shell:Creating environment descriptor '/home/rrm/src/install/rrm_msgs/share/rrm_msgs/hook/ld_library_path_lib.dsv'
[0.686s] INFO:colcon.colcon_core.shell:Creating environment hook '/home/rrm/src/install/rrm_msgs/share/rrm_msgs/hook/ld_library_path_lib.sh'
[0.687s] Level 1:colcon.colcon_core.environment:checking '/home/rrm/src/install/rrm_msgs/bin'
[0.687s] Level 1:colcon.colcon_core.environment:checking '/home/rrm/src/install/rrm_msgs/lib/pkgconfig/rrm_msgs.pc'
[0.687s] Level 1:colcon.colcon_core.environment:checking '/home/rrm/src/install/rrm_msgs/lib/python3.10/site-packages'
[0.688s] Level 1:colcon.colcon_core.environment:checking '/home/rrm/src/install/rrm_msgs/bin'
[0.688s] INFO:colcon.colcon_core.shell:Creating package script '/home/rrm/src/install/rrm_msgs/share/rrm_msgs/package.ps1'
[0.689s] INFO:colcon.colcon_core.shell:Creating package descriptor '/home/rrm/src/install/rrm_msgs/share/rrm_msgs/package.dsv'
[0.689s] INFO:colcon.colcon_core.shell:Creating package script '/home/rrm/src/install/rrm_msgs/share/rrm_msgs/package.sh'
[0.690s] INFO:colcon.colcon_core.shell:Creating package script '/home/rrm/src/install/rrm_msgs/share/rrm_msgs/package.bash'
[0.690s] INFO:colcon.colcon_core.shell:Creating package script '/home/rrm/src/install/rrm_msgs/share/rrm_msgs/package.zsh'
[0.691s] Level 1:colcon.colcon_core.environment:create_file_with_runtime_dependencies(/home/rrm/src/install/rrm_msgs/share/colcon-core/packages/rrm_msgs)
[0.691s] INFO:colcon.colcon_ros.task.ament_cmake.build:Building ROS package in '/home/rrm/src/cv2' with build type 'ament_cmake'
[0.692s] INFO:colcon.colcon_cmake.task.cmake.build:Building CMake package in '/home/rrm/src/cv2'
[0.692s] INFO:colcon.colcon_core.shell:Skip shell extension 'powershell' for command environment: Not usable outside of PowerShell
[0.692s] DEBUG:colcon.colcon_core.shell:Skip shell extension 'dsv' for command environment
[0.696s] INFO:colcon.colcon_ros.task.ament_cmake.build:Building ROS package in '/home/rrm/src/cv3' with build type 'ament_cmake'
[0.696s] INFO:colcon.colcon_cmake.task.cmake.build:Building CMake package in '/home/rrm/src/cv3'
[0.697s] INFO:colcon.colcon_core.shell:Skip shell extension 'powershell' for command environment: Not usable outside of PowerShell
[0.697s] DEBUG:colcon.colcon_core.shell:Skip shell extension 'dsv' for command environment
[0.701s] INFO:colcon.colcon_ros.task.ament_cmake.build:Building ROS package in '/home/rrm/src/rrm_sim' with build type 'ament_cmake'
[0.701s] INFO:colcon.colcon_cmake.task.cmake.build:Building CMake package in '/home/rrm/src/rrm_sim'
[0.701s] INFO:colcon.colcon_core.shell:Skip shell extension 'powershell' for command environment: Not usable outside of PowerShell
[0.702s] DEBUG:colcon.colcon_core.shell:Skip shell extension 'dsv' for command environment
[0.710s] DEBUG:colcon.colcon_core.event_handler.log_command:Invoking command in '/home/rrm/src/build/cv2': AMENT_PREFIX_PATH=/home/rrm/src/install/rrm_msgs:${AMENT_PREFIX_PATH} CMAKE_PREFIX_PATH=/home/rrm/src/install/rrm_msgs:/home/rrm/install/rrm_simple_robot_model:/home/rrm/install/rrm_sim:/home/rrm/install/cv2:/home/rrm/install/rrm_msgs:/home/rrm/install/cv1:/opt/ros/humble LD_LIBRARY_PATH=/home/rrm/src/install/rrm_msgs/lib:${LD_LIBRARY_PATH} PYTHONPATH=/home/rrm/src/install/rrm_msgs/local/lib/python3.10/dist-packages:${PYTHONPATH} /usr/bin/cmake --build /home/rrm/src/build/cv2 -- -j8 -l8
[0.712s] DEBUG:colcon.colcon_core.event_handler.log_command:Invoking command in '/home/rrm/src/build/cv3': AMENT_PREFIX_PATH=/home/rrm/src/install/rrm_msgs:${AMENT_PREFIX_PATH} CMAKE_PREFIX_PATH=/home/rrm/src/install/rrm_msgs:/home/rrm/install/rrm_simple_robot_model:/home/rrm/install/rrm_sim:/home/rrm/install/cv2:/home/rrm/install/rrm_msgs:/home/rrm/install/cv1:/opt/ros/humble LD_LIBRARY_PATH=/home/rrm/src/install/rrm_msgs/lib:${LD_LIBRARY_PATH} PYTHONPATH=/home/rrm/src/install/rrm_msgs/local/lib/python3.10/dist-packages:${PYTHONPATH} /usr/bin/cmake --build /home/rrm/src/build/cv3 -- -j8 -l8
[0.714s] DEBUG:colcon.colcon_core.event_handler.log_command:Invoking command in '/home/rrm/src/build/rrm_sim': AMENT_PREFIX_PATH=/home/rrm/src/install/rrm_msgs:${AMENT_PREFIX_PATH} CMAKE_PREFIX_PATH=/home/rrm/src/install/rrm_msgs:/home/rrm/install/rrm_simple_robot_model:/home/rrm/install/rrm_sim:/home/rrm/install/cv2:/home/rrm/install/rrm_msgs:/home/rrm/install/cv1:/opt/ros/humble LD_LIBRARY_PATH=/home/rrm/src/install/rrm_msgs/lib:${LD_LIBRARY_PATH} PYTHONPATH=/home/rrm/src/install/rrm_msgs/local/lib/python3.10/dist-packages:${PYTHONPATH} /usr/bin/cmake --build /home/rrm/src/build/rrm_sim -- -j8 -l8
[0.772s] DEBUG:colcon.colcon_core.event_handler.log_command:Invoked command in '/home/rrm/src/build/cv2' returned '0': AMENT_PREFIX_PATH=/home/rrm/src/install/rrm_msgs:${AMENT_PREFIX_PATH} CMAKE_PREFIX_PATH=/home/rrm/src/install/rrm_msgs:/home/rrm/install/rrm_simple_robot_model:/home/rrm/install/rrm_sim:/home/rrm/install/cv2:/home/rrm/install/rrm_msgs:/home/rrm/install/cv1:/opt/ros/humble LD_LIBRARY_PATH=/home/rrm/src/install/rrm_msgs/lib:${LD_LIBRARY_PATH} PYTHONPATH=/home/rrm/src/install/rrm_msgs/local/lib/python3.10/dist-packages:${PYTHONPATH} /usr/bin/cmake --build /home/rrm/src/build/cv2 -- -j8 -l8
[0.774s] DEBUG:colcon.colcon_core.event_handler.log_command:Invoking command in '/home/rrm/src/build/cv2': AMENT_PREFIX_PATH=/home/rrm/src/install/rrm_msgs:${AMENT_PREFIX_PATH} CMAKE_PREFIX_PATH=/home/rrm/src/install/rrm_msgs:/home/rrm/install/rrm_simple_robot_model:/home/rrm/install/rrm_sim:/home/rrm/install/cv2:/home/rrm/install/rrm_msgs:/home/rrm/install/cv1:/opt/ros/humble LD_LIBRARY_PATH=/home/rrm/src/install/rrm_msgs/lib:${LD_LIBRARY_PATH} PYTHONPATH=/home/rrm/src/install/rrm_msgs/local/lib/python3.10/dist-packages:${PYTHONPATH} /usr/bin/cmake --install /home/rrm/src/build/cv2
[0.785s] Level 1:colcon.colcon_core.environment:create_environment_scripts_only(cv2)
[0.786s] Level 1:colcon.colcon_core.environment:checking '/home/rrm/src/install/cv2' for CMake module files
[0.786s] Level 1:colcon.colcon_core.environment:checking '/home/rrm/src/install/cv2' for CMake config files
[0.787s] Level 1:colcon.colcon_core.shell:create_environment_hook('cv2', 'cmake_prefix_path')
[0.787s] INFO:colcon.colcon_core.shell:Creating environment hook '/home/rrm/src/install/cv2/share/cv2/hook/cmake_prefix_path.ps1'
[0.787s] INFO:colcon.colcon_core.shell:Creating environment descriptor '/home/rrm/src/install/cv2/share/cv2/hook/cmake_prefix_path.dsv'
[0.787s] INFO:colcon.colcon_core.shell:Creating environment hook '/home/rrm/src/install/cv2/share/cv2/hook/cmake_prefix_path.sh'
[0.788s] Level 1:colcon.colcon_core.environment:checking '/home/rrm/src/install/cv2/lib'
[0.788s] Level 1:colcon.colcon_core.environment:checking '/home/rrm/src/install/cv2/bin'
[0.788s] Level 1:colcon.colcon_core.environment:checking '/home/rrm/src/install/cv2/lib/pkgconfig/cv2.pc'
[0.789s] Level 1:colcon.colcon_core.environment:checking '/home/rrm/src/install/cv2/lib/python3.10/site-packages'
[0.789s] Level 1:colcon.colcon_core.environment:checking '/home/rrm/src/install/cv2/bin'
[0.789s] INFO:colcon.colcon_core.shell:Creating package script '/home/rrm/src/install/cv2/share/cv2/package.ps1'
[0.790s] INFO:colcon.colcon_core.shell:Creating package descriptor '/home/rrm/src/install/cv2/share/cv2/package.dsv'
[0.790s] INFO:colcon.colcon_core.shell:Creating package script '/home/rrm/src/install/cv2/share/cv2/package.sh'
[0.791s] INFO:colcon.colcon_core.shell:Creating package script '/home/rrm/src/install/cv2/share/cv2/package.bash'
[0.791s] INFO:colcon.colcon_core.shell:Creating package script '/home/rrm/src/install/cv2/share/cv2/package.zsh'
[0.792s] Level 1:colcon.colcon_core.environment:create_file_with_runtime_dependencies(/home/rrm/src/install/cv2/share/colcon-core/packages/cv2)
[0.792s] Level 1:colcon.colcon_core.environment:create_environment_scripts_only(cv2)
[0.793s] Level 1:colcon.colcon_core.environment:checking '/home/rrm/src/install/cv2' for CMake module files
[0.793s] Level 1:colcon.colcon_core.environment:checking '/home/rrm/src/install/cv2' for CMake config files
[0.793s] Level 1:colcon.colcon_core.shell:create_environment_hook('cv2', 'cmake_prefix_path')
[0.794s] INFO:colcon.colcon_core.shell:Creating environment hook '/home/rrm/src/install/cv2/share/cv2/hook/cmake_prefix_path.ps1'
[0.794s] INFO:colcon.colcon_core.shell:Creating environment descriptor '/home/rrm/src/install/cv2/share/cv2/hook/cmake_prefix_path.dsv'
[0.794s] INFO:colcon.colcon_core.shell:Creating environment hook '/home/rrm/src/install/cv2/share/cv2/hook/cmake_prefix_path.sh'
[0.795s] Level 1:colcon.colcon_core.environment:checking '/home/rrm/src/install/cv2/lib'
[0.795s] Level 1:colcon.colcon_core.environment:checking '/home/rrm/src/install/cv2/bin'
[0.795s] Level 1:colcon.colcon_core.environment:checking '/home/rrm/src/install/cv2/lib/pkgconfig/cv2.pc'
[0.795s] Level 1:colcon.colcon_core.environment:checking '/home/rrm/src/install/cv2/lib/python3.10/site-packages'
[0.795s] Level 1:colcon.colcon_core.environment:checking '/home/rrm/src/install/cv2/bin'
[0.796s] INFO:colcon.colcon_core.shell:Creating package script '/home/rrm/src/install/cv2/share/cv2/package.ps1'
[0.796s] INFO:colcon.colcon_core.shell:Creating package descriptor '/home/rrm/src/install/cv2/share/cv2/package.dsv'
[0.797s] INFO:colcon.colcon_core.shell:Creating package script '/home/rrm/src/install/cv2/share/cv2/package.sh'
[0.797s] DEBUG:colcon.colcon_core.event_handler.log_command:Invoked command in '/home/rrm/src/build/cv2' returned '0': AMENT_PREFIX_PATH=/home/rrm/src/install/rrm_msgs:${AMENT_PREFIX_PATH} CMAKE_PREFIX_PATH=/home/rrm/src/install/rrm_msgs:/home/rrm/install/rrm_simple_robot_model:/home/rrm/install/rrm_sim:/home/rrm/install/cv2:/home/rrm/install/rrm_msgs:/home/rrm/install/cv1:/opt/ros/humble LD_LIBRARY_PATH=/home/rrm/src/install/rrm_msgs/lib:${LD_LIBRARY_PATH} PYTHONPATH=/home/rrm/src/install/rrm_msgs/local/lib/python3.10/dist-packages:${PYTHONPATH} /usr/bin/cmake --install /home/rrm/src/build/cv2
[0.798s] INFO:colcon.colcon_core.shell:Creating package script '/home/rrm/src/install/cv2/share/cv2/package.bash'
[0.798s] INFO:colcon.colcon_core.shell:Creating package script '/home/rrm/src/install/cv2/share/cv2/package.zsh'
[0.799s] Level 1:colcon.colcon_core.environment:create_file_with_runtime_dependencies(/home/rrm/src/install/cv2/share/colcon-core/packages/cv2)
[0.800s] DEBUG:colcon.colcon_core.event_handler.log_command:Invoked command in '/home/rrm/src/build/rrm_sim' returned '0': AMENT_PREFIX_PATH=/home/rrm/src/install/rrm_msgs:${AMENT_PREFIX_PATH} CMAKE_PREFIX_PATH=/home/rrm/src/install/rrm_msgs:/home/rrm/install/rrm_simple_robot_model:/home/rrm/install/rrm_sim:/home/rrm/install/cv2:/home/rrm/install/rrm_msgs:/home/rrm/install/cv1:/opt/ros/humble LD_LIBRARY_PATH=/home/rrm/src/install/rrm_msgs/lib:${LD_LIBRARY_PATH} PYTHONPATH=/home/rrm/src/install/rrm_msgs/local/lib/python3.10/dist-packages:${PYTHONPATH} /usr/bin/cmake --build /home/rrm/src/build/rrm_sim -- -j8 -l8
[0.801s] DEBUG:colcon.colcon_core.event_handler.log_command:Invoking command in '/home/rrm/src/build/rrm_sim': AMENT_PREFIX_PATH=/home/rrm/src/install/rrm_msgs:${AMENT_PREFIX_PATH} CMAKE_PREFIX_PATH=/home/rrm/src/install/rrm_msgs:/home/rrm/install/rrm_simple_robot_model:/home/rrm/install/rrm_sim:/home/rrm/install/cv2:/home/rrm/install/rrm_msgs:/home/rrm/install/cv1:/opt/ros/humble LD_LIBRARY_PATH=/home/rrm/src/install/rrm_msgs/lib:${LD_LIBRARY_PATH} PYTHONPATH=/home/rrm/src/install/rrm_msgs/local/lib/python3.10/dist-packages:${PYTHONPATH} /usr/bin/cmake --install /home/rrm/src/build/rrm_sim
[0.814s] Level 1:colcon.colcon_core.environment:create_environment_scripts_only(rrm_sim)
[0.814s] Level 1:colcon.colcon_core.environment:checking '/home/rrm/src/install/rrm_sim' for CMake module files
[0.814s] DEBUG:colcon.colcon_core.event_handler.log_command:Invoked command in '/home/rrm/src/build/rrm_sim' returned '0': AMENT_PREFIX_PATH=/home/rrm/src/install/rrm_msgs:${AMENT_PREFIX_PATH} CMAKE_PREFIX_PATH=/home/rrm/src/install/rrm_msgs:/home/rrm/install/rrm_simple_robot_model:/home/rrm/install/rrm_sim:/home/rrm/install/cv2:/home/rrm/install/rrm_msgs:/home/rrm/install/cv1:/opt/ros/humble LD_LIBRARY_PATH=/home/rrm/src/install/rrm_msgs/lib:${LD_LIBRARY_PATH} PYTHONPATH=/home/rrm/src/install/rrm_msgs/local/lib/python3.10/dist-packages:${PYTHONPATH} /usr/bin/cmake --install /home/rrm/src/build/rrm_sim
[0.815s] Level 1:colcon.colcon_core.environment:checking '/home/rrm/src/install/rrm_sim' for CMake config files
[0.815s] Level 1:colcon.colcon_core.shell:create_environment_hook('rrm_sim', 'cmake_prefix_path')
[0.815s] INFO:colcon.colcon_core.shell:Creating environment hook '/home/rrm/src/install/rrm_sim/share/rrm_sim/hook/cmake_prefix_path.ps1'
[0.816s] INFO:colcon.colcon_core.shell:Creating environment descriptor '/home/rrm/src/install/rrm_sim/share/rrm_sim/hook/cmake_prefix_path.dsv'
[0.816s] INFO:colcon.colcon_core.shell:Creating environment hook '/home/rrm/src/install/rrm_sim/share/rrm_sim/hook/cmake_prefix_path.sh'
[0.816s] Level 1:colcon.colcon_core.environment:checking '/home/rrm/src/install/rrm_sim/lib'
[0.816s] Level 1:colcon.colcon_core.environment:checking '/home/rrm/src/install/rrm_sim/bin'
[0.817s] Level 1:colcon.colcon_core.environment:checking '/home/rrm/src/install/rrm_sim/lib/pkgconfig/rrm_sim.pc'
[0.817s] Level 1:colcon.colcon_core.environment:checking '/home/rrm/src/install/rrm_sim/lib/python3.10/site-packages'
[0.817s] Level 1:colcon.colcon_core.environment:checking '/home/rrm/src/install/rrm_sim/bin'
[0.817s] INFO:colcon.colcon_core.shell:Creating package script '/home/rrm/src/install/rrm_sim/share/rrm_sim/package.ps1'
[0.818s] INFO:colcon.colcon_core.shell:Creating package descriptor '/home/rrm/src/install/rrm_sim/share/rrm_sim/package.dsv'
[0.818s] INFO:colcon.colcon_core.shell:Creating package script '/home/rrm/src/install/rrm_sim/share/rrm_sim/package.sh'
[0.819s] INFO:colcon.colcon_core.shell:Creating package script '/home/rrm/src/install/rrm_sim/share/rrm_sim/package.bash'
[0.819s] INFO:colcon.colcon_core.shell:Creating package script '/home/rrm/src/install/rrm_sim/share/rrm_sim/package.zsh'
[0.819s] Level 1:colcon.colcon_core.environment:create_file_with_runtime_dependencies(/home/rrm/src/install/rrm_sim/share/colcon-core/packages/rrm_sim)
[0.820s] Level 1:colcon.colcon_core.environment:create_environment_scripts_only(rrm_sim)
[0.820s] Level 1:colcon.colcon_core.environment:checking '/home/rrm/src/install/rrm_sim' for CMake module files
[0.821s] Level 1:colcon.colcon_core.environment:checking '/home/rrm/src/install/rrm_sim' for CMake config files
[0.822s] Level 1:colcon.colcon_core.shell:create_environment_hook('rrm_sim', 'cmake_prefix_path')
[0.822s] INFO:colcon.colcon_core.shell:Creating environment hook '/home/rrm/src/install/rrm_sim/share/rrm_sim/hook/cmake_prefix_path.ps1'
[0.822s] INFO:colcon.colcon_core.shell:Creating environment descriptor '/home/rrm/src/install/rrm_sim/share/rrm_sim/hook/cmake_prefix_path.dsv'
[0.823s] INFO:colcon.colcon_core.shell:Creating environment hook '/home/rrm/src/install/rrm_sim/share/rrm_sim/hook/cmake_prefix_path.sh'
[0.824s] Level 1:colcon.colcon_core.environment:checking '/home/rrm/src/install/rrm_sim/lib'
[0.824s] Level 1:colcon.colcon_core.environment:checking '/home/rrm/src/install/rrm_sim/bin'
[0.824s] Level 1:colcon.colcon_core.environment:checking '/home/rrm/src/install/rrm_sim/lib/pkgconfig/rrm_sim.pc'
[0.824s] Level 1:colcon.colcon_core.environment:checking '/home/rrm/src/install/rrm_sim/lib/python3.10/site-packages'
[0.824s] Level 1:colcon.colcon_core.environment:checking '/home/rrm/src/install/rrm_sim/bin'
[0.825s] INFO:colcon.colcon_core.shell:Creating package script '/home/rrm/src/install/rrm_sim/share/rrm_sim/package.ps1'
[0.825s] INFO:colcon.colcon_core.shell:Creating package descriptor '/home/rrm/src/install/rrm_sim/share/rrm_sim/package.dsv'
[0.826s] INFO:colcon.colcon_core.shell:Creating package script '/home/rrm/src/install/rrm_sim/share/rrm_sim/package.sh'
[0.826s] INFO:colcon.colcon_core.shell:Creating package script '/home/rrm/src/install/rrm_sim/share/rrm_sim/package.bash'
[0.827s] INFO:colcon.colcon_core.shell:Creating package script '/home/rrm/src/install/rrm_sim/share/rrm_sim/package.zsh'
[0.827s] Level 1:colcon.colcon_core.environment:create_file_with_runtime_dependencies(/home/rrm/src/install/rrm_sim/share/colcon-core/packages/rrm_sim)
[4.741s] DEBUG:colcon.colcon_core.event_handler.log_command:Invoked command in '/home/rrm/src/build/cv3' returned '2': AMENT_PREFIX_PATH=/home/rrm/src/install/rrm_msgs:${AMENT_PREFIX_PATH} CMAKE_PREFIX_PATH=/home/rrm/src/install/rrm_msgs:/home/rrm/install/rrm_simple_robot_model:/home/rrm/install/rrm_sim:/home/rrm/install/cv2:/home/rrm/install/rrm_msgs:/home/rrm/install/cv1:/opt/ros/humble LD_LIBRARY_PATH=/home/rrm/src/install/rrm_msgs/lib:${LD_LIBRARY_PATH} PYTHONPATH=/home/rrm/src/install/rrm_msgs/local/lib/python3.10/dist-packages:${PYTHONPATH} /usr/bin/cmake --build /home/rrm/src/build/cv3 -- -j8 -l8
[4.741s] Level 1:colcon.colcon_core.environment:create_environment_scripts_only(cv3)
[4.741s] Level 1:colcon.colcon_core.environment:checking '/home/rrm/src/install/cv3' for CMake module files
[4.742s] Level 1:colcon.colcon_core.environment:checking '/home/rrm/src/install/cv3' for CMake config files
[4.742s] Level 1:colcon.colcon_core.shell:create_environment_hook('cv3', 'cmake_prefix_path')
[4.742s] INFO:colcon.colcon_core.shell:Creating environment hook '/home/rrm/src/install/cv3/share/cv3/hook/cmake_prefix_path.ps1'
[4.743s] INFO:colcon.colcon_core.shell:Creating environment descriptor '/home/rrm/src/install/cv3/share/cv3/hook/cmake_prefix_path.dsv'
[4.743s] INFO:colcon.colcon_core.shell:Creating environment hook '/home/rrm/src/install/cv3/share/cv3/hook/cmake_prefix_path.sh'
[4.743s] Level 1:colcon.colcon_core.environment:checking '/home/rrm/src/install/cv3/lib'
[4.743s] Level 1:colcon.colcon_core.environment:checking '/home/rrm/src/install/cv3/bin'
[4.743s] Level 1:colcon.colcon_core.environment:checking '/home/rrm/src/install/cv3/lib/pkgconfig/cv3.pc'
[4.744s] Level 1:colcon.colcon_core.environment:checking '/home/rrm/src/install/cv3/lib/python3.10/site-packages'
[4.744s] Level 1:colcon.colcon_core.environment:checking '/home/rrm/src/install/cv3/bin'
[4.744s] INFO:colcon.colcon_core.shell:Creating package script '/home/rrm/src/install/cv3/share/cv3/package.ps1'
[4.745s] INFO:colcon.colcon_core.shell:Creating package descriptor '/home/rrm/src/install/cv3/share/cv3/package.dsv'
[4.747s] INFO:colcon.colcon_core.shell:Creating package script '/home/rrm/src/install/cv3/share/cv3/package.sh'
[4.747s] INFO:colcon.colcon_core.shell:Creating package script '/home/rrm/src/install/cv3/share/cv3/package.bash'
[4.748s] INFO:colcon.colcon_core.shell:Creating package script '/home/rrm/src/install/cv3/share/cv3/package.zsh'
[4.749s] Level 1:colcon.colcon_core.environment:create_file_with_runtime_dependencies(/home/rrm/src/install/cv3/share/colcon-core/packages/cv3)
[4.759s] DEBUG:colcon.colcon_parallel_executor.executor.parallel:closing loop
[4.760s] DEBUG:colcon.colcon_parallel_executor.executor.parallel:loop closed
[4.760s] DEBUG:colcon.colcon_parallel_executor.executor.parallel:run_until_complete finished with '2'
[4.760s] DEBUG:colcon.colcon_core.event_reactor:joining thread
[4.767s] INFO:colcon.colcon_core.plugin_system:Skipping extension 'colcon_notification.desktop_notification.notify_send': Could not find 'notify-send'
[4.767s] INFO:colcon.colcon_core.plugin_system:Skipping extension 'colcon_notification.desktop_notification.terminal_notifier': Not used on non-Darwin systems
[4.767s] INFO:colcon.colcon_core.plugin_system:Skipping extension 'colcon_notification.desktop_notification.win32': Not used on non-Windows systems
[4.768s] INFO:colcon.colcon_notification.desktop_notification:Sending desktop notification using 'notify2'
[4.772s] DEBUG:colcon.colcon_notification.desktop_notification.notify2:Failed to initialize notify2: org.freedesktop.DBus.Error.Spawn.ExecFailed: /usr/bin/dbus-launch terminated abnormally without any error message
[4.773s] DEBUG:colcon.colcon_core.event_reactor:joined thread
[4.773s] INFO:colcon.colcon_core.shell:Creating prefix script '/home/rrm/src/install/local_setup.ps1'
[4.775s] INFO:colcon.colcon_core.shell:Creating prefix util module '/home/rrm/src/install/_local_setup_util_ps1.py'
[4.777s] INFO:colcon.colcon_core.shell:Creating prefix chain script '/home/rrm/src/install/setup.ps1'
[4.778s] INFO:colcon.colcon_core.shell:Creating prefix script '/home/rrm/src/install/local_setup.sh'
[4.779s] INFO:colcon.colcon_core.shell:Creating prefix util module '/home/rrm/src/install/_local_setup_util_sh.py'
[4.780s] INFO:colcon.colcon_core.shell:Creating prefix chain script '/home/rrm/src/install/setup.sh'
[4.781s] INFO:colcon.colcon_core.shell:Creating prefix script '/home/rrm/src/install/local_setup.bash'
[4.781s] INFO:colcon.colcon_core.shell:Creating prefix chain script '/home/rrm/src/install/setup.bash'
[4.783s] INFO:colcon.colcon_core.shell:Creating prefix script '/home/rrm/src/install/local_setup.zsh'
[4.783s] INFO:colcon.colcon_core.shell:Creating prefix chain script '/home/rrm/src/install/setup.zsh'
