[0.020s] Invoking command in '/home/rrm/build/cv1': CMAKE_PREFIX_PATH=${CMAKE_PREFIX_PATH}:/opt/ros/humble /usr/bin/cmake /home/rrm/src/cv1 -DCMAKE_INSTALL_PREFIX=/home/rrm/install/cv1
[0.070s] -- The C compiler identification is GNU 11.4.0
[0.124s] -- The CXX compiler identification is GNU 11.4.0
[0.131s] -- Detecting C compiler ABI info
[0.185s] -- Detecting C compiler ABI info - done
[0.193s] -- Check for working C compiler: /usr/bin/cc - skipped
[0.193s] -- Detecting C compile features
[0.194s] -- Detecting C compile features - done
[0.197s] -- Detecting CXX compiler ABI info
[0.268s] -- Detecting CXX compiler ABI info - done
[0.280s] -- Check for working CXX compiler: /usr/bin/c++ - skipped
[0.280s] -- Detecting CXX compile features
[0.281s] -- Detecting CXX compile features - done
[0.284s] -- Found ament_cmake: 1.3.12 (/opt/ros/humble/share/ament_cmake/cmake)
[0.430s] -- Found Python3: /usr/bin/python3 (found version "3.10.12") found components: Interpreter 
[0.516s] -- Found rclcpp: 16.0.17 (/opt/ros/humble/share/rclcpp/cmake)
[0.553s] -- Found rosidl_generator_c: 3.1.8 (/opt/ros/humble/share/rosidl_generator_c/cmake)
[0.558s] -- Found rosidl_adapter: 3.1.8 (/opt/ros/humble/share/rosidl_adapter/cmake)
[0.565s] -- Found rosidl_generator_cpp: 3.1.8 (/opt/ros/humble/share/rosidl_generator_cpp/cmake)
[0.575s] -- Using all available rosidl_typesupport_c: rosidl_typesupport_fastrtps_c;rosidl_typesupport_introspection_c
[0.593s] -- Using all available rosidl_typesupport_cpp: rosidl_typesupport_fastrtps_cpp;rosidl_typesupport_introspection_cpp
[0.641s] -- Found rmw_implementation_cmake: 6.1.2 (/opt/ros/humble/share/rmw_implementation_cmake/cmake)
[0.643s] -- Found rmw_fastrtps_cpp: 6.2.9 (/opt/ros/humble/share/rmw_fastrtps_cpp/cmake)
[0.739s] -- Found OpenSSL: /usr/lib/x86_64-linux-gnu/libcrypto.so (found version "3.0.2")  
[0.762s] -- Found FastRTPS: /opt/ros/humble/include  
[0.802s] -- Using RMW implementation 'rmw_fastrtps_cpp' as default
[0.810s] -- Looking for pthread.h
[0.868s] -- Looking for pthread.h - found
[0.868s] -- Performing Test CMAKE_HAVE_LIBC_PTHREAD
[0.930s] -- Performing Test CMAKE_HAVE_LIBC_PTHREAD - Success
[0.931s] -- Found Threads: TRUE  
[0.985s] -- Found ament_lint_auto: 0.12.14 (/opt/ros/humble/share/ament_lint_auto/cmake)
[1.063s] -- Added test 'cppcheck' to perform static code analysis on C / C++ code
[1.063s] -- Configured cppcheck include dirs: $<BUILD_INTERFACE:/home/rrm/src/cv1/include>
[1.064s] -- Configured cppcheck exclude dirs and/or files: 
[1.064s] -- Added test 'lint_cmake' to check CMake code style
[1.065s] -- Added test 'uncrustify' to check C / C++ code style
[1.066s] -- Configured uncrustify additional arguments: 
[1.066s] -- Added test 'xmllint' to check XML markup files
[1.067s] -- Configuring done
[1.076s] -- Generating done
[1.079s] -- Build files have been written to: /home/rrm/build/cv1
[1.086s] Invoked command in '/home/rrm/build/cv1' returned '0': CMAKE_PREFIX_PATH=${CMAKE_PREFIX_PATH}:/opt/ros/humble /usr/bin/cmake /home/rrm/src/cv1 -DCMAKE_INSTALL_PREFIX=/home/rrm/install/cv1
[1.086s] Invoking command in '/home/rrm/build/cv1': CMAKE_PREFIX_PATH=${CMAKE_PREFIX_PATH}:/opt/ros/humble /usr/bin/cmake --build /home/rrm/build/cv1 -- -j8 -l8
[1.128s] [ 66%] [32mBuilding CXX object CMakeFiles/cv1_node.dir/src/robot.cpp.o[0m
[1.128s] [ 66%] [32mBuilding CXX object CMakeFiles/cv1_node.dir/src/cv1_node.cpp.o[0m
[5.063s] [100%] [32m[1mLinking CXX executable cv1_node[0m
[5.167s] [100%] Built target cv1_node
[5.186s] Invoked command in '/home/rrm/build/cv1' returned '0': CMAKE_PREFIX_PATH=${CMAKE_PREFIX_PATH}:/opt/ros/humble /usr/bin/cmake --build /home/rrm/build/cv1 -- -j8 -l8
[5.187s] Invoking command in '/home/rrm/build/cv1': CMAKE_PREFIX_PATH=${CMAKE_PREFIX_PATH}:/opt/ros/humble /usr/bin/cmake --install /home/rrm/build/cv1
[5.192s] -- Install configuration: ""
[5.192s] -- Installing: /home/rrm/install/cv1/lib/cv1/cv1_node
[5.193s] -- Set runtime path of "/home/rrm/install/cv1/lib/cv1/cv1_node" to ""
[5.193s] -- Installing: /home/rrm/install/cv1/share/ament_index/resource_index/package_run_dependencies/cv1
[5.193s] -- Installing: /home/rrm/install/cv1/share/ament_index/resource_index/parent_prefix_path/cv1
[5.193s] -- Installing: /home/rrm/install/cv1/share/cv1/environment/ament_prefix_path.sh
[5.193s] -- Installing: /home/rrm/install/cv1/share/cv1/environment/ament_prefix_path.dsv
[5.193s] -- Installing: /home/rrm/install/cv1/share/cv1/environment/path.sh
[5.194s] -- Installing: /home/rrm/install/cv1/share/cv1/environment/path.dsv
[5.194s] -- Installing: /home/rrm/install/cv1/share/cv1/local_setup.bash
[5.194s] -- Installing: /home/rrm/install/cv1/share/cv1/local_setup.sh
[5.194s] -- Installing: /home/rrm/install/cv1/share/cv1/local_setup.zsh
[5.194s] -- Installing: /home/rrm/install/cv1/share/cv1/local_setup.dsv
[5.194s] -- Installing: /home/rrm/install/cv1/share/cv1/package.dsv
[5.195s] -- Installing: /home/rrm/install/cv1/share/ament_index/resource_index/packages/cv1
[5.195s] -- Installing: /home/rrm/install/cv1/share/cv1/cmake/cv1Config.cmake
[5.195s] -- Installing: /home/rrm/install/cv1/share/cv1/cmake/cv1Config-version.cmake
[5.195s] -- Installing: /home/rrm/install/cv1/share/cv1/package.xml
[5.197s] Invoked command in '/home/rrm/build/cv1' returned '0': CMAKE_PREFIX_PATH=${CMAKE_PREFIX_PATH}:/opt/ros/humble /usr/bin/cmake --install /home/rrm/build/cv1
