[0.017s] Invoking command in '/home/rrm/src/build/cv3': AMENT_PREFIX_PATH=/home/rrm/src/install/rrm_msgs:${AMENT_PREFIX_PATH} CMAKE_PREFIX_PATH=/home/rrm/src/install/rrm_msgs:/home/rrm/install/rrm_simple_robot_model:/home/rrm/install/rrm_sim:/home/rrm/install/cv2:/home/rrm/install/rrm_msgs:/home/rrm/install/cv1:/opt/ros/humble LD_LIBRARY_PATH=/home/rrm/src/install/rrm_msgs/lib:${LD_LIBRARY_PATH} PYTHONPATH=/home/rrm/src/install/rrm_msgs/local/lib/python3.10/dist-packages:${PYTHONPATH} /usr/bin/cmake --build /home/rrm/src/build/cv3 -- -j8 -l8
[0.054s] [35m[1mConsolidate compiler generated dependencies of target logger_node[0m
[0.066s] [ 25%] [32mBuilding CXX object CMakeFiles/cv3_node.dir/src/teleop.cpp.o[0m
[0.076s] [ 50%] [32mBuilding CXX object CMakeFiles/logger_node.dir/src/joint_logger.cpp.o[0m
[0.321s] [01m[K/home/rrm/src/cv3/src/teleop.cpp:3:10:[m[K [01;31m[Kfatal error: [m[Ksensor_msgs/msg/joint_state.hpp: No such file or directory
[0.322s]     3 | #include [01;31m[K"sensor_msgs/msg/joint_state.hpp"[m[K // Добавлено для получения текущих позиций
[0.322s]       |          [01;31m[K^~~~~~~~~~~~~~~~~~~~~~~~~~~~~~~~~[m[K
[0.322s] compilation terminated.
[0.324s] In file included from [01m[K/home/rrm/src/cv3/src/joint_logger.cpp:1[m[K:
[0.324s] [01m[K/home/rrm/src/cv3/include/cv3/logger_node.hpp:6:10:[m[K [01;31m[Kfatal error: [m[Krrm_msgs/srv/command.hpp: No such file or directory
[0.324s]     6 | #include [01;31m[K"rrm_msgs/srv/command.hpp"[m[K
[0.324s]       |          [01;31m[K^~~~~~~~~~~~~~~~~~~~~~~~~~[m[K
[0.324s] compilation terminated.
[0.325s] gmake[2]: *** [CMakeFiles/cv3_node.dir/build.make:76: CMakeFiles/cv3_node.dir/src/teleop.cpp.o] Error 1
[0.325s] gmake[1]: *** [CMakeFiles/Makefile2:139: CMakeFiles/cv3_node.dir/all] Error 2
[0.325s] gmake[1]: *** Waiting for unfinished jobs....
[0.327s] gmake[2]: *** [CMakeFiles/logger_node.dir/build.make:76: CMakeFiles/logger_node.dir/src/joint_logger.cpp.o] Error 1
[0.327s] gmake[1]: *** [CMakeFiles/Makefile2:165: CMakeFiles/logger_node.dir/all] Error 2
[0.327s] gmake: *** [Makefile:146: all] Error 2
[0.329s] Invoked command in '/home/rrm/src/build/cv3' returned '2': AMENT_PREFIX_PATH=/home/rrm/src/install/rrm_msgs:${AMENT_PREFIX_PATH} CMAKE_PREFIX_PATH=/home/rrm/src/install/rrm_msgs:/home/rrm/install/rrm_simple_robot_model:/home/rrm/install/rrm_sim:/home/rrm/install/cv2:/home/rrm/install/rrm_msgs:/home/rrm/install/cv1:/opt/ros/humble LD_LIBRARY_PATH=/home/rrm/src/install/rrm_msgs/lib:${LD_LIBRARY_PATH} PYTHONPATH=/home/rrm/src/install/rrm_msgs/local/lib/python3.10/dist-packages:${PYTHONPATH} /usr/bin/cmake --build /home/rrm/src/build/cv3 -- -j8 -l8
