-- Found ament_cmake: 1.3.12 (/opt/ros/humble/share/ament_cmake/cmake)
-- Found rclcpp: 16.0.17 (/opt/ros/humble/share/rclcpp/cmake)
-- Found rosidl_generator_c: 3.1.8 (/opt/ros/humble/share/rosidl_generator_c/cmake)
-- Found rosidl_adapter: 3.1.8 (/opt/ros/humble/share/rosidl_adapter/cmake)
-- Found rosidl_generator_cpp: 3.1.8 (/opt/ros/humble/share/rosidl_generator_cpp/cmake)
-- Using all available rosidl_typesupport_c: rosidl_typesupport_fastrtps_c;rosidl_typesupport_introspection_c
-- Using all available rosidl_typesupport_cpp: rosidl_typesupport_fastrtps_cpp;rosidl_typesupport_introspection_cpp
-- Found rmw_implementation_cmake: 6.1.2 (/opt/ros/humble/share/rmw_implementation_cmake/cmake)
-- Found rmw_fastrtps_cpp: 6.2.9 (/opt/ros/humble/share/rmw_fastrtps_cpp/cmake)
-- Using RMW implementation 'rmw_fastrtps_cpp' as default
-- Found rrm_msgs: 0.0.0 (/home/rrm/install/rrm_msgs/share/rrm_msgs/cmake)
-- Found sensor_msgs: 4.9.0 (/opt/ros/humble/share/sensor_msgs/cmake)
-- Found ament_lint_auto: 0.12.14 (/opt/ros/humble/share/ament_lint_auto/cmake)
-- Added test 'cppcheck' to perform static code analysis on C / C++ code
-- Configured cppcheck include dirs: $<BUILD_INTERFACE:/home/rrm/src/cv2/include>
-- Configured cppcheck exclude dirs and/or files: 
-- Added test 'lint_cmake' to check CMake code style
-- Added test 'uncrustify' to check C / C++ code style
-- Configured uncrustify additional arguments: 
-- Added test 'xmllint' to check XML markup files
-- Configuring done
-- Generating done
-- Build files have been written to: /home/rrm/build/cv2
[35m[1mConsolidate compiler generated dependencies of target cv2_node[0m
[35m[1mConsolidate compiler generated dependencies of target logger_node[0m
[ 25%] [32mBuilding CXX object CMakeFiles/logger_node.dir/src/joint_logger.cpp.o[0m
[ 75%] Built target cv2_node
[01m[K/home/rrm/src/cv2/src/joint_logger.cpp:[m[K In member function ‘[01m[Kvoid JointLogger::joint_states_callback(sensor_msgs::msg::JointState_<std::allocator<void> >::SharedPtr)[m[K’:
[01m[K/home/rrm/src/cv2/src/joint_logger.cpp:22:33:[m[K [01;31m[Kerror: [m[Ka function-definition is not allowed here before ‘[01m[K{[m[K’ token
   22 | int main(int argc, char **argv) [01;31m[K{[m[K
      |                                 [01;31m[K^[m[K
[01m[K/home/rrm/src/cv2/src/joint_logger.cpp:28:2:[m[K [01;31m[Kerror: [m[Kexpected ‘[01m[K}[m[K’ at end of input
   28 | }
      |  [01;31m[K^[m[K
[01m[K/home/rrm/src/cv2/src/joint_logger.cpp:9:92:[m[K [01;36m[Knote: [m[Kto match this ‘[01m[K{[m[K’
    9 | void JointLogger::joint_states_callback(const sensor_msgs::msg::JointState::SharedPtr msg) [01;36m[K{[m[K
      |                                                                                            [01;36m[K^[m[K
gmake[2]: *** [CMakeFiles/logger_node.dir/build.make:76: CMakeFiles/logger_node.dir/src/joint_logger.cpp.o] Error 1
gmake[1]: *** [CMakeFiles/Makefile2:165: CMakeFiles/logger_node.dir/all] Error 2
gmake: *** [Makefile:146: all] Error 2
