[0.012s] Invoking command in '/home/rrm/build/cv2': CMAKE_PREFIX_PATH=/home/rrm/install/rrm_msgs:/home/rrm/install/rrm_simple_robot_model:/home/rrm/install/rrm_sim:/home/rrm/install/cv2:/home/rrm/install/cv1:/opt/ros/humble /usr/bin/cmake --build /home/rrm/build/cv2 -- -j8 -l8
[0.031s] -- Found ament_cmake: 1.3.12 (/opt/ros/humble/share/ament_cmake/cmake)
[0.155s] -- Found rclcpp: 16.0.17 (/opt/ros/humble/share/rclcpp/cmake)
[0.179s] -- Found rosidl_generator_c: 3.1.8 (/opt/ros/humble/share/rosidl_generator_c/cmake)
[0.181s] -- Found rosidl_adapter: 3.1.8 (/opt/ros/humble/share/rosidl_adapter/cmake)
[0.189s] -- Found rosidl_generator_cpp: 3.1.8 (/opt/ros/humble/share/rosidl_generator_cpp/cmake)
[0.202s] -- Using all available rosidl_typesupport_c: rosidl_typesupport_fastrtps_c;rosidl_typesupport_introspection_c
[0.217s] -- Using all available rosidl_typesupport_cpp: rosidl_typesupport_fastrtps_cpp;rosidl_typesupport_introspection_cpp
[0.253s] -- Found rmw_implementation_cmake: 6.1.2 (/opt/ros/humble/share/rmw_implementation_cmake/cmake)
[0.254s] -- Found rmw_fastrtps_cpp: 6.2.9 (/opt/ros/humble/share/rmw_fastrtps_cpp/cmake)
[0.341s] -- Using RMW implementation 'rmw_fastrtps_cpp' as default
[0.388s] -- Found rrm_msgs: 0.0.0 (/home/rrm/install/rrm_msgs/share/rrm_msgs/cmake)
[0.395s] -- Found sensor_msgs: 4.9.0 (/opt/ros/humble/share/sensor_msgs/cmake)
[0.423s] -- Found ament_lint_auto: 0.12.14 (/opt/ros/humble/share/ament_lint_auto/cmake)
[0.483s] -- Added test 'cppcheck' to perform static code analysis on C / C++ code
[0.483s] -- Configured cppcheck include dirs: $<BUILD_INTERFACE:/home/rrm/src/cv2/include>
[0.483s] -- Configured cppcheck exclude dirs and/or files: 
[0.484s] -- Added test 'lint_cmake' to check CMake code style
[0.486s] -- Added test 'uncrustify' to check C / C++ code style
[0.486s] -- Configured uncrustify additional arguments: 
[0.487s] -- Added test 'xmllint' to check XML markup files
[0.487s] -- Configuring done
[0.499s] -- Generating done
[0.505s] -- Build files have been written to: /home/rrm/build/cv2
[0.525s] [35m[1mConsolidate compiler generated dependencies of target cv2_node[0m
[0.526s] [35m[1mConsolidate compiler generated dependencies of target logger_node[0m
[0.542s] [ 25%] [32mBuilding CXX object CMakeFiles/logger_node.dir/src/joint_logger.cpp.o[0m
[0.543s] [ 75%] Built target cv2_node
[2.585s] [01m[K/home/rrm/src/cv2/src/joint_logger.cpp:[m[K In member function ‘[01m[Kvoid JointLogger::joint_states_callback(sensor_msgs::msg::JointState_<std::allocator<void> >::SharedPtr)[m[K’:
[2.585s] [01m[K/home/rrm/src/cv2/src/joint_logger.cpp:22:33:[m[K [01;31m[Kerror: [m[Ka function-definition is not allowed here before ‘[01m[K{[m[K’ token
[2.585s]    22 | int main(int argc, char **argv) [01;31m[K{[m[K
[2.586s]       |                                 [01;31m[K^[m[K
[2.586s] [01m[K/home/rrm/src/cv2/src/joint_logger.cpp:28:2:[m[K [01;31m[Kerror: [m[Kexpected ‘[01m[K}[m[K’ at end of input
[2.586s]    28 | }
[2.586s]       |  [01;31m[K^[m[K
[2.586s] [01m[K/home/rrm/src/cv2/src/joint_logger.cpp:9:92:[m[K [01;36m[Knote: [m[Kto match this ‘[01m[K{[m[K’
[2.586s]     9 | void JointLogger::joint_states_callback(const sensor_msgs::msg::JointState::SharedPtr msg) [01;36m[K{[m[K
[2.586s]       |                                                                                            [01;36m[K^[m[K
[4.706s] gmake[2]: *** [CMakeFiles/logger_node.dir/build.make:76: CMakeFiles/logger_node.dir/src/joint_logger.cpp.o] Error 1
[4.706s] gmake[1]: *** [CMakeFiles/Makefile2:165: CMakeFiles/logger_node.dir/all] Error 2
[4.706s] gmake: *** [Makefile:146: all] Error 2
[4.708s] Invoked command in '/home/rrm/build/cv2' returned '2': CMAKE_PREFIX_PATH=/home/rrm/install/rrm_msgs:/home/rrm/install/rrm_simple_robot_model:/home/rrm/install/rrm_sim:/home/rrm/install/cv2:/home/rrm/install/cv1:/opt/ros/humble /usr/bin/cmake --build /home/rrm/build/cv2 -- -j8 -l8
