[0.016s] Invoking command in '/home/rrm/build/rrm_msgs': CMAKE_PREFIX_PATH=${CMAKE_PREFIX_PATH}:/opt/ros/humble /usr/bin/cmake --build /home/rrm/build/rrm_msgs -- -j8 -l8
[0.055s] [35m[1mConsolidate compiler generated dependencies of target rrm_msgs__rosidl_generator_c[0m
[0.065s] [  2%] Built target rrm_msgs__cpp
[0.071s] [ 12%] Built target rrm_msgs__rosidl_generator_c
[0.073s] [ 12%] Built target ament_cmake_python_copy_rrm_msgs
[0.079s] [35m[1mConsolidate compiler generated dependencies of target rrm_msgs__rosidl_typesupport_introspection_cpp[0m
[0.079s] [35m[1mConsolidate compiler generated dependencies of target rrm_msgs__rosidl_typesupport_fastrtps_cpp[0m
[0.082s] [35m[1mConsolidate compiler generated dependencies of target rrm_msgs__rosidl_typesupport_cpp[0m
[0.087s] [35m[1mConsolidate compiler generated dependencies of target rrm_msgs__rosidl_typesupport_fastrtps_c[0m
[0.094s] [35m[1mConsolidate compiler generated dependencies of target rrm_msgs__rosidl_typesupport_c[0m
[0.095s] [ 23%] Built target rrm_msgs__rosidl_typesupport_introspection_cpp
[0.095s] [35m[1mConsolidate compiler generated dependencies of target rrm_msgs__rosidl_typesupport_introspection_c[0m
[0.102s] [ 33%] Built target rrm_msgs__rosidl_typesupport_cpp
[0.103s] [ 43%] Built target rrm_msgs__rosidl_typesupport_fastrtps_cpp
[0.106s] [ 53%] Built target rrm_msgs__rosidl_typesupport_introspection_c
[0.108s] [ 64%] Built target rrm_msgs__rosidl_typesupport_c
[0.115s] [ 74%] Built target rrm_msgs__rosidl_typesupport_fastrtps_c
[0.133s] [ 74%] Built target rrm_msgs
[0.164s] [ 76%] Built target rrm_msgs__py
[0.166s] [35m[1mConsolidate compiler generated dependencies of target rrm_msgs__rosidl_generator_py[0m
[0.178s] [ 84%] Built target rrm_msgs__rosidl_generator_py
[0.187s] [35m[1mConsolidate compiler generated dependencies of target rrm_msgs__rosidl_typesupport_introspection_c__pyext[0m
[0.187s] [35m[1mConsolidate compiler generated dependencies of target rrm_msgs__rosidl_typesupport_fastrtps_c__pyext[0m
[0.187s] [35m[1mConsolidate compiler generated dependencies of target rrm_msgs__rosidl_typesupport_c__pyext[0m
[0.206s] [ 94%] Built target rrm_msgs__rosidl_typesupport_introspection_c__pyext
[0.206s] [ 94%] Built target rrm_msgs__rosidl_typesupport_fastrtps_c__pyext
[0.213s] [100%] Built target rrm_msgs__rosidl_typesupport_c__pyext
[0.340s] running egg_info
[0.341s] writing rrm_msgs.egg-info/PKG-INFO
[0.341s] writing dependency_links to rrm_msgs.egg-info/dependency_links.txt
[0.341s] writing top-level names to rrm_msgs.egg-info/top_level.txt
[0.343s] reading manifest file 'rrm_msgs.egg-info/SOURCES.txt'
[0.344s] writing manifest file 'rrm_msgs.egg-info/SOURCES.txt'
[0.364s] [100%] Built target ament_cmake_python_build_rrm_msgs_egg
[0.373s] Invoked command in '/home/rrm/build/rrm_msgs' returned '0': CMAKE_PREFIX_PATH=${CMAKE_PREFIX_PATH}:/opt/ros/humble /usr/bin/cmake --build /home/rrm/build/rrm_msgs -- -j8 -l8
[0.375s] Invoking command in '/home/rrm/build/rrm_msgs': CMAKE_PREFIX_PATH=${CMAKE_PREFIX_PATH}:/opt/ros/humble /usr/bin/cmake --install /home/rrm/build/rrm_msgs
[0.382s] -- Install configuration: ""
[0.382s] -- Up-to-date: /home/rrm/install/rrm_msgs/share/ament_index/resource_index/rosidl_interfaces/rrm_msgs
[0.382s] -- Up-to-date: /home/rrm/install/rrm_msgs/include/rrm_msgs/rrm_msgs
[0.382s] -- Up-to-date: /home/rrm/install/rrm_msgs/include/rrm_msgs/rrm_msgs/msg
[0.382s] -- Up-to-date: /home/rrm/install/rrm_msgs/include/rrm_msgs/rrm_msgs/msg/detail
[0.382s] -- Up-to-date: /home/rrm/install/rrm_msgs/include/rrm_msgs/rrm_msgs/msg/detail/command__functions.h
[0.382s] -- Up-to-date: /home/rrm/install/rrm_msgs/include/rrm_msgs/rrm_msgs/msg/detail/command__type_support.h
[0.382s] -- Up-to-date: /home/rrm/install/rrm_msgs/include/rrm_msgs/rrm_msgs/msg/detail/command__functions.c
[0.383s] -- Up-to-date: /home/rrm/install/rrm_msgs/include/rrm_msgs/rrm_msgs/msg/detail/command__struct.h
[0.383s] -- Up-to-date: /home/rrm/install/rrm_msgs/include/rrm_msgs/rrm_msgs/msg/command.h
[0.383s] -- Up-to-date: /home/rrm/install/rrm_msgs/include/rrm_msgs/rrm_msgs/msg/rosidl_generator_c__visibility_control.h
[0.383s] -- Up-to-date: /home/rrm/install/rrm_msgs/include/rrm_msgs/rrm_msgs/srv
[0.383s] -- Up-to-date: /home/rrm/install/rrm_msgs/include/rrm_msgs/rrm_msgs/srv/detail
[0.383s] -- Up-to-date: /home/rrm/install/rrm_msgs/include/rrm_msgs/rrm_msgs/srv/detail/command__functions.h
[0.383s] -- Up-to-date: /home/rrm/install/rrm_msgs/include/rrm_msgs/rrm_msgs/srv/detail/command__type_support.h
[0.383s] -- Up-to-date: /home/rrm/install/rrm_msgs/include/rrm_msgs/rrm_msgs/srv/detail/command__functions.c
[0.383s] -- Up-to-date: /home/rrm/install/rrm_msgs/include/rrm_msgs/rrm_msgs/srv/detail/command__struct.h
[0.383s] -- Up-to-date: /home/rrm/install/rrm_msgs/include/rrm_msgs/rrm_msgs/srv/command.h
[0.383s] -- Up-to-date: /home/rrm/install/rrm_msgs/share/rrm_msgs/environment/library_path.sh
[0.383s] -- Up-to-date: /home/rrm/install/rrm_msgs/share/rrm_msgs/environment/library_path.dsv
[0.383s] -- Up-to-date: /home/rrm/install/rrm_msgs/lib/librrm_msgs__rosidl_generator_c.so
[0.383s] -- Up-to-date: /home/rrm/install/rrm_msgs/include/rrm_msgs/rrm_msgs
[0.383s] -- Up-to-date: /home/rrm/install/rrm_msgs/include/rrm_msgs/rrm_msgs/msg
[0.384s] -- Up-to-date: /home/rrm/install/rrm_msgs/include/rrm_msgs/rrm_msgs/msg/rosidl_typesupport_fastrtps_c__visibility_control.h
[0.384s] -- Up-to-date: /home/rrm/install/rrm_msgs/include/rrm_msgs/rrm_msgs/msg/detail
[0.384s] -- Up-to-date: /home/rrm/install/rrm_msgs/include/rrm_msgs/rrm_msgs/msg/detail/command__rosidl_typesupport_fastrtps_c.h
[0.384s] -- Up-to-date: /home/rrm/install/rrm_msgs/include/rrm_msgs/rrm_msgs/srv
[0.384s] -- Up-to-date: /home/rrm/install/rrm_msgs/include/rrm_msgs/rrm_msgs/srv/detail
[0.384s] -- Up-to-date: /home/rrm/install/rrm_msgs/include/rrm_msgs/rrm_msgs/srv/detail/command__rosidl_typesupport_fastrtps_c.h
[0.384s] -- Up-to-date: /home/rrm/install/rrm_msgs/lib/librrm_msgs__rosidl_typesupport_fastrtps_c.so
[0.384s] -- Up-to-date: /home/rrm/install/rrm_msgs/include/rrm_msgs/rrm_msgs
[0.384s] -- Up-to-date: /home/rrm/install/rrm_msgs/include/rrm_msgs/rrm_msgs/msg
[0.384s] -- Up-to-date: /home/rrm/install/rrm_msgs/include/rrm_msgs/rrm_msgs/msg/detail
[0.384s] -- Up-to-date: /home/rrm/install/rrm_msgs/include/rrm_msgs/rrm_msgs/msg/detail/command__type_support.c
[0.384s] -- Up-to-date: /home/rrm/install/rrm_msgs/include/rrm_msgs/rrm_msgs/msg/detail/command__rosidl_typesupport_introspection_c.h
[0.384s] -- Up-to-date: /home/rrm/install/rrm_msgs/include/rrm_msgs/rrm_msgs/msg/rosidl_typesupport_introspection_c__visibility_control.h
[0.384s] -- Up-to-date: /home/rrm/install/rrm_msgs/include/rrm_msgs/rrm_msgs/srv
[0.385s] -- Up-to-date: /home/rrm/install/rrm_msgs/include/rrm_msgs/rrm_msgs/srv/detail
[0.385s] -- Up-to-date: /home/rrm/install/rrm_msgs/include/rrm_msgs/rrm_msgs/srv/detail/command__type_support.c
[0.385s] -- Up-to-date: /home/rrm/install/rrm_msgs/include/rrm_msgs/rrm_msgs/srv/detail/command__rosidl_typesupport_introspection_c.h
[0.385s] -- Up-to-date: /home/rrm/install/rrm_msgs/lib/librrm_msgs__rosidl_typesupport_introspection_c.so
[0.385s] -- Up-to-date: /home/rrm/install/rrm_msgs/lib/librrm_msgs__rosidl_typesupport_c.so
[0.385s] -- Up-to-date: /home/rrm/install/rrm_msgs/include/rrm_msgs/rrm_msgs
[0.385s] -- Up-to-date: /home/rrm/install/rrm_msgs/include/rrm_msgs/rrm_msgs/msg
[0.385s] -- Up-to-date: /home/rrm/install/rrm_msgs/include/rrm_msgs/rrm_msgs/msg/command.hpp
[0.385s] -- Up-to-date: /home/rrm/install/rrm_msgs/include/rrm_msgs/rrm_msgs/msg/detail
[0.385s] -- Up-to-date: /home/rrm/install/rrm_msgs/include/rrm_msgs/rrm_msgs/msg/detail/command__traits.hpp
[0.385s] -- Up-to-date: /home/rrm/install/rrm_msgs/include/rrm_msgs/rrm_msgs/msg/detail/command__builder.hpp
[0.385s] -- Up-to-date: /home/rrm/install/rrm_msgs/include/rrm_msgs/rrm_msgs/msg/detail/command__type_support.hpp
[0.385s] -- Up-to-date: /home/rrm/install/rrm_msgs/include/rrm_msgs/rrm_msgs/msg/detail/command__struct.hpp
[0.386s] -- Up-to-date: /home/rrm/install/rrm_msgs/include/rrm_msgs/rrm_msgs/msg/rosidl_generator_cpp__visibility_control.hpp
[0.386s] -- Up-to-date: /home/rrm/install/rrm_msgs/include/rrm_msgs/rrm_msgs/srv
[0.386s] -- Up-to-date: /home/rrm/install/rrm_msgs/include/rrm_msgs/rrm_msgs/srv/command.hpp
[0.386s] -- Up-to-date: /home/rrm/install/rrm_msgs/include/rrm_msgs/rrm_msgs/srv/detail
[0.386s] -- Up-to-date: /home/rrm/install/rrm_msgs/include/rrm_msgs/rrm_msgs/srv/detail/command__traits.hpp
[0.386s] -- Up-to-date: /home/rrm/install/rrm_msgs/include/rrm_msgs/rrm_msgs/srv/detail/command__builder.hpp
[0.386s] -- Up-to-date: /home/rrm/install/rrm_msgs/include/rrm_msgs/rrm_msgs/srv/detail/command__type_support.hpp
[0.386s] -- Up-to-date: /home/rrm/install/rrm_msgs/include/rrm_msgs/rrm_msgs/srv/detail/command__struct.hpp
[0.387s] -- Up-to-date: /home/rrm/install/rrm_msgs/include/rrm_msgs/rrm_msgs
[0.387s] -- Up-to-date: /home/rrm/install/rrm_msgs/include/rrm_msgs/rrm_msgs/msg
[0.387s] -- Up-to-date: /home/rrm/install/rrm_msgs/include/rrm_msgs/rrm_msgs/msg/detail
[0.387s] -- Up-to-date: /home/rrm/install/rrm_msgs/include/rrm_msgs/rrm_msgs/msg/detail/dds_fastrtps
[0.387s] -- Up-to-date: /home/rrm/install/rrm_msgs/include/rrm_msgs/rrm_msgs/msg/detail/command__rosidl_typesupport_fastrtps_cpp.hpp
[0.387s] -- Up-to-date: /home/rrm/install/rrm_msgs/include/rrm_msgs/rrm_msgs/msg/rosidl_typesupport_fastrtps_cpp__visibility_control.h
[0.387s] -- Up-to-date: /home/rrm/install/rrm_msgs/include/rrm_msgs/rrm_msgs/srv
[0.387s] -- Up-to-date: /home/rrm/install/rrm_msgs/include/rrm_msgs/rrm_msgs/srv/detail
[0.387s] -- Up-to-date: /home/rrm/install/rrm_msgs/include/rrm_msgs/rrm_msgs/srv/detail/dds_fastrtps
[0.387s] -- Up-to-date: /home/rrm/install/rrm_msgs/include/rrm_msgs/rrm_msgs/srv/detail/command__rosidl_typesupport_fastrtps_cpp.hpp
[0.387s] -- Up-to-date: /home/rrm/install/rrm_msgs/lib/librrm_msgs__rosidl_typesupport_fastrtps_cpp.so
[0.388s] -- Up-to-date: /home/rrm/install/rrm_msgs/include/rrm_msgs/rrm_msgs
[0.388s] -- Up-to-date: /home/rrm/install/rrm_msgs/include/rrm_msgs/rrm_msgs/msg
[0.388s] -- Up-to-date: /home/rrm/install/rrm_msgs/include/rrm_msgs/rrm_msgs/msg/detail
[0.388s] -- Up-to-date: /home/rrm/install/rrm_msgs/include/rrm_msgs/rrm_msgs/msg/detail/command__type_support.cpp
[0.388s] -- Up-to-date: /home/rrm/install/rrm_msgs/include/rrm_msgs/rrm_msgs/msg/detail/command__rosidl_typesupport_introspection_cpp.hpp
[0.388s] -- Up-to-date: /home/rrm/install/rrm_msgs/include/rrm_msgs/rrm_msgs/srv
[0.388s] -- Up-to-date: /home/rrm/install/rrm_msgs/include/rrm_msgs/rrm_msgs/srv/detail
[0.388s] -- Up-to-date: /home/rrm/install/rrm_msgs/include/rrm_msgs/rrm_msgs/srv/detail/command__type_support.cpp
[0.388s] -- Up-to-date: /home/rrm/install/rrm_msgs/include/rrm_msgs/rrm_msgs/srv/detail/command__rosidl_typesupport_introspection_cpp.hpp
[0.388s] -- Up-to-date: /home/rrm/install/rrm_msgs/lib/librrm_msgs__rosidl_typesupport_introspection_cpp.so
[0.388s] -- Up-to-date: /home/rrm/install/rrm_msgs/lib/librrm_msgs__rosidl_typesupport_cpp.so
[0.388s] -- Up-to-date: /home/rrm/install/rrm_msgs/share/rrm_msgs/environment/pythonpath.sh
[0.388s] -- Up-to-date: /home/rrm/install/rrm_msgs/share/rrm_msgs/environment/pythonpath.dsv
[0.388s] -- Up-to-date: /home/rrm/install/rrm_msgs/local/lib/python3.10/dist-packages/rrm_msgs-0.0.0-py3.10.egg-info
[0.388s] -- Installing: /home/rrm/install/rrm_msgs/local/lib/python3.10/dist-packages/rrm_msgs-0.0.0-py3.10.egg-info/SOURCES.txt
[0.388s] -- Installing: /home/rrm/install/rrm_msgs/local/lib/python3.10/dist-packages/rrm_msgs-0.0.0-py3.10.egg-info/dependency_links.txt
[0.388s] -- Installing: /home/rrm/install/rrm_msgs/local/lib/python3.10/dist-packages/rrm_msgs-0.0.0-py3.10.egg-info/PKG-INFO
[0.388s] -- Installing: /home/rrm/install/rrm_msgs/local/lib/python3.10/dist-packages/rrm_msgs-0.0.0-py3.10.egg-info/top_level.txt
[0.389s] -- Up-to-date: /home/rrm/install/rrm_msgs/local/lib/python3.10/dist-packages/rrm_msgs
[0.389s] -- Up-to-date: /home/rrm/install/rrm_msgs/local/lib/python3.10/dist-packages/rrm_msgs/__init__.py
[0.389s] -- Up-to-date: /home/rrm/install/rrm_msgs/local/lib/python3.10/dist-packages/rrm_msgs/msg
[0.389s] -- Up-to-date: /home/rrm/install/rrm_msgs/local/lib/python3.10/dist-packages/rrm_msgs/msg/_command_s.c
[0.389s] -- Up-to-date: /home/rrm/install/rrm_msgs/local/lib/python3.10/dist-packages/rrm_msgs/msg/__init__.py
[0.389s] -- Up-to-date: /home/rrm/install/rrm_msgs/local/lib/python3.10/dist-packages/rrm_msgs/msg/_command.py
[0.389s] -- Up-to-date: /home/rrm/install/rrm_msgs/local/lib/python3.10/dist-packages/rrm_msgs/rrm_msgs_s__rosidl_typesupport_fastrtps_c.cpython-310-x86_64-linux-gnu.so
[0.389s] -- Up-to-date: /home/rrm/install/rrm_msgs/local/lib/python3.10/dist-packages/rrm_msgs/_rrm_msgs_s.ep.rosidl_typesupport_introspection_c.c
[0.389s] -- Up-to-date: /home/rrm/install/rrm_msgs/local/lib/python3.10/dist-packages/rrm_msgs/_rrm_msgs_s.ep.rosidl_typesupport_c.c
[0.389s] -- Up-to-date: /home/rrm/install/rrm_msgs/local/lib/python3.10/dist-packages/rrm_msgs/_rrm_msgs_s.ep.rosidl_typesupport_fastrtps_c.c
[0.389s] -- Up-to-date: /home/rrm/install/rrm_msgs/local/lib/python3.10/dist-packages/rrm_msgs/librrm_msgs__rosidl_generator_py.so
[0.389s] -- Up-to-date: /home/rrm/install/rrm_msgs/local/lib/python3.10/dist-packages/rrm_msgs/rrm_msgs_s__rosidl_typesupport_c.cpython-310-x86_64-linux-gnu.so
[0.389s] -- Up-to-date: /home/rrm/install/rrm_msgs/local/lib/python3.10/dist-packages/rrm_msgs/rrm_msgs_s__rosidl_typesupport_introspection_c.cpython-310-x86_64-linux-gnu.so
[0.389s] -- Up-to-date: /home/rrm/install/rrm_msgs/local/lib/python3.10/dist-packages/rrm_msgs/srv
[0.389s] -- Up-to-date: /home/rrm/install/rrm_msgs/local/lib/python3.10/dist-packages/rrm_msgs/srv/_command_s.c
[0.389s] -- Up-to-date: /home/rrm/install/rrm_msgs/local/lib/python3.10/dist-packages/rrm_msgs/srv/__init__.py
[0.389s] -- Up-to-date: /home/rrm/install/rrm_msgs/local/lib/python3.10/dist-packages/rrm_msgs/srv/_command.py
[0.421s] Listing '/home/rrm/install/rrm_msgs/local/lib/python3.10/dist-packages/rrm_msgs'...
[0.421s] Listing '/home/rrm/install/rrm_msgs/local/lib/python3.10/dist-packages/rrm_msgs/msg'...
[0.421s] Listing '/home/rrm/install/rrm_msgs/local/lib/python3.10/dist-packages/rrm_msgs/srv'...
[0.426s] -- Up-to-date: /home/rrm/install/rrm_msgs/local/lib/python3.10/dist-packages/rrm_msgs/rrm_msgs_s__rosidl_typesupport_fastrtps_c.cpython-310-x86_64-linux-gnu.so
[0.426s] -- Up-to-date: /home/rrm/install/rrm_msgs/local/lib/python3.10/dist-packages/rrm_msgs/rrm_msgs_s__rosidl_typesupport_introspection_c.cpython-310-x86_64-linux-gnu.so
[0.427s] -- Up-to-date: /home/rrm/install/rrm_msgs/local/lib/python3.10/dist-packages/rrm_msgs/rrm_msgs_s__rosidl_typesupport_c.cpython-310-x86_64-linux-gnu.so
[0.427s] -- Up-to-date: /home/rrm/install/rrm_msgs/lib/librrm_msgs__rosidl_generator_py.so
[0.427s] -- Up-to-date: /home/rrm/install/rrm_msgs/share/rrm_msgs/msg/Command.idl
[0.427s] -- Up-to-date: /home/rrm/install/rrm_msgs/share/rrm_msgs/srv/Command.idl
[0.428s] -- Up-to-date: /home/rrm/install/rrm_msgs/share/rrm_msgs/msg/Command.msg
[0.428s] -- Up-to-date: /home/rrm/install/rrm_msgs/share/rrm_msgs/srv/Command.srv
[0.428s] -- Up-to-date: /home/rrm/install/rrm_msgs/share/rrm_msgs/srv/Command_Request.msg
[0.428s] -- Up-to-date: /home/rrm/install/rrm_msgs/share/rrm_msgs/srv/Command_Response.msg
[0.428s] -- Up-to-date: /home/rrm/install/rrm_msgs/share/ament_index/resource_index/package_run_dependencies/rrm_msgs
[0.428s] -- Up-to-date: /home/rrm/install/rrm_msgs/share/ament_index/resource_index/parent_prefix_path/rrm_msgs
[0.428s] -- Up-to-date: /home/rrm/install/rrm_msgs/share/rrm_msgs/environment/ament_prefix_path.sh
[0.428s] -- Up-to-date: /home/rrm/install/rrm_msgs/share/rrm_msgs/environment/ament_prefix_path.dsv
[0.428s] -- Up-to-date: /home/rrm/install/rrm_msgs/share/rrm_msgs/environment/path.sh
[0.429s] -- Up-to-date: /home/rrm/install/rrm_msgs/share/rrm_msgs/environment/path.dsv
[0.429s] -- Up-to-date: /home/rrm/install/rrm_msgs/share/rrm_msgs/local_setup.bash
[0.429s] -- Up-to-date: /home/rrm/install/rrm_msgs/share/rrm_msgs/local_setup.sh
[0.429s] -- Up-to-date: /home/rrm/install/rrm_msgs/share/rrm_msgs/local_setup.zsh
[0.429s] -- Up-to-date: /home/rrm/install/rrm_msgs/share/rrm_msgs/local_setup.dsv
[0.429s] -- Installing: /home/rrm/install/rrm_msgs/share/rrm_msgs/package.dsv
[0.429s] -- Up-to-date: /home/rrm/install/rrm_msgs/share/ament_index/resource_index/packages/rrm_msgs
[0.429s] -- Up-to-date: /home/rrm/install/rrm_msgs/share/rrm_msgs/cmake/export_rrm_msgs__rosidl_generator_cExport.cmake
[0.429s] -- Up-to-date: /home/rrm/install/rrm_msgs/share/rrm_msgs/cmake/export_rrm_msgs__rosidl_generator_cExport-noconfig.cmake
[0.429s] -- Up-to-date: /home/rrm/install/rrm_msgs/share/rrm_msgs/cmake/export_rrm_msgs__rosidl_typesupport_fastrtps_cExport.cmake
[0.429s] -- Up-to-date: /home/rrm/install/rrm_msgs/share/rrm_msgs/cmake/export_rrm_msgs__rosidl_typesupport_fastrtps_cExport-noconfig.cmake
[0.429s] -- Up-to-date: /home/rrm/install/rrm_msgs/share/rrm_msgs/cmake/rrm_msgs__rosidl_typesupport_introspection_cExport.cmake
[0.430s] -- Up-to-date: /home/rrm/install/rrm_msgs/share/rrm_msgs/cmake/rrm_msgs__rosidl_typesupport_introspection_cExport-noconfig.cmake
[0.430s] -- Up-to-date: /home/rrm/install/rrm_msgs/share/rrm_msgs/cmake/rrm_msgs__rosidl_typesupport_cExport.cmake
[0.430s] -- Up-to-date: /home/rrm/install/rrm_msgs/share/rrm_msgs/cmake/rrm_msgs__rosidl_typesupport_cExport-noconfig.cmake
[0.430s] -- Up-to-date: /home/rrm/install/rrm_msgs/share/rrm_msgs/cmake/export_rrm_msgs__rosidl_generator_cppExport.cmake
[0.430s] -- Up-to-date: /home/rrm/install/rrm_msgs/share/rrm_msgs/cmake/export_rrm_msgs__rosidl_typesupport_fastrtps_cppExport.cmake
[0.430s] -- Up-to-date: /home/rrm/install/rrm_msgs/share/rrm_msgs/cmake/export_rrm_msgs__rosidl_typesupport_fastrtps_cppExport-noconfig.cmake
[0.430s] -- Up-to-date: /home/rrm/install/rrm_msgs/share/rrm_msgs/cmake/rrm_msgs__rosidl_typesupport_introspection_cppExport.cmake
[0.431s] -- Up-to-date: /home/rrm/install/rrm_msgs/share/rrm_msgs/cmake/rrm_msgs__rosidl_typesupport_introspection_cppExport-noconfig.cmake
[0.431s] -- Up-to-date: /home/rrm/install/rrm_msgs/share/rrm_msgs/cmake/rrm_msgs__rosidl_typesupport_cppExport.cmake
[0.431s] -- Up-to-date: /home/rrm/install/rrm_msgs/share/rrm_msgs/cmake/rrm_msgs__rosidl_typesupport_cppExport-noconfig.cmake
[0.431s] -- Up-to-date: /home/rrm/install/rrm_msgs/share/rrm_msgs/cmake/export_rrm_msgs__rosidl_generator_pyExport.cmake
[0.431s] -- Up-to-date: /home/rrm/install/rrm_msgs/share/rrm_msgs/cmake/export_rrm_msgs__rosidl_generator_pyExport-noconfig.cmake
[0.431s] -- Up-to-date: /home/rrm/install/rrm_msgs/share/rrm_msgs/cmake/rosidl_cmake-extras.cmake
[0.431s] -- Up-to-date: /home/rrm/install/rrm_msgs/share/rrm_msgs/cmake/ament_cmake_export_include_directories-extras.cmake
[0.431s] -- Up-to-date: /home/rrm/install/rrm_msgs/share/rrm_msgs/cmake/ament_cmake_export_libraries-extras.cmake
[0.432s] -- Up-to-date: /home/rrm/install/rrm_msgs/share/rrm_msgs/cmake/ament_cmake_export_targets-extras.cmake
[0.432s] -- Up-to-date: /home/rrm/install/rrm_msgs/share/rrm_msgs/cmake/rosidl_cmake_export_typesupport_targets-extras.cmake
[0.432s] -- Up-to-date: /home/rrm/install/rrm_msgs/share/rrm_msgs/cmake/ament_cmake_export_dependencies-extras.cmake
[0.432s] -- Up-to-date: /home/rrm/install/rrm_msgs/share/rrm_msgs/cmake/rosidl_cmake_export_typesupport_libraries-extras.cmake
[0.432s] -- Up-to-date: /home/rrm/install/rrm_msgs/share/rrm_msgs/cmake/rrm_msgsConfig.cmake
[0.432s] -- Up-to-date: /home/rrm/install/rrm_msgs/share/rrm_msgs/cmake/rrm_msgsConfig-version.cmake
[0.433s] -- Up-to-date: /home/rrm/install/rrm_msgs/share/rrm_msgs/package.xml
[0.434s] Invoked command in '/home/rrm/build/rrm_msgs' returned '0': CMAKE_PREFIX_PATH=${CMAKE_PREFIX_PATH}:/opt/ros/humble /usr/bin/cmake --install /home/rrm/build/rrm_msgs
