[0.014s] Invoking command in '/home/rrm/src/build/cv3': AMENT_PREFIX_PATH=/home/rrm/src/install/rrm_msgs:${AMENT_PREFIX_PATH} CMAKE_PREFIX_PATH=/home/rrm/src/install/rrm_msgs:/home/rrm/install/rrm_simple_robot_model:/home/rrm/install/rrm_sim:/home/rrm/install/cv2:/home/rrm/install/rrm_msgs:/home/rrm/install/cv1:/opt/ros/humble LD_LIBRARY_PATH=/home/rrm/src/install/rrm_msgs/lib:${LD_LIBRARY_PATH} PYTHONPATH=/home/rrm/src/install/rrm_msgs/local/lib/python3.10/dist-packages:${PYTHONPATH} /usr/bin/cmake --build /home/rrm/src/build/cv3 -- -j8 -l8
[0.046s] [35m[1mConsolidate compiler generated dependencies of target logger_node[0m
[0.063s] [ 25%] [32mBuilding CXX object CMakeFiles/cv3_node.dir/src/teleop.cpp.o[0m
[0.067s] [ 50%] [32mBuilding CXX object CMakeFiles/logger_node.dir/src/joint_logger.cpp.o[0m
[2.178s] [01m[K/home/rrm/src/cv3/src/teleop.cpp:[m[K In member function ‘[01m[Kbool Teleop::move(const std::vector<double, std::allocator<double> >&, double)[m[K’:
[2.178s] [01m[K/home/rrm/src/cv3/src/teleop.cpp:20:14:[m[K [01;31m[Kerror: [m[K‘[01m[Kvecror[m[K’ is not a member of ‘[01m[Kstd[m[K’; did you mean ‘[01m[Kvector[m[K’?
[2.178s]    20 |         std::[01;31m[Kvecror[m[K<double> distances(positions.size());
[2.178s]       |              [01;31m[K^~~~~~[m[K
[2.178s]       |              [32m[Kvector[m[K
[2.179s] [01m[K/home/rrm/src/cv3/src/teleop.cpp:20:21:[m[K [01;31m[Kerror: [m[Kexpected primary-expression before ‘[01m[Kdouble[m[K’
[2.179s]    20 |         std::vecror<[01;31m[Kdouble[m[K> distances(positions.size());
[2.179s]       |                     [01;31m[K^~~~~~[m[K
[2.185s] [01m[K/home/rrm/src/cv3/src/teleop.cpp:24:13:[m[K [01;31m[Kerror: [m[K‘[01m[Kdistances[m[K’ was not declared in this scope
[2.185s]    24 |             [01;31m[Kdistances[m[K[i] = std::abs(positions[i] - current_positions[i]);
[2.185s]       |             [01;31m[K^~~~~~~~~[m[K
[2.189s] [01m[K/home/rrm/src/cv3/src/teleop.cpp:24:52:[m[K [01;31m[Kerror: [m[K‘[01m[Kcurrent_positions[m[K’ was not declared in this scope; did you mean ‘[01m[Kcurrent_positions_[m[K’?
[2.189s]    24 |             distances[i] = std::abs(positions[i] - [01;31m[Kcurrent_positions[m[K[i]);
[2.189s]       |                                                    [01;31m[K^~~~~~~~~~~~~~~~~[m[K
[2.189s]       |                                                    [32m[Kcurrent_positions_[m[K
[2.194s] [01m[K/home/rrm/src/cv3/src/joint_logger.cpp:[m[K In member function ‘[01m[Kvoid JointLogger::joint_states_callback(sensor_msgs::msg::JointState_<std::allocator<void> >::SharedPtr)[m[K’:
[2.194s] [01m[K/home/rrm/src/cv3/src/joint_logger.cpp:11:5:[m[K [01;31m[Kerror: [m[K‘[01m[Kcurrent_positions_[m[K’ was not declared in this scope
[2.194s]    11 |     [01;31m[Kcurrent_positions_[m[K = msg->position;
[2.194s]       |     [01;31m[K^~~~~~~~~~~~~~~~~~[m[K
[2.197s] [01m[K/home/rrm/src/cv3/src/teleop.cpp:34:40:[m[K [01;31m[Kerror: [m[K‘[01m[Ktarget_positions[m[K’ was not declared in this scope; did you mean ‘[01m[Kcurrent_positions_[m[K’?
[2.197s]    34 |         std::vector<double> velocities([01;31m[Ktarget_positions[m[K.size(), 0.0);
[2.197s]       |                                        [01;31m[K^~~~~~~~~~~~~~~~[m[K
[2.197s]       |                                        [32m[Kcurrent_positions_[m[K
[2.200s] [01m[K/home/rrm/src/cv3/src/joint_logger.cpp:14:10:[m[K [01;31m[Kerror: [m[K‘[01m[Kcommand_sent_[m[K’ was not declared in this scope
[2.200s]    14 |     if (![01;31m[Kcommand_sent_[m[K) {
[2.200s]       |          [01;31m[K^~~~~~~~~~~~~[m[K
[2.200s] [01m[K/home/rrm/src/cv3/src/joint_logger.cpp:23:28:[m[K [01;31m[Kerror: [m[Kno matching function for call to ‘[01m[Kmove(std::vector<double, std::allocator<double> >&, double&)[m[K’
[2.201s]    23 |         bool success = [01;31m[Kmove(test_target, test_velocity)[m[K;
[2.201s]       |                        [01;31m[K~~~~^~~~~~~~~~~~~~~~~~~~~~~~~~~~[m[K
[2.201s] In file included from [01m[K/usr/include/c++/11/bits/stl_pair.h:59[m[K,
[2.201s]                  from [01m[K/usr/include/c++/11/bits/stl_algobase.h:64[m[K,
[2.201s]                  from [01m[K/usr/include/c++/11/memory:63[m[K,
[2.201s]                  from [01m[K/opt/ros/humble/include/rclcpp/rclcpp/rclcpp.hpp:153[m[K,
[2.201s]                  from [01m[K/home/rrm/src/cv3/include/cv3/logger_node.hpp:3[m[K,
[2.201s]                  from [01m[K/home/rrm/src/cv3/src/joint_logger.cpp:1[m[K:
[2.202s] [01m[K/usr/include/c++/11/bits/move.h:104:5:[m[K [01;36m[Knote: [m[Kcandidate: ‘[01m[Ktemplate<class _Tp> constexpr typename std::remove_reference<_Tp>::type&& std::move(_Tp&&)[m[K’
[2.202s]   104 |     [01;36m[Kmove[m[K(_Tp&& __t) noexcept
[2.202s]       |     [01;36m[K^~~~[m[K
[2.202s] [01m[K/usr/include/c++/11/bits/move.h:104:5:[m[K [01;36m[Knote: [m[K  template argument deduction/substitution failed:
[2.202s] [01m[K/home/rrm/src/cv3/src/joint_logger.cpp:23:28:[m[K [01;36m[Knote: [m[K  candidate expects 1 argument, 2 provided
[2.202s]    23 |         bool success = [01;36m[Kmove(test_target, test_velocity)[m[K;
[2.202s]       |                        [01;36m[K~~~~^~~~~~~~~~~~~~~~~~~~~~~~~~~~[m[K
[2.202s] In file included from [01m[K/usr/include/c++/11/memory:63[m[K,
[2.202s]                  from [01m[K/opt/ros/humble/include/rclcpp/rclcpp/rclcpp.hpp:153[m[K,
[2.202s]                  from [01m[K/home/rrm/src/cv3/include/cv3/logger_node.hpp:3[m[K,
[2.202s]                  from [01m[K/home/rrm/src/cv3/src/joint_logger.cpp:1[m[K:
[2.202s] [01m[K/usr/include/c++/11/bits/stl_algobase.h:644:5:[m[K [01;36m[Knote: [m[Kcandidate: ‘[01m[Ktemplate<class _II, class _OI> _OI std::move(_II, _II, _OI)[m[K’
[2.202s]   644 |     [01;36m[Kmove[m[K(_II __first, _II __last, _OI __result)
[2.203s]       |     [01;36m[K^~~~[m[K
[2.203s] [01m[K/usr/include/c++/11/bits/stl_algobase.h:644:5:[m[K [01;36m[Knote: [m[K  template argument deduction/substitution failed:
[2.203s] [01m[K/home/rrm/src/cv3/src/joint_logger.cpp:23:28:[m[K [01;36m[Knote: [m[K  deduced conflicting types for parameter ‘[01m[K_II[m[K’ (‘[01m[Kstd::vector<double, std::allocator<double> >[m[K’ and ‘[01m[Kdouble[m[K’)
[2.203s]    23 |         bool success = [01;36m[Kmove(test_target, test_velocity)[m[K;
[2.203s]       |                        [01;36m[K~~~~^~~~~~~~~~~~~~~~~~~~~~~~~~~~[m[K
[2.203s] In file included from [01m[K/usr/include/c++/11/algorithm:74[m[K,
[2.203s]                  from [01m[K/opt/ros/humble/include/rclcpp/rclcpp/executor.hpp:18[m[K,
[2.203s]                  from [01m[K/opt/ros/humble/include/rclcpp/rclcpp/executors/multi_threaded_executor.hpp:25[m[K,
[2.203s]                  from [01m[K/opt/ros/humble/include/rclcpp/rclcpp/executors.hpp:21[m[K,
[2.203s]                  from [01m[K/opt/ros/humble/include/rclcpp/rclcpp/rclcpp.hpp:155[m[K,
[2.203s]                  from [01m[K/home/rrm/src/cv3/include/cv3/logger_node.hpp:3[m[K,
[2.204s]                  from [01m[K/home/rrm/src/cv3/src/joint_logger.cpp:1[m[K:
[2.204s] [01m[K/usr/include/c++/11/pstl/glue_algorithm_defs.h:353:1:[m[K [01;36m[Knote: [m[Kcandidate: ‘[01m[Ktemplate<class _ExecutionPolicy, class _ForwardIterator1, class _ForwardIterator2> __pstl::__internal::__enable_if_execution_policy<_ExecutionPolicy, _ForwardIterator> std::move(_ExecutionPolicy&&, _ForwardIterator1, _ForwardIterator1, _ForwardIterator2)[m[K’
[2.204s]   353 | [01;36m[Kmove[m[K(_ExecutionPolicy&& __exec, _ForwardIterator1 __first, _ForwardIterator1 __last, _ForwardIterator2 __d_first);
[2.204s]       | [01;36m[K^~~~[m[K
[2.204s] [01m[K/usr/include/c++/11/pstl/glue_algorithm_defs.h:353:1:[m[K [01;36m[Knote: [m[K  template argument deduction/substitution failed:
[2.204s] [01m[K/home/rrm/src/cv3/src/joint_logger.cpp:23:28:[m[K [01;36m[Knote: [m[K  candidate expects 4 arguments, 2 provided
[2.204s]    23 |         bool success = [01;36m[Kmove(test_target, test_velocity)[m[K;
[2.204s]       |                        [01;36m[K~~~~^~~~~~~~~~~~~~~~~~~~~~~~~~~~[m[K
[2.204s] [01m[K/home/rrm/src/cv3/src/teleop.cpp:38:33:[m[K [01;31m[Kerror: [m[K‘[01m[Kdistances[m[K’ was not declared in this scope
[2.204s]    38 |                 velocities[i] = [01;31m[Kdistances[m[K[i] / time;
[2.204s]       |                                 [01;31m[K^~~~~~~~~[m[K
[2.210s] [01m[K/home/rrm/src/cv3/src/teleop.cpp:[m[K In function ‘[01m[Kint main(int, char**)[m[K’:
[2.210s] [01m[K/home/rrm/src/cv3/src/teleop.cpp:89:13:[m[K [01;31m[Kerror: [m[K‘[01m[Kclient_[m[K’ was not declared in this scope
[2.210s]    89 |     while (![01;31m[Kclient_[m[K ->wait_for_service (std::chrono::seconds (1))) {
[2.210s]       |             [01;31m[K^~~~~~~[m[K
[2.210s] In file included from [01m[K/opt/ros/humble/include/rclcpp/rclcpp/client.hpp:40[m[K,
[2.210s]                  from [01m[K/opt/ros/humble/include/rclcpp/rclcpp/callback_group.hpp:24[m[K,
[2.210s]                  from [01m[K/opt/ros/humble/include/rclcpp/rclcpp/any_executable.hpp:20[m[K,
[2.210s]                  from [01m[K/opt/ros/humble/include/rclcpp/rclcpp/memory_strategy.hpp:25[m[K,
[2.211s]                  from [01m[K/opt/ros/humble/include/rclcpp/rclcpp/memory_strategies.hpp:18[m[K,
[2.211s]                  from [01m[K/opt/ros/humble/include/rclcpp/rclcpp/executor_options.hpp:20[m[K,
[2.211s]                  from [01m[K/opt/ros/humble/include/rclcpp/rclcpp/executor.hpp:37[m[K,
[2.211s]                  from [01m[K/opt/ros/humble/include/rclcpp/rclcpp/executors/multi_threaded_executor.hpp:25[m[K,
[2.211s]                  from [01m[K/opt/ros/humble/include/rclcpp/rclcpp/executors.hpp:21[m[K,
[2.211s]                  from [01m[K/opt/ros/humble/include/rclcpp/rclcpp/rclcpp.hpp:155[m[K,
[2.211s]                  from [01m[K/home/rrm/src/cv3/src/teleop.cpp:1[m[K:
[2.211s] [01m[K/home/rrm/src/cv3/src/teleop.cpp:91:23:[m[K [01;31m[Kerror: [m[Kinvalid use of ‘[01m[Kthis[m[K’ in non-member function
[2.211s]    91 |         RCLCPP_ERROR ([01;31m[Kthis[m[K->get_logger (), "Interrupted while waiting for the service. Exiting." );
[2.211s]       |                       [01;31m[K^~~~[m[K
[2.211s] [01m[K/home/rrm/src/cv3/src/teleop.cpp:91:23:[m[K [01;31m[Kerror: [m[Kinvalid use of ‘[01m[Kthis[m[K’ in non-member function
[2.212s] [01m[K/home/rrm/src/cv3/src/teleop.cpp:91:9:[m[K [01;31m[Kerror: [m[Ktemplate argument 1 is invalid
[2.212s]    91 |         [01;31m[KRCLCPP_ERROR[m[K (this->get_logger (), "Interrupted while waiting for the service. Exiting." );
[2.212s]       |         [01;31m[K^~~~~~~~~~~~[m[K
[2.212s] In file included from [01m[K/opt/ros/humble/include/rclcpp/rclcpp/logging.hpp:24[m[K,
[2.212s]                  from [01m[K/opt/ros/humble/include/rclcpp/rclcpp/client.hpp:40[m[K,
[2.212s]                  from [01m[K/opt/ros/humble/include/rclcpp/rclcpp/callback_group.hpp:24[m[K,
[2.212s]                  from [01m[K/opt/ros/humble/include/rclcpp/rclcpp/any_executable.hpp:20[m[K,
[2.212s]                  from [01m[K/opt/ros/humble/include/rclcpp/rclcpp/memory_strategy.hpp:25[m[K,
[2.212s]                  from [01m[K/opt/ros/humble/include/rclcpp/rclcpp/memory_strategies.hpp:18[m[K,
[2.212s]                  from [01m[K/opt/ros/humble/include/rclcpp/rclcpp/executor_options.hpp:20[m[K,
[2.212s]                  from [01m[K/opt/ros/humble/include/rclcpp/rclcpp/executor.hpp:37[m[K,
[2.212s]                  from [01m[K/opt/ros/humble/include/rclcpp/rclcpp/executors/multi_threaded_executor.hpp:25[m[K,
[2.213s]                  from [01m[K/opt/ros/humble/include/rclcpp/rclcpp/executors.hpp:21[m[K,
[2.213s]                  from [01m[K/opt/ros/humble/include/rclcpp/rclcpp/rclcpp.hpp:155[m[K,
[2.213s]                  from [01m[K/home/rrm/src/cv3/src/teleop.cpp:1[m[K:
[2.213s] [01m[K/home/rrm/src/cv3/src/teleop.cpp:91:23:[m[K [01;31m[Kerror: [m[Kinvalid use of ‘[01m[Kthis[m[K’ in non-member function
[2.213s]    91 |         RCLCPP_ERROR ([01;31m[Kthis[m[K->get_logger (), "Interrupted while waiting for the service. Exiting." );
[2.213s]       |                       [01;31m[K^~~~[m[K
[2.213s] [01m[K/home/rrm/src/cv3/src/teleop.cpp:91:23:[m[K [01;31m[Kerror: [m[Kinvalid use of ‘[01m[Kthis[m[K’ in non-member function
[2.213s]    91 |         RCLCPP_ERROR ([01;31m[Kthis[m[K->get_logger (), "Interrupted while waiting for the service. Exiting." );
[2.213s]       |                       [01;31m[K^~~~[m[K
[2.213s] [01m[K/home/rrm/src/cv3/src/teleop.cpp:92:9:[m[K [01;31m[Kerror: [m[Kreturn-statement with no value, in function returning ‘[01m[Kint[m[K’ [[01;31m[K]8;;https://gcc.gnu.org/onlinedocs/gcc/Warning-Options.html#index-fpermissive-fpermissive]8;;[m[K]
[2.213s]    92 |         [01;31m[Kreturn[m[K;
[2.213s]       |         [01;31m[K^~~~~~[m[K
[2.213s] In file included from [01m[K/opt/ros/humble/include/rclcpp/rclcpp/client.hpp:40[m[K,
[2.214s]                  from [01m[K/opt/ros/humble/include/rclcpp/rclcpp/callback_group.hpp:24[m[K,
[2.214s]                  from [01m[K/opt/ros/humble/include/rclcpp/rclcpp/any_executable.hpp:20[m[K,
[2.214s]                  from [01m[K/opt/ros/humble/include/rclcpp/rclcpp/memory_strategy.hpp:25[m[K,
[2.214s]                  from [01m[K/opt/ros/humble/include/rclcpp/rclcpp/memory_strategies.hpp:18[m[K,
[2.214s]                  from [01m[K/opt/ros/humble/include/rclcpp/rclcpp/executor_options.hpp:20[m[K,
[2.214s]                  from [01m[K/opt/ros/humble/include/rclcpp/rclcpp/executor.hpp:37[m[K,
[2.214s]                  from [01m[K/opt/ros/humble/include/rclcpp/rclcpp/executors/multi_threaded_executor.hpp:25[m[K,
[2.214s]                  from [01m[K/opt/ros/humble/include/rclcpp/rclcpp/executors.hpp:21[m[K,
[2.214s]                  from [01m[K/opt/ros/humble/include/rclcpp/rclcpp/rclcpp.hpp:155[m[K,
[2.214s]                  from [01m[K/home/rrm/src/cv3/src/teleop.cpp:1[m[K:
[2.214s] [01m[K/home/rrm/src/cv3/src/teleop.cpp:94:22:[m[K [01;31m[Kerror: [m[Kinvalid use of ‘[01m[Kthis[m[K’ in non-member function
[2.214s]    94 |         RCLCPP_INFO ([01;31m[Kthis[m[K->get_logger (), "Service not available, waiting again..." );
[2.215s]       |                      [01;31m[K^~~~[m[K
[2.215s] [01m[K/home/rrm/src/cv3/src/teleop.cpp:94:22:[m[K [01;31m[Kerror: [m[Kinvalid use of ‘[01m[Kthis[m[K’ in non-member function
[2.215s] [01m[K/home/rrm/src/cv3/src/teleop.cpp:94:9:[m[K [01;31m[Kerror: [m[Ktemplate argument 1 is invalid
[2.215s]    94 |         [01;31m[KRCLCPP_INFO[m[K (this->get_logger (), "Service not available, waiting again..." );
[2.215s]       |         [01;31m[K^~~~~~~~~~~[m[K
[2.215s] In file included from [01m[K/opt/ros/humble/include/rclcpp/rclcpp/logging.hpp:24[m[K,
[2.215s]                  from [01m[K/opt/ros/humble/include/rclcpp/rclcpp/client.hpp:40[m[K,
[2.215s]                  from [01m[K/opt/ros/humble/include/rclcpp/rclcpp/callback_group.hpp:24[m[K,
[2.215s]                  from [01m[K/opt/ros/humble/include/rclcpp/rclcpp/any_executable.hpp:20[m[K,
[2.215s]                  from [01m[K/opt/ros/humble/include/rclcpp/rclcpp/memory_strategy.hpp:25[m[K,
[2.215s]                  from [01m[K/opt/ros/humble/include/rclcpp/rclcpp/memory_strategies.hpp:18[m[K,
[2.215s]                  from [01m[K/opt/ros/humble/include/rclcpp/rclcpp/executor_options.hpp:20[m[K,
[2.216s]                  from [01m[K/opt/ros/humble/include/rclcpp/rclcpp/executor.hpp:37[m[K,
[2.216s]                  from [01m[K/opt/ros/humble/include/rclcpp/rclcpp/executors/multi_threaded_executor.hpp:25[m[K,
[2.216s]                  from [01m[K/opt/ros/humble/include/rclcpp/rclcpp/executors.hpp:21[m[K,
[2.216s]                  from [01m[K/opt/ros/humble/include/rclcpp/rclcpp/rclcpp.hpp:155[m[K,
[2.216s]                  from [01m[K/home/rrm/src/cv3/src/teleop.cpp:1[m[K:
[2.216s] [01m[K/home/rrm/src/cv3/src/teleop.cpp:94:22:[m[K [01;31m[Kerror: [m[Kinvalid use of ‘[01m[Kthis[m[K’ in non-member function
[2.216s]    94 |         RCLCPP_INFO ([01;31m[Kthis[m[K->get_logger (), "Service not available, waiting again..." );
[2.216s]       |                      [01;31m[K^~~~[m[K
[2.216s] [01m[K/home/rrm/src/cv3/src/teleop.cpp:94:22:[m[K [01;31m[Kerror: [m[Kinvalid use of ‘[01m[Kthis[m[K’ in non-member function
[2.216s]    94 |         RCLCPP_INFO ([01;31m[Kthis[m[K->get_logger (), "Service not available, waiting again..." );
[2.216s]       |                      [01;31m[K^~~~[m[K
[2.216s] [01m[K/home/rrm/src/cv3/src/teleop.cpp:99:20:[m[K [01;31m[Kerror: [m[Kcannot convert ‘[01m[Kint[m[K’ to ‘[01m[Kconst std::vector<double, std::allocator<double> >&[m[K’
[2.217s]    99 |         robot.move([01;31m[Kjoint_id[m[K, position);
[2.217s]       |                    [01;31m[K^~~~~~~~[m[K
[2.217s]       |                    [01;31m[K|[m[K
[2.217s]       |                    [01;31m[Kint[m[K
[2.217s] [01m[K/home/rrm/src/cv3/src/teleop.cpp:19:42:[m[K [01;36m[Knote: [m[K  initializing argument 1 of ‘[01m[Kbool Teleop::move(const std::vector<double, std::allocator<double> >&, double)[m[K’
[2.217s]    19 |     bool move([01;36m[Kconst std::vector<double>& positions[m[K, double max_velocity) {
[2.217s]       |               [01;36m[K~~~~~~~~~~~~~~~~~~~~~~~~~~~^~~~~~~~~[m[K
[2.217s] [01m[K/home/rrm/src/cv3/src/teleop.cpp:88:10:[m[K [01;35m[Kwarning: [m[Kunused variable ‘[01m[Kcommand_sent_[m[K’ [[01;35m[K]8;;https://gcc.gnu.org/onlinedocs/gcc/Warning-Options.html#index-Wunused-variable-Wunused-variable]8;;[m[K]
[2.217s]    88 |     bool [01;35m[Kcommand_sent_[m[K = false;
[2.217s]       |          [01;35m[K^~~~~~~~~~~~~[m[K
[2.963s] gmake[2]: *** [CMakeFiles/cv3_node.dir/build.make:76: CMakeFiles/cv3_node.dir/src/teleop.cpp.o] Error 1
[2.963s] gmake[1]: *** [CMakeFiles/Makefile2:139: CMakeFiles/cv3_node.dir/all] Error 2
[2.963s] gmake[1]: *** Waiting for unfinished jobs....
[4.286s] gmake[2]: *** [CMakeFiles/logger_node.dir/build.make:76: CMakeFiles/logger_node.dir/src/joint_logger.cpp.o] Error 1
[4.286s] gmake[1]: *** [CMakeFiles/Makefile2:165: CMakeFiles/logger_node.dir/all] Error 2
[4.286s] gmake: *** [Makefile:146: all] Error 2
[4.288s] Invoked command in '/home/rrm/src/build/cv3' returned '2': AMENT_PREFIX_PATH=/home/rrm/src/install/rrm_msgs:${AMENT_PREFIX_PATH} CMAKE_PREFIX_PATH=/home/rrm/src/install/rrm_msgs:/home/rrm/install/rrm_simple_robot_model:/home/rrm/install/rrm_sim:/home/rrm/install/cv2:/home/rrm/install/rrm_msgs:/home/rrm/install/cv1:/opt/ros/humble LD_LIBRARY_PATH=/home/rrm/src/install/rrm_msgs/lib:${LD_LIBRARY_PATH} PYTHONPATH=/home/rrm/src/install/rrm_msgs/local/lib/python3.10/dist-packages:${PYTHONPATH} /usr/bin/cmake --build /home/rrm/src/build/cv3 -- -j8 -l8
