[0.022s] Invoking command in '/home/rrm/build/rrm_msgs': CMAKE_PREFIX_PATH=${CMAKE_PREFIX_PATH}:/opt/ros/humble /usr/bin/cmake --build /home/rrm/build/rrm_msgs -- -j8 -l8
[0.068s] [ 10%] Built target rrm_msgs__rosidl_generator_c
[0.073s] [ 12%] Built target rrm_msgs__cpp
[0.092s] [ 12%] Built target ament_cmake_python_copy_rrm_msgs
[0.098s] [ 23%] Built target rrm_msgs__rosidl_typesupport_fastrtps_c
[0.099s] [ 33%] Built target rrm_msgs__rosidl_typesupport_introspection_c
[0.102s] [ 43%] Built target rrm_msgs__rosidl_typesupport_fastrtps_cpp
[0.102s] [ 53%] Built target rrm_msgs__rosidl_typesupport_cpp
[0.102s] [ 64%] Built target rrm_msgs__rosidl_typesupport_introspection_cpp
[0.105s] [ 74%] Built target rrm_msgs__rosidl_typesupport_c
[0.123s] [ 74%] Built target rrm_msgs
[0.141s] [ 76%] Built target rrm_msgs__py
[0.162s] [ 84%] Built target rrm_msgs__rosidl_generator_py
[0.194s] [ 89%] Built target rrm_msgs__rosidl_typesupport_fastrtps_c__pyext
[0.197s] [100%] Built target rrm_msgs__rosidl_typesupport_introspection_c__pyext
[0.197s] [100%] Built target rrm_msgs__rosidl_typesupport_c__pyext
[0.348s] running egg_info
[0.349s] writing rrm_msgs.egg-info/PKG-INFO
[0.349s] writing dependency_links to rrm_msgs.egg-info/dependency_links.txt
[0.349s] writing top-level names to rrm_msgs.egg-info/top_level.txt
[0.352s] reading manifest file 'rrm_msgs.egg-info/SOURCES.txt'
[0.352s] writing manifest file 'rrm_msgs.egg-info/SOURCES.txt'
[0.376s] [100%] Built target ament_cmake_python_build_rrm_msgs_egg
[0.386s] Invoked command in '/home/rrm/build/rrm_msgs' returned '0': CMAKE_PREFIX_PATH=${CMAKE_PREFIX_PATH}:/opt/ros/humble /usr/bin/cmake --build /home/rrm/build/rrm_msgs -- -j8 -l8
[0.387s] Invoking command in '/home/rrm/build/rrm_msgs': CMAKE_PREFIX_PATH=${CMAKE_PREFIX_PATH}:/opt/ros/humble /usr/bin/cmake --install /home/rrm/build/rrm_msgs
[0.394s] -- Install configuration: ""
[0.394s] -- Up-to-date: /home/rrm/install/rrm_msgs/share/ament_index/resource_index/rosidl_interfaces/rrm_msgs
[0.394s] -- Up-to-date: /home/rrm/install/rrm_msgs/include/rrm_msgs/rrm_msgs
[0.394s] -- Up-to-date: /home/rrm/install/rrm_msgs/include/rrm_msgs/rrm_msgs/msg
[0.394s] -- Up-to-date: /home/rrm/install/rrm_msgs/include/rrm_msgs/rrm_msgs/msg/detail
[0.394s] -- Up-to-date: /home/rrm/install/rrm_msgs/include/rrm_msgs/rrm_msgs/msg/detail/command__functions.h
[0.395s] -- Up-to-date: /home/rrm/install/rrm_msgs/include/rrm_msgs/rrm_msgs/msg/detail/command__type_support.h
[0.395s] -- Up-to-date: /home/rrm/install/rrm_msgs/include/rrm_msgs/rrm_msgs/msg/detail/command__functions.c
[0.395s] -- Up-to-date: /home/rrm/install/rrm_msgs/include/rrm_msgs/rrm_msgs/msg/detail/command__struct.h
[0.395s] -- Up-to-date: /home/rrm/install/rrm_msgs/include/rrm_msgs/rrm_msgs/msg/command.h
[0.395s] -- Up-to-date: /home/rrm/install/rrm_msgs/include/rrm_msgs/rrm_msgs/msg/rosidl_generator_c__visibility_control.h
[0.395s] -- Up-to-date: /home/rrm/install/rrm_msgs/include/rrm_msgs/rrm_msgs/srv
[0.395s] -- Up-to-date: /home/rrm/install/rrm_msgs/include/rrm_msgs/rrm_msgs/srv/detail
[0.395s] -- Up-to-date: /home/rrm/install/rrm_msgs/include/rrm_msgs/rrm_msgs/srv/detail/command__functions.h
[0.395s] -- Up-to-date: /home/rrm/install/rrm_msgs/include/rrm_msgs/rrm_msgs/srv/detail/command__type_support.h
[0.395s] -- Up-to-date: /home/rrm/install/rrm_msgs/include/rrm_msgs/rrm_msgs/srv/detail/command__functions.c
[0.395s] -- Up-to-date: /home/rrm/install/rrm_msgs/include/rrm_msgs/rrm_msgs/srv/detail/command__struct.h
[0.395s] -- Up-to-date: /home/rrm/install/rrm_msgs/include/rrm_msgs/rrm_msgs/srv/command.h
[0.395s] -- Up-to-date: /home/rrm/install/rrm_msgs/share/rrm_msgs/environment/library_path.sh
[0.396s] -- Up-to-date: /home/rrm/install/rrm_msgs/share/rrm_msgs/environment/library_path.dsv
[0.396s] -- Up-to-date: /home/rrm/install/rrm_msgs/lib/librrm_msgs__rosidl_generator_c.so
[0.396s] -- Up-to-date: /home/rrm/install/rrm_msgs/include/rrm_msgs/rrm_msgs
[0.396s] -- Up-to-date: /home/rrm/install/rrm_msgs/include/rrm_msgs/rrm_msgs/msg
[0.396s] -- Up-to-date: /home/rrm/install/rrm_msgs/include/rrm_msgs/rrm_msgs/msg/rosidl_typesupport_fastrtps_c__visibility_control.h
[0.396s] -- Up-to-date: /home/rrm/install/rrm_msgs/include/rrm_msgs/rrm_msgs/msg/detail
[0.396s] -- Up-to-date: /home/rrm/install/rrm_msgs/include/rrm_msgs/rrm_msgs/msg/detail/command__rosidl_typesupport_fastrtps_c.h
[0.396s] -- Up-to-date: /home/rrm/install/rrm_msgs/include/rrm_msgs/rrm_msgs/srv
[0.396s] -- Up-to-date: /home/rrm/install/rrm_msgs/include/rrm_msgs/rrm_msgs/srv/detail
[0.396s] -- Up-to-date: /home/rrm/install/rrm_msgs/include/rrm_msgs/rrm_msgs/srv/detail/command__rosidl_typesupport_fastrtps_c.h
[0.397s] -- Up-to-date: /home/rrm/install/rrm_msgs/lib/librrm_msgs__rosidl_typesupport_fastrtps_c.so
[0.397s] -- Up-to-date: /home/rrm/install/rrm_msgs/include/rrm_msgs/rrm_msgs
[0.397s] -- Up-to-date: /home/rrm/install/rrm_msgs/include/rrm_msgs/rrm_msgs/msg
[0.397s] -- Up-to-date: /home/rrm/install/rrm_msgs/include/rrm_msgs/rrm_msgs/msg/detail
[0.397s] -- Up-to-date: /home/rrm/install/rrm_msgs/include/rrm_msgs/rrm_msgs/msg/detail/command__type_support.c
[0.397s] -- Up-to-date: /home/rrm/install/rrm_msgs/include/rrm_msgs/rrm_msgs/msg/detail/command__rosidl_typesupport_introspection_c.h
[0.397s] -- Up-to-date: /home/rrm/install/rrm_msgs/include/rrm_msgs/rrm_msgs/msg/rosidl_typesupport_introspection_c__visibility_control.h
[0.397s] -- Up-to-date: /home/rrm/install/rrm_msgs/include/rrm_msgs/rrm_msgs/srv
[0.397s] -- Up-to-date: /home/rrm/install/rrm_msgs/include/rrm_msgs/rrm_msgs/srv/detail
[0.397s] -- Up-to-date: /home/rrm/install/rrm_msgs/include/rrm_msgs/rrm_msgs/srv/detail/command__type_support.c
[0.397s] -- Up-to-date: /home/rrm/install/rrm_msgs/include/rrm_msgs/rrm_msgs/srv/detail/command__rosidl_typesupport_introspection_c.h
[0.397s] -- Up-to-date: /home/rrm/install/rrm_msgs/lib/librrm_msgs__rosidl_typesupport_introspection_c.so
[0.397s] -- Up-to-date: /home/rrm/install/rrm_msgs/lib/librrm_msgs__rosidl_typesupport_c.so
[0.397s] -- Up-to-date: /home/rrm/install/rrm_msgs/include/rrm_msgs/rrm_msgs
[0.398s] -- Up-to-date: /home/rrm/install/rrm_msgs/include/rrm_msgs/rrm_msgs/msg
[0.398s] -- Up-to-date: /home/rrm/install/rrm_msgs/include/rrm_msgs/rrm_msgs/msg/command.hpp
[0.398s] -- Up-to-date: /home/rrm/install/rrm_msgs/include/rrm_msgs/rrm_msgs/msg/detail
[0.398s] -- Up-to-date: /home/rrm/install/rrm_msgs/include/rrm_msgs/rrm_msgs/msg/detail/command__traits.hpp
[0.398s] -- Up-to-date: /home/rrm/install/rrm_msgs/include/rrm_msgs/rrm_msgs/msg/detail/command__builder.hpp
[0.398s] -- Up-to-date: /home/rrm/install/rrm_msgs/include/rrm_msgs/rrm_msgs/msg/detail/command__type_support.hpp
[0.398s] -- Up-to-date: /home/rrm/install/rrm_msgs/include/rrm_msgs/rrm_msgs/msg/detail/command__struct.hpp
[0.398s] -- Up-to-date: /home/rrm/install/rrm_msgs/include/rrm_msgs/rrm_msgs/msg/rosidl_generator_cpp__visibility_control.hpp
[0.398s] -- Up-to-date: /home/rrm/install/rrm_msgs/include/rrm_msgs/rrm_msgs/srv
[0.398s] -- Up-to-date: /home/rrm/install/rrm_msgs/include/rrm_msgs/rrm_msgs/srv/command.hpp
[0.398s] -- Up-to-date: /home/rrm/install/rrm_msgs/include/rrm_msgs/rrm_msgs/srv/detail
[0.398s] -- Up-to-date: /home/rrm/install/rrm_msgs/include/rrm_msgs/rrm_msgs/srv/detail/command__traits.hpp
[0.398s] -- Up-to-date: /home/rrm/install/rrm_msgs/include/rrm_msgs/rrm_msgs/srv/detail/command__builder.hpp
[0.398s] -- Up-to-date: /home/rrm/install/rrm_msgs/include/rrm_msgs/rrm_msgs/srv/detail/command__type_support.hpp
[0.399s] -- Up-to-date: /home/rrm/install/rrm_msgs/include/rrm_msgs/rrm_msgs/srv/detail/command__struct.hpp
[0.399s] -- Up-to-date: /home/rrm/install/rrm_msgs/include/rrm_msgs/rrm_msgs
[0.399s] -- Up-to-date: /home/rrm/install/rrm_msgs/include/rrm_msgs/rrm_msgs/msg
[0.399s] -- Up-to-date: /home/rrm/install/rrm_msgs/include/rrm_msgs/rrm_msgs/msg/detail
[0.399s] -- Up-to-date: /home/rrm/install/rrm_msgs/include/rrm_msgs/rrm_msgs/msg/detail/dds_fastrtps
[0.399s] -- Up-to-date: /home/rrm/install/rrm_msgs/include/rrm_msgs/rrm_msgs/msg/detail/command__rosidl_typesupport_fastrtps_cpp.hpp
[0.399s] -- Up-to-date: /home/rrm/install/rrm_msgs/include/rrm_msgs/rrm_msgs/msg/rosidl_typesupport_fastrtps_cpp__visibility_control.h
[0.399s] -- Up-to-date: /home/rrm/install/rrm_msgs/include/rrm_msgs/rrm_msgs/srv
[0.399s] -- Up-to-date: /home/rrm/install/rrm_msgs/include/rrm_msgs/rrm_msgs/srv/detail
[0.399s] -- Up-to-date: /home/rrm/install/rrm_msgs/include/rrm_msgs/rrm_msgs/srv/detail/dds_fastrtps
[0.400s] -- Up-to-date: /home/rrm/install/rrm_msgs/include/rrm_msgs/rrm_msgs/srv/detail/command__rosidl_typesupport_fastrtps_cpp.hpp
[0.400s] -- Up-to-date: /home/rrm/install/rrm_msgs/lib/librrm_msgs__rosidl_typesupport_fastrtps_cpp.so
[0.400s] -- Up-to-date: /home/rrm/install/rrm_msgs/include/rrm_msgs/rrm_msgs
[0.400s] -- Up-to-date: /home/rrm/install/rrm_msgs/include/rrm_msgs/rrm_msgs/msg
[0.400s] -- Up-to-date: /home/rrm/install/rrm_msgs/include/rrm_msgs/rrm_msgs/msg/detail
[0.400s] -- Up-to-date: /home/rrm/install/rrm_msgs/include/rrm_msgs/rrm_msgs/msg/detail/command__type_support.cpp
[0.400s] -- Up-to-date: /home/rrm/install/rrm_msgs/include/rrm_msgs/rrm_msgs/msg/detail/command__rosidl_typesupport_introspection_cpp.hpp
[0.400s] -- Up-to-date: /home/rrm/install/rrm_msgs/include/rrm_msgs/rrm_msgs/srv
[0.400s] -- Up-to-date: /home/rrm/install/rrm_msgs/include/rrm_msgs/rrm_msgs/srv/detail
[0.401s] -- Up-to-date: /home/rrm/install/rrm_msgs/include/rrm_msgs/rrm_msgs/srv/detail/command__type_support.cpp
[0.401s] -- Up-to-date: /home/rrm/install/rrm_msgs/include/rrm_msgs/rrm_msgs/srv/detail/command__rosidl_typesupport_introspection_cpp.hpp
[0.401s] -- Up-to-date: /home/rrm/install/rrm_msgs/lib/librrm_msgs__rosidl_typesupport_introspection_cpp.so
[0.401s] -- Up-to-date: /home/rrm/install/rrm_msgs/lib/librrm_msgs__rosidl_typesupport_cpp.so
[0.401s] -- Up-to-date: /home/rrm/install/rrm_msgs/share/rrm_msgs/environment/pythonpath.sh
[0.401s] -- Up-to-date: /home/rrm/install/rrm_msgs/share/rrm_msgs/environment/pythonpath.dsv
[0.401s] -- Up-to-date: /home/rrm/install/rrm_msgs/local/lib/python3.10/dist-packages/rrm_msgs-0.0.0-py3.10.egg-info
[0.401s] -- Installing: /home/rrm/install/rrm_msgs/local/lib/python3.10/dist-packages/rrm_msgs-0.0.0-py3.10.egg-info/SOURCES.txt
[0.401s] -- Installing: /home/rrm/install/rrm_msgs/local/lib/python3.10/dist-packages/rrm_msgs-0.0.0-py3.10.egg-info/dependency_links.txt
[0.402s] -- Installing: /home/rrm/install/rrm_msgs/local/lib/python3.10/dist-packages/rrm_msgs-0.0.0-py3.10.egg-info/PKG-INFO
[0.402s] -- Installing: /home/rrm/install/rrm_msgs/local/lib/python3.10/dist-packages/rrm_msgs-0.0.0-py3.10.egg-info/top_level.txt
[0.402s] -- Up-to-date: /home/rrm/install/rrm_msgs/local/lib/python3.10/dist-packages/rrm_msgs
[0.402s] -- Up-to-date: /home/rrm/install/rrm_msgs/local/lib/python3.10/dist-packages/rrm_msgs/__init__.py
[0.402s] -- Up-to-date: /home/rrm/install/rrm_msgs/local/lib/python3.10/dist-packages/rrm_msgs/msg
[0.402s] -- Up-to-date: /home/rrm/install/rrm_msgs/local/lib/python3.10/dist-packages/rrm_msgs/msg/_command_s.c
[0.402s] -- Up-to-date: /home/rrm/install/rrm_msgs/local/lib/python3.10/dist-packages/rrm_msgs/msg/__init__.py
[0.402s] -- Up-to-date: /home/rrm/install/rrm_msgs/local/lib/python3.10/dist-packages/rrm_msgs/msg/_command.py
[0.402s] -- Up-to-date: /home/rrm/install/rrm_msgs/local/lib/python3.10/dist-packages/rrm_msgs/rrm_msgs_s__rosidl_typesupport_fastrtps_c.cpython-310-x86_64-linux-gnu.so
[0.402s] -- Up-to-date: /home/rrm/install/rrm_msgs/local/lib/python3.10/dist-packages/rrm_msgs/_rrm_msgs_s.ep.rosidl_typesupport_introspection_c.c
[0.403s] -- Up-to-date: /home/rrm/install/rrm_msgs/local/lib/python3.10/dist-packages/rrm_msgs/_rrm_msgs_s.ep.rosidl_typesupport_c.c
[0.403s] -- Up-to-date: /home/rrm/install/rrm_msgs/local/lib/python3.10/dist-packages/rrm_msgs/_rrm_msgs_s.ep.rosidl_typesupport_fastrtps_c.c
[0.403s] -- Up-to-date: /home/rrm/install/rrm_msgs/local/lib/python3.10/dist-packages/rrm_msgs/librrm_msgs__rosidl_generator_py.so
[0.403s] -- Up-to-date: /home/rrm/install/rrm_msgs/local/lib/python3.10/dist-packages/rrm_msgs/rrm_msgs_s__rosidl_typesupport_c.cpython-310-x86_64-linux-gnu.so
[0.403s] -- Up-to-date: /home/rrm/install/rrm_msgs/local/lib/python3.10/dist-packages/rrm_msgs/rrm_msgs_s__rosidl_typesupport_introspection_c.cpython-310-x86_64-linux-gnu.so
[0.403s] -- Up-to-date: /home/rrm/install/rrm_msgs/local/lib/python3.10/dist-packages/rrm_msgs/srv
[0.403s] -- Up-to-date: /home/rrm/install/rrm_msgs/local/lib/python3.10/dist-packages/rrm_msgs/srv/_command_s.c
[0.403s] -- Up-to-date: /home/rrm/install/rrm_msgs/local/lib/python3.10/dist-packages/rrm_msgs/srv/__init__.py
[0.403s] -- Up-to-date: /home/rrm/install/rrm_msgs/local/lib/python3.10/dist-packages/rrm_msgs/srv/_command.py
[0.433s] Listing '/home/rrm/install/rrm_msgs/local/lib/python3.10/dist-packages/rrm_msgs'...
[0.433s] Listing '/home/rrm/install/rrm_msgs/local/lib/python3.10/dist-packages/rrm_msgs/msg'...
[0.433s] Listing '/home/rrm/install/rrm_msgs/local/lib/python3.10/dist-packages/rrm_msgs/srv'...
[0.438s] -- Up-to-date: /home/rrm/install/rrm_msgs/local/lib/python3.10/dist-packages/rrm_msgs/rrm_msgs_s__rosidl_typesupport_fastrtps_c.cpython-310-x86_64-linux-gnu.so
[0.438s] -- Up-to-date: /home/rrm/install/rrm_msgs/local/lib/python3.10/dist-packages/rrm_msgs/rrm_msgs_s__rosidl_typesupport_introspection_c.cpython-310-x86_64-linux-gnu.so
[0.438s] -- Up-to-date: /home/rrm/install/rrm_msgs/local/lib/python3.10/dist-packages/rrm_msgs/rrm_msgs_s__rosidl_typesupport_c.cpython-310-x86_64-linux-gnu.so
[0.439s] -- Up-to-date: /home/rrm/install/rrm_msgs/lib/librrm_msgs__rosidl_generator_py.so
[0.439s] -- Up-to-date: /home/rrm/install/rrm_msgs/share/rrm_msgs/msg/Command.idl
[0.439s] -- Up-to-date: /home/rrm/install/rrm_msgs/share/rrm_msgs/srv/Command.idl
[0.439s] -- Up-to-date: /home/rrm/install/rrm_msgs/share/rrm_msgs/msg/Command.msg
[0.439s] -- Up-to-date: /home/rrm/install/rrm_msgs/share/rrm_msgs/srv/Command.srv
[0.440s] -- Up-to-date: /home/rrm/install/rrm_msgs/share/rrm_msgs/srv/Command_Request.msg
[0.440s] -- Up-to-date: /home/rrm/install/rrm_msgs/share/rrm_msgs/srv/Command_Response.msg
[0.440s] -- Up-to-date: /home/rrm/install/rrm_msgs/share/ament_index/resource_index/package_run_dependencies/rrm_msgs
[0.440s] -- Up-to-date: /home/rrm/install/rrm_msgs/share/ament_index/resource_index/parent_prefix_path/rrm_msgs
[0.440s] -- Up-to-date: /home/rrm/install/rrm_msgs/share/rrm_msgs/environment/ament_prefix_path.sh
[0.440s] -- Up-to-date: /home/rrm/install/rrm_msgs/share/rrm_msgs/environment/ament_prefix_path.dsv
[0.440s] -- Up-to-date: /home/rrm/install/rrm_msgs/share/rrm_msgs/environment/path.sh
[0.440s] -- Up-to-date: /home/rrm/install/rrm_msgs/share/rrm_msgs/environment/path.dsv
[0.441s] -- Up-to-date: /home/rrm/install/rrm_msgs/share/rrm_msgs/local_setup.bash
[0.441s] -- Up-to-date: /home/rrm/install/rrm_msgs/share/rrm_msgs/local_setup.sh
[0.441s] -- Up-to-date: /home/rrm/install/rrm_msgs/share/rrm_msgs/local_setup.zsh
[0.441s] -- Up-to-date: /home/rrm/install/rrm_msgs/share/rrm_msgs/local_setup.dsv
[0.441s] -- Installing: /home/rrm/install/rrm_msgs/share/rrm_msgs/package.dsv
[0.441s] -- Up-to-date: /home/rrm/install/rrm_msgs/share/ament_index/resource_index/packages/rrm_msgs
[0.441s] -- Up-to-date: /home/rrm/install/rrm_msgs/share/rrm_msgs/cmake/export_rrm_msgs__rosidl_generator_cExport.cmake
[0.441s] -- Up-to-date: /home/rrm/install/rrm_msgs/share/rrm_msgs/cmake/export_rrm_msgs__rosidl_generator_cExport-noconfig.cmake
[0.441s] -- Up-to-date: /home/rrm/install/rrm_msgs/share/rrm_msgs/cmake/export_rrm_msgs__rosidl_typesupport_fastrtps_cExport.cmake
[0.442s] -- Up-to-date: /home/rrm/install/rrm_msgs/share/rrm_msgs/cmake/export_rrm_msgs__rosidl_typesupport_fastrtps_cExport-noconfig.cmake
[0.442s] -- Up-to-date: /home/rrm/install/rrm_msgs/share/rrm_msgs/cmake/rrm_msgs__rosidl_typesupport_introspection_cExport.cmake
[0.442s] -- Up-to-date: /home/rrm/install/rrm_msgs/share/rrm_msgs/cmake/rrm_msgs__rosidl_typesupport_introspection_cExport-noconfig.cmake
[0.442s] -- Up-to-date: /home/rrm/install/rrm_msgs/share/rrm_msgs/cmake/rrm_msgs__rosidl_typesupport_cExport.cmake
[0.442s] -- Up-to-date: /home/rrm/install/rrm_msgs/share/rrm_msgs/cmake/rrm_msgs__rosidl_typesupport_cExport-noconfig.cmake
[0.442s] -- Up-to-date: /home/rrm/install/rrm_msgs/share/rrm_msgs/cmake/export_rrm_msgs__rosidl_generator_cppExport.cmake
[0.442s] -- Up-to-date: /home/rrm/install/rrm_msgs/share/rrm_msgs/cmake/export_rrm_msgs__rosidl_typesupport_fastrtps_cppExport.cmake
[0.442s] -- Up-to-date: /home/rrm/install/rrm_msgs/share/rrm_msgs/cmake/export_rrm_msgs__rosidl_typesupport_fastrtps_cppExport-noconfig.cmake
[0.443s] -- Up-to-date: /home/rrm/install/rrm_msgs/share/rrm_msgs/cmake/rrm_msgs__rosidl_typesupport_introspection_cppExport.cmake
[0.443s] -- Up-to-date: /home/rrm/install/rrm_msgs/share/rrm_msgs/cmake/rrm_msgs__rosidl_typesupport_introspection_cppExport-noconfig.cmake
[0.443s] -- Up-to-date: /home/rrm/install/rrm_msgs/share/rrm_msgs/cmake/rrm_msgs__rosidl_typesupport_cppExport.cmake
[0.443s] -- Up-to-date: /home/rrm/install/rrm_msgs/share/rrm_msgs/cmake/rrm_msgs__rosidl_typesupport_cppExport-noconfig.cmake
[0.443s] -- Up-to-date: /home/rrm/install/rrm_msgs/share/rrm_msgs/cmake/export_rrm_msgs__rosidl_generator_pyExport.cmake
[0.443s] -- Up-to-date: /home/rrm/install/rrm_msgs/share/rrm_msgs/cmake/export_rrm_msgs__rosidl_generator_pyExport-noconfig.cmake
[0.443s] -- Up-to-date: /home/rrm/install/rrm_msgs/share/rrm_msgs/cmake/rosidl_cmake-extras.cmake
[0.443s] -- Up-to-date: /home/rrm/install/rrm_msgs/share/rrm_msgs/cmake/ament_cmake_export_include_directories-extras.cmake
[0.444s] -- Up-to-date: /home/rrm/install/rrm_msgs/share/rrm_msgs/cmake/ament_cmake_export_libraries-extras.cmake
[0.444s] -- Up-to-date: /home/rrm/install/rrm_msgs/share/rrm_msgs/cmake/ament_cmake_export_targets-extras.cmake
[0.444s] -- Up-to-date: /home/rrm/install/rrm_msgs/share/rrm_msgs/cmake/rosidl_cmake_export_typesupport_targets-extras.cmake
[0.444s] -- Up-to-date: /home/rrm/install/rrm_msgs/share/rrm_msgs/cmake/ament_cmake_export_dependencies-extras.cmake
[0.444s] -- Up-to-date: /home/rrm/install/rrm_msgs/share/rrm_msgs/cmake/rosidl_cmake_export_typesupport_libraries-extras.cmake
[0.444s] -- Up-to-date: /home/rrm/install/rrm_msgs/share/rrm_msgs/cmake/rrm_msgsConfig.cmake
[0.444s] -- Up-to-date: /home/rrm/install/rrm_msgs/share/rrm_msgs/cmake/rrm_msgsConfig-version.cmake
[0.444s] -- Up-to-date: /home/rrm/install/rrm_msgs/share/rrm_msgs/package.xml
[0.445s] Invoked command in '/home/rrm/build/rrm_msgs' returned '0': CMAKE_PREFIX_PATH=${CMAKE_PREFIX_PATH}:/opt/ros/humble /usr/bin/cmake --install /home/rrm/build/rrm_msgs
