[0.009s] Invoking command in '/home/rrm/build/cv2': AMENT_PREFIX_PATH=/home/rrm/install/rrm_msgs:${AMENT_PREFIX_PATH} CMAKE_PREFIX_PATH=/home/rrm/install/rrm_msgs:/home/rrm/install/cv1:/opt/ros/humble LD_LIBRARY_PATH=/home/rrm/install/rrm_msgs/lib:${LD_LIBRARY_PATH} PYTHONPATH=/home/rrm/install/rrm_msgs/local/lib/python3.10/dist-packages:${PYTHONPATH} /usr/bin/cmake /home/rrm/src/cv2 -DCMAKE_INSTALL_PREFIX=/home/rrm/install/cv2
[0.018s] -- Found ament_cmake: 1.3.12 (/opt/ros/humble/share/ament_cmake/cmake)
[0.154s] -- Found rclcpp: 16.0.17 (/opt/ros/humble/share/rclcpp/cmake)
[0.190s] -- Found rosidl_generator_c: 3.1.8 (/opt/ros/humble/share/rosidl_generator_c/cmake)
[0.193s] -- Found rosidl_adapter: 3.1.8 (/opt/ros/humble/share/rosidl_adapter/cmake)
[0.202s] -- Found rosidl_generator_cpp: 3.1.8 (/opt/ros/humble/share/rosidl_generator_cpp/cmake)
[0.216s] -- Using all available rosidl_typesupport_c: rosidl_typesupport_fastrtps_c;rosidl_typesupport_introspection_c
[0.234s] -- Using all available rosidl_typesupport_cpp: rosidl_typesupport_fastrtps_cpp;rosidl_typesupport_introspection_cpp
[0.280s] -- Found rmw_implementation_cmake: 6.1.2 (/opt/ros/humble/share/rmw_implementation_cmake/cmake)
[0.282s] -- Found rmw_fastrtps_cpp: 6.2.9 (/opt/ros/humble/share/rmw_fastrtps_cpp/cmake)
[0.394s] -- Using RMW implementation 'rmw_fastrtps_cpp' as default
[0.442s] -- Found rrm_msgs: 0.0.0 (/home/rrm/install/rrm_msgs/share/rrm_msgs/cmake)
[0.450s] -- Found sensor_msgs: 4.9.0 (/opt/ros/humble/share/sensor_msgs/cmake)
[0.489s] -- Found ament_lint_auto: 0.12.14 (/opt/ros/humble/share/ament_lint_auto/cmake)
[0.567s] -- Added test 'cppcheck' to perform static code analysis on C / C++ code
[0.567s] -- Configured cppcheck include dirs: $<BUILD_INTERFACE:/home/rrm/src/cv2/include>
[0.567s] -- Configured cppcheck exclude dirs and/or files: 
[0.568s] -- Added test 'lint_cmake' to check CMake code style
[0.569s] -- Added test 'uncrustify' to check C / C++ code style
[0.569s] -- Configured uncrustify additional arguments: 
[0.569s] -- Added test 'xmllint' to check XML markup files
[0.570s] -- Configuring done
[0.573s] [31mCMake Error at CMakeLists.txt:14 (add_executable):
[0.573s]   Cannot find source file:
[0.573s] 
[0.573s]     src/cv2_node.cpp
[0.573s] 
[0.573s]   Tried extensions .c .C .c++ .cc .cpp .cxx .cu .mpp .m .M .mm .ixx .cppm .h
[0.574s]   .hh .h++ .hm .hpp .hxx .in .txx .f .F .for .f77 .f90 .f95 .f03 .hip .ispc
[0.574s] 
[0.574s] [0m
[0.574s] [31mCMake Error at CMakeLists.txt:15 (add_executable):
[0.574s]   Cannot find source file:
[0.574s] 
[0.574s]     src/logger_node.cpp
[0.574s] 
[0.574s]   Tried extensions .c .C .c++ .cc .cpp .cxx .cu .mpp .m .M .mm .ixx .cppm .h
[0.575s]   .hh .h++ .hm .hpp .hxx .in .txx .f .F .for .f77 .f90 .f95 .f03 .hip .ispc
[0.575s] 
[0.575s] [0m
[0.575s] [31mCMake Error at CMakeLists.txt:14 (add_executable):
[0.575s]   No SOURCES given to target: cv2_node
[0.575s] 
[0.575s] [0m
[0.575s] [31mCMake Error at CMakeLists.txt:15 (add_executable):
[0.575s]   No SOURCES given to target: logger_node
[0.575s] 
[0.575s] [0m
[0.575s] [0mCMake Generate step failed.  Build files cannot be regenerated correctly.[0m
[0.582s] Invoked command in '/home/rrm/build/cv2' returned '1': AMENT_PREFIX_PATH=/home/rrm/install/rrm_msgs:${AMENT_PREFIX_PATH} CMAKE_PREFIX_PATH=/home/rrm/install/rrm_msgs:/home/rrm/install/cv1:/opt/ros/humble LD_LIBRARY_PATH=/home/rrm/install/rrm_msgs/lib:${LD_LIBRARY_PATH} PYTHONPATH=/home/rrm/install/rrm_msgs/local/lib/python3.10/dist-packages:${PYTHONPATH} /usr/bin/cmake /home/rrm/src/cv2 -DCMAKE_INSTALL_PREFIX=/home/rrm/install/cv2
