[0.009s] Invoking command in '/home/rrm/build/cv2': CMAKE_PREFIX_PATH=/home/rrm/install/rrm_msgs:/home/rrm/install/rrm_simple_robot_model:/home/rrm/install/rrm_sim:/home/rrm/install/cv2:/home/rrm/install/cv1:/opt/ros/humble /usr/bin/cmake --build /home/rrm/build/cv2 -- -j8 -l8
[0.028s] -- Found ament_cmake: 1.3.12 (/opt/ros/humble/share/ament_cmake/cmake)
[0.150s] -- Found rclcpp: 16.0.17 (/opt/ros/humble/share/rclcpp/cmake)
[0.181s] -- Found rosidl_generator_c: 3.1.8 (/opt/ros/humble/share/rosidl_generator_c/cmake)
[0.183s] -- Found rosidl_adapter: 3.1.8 (/opt/ros/humble/share/rosidl_adapter/cmake)
[0.188s] -- Found rosidl_generator_cpp: 3.1.8 (/opt/ros/humble/share/rosidl_generator_cpp/cmake)
[0.198s] -- Using all available rosidl_typesupport_c: rosidl_typesupport_fastrtps_c;rosidl_typesupport_introspection_c
[0.210s] -- Using all available rosidl_typesupport_cpp: rosidl_typesupport_fastrtps_cpp;rosidl_typesupport_introspection_cpp
[0.246s] -- Found rmw_implementation_cmake: 6.1.2 (/opt/ros/humble/share/rmw_implementation_cmake/cmake)
[0.248s] -- Found rmw_fastrtps_cpp: 6.2.9 (/opt/ros/humble/share/rmw_fastrtps_cpp/cmake)
[0.348s] -- Using RMW implementation 'rmw_fastrtps_cpp' as default
[0.399s] -- Found rrm_msgs: 0.0.0 (/home/rrm/install/rrm_msgs/share/rrm_msgs/cmake)
[0.407s] -- Found sensor_msgs: 4.9.0 (/opt/ros/humble/share/sensor_msgs/cmake)
[0.434s] -- Found ament_lint_auto: 0.12.14 (/opt/ros/humble/share/ament_lint_auto/cmake)
[0.499s] -- Added test 'cppcheck' to perform static code analysis on C / C++ code
[0.499s] -- Configured cppcheck include dirs: $<BUILD_INTERFACE:/home/rrm/src/cv2/include>
[0.499s] -- Configured cppcheck exclude dirs and/or files: 
[0.500s] -- Added test 'lint_cmake' to check CMake code style
[0.501s] -- Added test 'uncrustify' to check C / C++ code style
[0.501s] -- Configured uncrustify additional arguments: 
[0.501s] -- Added test 'xmllint' to check XML markup files
[0.502s] -- Configuring done
[0.513s] -- Generating done
[0.517s] -- Build files have been written to: /home/rrm/build/cv2
[0.538s] [35m[1mConsolidate compiler generated dependencies of target cv2_node[0m
[0.538s] [35m[1mConsolidate compiler generated dependencies of target logger_node[0m
[0.554s] [ 50%] Built target cv2_node
[0.555s] [100%] Built target logger_node
[0.563s] Invoked command in '/home/rrm/build/cv2' returned '0': CMAKE_PREFIX_PATH=/home/rrm/install/rrm_msgs:/home/rrm/install/rrm_simple_robot_model:/home/rrm/install/rrm_sim:/home/rrm/install/cv2:/home/rrm/install/cv1:/opt/ros/humble /usr/bin/cmake --build /home/rrm/build/cv2 -- -j8 -l8
[0.564s] Invoking command in '/home/rrm/build/cv2': CMAKE_PREFIX_PATH=/home/rrm/install/rrm_msgs:/home/rrm/install/rrm_simple_robot_model:/home/rrm/install/rrm_sim:/home/rrm/install/cv2:/home/rrm/install/cv1:/opt/ros/humble /usr/bin/cmake --install /home/rrm/build/cv2
[0.570s] -- Install configuration: ""
[0.572s] -- Up-to-date: /home/rrm/install/cv2/lib/cv2/cv2_node
[0.572s] -- Up-to-date: /home/rrm/install/cv2/lib/cv2/logger_node
[0.572s] -- Up-to-date: /home/rrm/install/cv2/share/cv2/
[0.573s] -- Up-to-date: /home/rrm/install/cv2/share/ament_index/resource_index/package_run_dependencies/cv2
[0.573s] -- Installing: /home/rrm/install/cv2/share/ament_index/resource_index/parent_prefix_path/cv2
[0.573s] -- Up-to-date: /home/rrm/install/cv2/share/cv2/environment/ament_prefix_path.sh
[0.573s] -- Installing: /home/rrm/install/cv2/share/cv2/environment/ament_prefix_path.dsv
[0.573s] -- Up-to-date: /home/rrm/install/cv2/share/cv2/environment/path.sh
[0.573s] -- Installing: /home/rrm/install/cv2/share/cv2/environment/path.dsv
[0.573s] -- Up-to-date: /home/rrm/install/cv2/share/cv2/local_setup.bash
[0.573s] -- Up-to-date: /home/rrm/install/cv2/share/cv2/local_setup.sh
[0.573s] -- Up-to-date: /home/rrm/install/cv2/share/cv2/local_setup.zsh
[0.573s] -- Installing: /home/rrm/install/cv2/share/cv2/local_setup.dsv
[0.573s] -- Installing: /home/rrm/install/cv2/share/cv2/package.dsv
[0.573s] -- Up-to-date: /home/rrm/install/cv2/share/ament_index/resource_index/packages/cv2
[0.573s] -- Up-to-date: /home/rrm/install/cv2/share/cv2/cmake/cv2Config.cmake
[0.573s] -- Up-to-date: /home/rrm/install/cv2/share/cv2/cmake/cv2Config-version.cmake
[0.573s] -- Up-to-date: /home/rrm/install/cv2/share/cv2/package.xml
[0.574s] Invoked command in '/home/rrm/build/cv2' returned '0': CMAKE_PREFIX_PATH=/home/rrm/install/rrm_msgs:/home/rrm/install/rrm_simple_robot_model:/home/rrm/install/rrm_sim:/home/rrm/install/cv2:/home/rrm/install/cv1:/opt/ros/humble /usr/bin/cmake --install /home/rrm/build/cv2
