[0.014s] Invoking command in '/home/rrm/src/build/rrm_sim': AMENT_PREFIX_PATH=/home/rrm/src/install/rrm_msgs:${AMENT_PREFIX_PATH} CMAKE_PREFIX_PATH=/home/rrm/src/install/rrm_msgs:/home/rrm/install/rrm_simple_robot_model:/home/rrm/install/rrm_sim:/home/rrm/install/cv2:/home/rrm/install/rrm_msgs:/home/rrm/install/cv1:/opt/ros/humble LD_LIBRARY_PATH=/home/rrm/src/install/rrm_msgs/lib:${LD_LIBRARY_PATH} PYTHONPATH=/home/rrm/src/install/rrm_msgs/local/lib/python3.10/dist-packages:${PYTHONPATH} /usr/bin/cmake --build /home/rrm/src/build/rrm_sim -- -j8 -l8
[0.067s] [100%] Built target robot_sim_node
[0.077s] Invoked command in '/home/rrm/src/build/rrm_sim' returned '0': AMENT_PREFIX_PATH=/home/rrm/src/install/rrm_msgs:${AMENT_PREFIX_PATH} CMAKE_PREFIX_PATH=/home/rrm/src/install/rrm_msgs:/home/rrm/install/rrm_simple_robot_model:/home/rrm/install/rrm_sim:/home/rrm/install/cv2:/home/rrm/install/rrm_msgs:/home/rrm/install/cv1:/opt/ros/humble LD_LIBRARY_PATH=/home/rrm/src/install/rrm_msgs/lib:${LD_LIBRARY_PATH} PYTHONPATH=/home/rrm/src/install/rrm_msgs/local/lib/python3.10/dist-packages:${PYTHONPATH} /usr/bin/cmake --build /home/rrm/src/build/rrm_sim -- -j8 -l8
[0.081s] Invoking command in '/home/rrm/src/build/rrm_sim': AMENT_PREFIX_PATH=/home/rrm/src/install/rrm_msgs:${AMENT_PREFIX_PATH} CMAKE_PREFIX_PATH=/home/rrm/src/install/rrm_msgs:/home/rrm/install/rrm_simple_robot_model:/home/rrm/install/rrm_sim:/home/rrm/install/cv2:/home/rrm/install/rrm_msgs:/home/rrm/install/cv1:/opt/ros/humble LD_LIBRARY_PATH=/home/rrm/src/install/rrm_msgs/lib:${LD_LIBRARY_PATH} PYTHONPATH=/home/rrm/src/install/rrm_msgs/local/lib/python3.10/dist-packages:${PYTHONPATH} /usr/bin/cmake --install /home/rrm/src/build/rrm_sim
[0.085s] -- Install configuration: ""
[0.085s] -- Up-to-date: /home/rrm/src/install/rrm_sim/lib/rrm_sim/robot_sim_node
[0.085s] -- Up-to-date: /home/rrm/src/install/rrm_sim/share/rrm_sim/launch
[0.086s] -- Up-to-date: /home/rrm/src/install/rrm_sim/share/rrm_sim/launch/rrm_sim.launch.xml
[0.086s] -- Up-to-date: /home/rrm/src/install/rrm_sim/share/ament_index/resource_index/package_run_dependencies/rrm_sim
[0.086s] -- Up-to-date: /home/rrm/src/install/rrm_sim/share/ament_index/resource_index/parent_prefix_path/rrm_sim
[0.086s] -- Up-to-date: /home/rrm/src/install/rrm_sim/share/rrm_sim/environment/ament_prefix_path.sh
[0.087s] -- Up-to-date: /home/rrm/src/install/rrm_sim/share/rrm_sim/environment/ament_prefix_path.dsv
[0.087s] -- Up-to-date: /home/rrm/src/install/rrm_sim/share/rrm_sim/environment/path.sh
[0.088s] -- Up-to-date: /home/rrm/src/install/rrm_sim/share/rrm_sim/environment/path.dsv
[0.088s] -- Up-to-date: /home/rrm/src/install/rrm_sim/share/rrm_sim/local_setup.bash
[0.088s] -- Up-to-date: /home/rrm/src/install/rrm_sim/share/rrm_sim/local_setup.sh
[0.088s] -- Up-to-date: /home/rrm/src/install/rrm_sim/share/rrm_sim/local_setup.zsh
[0.088s] -- Up-to-date: /home/rrm/src/install/rrm_sim/share/rrm_sim/local_setup.dsv
[0.088s] -- Installing: /home/rrm/src/install/rrm_sim/share/rrm_sim/package.dsv
[0.089s] -- Up-to-date: /home/rrm/src/install/rrm_sim/share/ament_index/resource_index/packages/rrm_sim
[0.089s] -- Up-to-date: /home/rrm/src/install/rrm_sim/share/rrm_sim/cmake/rrm_simConfig.cmake
[0.089s] -- Up-to-date: /home/rrm/src/install/rrm_sim/share/rrm_sim/cmake/rrm_simConfig-version.cmake
[0.089s] -- Up-to-date: /home/rrm/src/install/rrm_sim/share/rrm_sim/package.xml
[0.099s] Invoked command in '/home/rrm/src/build/rrm_sim' returned '0': AMENT_PREFIX_PATH=/home/rrm/src/install/rrm_msgs:${AMENT_PREFIX_PATH} CMAKE_PREFIX_PATH=/home/rrm/src/install/rrm_msgs:/home/rrm/install/rrm_simple_robot_model:/home/rrm/install/rrm_sim:/home/rrm/install/cv2:/home/rrm/install/rrm_msgs:/home/rrm/install/cv1:/opt/ros/humble LD_LIBRARY_PATH=/home/rrm/src/install/rrm_msgs/lib:${LD_LIBRARY_PATH} PYTHONPATH=/home/rrm/src/install/rrm_msgs/local/lib/python3.10/dist-packages:${PYTHONPATH} /usr/bin/cmake --install /home/rrm/src/build/rrm_sim
