[ 50%] Built target logger_node
[100%] Built target cv2_node
-- Install configuration: ""
-- Up-to-date: /home/rrm/src/install/cv2/lib/cv2/cv2_node
-- Up-to-date: /home/rrm/src/install/cv2/lib/cv2/logger_node
-- Up-to-date: /home/rrm/src/install/cv2/share/cv2//launch
-- Up-to-date: /home/rrm/src/install/cv2/share/cv2//launch/cv2.launch.xml
-- Up-to-date: /home/rrm/src/install/cv2/share/cv2//config
-- Up-to-date: /home/rrm/src/install/cv2/share/cv2//config/cv2.rviz
-- Up-to-date: /home/rrm/src/install/cv2/share/ament_index/resource_index/package_run_dependencies/cv2
-- Up-to-date: /home/rrm/src/install/cv2/share/ament_index/resource_index/parent_prefix_path/cv2
-- Up-to-date: /home/rrm/src/install/cv2/share/cv2/environment/ament_prefix_path.sh
-- Up-to-date: /home/rrm/src/install/cv2/share/cv2/environment/ament_prefix_path.dsv
-- Up-to-date: /home/rrm/src/install/cv2/share/cv2/environment/path.sh
-- Up-to-date: /home/rrm/src/install/cv2/share/cv2/environment/path.dsv
-- Up-to-date: /home/rrm/src/install/cv2/share/cv2/local_setup.bash
-- Up-to-date: /home/rrm/src/install/cv2/share/cv2/local_setup.sh
-- Up-to-date: /home/rrm/src/install/cv2/share/cv2/local_setup.zsh
-- Up-to-date: /home/rrm/src/install/cv2/share/cv2/local_setup.dsv
-- Installing: /home/rrm/src/install/cv2/share/cv2/package.dsv
-- Up-to-date: /home/rrm/src/install/cv2/share/ament_index/resource_index/packages/cv2
-- Up-to-date: /home/rrm/src/install/cv2/share/cv2/cmake/cv2Config.cmake
-- Up-to-date: /home/rrm/src/install/cv2/share/cv2/cmake/cv2Config-version.cmake
-- Up-to-date: /home/rrm/src/install/cv2/share/cv2/package.xml
