[0.111s] DEBUG:colcon:Command line arguments: ['/usr/bin/colcon', 'build']
[0.111s] DEBUG:colcon:Parsed command line arguments: Namespace(log_base=None, log_level=None, verb_name='build', build_base='build', install_base='install', merge_install=False, symlink_install=False, test_result_base=None, continue_on_error=False, executor='parallel', parallel_workers=8, event_handlers=None, ignore_user_meta=False, metas=['./colcon.meta'], base_paths=['.'], packages_ignore=None, packages_ignore_regex=None, paths=None, packages_up_to=None, packages_up_to_regex=None, packages_above=None, packages_above_and_dependencies=None, packages_above_depth=None, packages_select_by_dep=None, packages_skip_by_dep=None, packages_skip_up_to=None, packages_select_build_failed=False, packages_skip_build_finished=False, packages_select_test_failures=False, packages_skip_test_passed=False, packages_select=None, packages_skip=None, packages_select_regex=None, packages_skip_regex=None, packages_start=None, packages_end=None, cmake_args=None, cmake_target=None, cmake_target_skip_unavailable=False, cmake_clean_cache=False, cmake_clean_first=False, cmake_force_configure=False, ament_cmake_args=None, catkin_cmake_args=None, catkin_skip_building_tests=False, mixin_files=None, mixin=None, verb_parser=<colcon_mixin.mixin.mixin_argument.MixinArgumentDecorator object at 0x7fcf8f8eb7f0>, verb_extension=<colcon_core.verb.build.BuildVerb object at 0x7fcf8f8ead40>, main=<bound method BuildVerb.main of <colcon_core.verb.build.BuildVerb object at 0x7fcf8f8ead40>>, mixin_verb=('build',))
[0.236s] Level 1:colcon.colcon_core.package_discovery:discover_packages(colcon_meta) check parameters
[0.236s] INFO:colcon.colcon_metadata.package_discovery.colcon_meta:Using configuration from '/root/.colcon/metadata/default/Gazebo.meta'
[0.237s] INFO:colcon.colcon_metadata.package_discovery.colcon_meta:Using configuration from '/root/.colcon/metadata/default/fastdds.meta'
[0.237s] INFO:colcon.colcon_metadata.package_discovery.colcon_meta:Using configuration from '/root/.colcon/metadata/default/fastrtps.meta'
[0.237s] Level 1:colcon.colcon_core.package_discovery:discover_packages(recursive) check parameters
[0.237s] Level 1:colcon.colcon_core.package_discovery:discover_packages(ignore) check parameters
[0.237s] Level 1:colcon.colcon_core.package_discovery:discover_packages(path) check parameters
[0.237s] Level 1:colcon.colcon_core.package_discovery:discover_packages(colcon_meta) discover
[0.237s] Level 1:colcon.colcon_core.package_discovery:discover_packages(recursive) discover
[0.238s] INFO:colcon.colcon_core.package_discovery:Crawling recursively for packages in '/home/rrm'
[0.238s] Level 1:colcon.colcon_core.package_identification:_identify(.) by extensions ['ignore', 'ignore_ament_install']
[0.238s] Level 1:colcon.colcon_core.package_identification:_identify(.) by extension 'ignore'
[0.238s] Level 1:colcon.colcon_core.package_identification:_identify(.) by extension 'ignore_ament_install'
[0.238s] Level 1:colcon.colcon_core.package_identification:_identify(.) by extensions ['colcon_pkg']
[0.238s] Level 1:colcon.colcon_core.package_identification:_identify(.) by extension 'colcon_pkg'
[0.238s] Level 1:colcon.colcon_core.package_identification:_identify(.) by extensions ['colcon_meta']
[0.238s] Level 1:colcon.colcon_core.package_identification:_identify(.) by extension 'colcon_meta'
[0.238s] Level 1:colcon.colcon_core.package_identification:_identify(.) by extensions ['ros']
[0.238s] Level 1:colcon.colcon_core.package_identification:_identify(.) by extension 'ros'
[0.248s] Level 1:colcon.colcon_core.package_identification:_identify(.) by extensions ['cmake', 'python']
[0.248s] Level 1:colcon.colcon_core.package_identification:_identify(.) by extension 'cmake'
[0.248s] Level 1:colcon.colcon_core.package_identification:_identify(.) by extension 'python'
[0.248s] Level 1:colcon.colcon_core.package_identification:_identify(.) by extensions ['python_setup_py']
[0.248s] Level 1:colcon.colcon_core.package_identification:_identify(.) by extension 'python_setup_py'
[0.248s] Level 1:colcon.colcon_core.package_identification:_identify(build) by extensions ['ignore', 'ignore_ament_install']
[0.248s] Level 1:colcon.colcon_core.package_identification:_identify(build) by extension 'ignore'
[0.248s] Level 1:colcon.colcon_core.package_identification:_identify(build) ignored
[0.248s] Level 1:colcon.colcon_core.package_identification:_identify(install) by extensions ['ignore', 'ignore_ament_install']
[0.248s] Level 1:colcon.colcon_core.package_identification:_identify(install) by extension 'ignore'
[0.249s] Level 1:colcon.colcon_core.package_identification:_identify(install) ignored
[0.249s] Level 1:colcon.colcon_core.package_identification:_identify(log) by extensions ['ignore', 'ignore_ament_install']
[0.249s] Level 1:colcon.colcon_core.package_identification:_identify(log) by extension 'ignore'
[0.249s] Level 1:colcon.colcon_core.package_identification:_identify(log) ignored
[0.249s] Level 1:colcon.colcon_core.package_identification:_identify(src) by extensions ['ignore', 'ignore_ament_install']
[0.249s] Level 1:colcon.colcon_core.package_identification:_identify(src) by extension 'ignore'
[0.249s] Level 1:colcon.colcon_core.package_identification:_identify(src) by extension 'ignore_ament_install'
[0.249s] Level 1:colcon.colcon_core.package_identification:_identify(src) by extensions ['colcon_pkg']
[0.249s] Level 1:colcon.colcon_core.package_identification:_identify(src) by extension 'colcon_pkg'
[0.249s] Level 1:colcon.colcon_core.package_identification:_identify(src) by extensions ['colcon_meta']
[0.249s] Level 1:colcon.colcon_core.package_identification:_identify(src) by extension 'colcon_meta'
[0.249s] Level 1:colcon.colcon_core.package_identification:_identify(src) by extensions ['ros']
[0.249s] Level 1:colcon.colcon_core.package_identification:_identify(src) by extension 'ros'
[0.249s] Level 1:colcon.colcon_core.package_identification:_identify(src) by extensions ['cmake', 'python']
[0.249s] Level 1:colcon.colcon_core.package_identification:_identify(src) by extension 'cmake'
[0.249s] Level 1:colcon.colcon_core.package_identification:_identify(src) by extension 'python'
[0.249s] Level 1:colcon.colcon_core.package_identification:_identify(src) by extensions ['python_setup_py']
[0.249s] Level 1:colcon.colcon_core.package_identification:_identify(src) by extension 'python_setup_py'
[0.249s] Level 1:colcon.colcon_core.package_identification:_identify(src/cv1) by extensions ['ignore', 'ignore_ament_install']
[0.249s] Level 1:colcon.colcon_core.package_identification:_identify(src/cv1) by extension 'ignore'
[0.250s] Level 1:colcon.colcon_core.package_identification:_identify(src/cv1) by extension 'ignore_ament_install'
[0.250s] Level 1:colcon.colcon_core.package_identification:_identify(src/cv1) by extensions ['colcon_pkg']
[0.250s] Level 1:colcon.colcon_core.package_identification:_identify(src/cv1) by extension 'colcon_pkg'
[0.250s] Level 1:colcon.colcon_core.package_identification:_identify(src/cv1) by extensions ['colcon_meta']
[0.250s] Level 1:colcon.colcon_core.package_identification:_identify(src/cv1) by extension 'colcon_meta'
[0.250s] Level 1:colcon.colcon_core.package_identification:_identify(src/cv1) by extensions ['ros']
[0.250s] Level 1:colcon.colcon_core.package_identification:_identify(src/cv1) by extension 'ros'
[0.252s] DEBUG:colcon.colcon_core.package_identification:Package 'src/cv1' with type 'ros.ament_cmake' and name 'cv1'
[0.252s] Level 1:colcon.colcon_core.package_identification:_identify(src/cv2) by extensions ['ignore', 'ignore_ament_install']
[0.252s] Level 1:colcon.colcon_core.package_identification:_identify(src/cv2) by extension 'ignore'
[0.252s] Level 1:colcon.colcon_core.package_identification:_identify(src/cv2) by extension 'ignore_ament_install'
[0.252s] Level 1:colcon.colcon_core.package_identification:_identify(src/cv2) by extensions ['colcon_pkg']
[0.252s] Level 1:colcon.colcon_core.package_identification:_identify(src/cv2) by extension 'colcon_pkg'
[0.252s] Level 1:colcon.colcon_core.package_identification:_identify(src/cv2) by extensions ['colcon_meta']
[0.252s] Level 1:colcon.colcon_core.package_identification:_identify(src/cv2) by extension 'colcon_meta'
[0.252s] Level 1:colcon.colcon_core.package_identification:_identify(src/cv2) by extensions ['ros']
[0.252s] Level 1:colcon.colcon_core.package_identification:_identify(src/cv2) by extension 'ros'
[0.253s] DEBUG:colcon.colcon_core.package_identification:Package 'src/cv2' with type 'ros.ament_cmake' and name 'cv2'
[0.253s] Level 1:colcon.colcon_core.package_identification:_identify(src/rrm_msgs) by extensions ['ignore', 'ignore_ament_install']
[0.253s] Level 1:colcon.colcon_core.package_identification:_identify(src/rrm_msgs) by extension 'ignore'
[0.253s] Level 1:colcon.colcon_core.package_identification:_identify(src/rrm_msgs) by extension 'ignore_ament_install'
[0.253s] Level 1:colcon.colcon_core.package_identification:_identify(src/rrm_msgs) by extensions ['colcon_pkg']
[0.253s] Level 1:colcon.colcon_core.package_identification:_identify(src/rrm_msgs) by extension 'colcon_pkg'
[0.253s] Level 1:colcon.colcon_core.package_identification:_identify(src/rrm_msgs) by extensions ['colcon_meta']
[0.253s] Level 1:colcon.colcon_core.package_identification:_identify(src/rrm_msgs) by extension 'colcon_meta'
[0.253s] Level 1:colcon.colcon_core.package_identification:_identify(src/rrm_msgs) by extensions ['ros']
[0.253s] Level 1:colcon.colcon_core.package_identification:_identify(src/rrm_msgs) by extension 'ros'
[0.254s] DEBUG:colcon.colcon_core.package_identification:Package 'src/rrm_msgs' with type 'ros.ament_cmake' and name 'rrm_msgs'
[0.254s] Level 1:colcon.colcon_core.package_identification:_identify(src/rrm_sim) by extensions ['ignore', 'ignore_ament_install']
[0.254s] Level 1:colcon.colcon_core.package_identification:_identify(src/rrm_sim) by extension 'ignore'
[0.254s] Level 1:colcon.colcon_core.package_identification:_identify(src/rrm_sim) by extension 'ignore_ament_install'
[0.254s] Level 1:colcon.colcon_core.package_identification:_identify(src/rrm_sim) by extensions ['colcon_pkg']
[0.255s] Level 1:colcon.colcon_core.package_identification:_identify(src/rrm_sim) by extension 'colcon_pkg'
[0.255s] Level 1:colcon.colcon_core.package_identification:_identify(src/rrm_sim) by extensions ['colcon_meta']
[0.255s] Level 1:colcon.colcon_core.package_identification:_identify(src/rrm_sim) by extension 'colcon_meta'
[0.255s] Level 1:colcon.colcon_core.package_identification:_identify(src/rrm_sim) by extensions ['ros']
[0.255s] Level 1:colcon.colcon_core.package_identification:_identify(src/rrm_sim) by extension 'ros'
[0.257s] DEBUG:colcon.colcon_core.package_identification:Package 'src/rrm_sim' with type 'ros.ament_cmake' and name 'rrm_sim'
[0.257s] Level 1:colcon.colcon_core.package_identification:_identify(src/rrm_simple_robot_model) by extensions ['ignore', 'ignore_ament_install']
[0.257s] Level 1:colcon.colcon_core.package_identification:_identify(src/rrm_simple_robot_model) by extension 'ignore'
[0.257s] Level 1:colcon.colcon_core.package_identification:_identify(src/rrm_simple_robot_model) by extension 'ignore_ament_install'
[0.257s] Level 1:colcon.colcon_core.package_identification:_identify(src/rrm_simple_robot_model) by extensions ['colcon_pkg']
[0.257s] Level 1:colcon.colcon_core.package_identification:_identify(src/rrm_simple_robot_model) by extension 'colcon_pkg'
[0.257s] Level 1:colcon.colcon_core.package_identification:_identify(src/rrm_simple_robot_model) by extensions ['colcon_meta']
[0.258s] Level 1:colcon.colcon_core.package_identification:_identify(src/rrm_simple_robot_model) by extension 'colcon_meta'
[0.258s] Level 1:colcon.colcon_core.package_identification:_identify(src/rrm_simple_robot_model) by extensions ['ros']
[0.258s] Level 1:colcon.colcon_core.package_identification:_identify(src/rrm_simple_robot_model) by extension 'ros'
[0.258s] DEBUG:colcon.colcon_core.package_identification:Package 'src/rrm_simple_robot_model' with type 'ros.ament_cmake' and name 'rrm_simple_robot_model'
[0.258s] Level 1:colcon.colcon_core.package_discovery:discover_packages(recursive) using defaults
[0.258s] Level 1:colcon.colcon_core.package_discovery:discover_packages(ignore) discover
[0.258s] Level 1:colcon.colcon_core.package_discovery:discover_packages(ignore) using defaults
[0.258s] Level 1:colcon.colcon_core.package_discovery:discover_packages(path) discover
[0.258s] Level 1:colcon.colcon_core.package_discovery:discover_packages(path) using defaults
[0.274s] Level 5:colcon.colcon_core.verb:set package 'cv1' build argument 'cmake_args' from command line to 'None'
[0.274s] Level 5:colcon.colcon_core.verb:set package 'cv1' build argument 'cmake_target' from command line to 'None'
[0.275s] Level 5:colcon.colcon_core.verb:set package 'cv1' build argument 'cmake_target_skip_unavailable' from command line to 'False'
[0.275s] Level 5:colcon.colcon_core.verb:set package 'cv1' build argument 'cmake_clean_cache' from command line to 'False'
[0.275s] Level 5:colcon.colcon_core.verb:set package 'cv1' build argument 'cmake_clean_first' from command line to 'False'
[0.275s] Level 5:colcon.colcon_core.verb:set package 'cv1' build argument 'cmake_force_configure' from command line to 'False'
[0.275s] Level 5:colcon.colcon_core.verb:set package 'cv1' build argument 'ament_cmake_args' from command line to 'None'
[0.275s] Level 5:colcon.colcon_core.verb:set package 'cv1' build argument 'catkin_cmake_args' from command line to 'None'
[0.275s] Level 5:colcon.colcon_core.verb:set package 'cv1' build argument 'catkin_skip_building_tests' from command line to 'False'
[0.275s] DEBUG:colcon.colcon_core.verb:Building package 'cv1' with the following arguments: {'ament_cmake_args': None, 'build_base': '/home/rrm/build/cv1', 'catkin_cmake_args': None, 'catkin_skip_building_tests': False, 'cmake_args': None, 'cmake_clean_cache': False, 'cmake_clean_first': False, 'cmake_force_configure': False, 'cmake_target': None, 'cmake_target_skip_unavailable': False, 'install_base': '/home/rrm/install/cv1', 'merge_install': False, 'path': '/home/rrm/src/cv1', 'symlink_install': False, 'test_result_base': None}
[0.275s] Level 5:colcon.colcon_core.verb:set package 'rrm_msgs' build argument 'cmake_args' from command line to 'None'
[0.275s] Level 5:colcon.colcon_core.verb:set package 'rrm_msgs' build argument 'cmake_target' from command line to 'None'
[0.275s] Level 5:colcon.colcon_core.verb:set package 'rrm_msgs' build argument 'cmake_target_skip_unavailable' from command line to 'False'
[0.275s] Level 5:colcon.colcon_core.verb:set package 'rrm_msgs' build argument 'cmake_clean_cache' from command line to 'False'
[0.275s] Level 5:colcon.colcon_core.verb:set package 'rrm_msgs' build argument 'cmake_clean_first' from command line to 'False'
[0.275s] Level 5:colcon.colcon_core.verb:set package 'rrm_msgs' build argument 'cmake_force_configure' from command line to 'False'
[0.275s] Level 5:colcon.colcon_core.verb:set package 'rrm_msgs' build argument 'ament_cmake_args' from command line to 'None'
[0.275s] Level 5:colcon.colcon_core.verb:set package 'rrm_msgs' build argument 'catkin_cmake_args' from command line to 'None'
[0.275s] Level 5:colcon.colcon_core.verb:set package 'rrm_msgs' build argument 'catkin_skip_building_tests' from command line to 'False'
[0.275s] DEBUG:colcon.colcon_core.verb:Building package 'rrm_msgs' with the following arguments: {'ament_cmake_args': None, 'build_base': '/home/rrm/build/rrm_msgs', 'catkin_cmake_args': None, 'catkin_skip_building_tests': False, 'cmake_args': None, 'cmake_clean_cache': False, 'cmake_clean_first': False, 'cmake_force_configure': False, 'cmake_target': None, 'cmake_target_skip_unavailable': False, 'install_base': '/home/rrm/install/rrm_msgs', 'merge_install': False, 'path': '/home/rrm/src/rrm_msgs', 'symlink_install': False, 'test_result_base': None}
[0.276s] Level 5:colcon.colcon_core.verb:set package 'rrm_simple_robot_model' build argument 'cmake_args' from command line to 'None'
[0.276s] Level 5:colcon.colcon_core.verb:set package 'rrm_simple_robot_model' build argument 'cmake_target' from command line to 'None'
[0.276s] Level 5:colcon.colcon_core.verb:set package 'rrm_simple_robot_model' build argument 'cmake_target_skip_unavailable' from command line to 'False'
[0.276s] Level 5:colcon.colcon_core.verb:set package 'rrm_simple_robot_model' build argument 'cmake_clean_cache' from command line to 'False'
[0.276s] Level 5:colcon.colcon_core.verb:set package 'rrm_simple_robot_model' build argument 'cmake_clean_first' from command line to 'False'
[0.276s] Level 5:colcon.colcon_core.verb:set package 'rrm_simple_robot_model' build argument 'cmake_force_configure' from command line to 'False'
[0.276s] Level 5:colcon.colcon_core.verb:set package 'rrm_simple_robot_model' build argument 'ament_cmake_args' from command line to 'None'
[0.276s] Level 5:colcon.colcon_core.verb:set package 'rrm_simple_robot_model' build argument 'catkin_cmake_args' from command line to 'None'
[0.276s] Level 5:colcon.colcon_core.verb:set package 'rrm_simple_robot_model' build argument 'catkin_skip_building_tests' from command line to 'False'
[0.276s] DEBUG:colcon.colcon_core.verb:Building package 'rrm_simple_robot_model' with the following arguments: {'ament_cmake_args': None, 'build_base': '/home/rrm/build/rrm_simple_robot_model', 'catkin_cmake_args': None, 'catkin_skip_building_tests': False, 'cmake_args': None, 'cmake_clean_cache': False, 'cmake_clean_first': False, 'cmake_force_configure': False, 'cmake_target': None, 'cmake_target_skip_unavailable': False, 'install_base': '/home/rrm/install/rrm_simple_robot_model', 'merge_install': False, 'path': '/home/rrm/src/rrm_simple_robot_model', 'symlink_install': False, 'test_result_base': None}
[0.276s] Level 5:colcon.colcon_core.verb:set package 'cv2' build argument 'cmake_args' from command line to 'None'
[0.276s] Level 5:colcon.colcon_core.verb:set package 'cv2' build argument 'cmake_target' from command line to 'None'
[0.276s] Level 5:colcon.colcon_core.verb:set package 'cv2' build argument 'cmake_target_skip_unavailable' from command line to 'False'
[0.276s] Level 5:colcon.colcon_core.verb:set package 'cv2' build argument 'cmake_clean_cache' from command line to 'False'
[0.276s] Level 5:colcon.colcon_core.verb:set package 'cv2' build argument 'cmake_clean_first' from command line to 'False'
[0.276s] Level 5:colcon.colcon_core.verb:set package 'cv2' build argument 'cmake_force_configure' from command line to 'False'
[0.276s] Level 5:colcon.colcon_core.verb:set package 'cv2' build argument 'ament_cmake_args' from command line to 'None'
[0.276s] Level 5:colcon.colcon_core.verb:set package 'cv2' build argument 'catkin_cmake_args' from command line to 'None'
[0.276s] Level 5:colcon.colcon_core.verb:set package 'cv2' build argument 'catkin_skip_building_tests' from command line to 'False'
[0.276s] DEBUG:colcon.colcon_core.verb:Building package 'cv2' with the following arguments: {'ament_cmake_args': None, 'build_base': '/home/rrm/build/cv2', 'catkin_cmake_args': None, 'catkin_skip_building_tests': False, 'cmake_args': None, 'cmake_clean_cache': False, 'cmake_clean_first': False, 'cmake_force_configure': False, 'cmake_target': None, 'cmake_target_skip_unavailable': False, 'install_base': '/home/rrm/install/cv2', 'merge_install': False, 'path': '/home/rrm/src/cv2', 'symlink_install': False, 'test_result_base': None}
[0.277s] Level 5:colcon.colcon_core.verb:set package 'rrm_sim' build argument 'cmake_args' from command line to 'None'
[0.277s] Level 5:colcon.colcon_core.verb:set package 'rrm_sim' build argument 'cmake_target' from command line to 'None'
[0.277s] Level 5:colcon.colcon_core.verb:set package 'rrm_sim' build argument 'cmake_target_skip_unavailable' from command line to 'False'
[0.277s] Level 5:colcon.colcon_core.verb:set package 'rrm_sim' build argument 'cmake_clean_cache' from command line to 'False'
[0.277s] Level 5:colcon.colcon_core.verb:set package 'rrm_sim' build argument 'cmake_clean_first' from command line to 'False'
[0.277s] Level 5:colcon.colcon_core.verb:set package 'rrm_sim' build argument 'cmake_force_configure' from command line to 'False'
[0.277s] Level 5:colcon.colcon_core.verb:set package 'rrm_sim' build argument 'ament_cmake_args' from command line to 'None'
[0.277s] Level 5:colcon.colcon_core.verb:set package 'rrm_sim' build argument 'catkin_cmake_args' from command line to 'None'
[0.277s] Level 5:colcon.colcon_core.verb:set package 'rrm_sim' build argument 'catkin_skip_building_tests' from command line to 'False'
[0.277s] DEBUG:colcon.colcon_core.verb:Building package 'rrm_sim' with the following arguments: {'ament_cmake_args': None, 'build_base': '/home/rrm/build/rrm_sim', 'catkin_cmake_args': None, 'catkin_skip_building_tests': False, 'cmake_args': None, 'cmake_clean_cache': False, 'cmake_clean_first': False, 'cmake_force_configure': False, 'cmake_target': None, 'cmake_target_skip_unavailable': False, 'install_base': '/home/rrm/install/rrm_sim', 'merge_install': False, 'path': '/home/rrm/src/rrm_sim', 'symlink_install': False, 'test_result_base': None}
[0.277s] INFO:colcon.colcon_core.executor:Executing jobs using 'parallel' executor
[0.278s] DEBUG:colcon.colcon_parallel_executor.executor.parallel:run_until_complete
[0.278s] INFO:colcon.colcon_ros.task.ament_cmake.build:Building ROS package in '/home/rrm/src/rrm_msgs' with build type 'ament_cmake'
[0.278s] INFO:colcon.colcon_cmake.task.cmake.build:Building CMake package in '/home/rrm/src/rrm_msgs'
[0.280s] INFO:colcon.colcon_core.plugin_system:Skipping extension 'colcon_core.shell.bat': Not used on non-Windows systems
[0.281s] INFO:colcon.colcon_core.shell:Skip shell extension 'powershell' for command environment: Not usable outside of PowerShell
[0.281s] DEBUG:colcon.colcon_core.shell:Skip shell extension 'dsv' for command environment
[0.285s] INFO:colcon.colcon_ros.task.ament_cmake.build:Building ROS package in '/home/rrm/src/cv1' with build type 'ament_cmake'
[0.285s] INFO:colcon.colcon_cmake.task.cmake.build:Building CMake package in '/home/rrm/src/cv1'
[0.285s] INFO:colcon.colcon_core.shell:Skip shell extension 'powershell' for command environment: Not usable outside of PowerShell
[0.285s] DEBUG:colcon.colcon_core.shell:Skip shell extension 'dsv' for command environment
[0.291s] INFO:colcon.colcon_ros.task.ament_cmake.build:Building ROS package in '/home/rrm/src/rrm_simple_robot_model' with build type 'ament_cmake'
[0.291s] INFO:colcon.colcon_cmake.task.cmake.build:Building CMake package in '/home/rrm/src/rrm_simple_robot_model'
[0.292s] INFO:colcon.colcon_core.shell:Skip shell extension 'powershell' for command environment: Not usable outside of PowerShell
[0.292s] DEBUG:colcon.colcon_core.shell:Skip shell extension 'dsv' for command environment
[0.301s] DEBUG:colcon.colcon_core.event_handler.log_command:Invoking command in '/home/rrm/build/rrm_msgs': CMAKE_PREFIX_PATH=${CMAKE_PREFIX_PATH}:/opt/ros/humble /usr/bin/cmake --build /home/rrm/build/rrm_msgs -- -j8 -l8
[0.304s] DEBUG:colcon.colcon_core.event_handler.log_command:Invoking command in '/home/rrm/build/cv1': CMAKE_PREFIX_PATH=${CMAKE_PREFIX_PATH}:/opt/ros/humble /usr/bin/cmake --build /home/rrm/build/cv1 -- -j8 -l8
[0.308s] DEBUG:colcon.colcon_core.event_handler.log_command:Invoking command in '/home/rrm/build/rrm_simple_robot_model': CMAKE_PREFIX_PATH=${CMAKE_PREFIX_PATH}:/opt/ros/humble /usr/bin/cmake --build /home/rrm/build/rrm_simple_robot_model -- -j8 -l8
[0.342s] DEBUG:colcon.colcon_core.event_handler.log_command:Invoked command in '/home/rrm/build/rrm_simple_robot_model' returned '0': CMAKE_PREFIX_PATH=${CMAKE_PREFIX_PATH}:/opt/ros/humble /usr/bin/cmake --build /home/rrm/build/rrm_simple_robot_model -- -j8 -l8
[0.352s] DEBUG:colcon.colcon_core.event_handler.log_command:Invoking command in '/home/rrm/build/rrm_simple_robot_model': CMAKE_PREFIX_PATH=${CMAKE_PREFIX_PATH}:/opt/ros/humble /usr/bin/cmake --install /home/rrm/build/rrm_simple_robot_model
[0.366s] Level 1:colcon.colcon_core.environment:create_environment_scripts_only(rrm_simple_robot_model)
[0.370s] DEBUG:colcon.colcon_core.event_handler.log_command:Invoked command in '/home/rrm/build/rrm_simple_robot_model' returned '0': CMAKE_PREFIX_PATH=${CMAKE_PREFIX_PATH}:/opt/ros/humble /usr/bin/cmake --install /home/rrm/build/rrm_simple_robot_model
[0.371s] Level 1:colcon.colcon_core.environment:checking '/home/rrm/install/rrm_simple_robot_model' for CMake module files
[0.372s] Level 1:colcon.colcon_core.environment:checking '/home/rrm/install/rrm_simple_robot_model' for CMake config files
[0.372s] Level 1:colcon.colcon_core.shell:create_environment_hook('rrm_simple_robot_model', 'cmake_prefix_path')
[0.373s] INFO:colcon.colcon_core.shell:Creating environment hook '/home/rrm/install/rrm_simple_robot_model/share/rrm_simple_robot_model/hook/cmake_prefix_path.ps1'
[0.373s] INFO:colcon.colcon_core.shell:Creating environment descriptor '/home/rrm/install/rrm_simple_robot_model/share/rrm_simple_robot_model/hook/cmake_prefix_path.dsv'
[0.374s] INFO:colcon.colcon_core.shell:Creating environment hook '/home/rrm/install/rrm_simple_robot_model/share/rrm_simple_robot_model/hook/cmake_prefix_path.sh'
[0.379s] Level 1:colcon.colcon_core.environment:checking '/home/rrm/install/rrm_simple_robot_model/bin'
[0.379s] Level 1:colcon.colcon_core.environment:checking '/home/rrm/install/rrm_simple_robot_model/lib/pkgconfig/rrm_simple_robot_model.pc'
[0.383s] Level 1:colcon.colcon_core.environment:checking '/home/rrm/install/rrm_simple_robot_model/lib/python3.10/site-packages'
[0.384s] Level 1:colcon.colcon_core.environment:checking '/home/rrm/install/rrm_simple_robot_model/bin'
[0.384s] INFO:colcon.colcon_core.shell:Creating package script '/home/rrm/install/rrm_simple_robot_model/share/rrm_simple_robot_model/package.ps1'
[0.385s] INFO:colcon.colcon_core.shell:Creating package descriptor '/home/rrm/install/rrm_simple_robot_model/share/rrm_simple_robot_model/package.dsv'
[0.386s] INFO:colcon.colcon_core.shell:Creating package script '/home/rrm/install/rrm_simple_robot_model/share/rrm_simple_robot_model/package.sh'
[0.387s] INFO:colcon.colcon_core.shell:Creating package script '/home/rrm/install/rrm_simple_robot_model/share/rrm_simple_robot_model/package.bash'
[0.388s] INFO:colcon.colcon_core.shell:Creating package script '/home/rrm/install/rrm_simple_robot_model/share/rrm_simple_robot_model/package.zsh'
[0.389s] Level 1:colcon.colcon_core.environment:create_file_with_runtime_dependencies(/home/rrm/install/rrm_simple_robot_model/share/colcon-core/packages/rrm_simple_robot_model)
[0.390s] Level 1:colcon.colcon_core.environment:create_environment_scripts_only(rrm_simple_robot_model)
[0.390s] Level 1:colcon.colcon_core.environment:checking '/home/rrm/install/rrm_simple_robot_model' for CMake module files
[0.390s] Level 1:colcon.colcon_core.environment:checking '/home/rrm/install/rrm_simple_robot_model' for CMake config files
[0.391s] Level 1:colcon.colcon_core.shell:create_environment_hook('rrm_simple_robot_model', 'cmake_prefix_path')
[0.391s] INFO:colcon.colcon_core.shell:Creating environment hook '/home/rrm/install/rrm_simple_robot_model/share/rrm_simple_robot_model/hook/cmake_prefix_path.ps1'
[0.393s] INFO:colcon.colcon_core.shell:Creating environment descriptor '/home/rrm/install/rrm_simple_robot_model/share/rrm_simple_robot_model/hook/cmake_prefix_path.dsv'
[0.393s] INFO:colcon.colcon_core.shell:Creating environment hook '/home/rrm/install/rrm_simple_robot_model/share/rrm_simple_robot_model/hook/cmake_prefix_path.sh'
[0.394s] Level 1:colcon.colcon_core.environment:checking '/home/rrm/install/rrm_simple_robot_model/bin'
[0.394s] Level 1:colcon.colcon_core.environment:checking '/home/rrm/install/rrm_simple_robot_model/lib/pkgconfig/rrm_simple_robot_model.pc'
[0.394s] Level 1:colcon.colcon_core.environment:checking '/home/rrm/install/rrm_simple_robot_model/lib/python3.10/site-packages'
[0.395s] Level 1:colcon.colcon_core.environment:checking '/home/rrm/install/rrm_simple_robot_model/bin'
[0.395s] INFO:colcon.colcon_core.shell:Creating package script '/home/rrm/install/rrm_simple_robot_model/share/rrm_simple_robot_model/package.ps1'
[0.396s] INFO:colcon.colcon_core.shell:Creating package descriptor '/home/rrm/install/rrm_simple_robot_model/share/rrm_simple_robot_model/package.dsv'
[0.397s] INFO:colcon.colcon_core.shell:Creating package script '/home/rrm/install/rrm_simple_robot_model/share/rrm_simple_robot_model/package.sh'
[0.397s] INFO:colcon.colcon_core.shell:Creating package script '/home/rrm/install/rrm_simple_robot_model/share/rrm_simple_robot_model/package.bash'
[0.398s] INFO:colcon.colcon_core.shell:Creating package script '/home/rrm/install/rrm_simple_robot_model/share/rrm_simple_robot_model/package.zsh'
[0.399s] Level 1:colcon.colcon_core.environment:create_file_with_runtime_dependencies(/home/rrm/install/rrm_simple_robot_model/share/colcon-core/packages/rrm_simple_robot_model)
[0.400s] DEBUG:colcon.colcon_core.event_handler.log_command:Invoked command in '/home/rrm/build/cv1' returned '0': CMAKE_PREFIX_PATH=${CMAKE_PREFIX_PATH}:/opt/ros/humble /usr/bin/cmake --build /home/rrm/build/cv1 -- -j8 -l8
[0.401s] DEBUG:colcon.colcon_core.event_handler.log_command:Invoking command in '/home/rrm/build/cv1': CMAKE_PREFIX_PATH=${CMAKE_PREFIX_PATH}:/opt/ros/humble /usr/bin/cmake --install /home/rrm/build/cv1
[0.410s] Level 1:colcon.colcon_core.environment:create_environment_scripts_only(cv1)
[0.410s] Level 1:colcon.colcon_core.environment:checking '/home/rrm/install/cv1' for CMake module files
[0.410s] DEBUG:colcon.colcon_core.event_handler.log_command:Invoked command in '/home/rrm/build/cv1' returned '0': CMAKE_PREFIX_PATH=${CMAKE_PREFIX_PATH}:/opt/ros/humble /usr/bin/cmake --install /home/rrm/build/cv1
[0.413s] Level 1:colcon.colcon_core.environment:checking '/home/rrm/install/cv1' for CMake config files
[0.413s] Level 1:colcon.colcon_core.shell:create_environment_hook('cv1', 'cmake_prefix_path')
[0.413s] INFO:colcon.colcon_core.shell:Creating environment hook '/home/rrm/install/cv1/share/cv1/hook/cmake_prefix_path.ps1'
[0.414s] INFO:colcon.colcon_core.shell:Creating environment descriptor '/home/rrm/install/cv1/share/cv1/hook/cmake_prefix_path.dsv'
[0.414s] INFO:colcon.colcon_core.shell:Creating environment hook '/home/rrm/install/cv1/share/cv1/hook/cmake_prefix_path.sh'
[0.415s] Level 1:colcon.colcon_core.environment:checking '/home/rrm/install/cv1/lib'
[0.415s] Level 1:colcon.colcon_core.environment:checking '/home/rrm/install/cv1/bin'
[0.415s] Level 1:colcon.colcon_core.environment:checking '/home/rrm/install/cv1/lib/pkgconfig/cv1.pc'
[0.415s] Level 1:colcon.colcon_core.environment:checking '/home/rrm/install/cv1/lib/python3.10/site-packages'
[0.415s] Level 1:colcon.colcon_core.environment:checking '/home/rrm/install/cv1/bin'
[0.416s] INFO:colcon.colcon_core.shell:Creating package script '/home/rrm/install/cv1/share/cv1/package.ps1'
[0.416s] INFO:colcon.colcon_core.shell:Creating package descriptor '/home/rrm/install/cv1/share/cv1/package.dsv'
[0.416s] INFO:colcon.colcon_core.shell:Creating package script '/home/rrm/install/cv1/share/cv1/package.sh'
[0.417s] INFO:colcon.colcon_core.shell:Creating package script '/home/rrm/install/cv1/share/cv1/package.bash'
[0.417s] INFO:colcon.colcon_core.shell:Creating package script '/home/rrm/install/cv1/share/cv1/package.zsh'
[0.418s] Level 1:colcon.colcon_core.environment:create_file_with_runtime_dependencies(/home/rrm/install/cv1/share/colcon-core/packages/cv1)
[0.419s] Level 1:colcon.colcon_core.environment:create_environment_scripts_only(cv1)
[0.419s] Level 1:colcon.colcon_core.environment:checking '/home/rrm/install/cv1' for CMake module files
[0.419s] Level 1:colcon.colcon_core.environment:checking '/home/rrm/install/cv1' for CMake config files
[0.420s] Level 1:colcon.colcon_core.shell:create_environment_hook('cv1', 'cmake_prefix_path')
[0.420s] INFO:colcon.colcon_core.shell:Creating environment hook '/home/rrm/install/cv1/share/cv1/hook/cmake_prefix_path.ps1'
[0.421s] INFO:colcon.colcon_core.shell:Creating environment descriptor '/home/rrm/install/cv1/share/cv1/hook/cmake_prefix_path.dsv'
[0.421s] INFO:colcon.colcon_core.shell:Creating environment hook '/home/rrm/install/cv1/share/cv1/hook/cmake_prefix_path.sh'
[0.421s] Level 1:colcon.colcon_core.environment:checking '/home/rrm/install/cv1/lib'
[0.422s] Level 1:colcon.colcon_core.environment:checking '/home/rrm/install/cv1/bin'
[0.422s] Level 1:colcon.colcon_core.environment:checking '/home/rrm/install/cv1/lib/pkgconfig/cv1.pc'
[0.422s] Level 1:colcon.colcon_core.environment:checking '/home/rrm/install/cv1/lib/python3.10/site-packages'
[0.422s] Level 1:colcon.colcon_core.environment:checking '/home/rrm/install/cv1/bin'
[0.422s] INFO:colcon.colcon_core.shell:Creating package script '/home/rrm/install/cv1/share/cv1/package.ps1'
[0.423s] INFO:colcon.colcon_core.shell:Creating package descriptor '/home/rrm/install/cv1/share/cv1/package.dsv'
[0.423s] INFO:colcon.colcon_core.shell:Creating package script '/home/rrm/install/cv1/share/cv1/package.sh'
[0.424s] INFO:colcon.colcon_core.shell:Creating package script '/home/rrm/install/cv1/share/cv1/package.bash'
[0.424s] INFO:colcon.colcon_core.shell:Creating package script '/home/rrm/install/cv1/share/cv1/package.zsh'
[0.439s] Level 1:colcon.colcon_core.environment:create_file_with_runtime_dependencies(/home/rrm/install/cv1/share/colcon-core/packages/cv1)
[0.665s] DEBUG:colcon.colcon_core.event_handler.log_command:Invoked command in '/home/rrm/build/rrm_msgs' returned '0': CMAKE_PREFIX_PATH=${CMAKE_PREFIX_PATH}:/opt/ros/humble /usr/bin/cmake --build /home/rrm/build/rrm_msgs -- -j8 -l8
[0.666s] DEBUG:colcon.colcon_core.event_handler.log_command:Invoking command in '/home/rrm/build/rrm_msgs': CMAKE_PREFIX_PATH=${CMAKE_PREFIX_PATH}:/opt/ros/humble /usr/bin/cmake --install /home/rrm/build/rrm_msgs
[0.724s] Level 1:colcon.colcon_core.environment:create_environment_scripts_only(rrm_msgs)
[0.724s] Level 1:colcon.colcon_core.environment:checking '/home/rrm/install/rrm_msgs' for CMake module files
[0.724s] DEBUG:colcon.colcon_core.event_handler.log_command:Invoked command in '/home/rrm/build/rrm_msgs' returned '0': CMAKE_PREFIX_PATH=${CMAKE_PREFIX_PATH}:/opt/ros/humble /usr/bin/cmake --install /home/rrm/build/rrm_msgs
[0.725s] Level 1:colcon.colcon_core.environment:checking '/home/rrm/install/rrm_msgs' for CMake config files
[0.726s] Level 1:colcon.colcon_core.shell:create_environment_hook('rrm_msgs', 'cmake_prefix_path')
[0.726s] INFO:colcon.colcon_core.shell:Creating environment hook '/home/rrm/install/rrm_msgs/share/rrm_msgs/hook/cmake_prefix_path.ps1'
[0.727s] INFO:colcon.colcon_core.shell:Creating environment descriptor '/home/rrm/install/rrm_msgs/share/rrm_msgs/hook/cmake_prefix_path.dsv'
[0.727s] INFO:colcon.colcon_core.shell:Creating environment hook '/home/rrm/install/rrm_msgs/share/rrm_msgs/hook/cmake_prefix_path.sh'
[0.728s] Level 1:colcon.colcon_core.environment:checking '/home/rrm/install/rrm_msgs/lib'
[0.728s] Level 1:colcon.colcon_core.shell:create_environment_hook('rrm_msgs', 'ld_library_path_lib')
[0.728s] INFO:colcon.colcon_core.shell:Creating environment hook '/home/rrm/install/rrm_msgs/share/rrm_msgs/hook/ld_library_path_lib.ps1'
[0.729s] INFO:colcon.colcon_core.shell:Creating environment descriptor '/home/rrm/install/rrm_msgs/share/rrm_msgs/hook/ld_library_path_lib.dsv'
[0.729s] INFO:colcon.colcon_core.shell:Creating environment hook '/home/rrm/install/rrm_msgs/share/rrm_msgs/hook/ld_library_path_lib.sh'
[0.730s] Level 1:colcon.colcon_core.environment:checking '/home/rrm/install/rrm_msgs/bin'
[0.730s] Level 1:colcon.colcon_core.environment:checking '/home/rrm/install/rrm_msgs/lib/pkgconfig/rrm_msgs.pc'
[0.730s] Level 1:colcon.colcon_core.environment:checking '/home/rrm/install/rrm_msgs/lib/python3.10/site-packages'
[0.730s] Level 1:colcon.colcon_core.environment:checking '/home/rrm/install/rrm_msgs/bin'
[0.731s] INFO:colcon.colcon_core.shell:Creating package script '/home/rrm/install/rrm_msgs/share/rrm_msgs/package.ps1'
[0.731s] INFO:colcon.colcon_core.shell:Creating package descriptor '/home/rrm/install/rrm_msgs/share/rrm_msgs/package.dsv'
[0.732s] INFO:colcon.colcon_core.shell:Creating package script '/home/rrm/install/rrm_msgs/share/rrm_msgs/package.sh'
[0.732s] INFO:colcon.colcon_core.shell:Creating package script '/home/rrm/install/rrm_msgs/share/rrm_msgs/package.bash'
[0.733s] INFO:colcon.colcon_core.shell:Creating package script '/home/rrm/install/rrm_msgs/share/rrm_msgs/package.zsh'
[0.733s] Level 1:colcon.colcon_core.environment:create_file_with_runtime_dependencies(/home/rrm/install/rrm_msgs/share/colcon-core/packages/rrm_msgs)
[0.733s] Level 1:colcon.colcon_core.environment:create_environment_scripts_only(rrm_msgs)
[0.734s] Level 1:colcon.colcon_core.environment:checking '/home/rrm/install/rrm_msgs' for CMake module files
[0.734s] Level 1:colcon.colcon_core.environment:checking '/home/rrm/install/rrm_msgs' for CMake config files
[0.735s] Level 1:colcon.colcon_core.shell:create_environment_hook('rrm_msgs', 'cmake_prefix_path')
[0.735s] INFO:colcon.colcon_core.shell:Creating environment hook '/home/rrm/install/rrm_msgs/share/rrm_msgs/hook/cmake_prefix_path.ps1'
[0.735s] INFO:colcon.colcon_core.shell:Creating environment descriptor '/home/rrm/install/rrm_msgs/share/rrm_msgs/hook/cmake_prefix_path.dsv'
[0.735s] INFO:colcon.colcon_core.shell:Creating environment hook '/home/rrm/install/rrm_msgs/share/rrm_msgs/hook/cmake_prefix_path.sh'
[0.736s] Level 1:colcon.colcon_core.environment:checking '/home/rrm/install/rrm_msgs/lib'
[0.736s] Level 1:colcon.colcon_core.shell:create_environment_hook('rrm_msgs', 'ld_library_path_lib')
[0.736s] INFO:colcon.colcon_core.shell:Creating environment hook '/home/rrm/install/rrm_msgs/share/rrm_msgs/hook/ld_library_path_lib.ps1'
[0.737s] INFO:colcon.colcon_core.shell:Creating environment descriptor '/home/rrm/install/rrm_msgs/share/rrm_msgs/hook/ld_library_path_lib.dsv'
[0.737s] INFO:colcon.colcon_core.shell:Creating environment hook '/home/rrm/install/rrm_msgs/share/rrm_msgs/hook/ld_library_path_lib.sh'
[0.737s] Level 1:colcon.colcon_core.environment:checking '/home/rrm/install/rrm_msgs/bin'
[0.737s] Level 1:colcon.colcon_core.environment:checking '/home/rrm/install/rrm_msgs/lib/pkgconfig/rrm_msgs.pc'
[0.738s] Level 1:colcon.colcon_core.environment:checking '/home/rrm/install/rrm_msgs/lib/python3.10/site-packages'
[0.738s] Level 1:colcon.colcon_core.environment:checking '/home/rrm/install/rrm_msgs/bin'
[0.738s] INFO:colcon.colcon_core.shell:Creating package script '/home/rrm/install/rrm_msgs/share/rrm_msgs/package.ps1'
[0.739s] INFO:colcon.colcon_core.shell:Creating package descriptor '/home/rrm/install/rrm_msgs/share/rrm_msgs/package.dsv'
[0.739s] INFO:colcon.colcon_core.shell:Creating package script '/home/rrm/install/rrm_msgs/share/rrm_msgs/package.sh'
[0.740s] INFO:colcon.colcon_core.shell:Creating package script '/home/rrm/install/rrm_msgs/share/rrm_msgs/package.bash'
[0.740s] INFO:colcon.colcon_core.shell:Creating package script '/home/rrm/install/rrm_msgs/share/rrm_msgs/package.zsh'
[0.740s] Level 1:colcon.colcon_core.environment:create_file_with_runtime_dependencies(/home/rrm/install/rrm_msgs/share/colcon-core/packages/rrm_msgs)
[0.741s] INFO:colcon.colcon_ros.task.ament_cmake.build:Building ROS package in '/home/rrm/src/cv2' with build type 'ament_cmake'
[0.741s] INFO:colcon.colcon_cmake.task.cmake.build:Building CMake package in '/home/rrm/src/cv2'
[0.741s] INFO:colcon.colcon_core.shell:Skip shell extension 'powershell' for command environment: Not usable outside of PowerShell
[0.741s] DEBUG:colcon.colcon_core.shell:Skip shell extension 'dsv' for command environment
[0.744s] INFO:colcon.colcon_ros.task.ament_cmake.build:Building ROS package in '/home/rrm/src/rrm_sim' with build type 'ament_cmake'
[0.744s] INFO:colcon.colcon_cmake.task.cmake.build:Building CMake package in '/home/rrm/src/rrm_sim'
[0.745s] INFO:colcon.colcon_core.shell:Skip shell extension 'powershell' for command environment: Not usable outside of PowerShell
[0.745s] DEBUG:colcon.colcon_core.shell:Skip shell extension 'dsv' for command environment
[0.751s] DEBUG:colcon.colcon_core.event_handler.log_command:Invoking command in '/home/rrm/build/cv2': CMAKE_PREFIX_PATH=/home/rrm/install/rrm_msgs:/home/rrm/install/rrm_simple_robot_model:/home/rrm/install/rrm_sim:/home/rrm/install/cv2:/home/rrm/install/cv1:/opt/ros/humble /usr/bin/cmake --build /home/rrm/build/cv2 -- -j8 -l8
[0.753s] DEBUG:colcon.colcon_core.event_handler.log_command:Invoking command in '/home/rrm/build/rrm_sim': CMAKE_PREFIX_PATH=/home/rrm/install/rrm_msgs:/home/rrm/install/rrm_simple_robot_model:/home/rrm/install/rrm_sim:/home/rrm/install/cv2:/home/rrm/install/cv1:/opt/ros/humble /usr/bin/cmake --build /home/rrm/build/rrm_sim -- -j8 -l8
[0.803s] DEBUG:colcon.colcon_core.event_handler.log_command:Invoked command in '/home/rrm/build/cv2' returned '0': CMAKE_PREFIX_PATH=/home/rrm/install/rrm_msgs:/home/rrm/install/rrm_simple_robot_model:/home/rrm/install/rrm_sim:/home/rrm/install/cv2:/home/rrm/install/cv1:/opt/ros/humble /usr/bin/cmake --build /home/rrm/build/cv2 -- -j8 -l8
[0.804s] DEBUG:colcon.colcon_core.event_handler.log_command:Invoking command in '/home/rrm/build/cv2': CMAKE_PREFIX_PATH=/home/rrm/install/rrm_msgs:/home/rrm/install/rrm_simple_robot_model:/home/rrm/install/rrm_sim:/home/rrm/install/cv2:/home/rrm/install/cv1:/opt/ros/humble /usr/bin/cmake --install /home/rrm/build/cv2
[0.809s] DEBUG:colcon.colcon_core.event_handler.log_command:Invoked command in '/home/rrm/build/rrm_sim' returned '0': CMAKE_PREFIX_PATH=/home/rrm/install/rrm_msgs:/home/rrm/install/rrm_simple_robot_model:/home/rrm/install/rrm_sim:/home/rrm/install/cv2:/home/rrm/install/cv1:/opt/ros/humble /usr/bin/cmake --build /home/rrm/build/rrm_sim -- -j8 -l8
[0.810s] DEBUG:colcon.colcon_core.event_handler.log_command:Invoking command in '/home/rrm/build/rrm_sim': CMAKE_PREFIX_PATH=/home/rrm/install/rrm_msgs:/home/rrm/install/rrm_simple_robot_model:/home/rrm/install/rrm_sim:/home/rrm/install/cv2:/home/rrm/install/cv1:/opt/ros/humble /usr/bin/cmake --install /home/rrm/build/rrm_sim
[0.814s] Level 1:colcon.colcon_core.environment:create_environment_scripts_only(cv2)
[0.814s] Level 1:colcon.colcon_core.environment:checking '/home/rrm/install/cv2' for CMake module files
[0.815s] DEBUG:colcon.colcon_core.event_handler.log_command:Invoked command in '/home/rrm/build/cv2' returned '0': CMAKE_PREFIX_PATH=/home/rrm/install/rrm_msgs:/home/rrm/install/rrm_simple_robot_model:/home/rrm/install/rrm_sim:/home/rrm/install/cv2:/home/rrm/install/cv1:/opt/ros/humble /usr/bin/cmake --install /home/rrm/build/cv2
[0.815s] Level 1:colcon.colcon_core.environment:checking '/home/rrm/install/cv2' for CMake config files
[0.815s] Level 1:colcon.colcon_core.shell:create_environment_hook('cv2', 'cmake_prefix_path')
[0.815s] INFO:colcon.colcon_core.shell:Creating environment hook '/home/rrm/install/cv2/share/cv2/hook/cmake_prefix_path.ps1'
[0.816s] INFO:colcon.colcon_core.shell:Creating environment descriptor '/home/rrm/install/cv2/share/cv2/hook/cmake_prefix_path.dsv'
[0.816s] INFO:colcon.colcon_core.shell:Creating environment hook '/home/rrm/install/cv2/share/cv2/hook/cmake_prefix_path.sh'
[0.817s] Level 1:colcon.colcon_core.environment:checking '/home/rrm/install/cv2/lib'
[0.817s] Level 1:colcon.colcon_core.environment:checking '/home/rrm/install/cv2/bin'
[0.818s] Level 1:colcon.colcon_core.environment:checking '/home/rrm/install/cv2/lib/pkgconfig/cv2.pc'
[0.818s] Level 1:colcon.colcon_core.environment:checking '/home/rrm/install/cv2/lib/python3.10/site-packages'
[0.818s] Level 1:colcon.colcon_core.environment:checking '/home/rrm/install/cv2/bin'
[0.819s] INFO:colcon.colcon_core.shell:Creating package script '/home/rrm/install/cv2/share/cv2/package.ps1'
[0.820s] INFO:colcon.colcon_core.shell:Creating package descriptor '/home/rrm/install/cv2/share/cv2/package.dsv'
[0.821s] INFO:colcon.colcon_core.shell:Creating package script '/home/rrm/install/cv2/share/cv2/package.sh'
[0.822s] INFO:colcon.colcon_core.shell:Creating package script '/home/rrm/install/cv2/share/cv2/package.bash'
[0.823s] INFO:colcon.colcon_core.shell:Creating package script '/home/rrm/install/cv2/share/cv2/package.zsh'
[0.824s] Level 1:colcon.colcon_core.environment:create_file_with_runtime_dependencies(/home/rrm/install/cv2/share/colcon-core/packages/cv2)
[0.824s] Level 1:colcon.colcon_core.environment:create_environment_scripts_only(cv2)
[0.825s] Level 1:colcon.colcon_core.environment:checking '/home/rrm/install/cv2' for CMake module files
[0.825s] Level 1:colcon.colcon_core.environment:checking '/home/rrm/install/cv2' for CMake config files
[0.825s] Level 1:colcon.colcon_core.shell:create_environment_hook('cv2', 'cmake_prefix_path')
[0.826s] INFO:colcon.colcon_core.shell:Creating environment hook '/home/rrm/install/cv2/share/cv2/hook/cmake_prefix_path.ps1'
[0.826s] INFO:colcon.colcon_core.shell:Creating environment descriptor '/home/rrm/install/cv2/share/cv2/hook/cmake_prefix_path.dsv'
[0.827s] INFO:colcon.colcon_core.shell:Creating environment hook '/home/rrm/install/cv2/share/cv2/hook/cmake_prefix_path.sh'
[0.827s] Level 1:colcon.colcon_core.environment:checking '/home/rrm/install/cv2/lib'
[0.828s] Level 1:colcon.colcon_core.environment:checking '/home/rrm/install/cv2/bin'
[0.828s] Level 1:colcon.colcon_core.environment:checking '/home/rrm/install/cv2/lib/pkgconfig/cv2.pc'
[0.828s] Level 1:colcon.colcon_core.environment:checking '/home/rrm/install/cv2/lib/python3.10/site-packages'
[0.828s] Level 1:colcon.colcon_core.environment:checking '/home/rrm/install/cv2/bin'
[0.829s] INFO:colcon.colcon_core.shell:Creating package script '/home/rrm/install/cv2/share/cv2/package.ps1'
[0.830s] INFO:colcon.colcon_core.shell:Creating package descriptor '/home/rrm/install/cv2/share/cv2/package.dsv'
[0.831s] INFO:colcon.colcon_core.shell:Creating package script '/home/rrm/install/cv2/share/cv2/package.sh'
[0.831s] INFO:colcon.colcon_core.shell:Creating package script '/home/rrm/install/cv2/share/cv2/package.bash'
[0.832s] INFO:colcon.colcon_core.shell:Creating package script '/home/rrm/install/cv2/share/cv2/package.zsh'
[0.833s] Level 1:colcon.colcon_core.environment:create_file_with_runtime_dependencies(/home/rrm/install/cv2/share/colcon-core/packages/cv2)
[0.834s] Level 1:colcon.colcon_core.environment:create_environment_scripts_only(rrm_sim)
[0.834s] Level 1:colcon.colcon_core.environment:checking '/home/rrm/install/rrm_sim' for CMake module files
[0.835s] DEBUG:colcon.colcon_core.event_handler.log_command:Invoked command in '/home/rrm/build/rrm_sim' returned '0': CMAKE_PREFIX_PATH=/home/rrm/install/rrm_msgs:/home/rrm/install/rrm_simple_robot_model:/home/rrm/install/rrm_sim:/home/rrm/install/cv2:/home/rrm/install/cv1:/opt/ros/humble /usr/bin/cmake --install /home/rrm/build/rrm_sim
[0.835s] Level 1:colcon.colcon_core.environment:checking '/home/rrm/install/rrm_sim' for CMake config files
[0.835s] Level 1:colcon.colcon_core.shell:create_environment_hook('rrm_sim', 'cmake_prefix_path')
[0.836s] INFO:colcon.colcon_core.shell:Creating environment hook '/home/rrm/install/rrm_sim/share/rrm_sim/hook/cmake_prefix_path.ps1'
[0.838s] INFO:colcon.colcon_core.shell:Creating environment descriptor '/home/rrm/install/rrm_sim/share/rrm_sim/hook/cmake_prefix_path.dsv'
[0.838s] INFO:colcon.colcon_core.shell:Creating environment hook '/home/rrm/install/rrm_sim/share/rrm_sim/hook/cmake_prefix_path.sh'
[0.839s] Level 1:colcon.colcon_core.environment:checking '/home/rrm/install/rrm_sim/lib'
[0.839s] Level 1:colcon.colcon_core.environment:checking '/home/rrm/install/rrm_sim/bin'
[0.839s] Level 1:colcon.colcon_core.environment:checking '/home/rrm/install/rrm_sim/lib/pkgconfig/rrm_sim.pc'
[0.839s] Level 1:colcon.colcon_core.environment:checking '/home/rrm/install/rrm_sim/lib/python3.10/site-packages'
[0.839s] Level 1:colcon.colcon_core.environment:checking '/home/rrm/install/rrm_sim/bin'
[0.840s] INFO:colcon.colcon_core.shell:Creating package script '/home/rrm/install/rrm_sim/share/rrm_sim/package.ps1'
[0.840s] INFO:colcon.colcon_core.shell:Creating package descriptor '/home/rrm/install/rrm_sim/share/rrm_sim/package.dsv'
[0.841s] INFO:colcon.colcon_core.shell:Creating package script '/home/rrm/install/rrm_sim/share/rrm_sim/package.sh'
[0.841s] INFO:colcon.colcon_core.shell:Creating package script '/home/rrm/install/rrm_sim/share/rrm_sim/package.bash'
[0.842s] INFO:colcon.colcon_core.shell:Creating package script '/home/rrm/install/rrm_sim/share/rrm_sim/package.zsh'
[0.842s] Level 1:colcon.colcon_core.environment:create_file_with_runtime_dependencies(/home/rrm/install/rrm_sim/share/colcon-core/packages/rrm_sim)
[0.843s] Level 1:colcon.colcon_core.environment:create_environment_scripts_only(rrm_sim)
[0.843s] Level 1:colcon.colcon_core.environment:checking '/home/rrm/install/rrm_sim' for CMake module files
[0.844s] Level 1:colcon.colcon_core.environment:checking '/home/rrm/install/rrm_sim' for CMake config files
[0.844s] Level 1:colcon.colcon_core.shell:create_environment_hook('rrm_sim', 'cmake_prefix_path')
[0.844s] INFO:colcon.colcon_core.shell:Creating environment hook '/home/rrm/install/rrm_sim/share/rrm_sim/hook/cmake_prefix_path.ps1'
[0.845s] INFO:colcon.colcon_core.shell:Creating environment descriptor '/home/rrm/install/rrm_sim/share/rrm_sim/hook/cmake_prefix_path.dsv'
[0.845s] INFO:colcon.colcon_core.shell:Creating environment hook '/home/rrm/install/rrm_sim/share/rrm_sim/hook/cmake_prefix_path.sh'
[0.846s] Level 1:colcon.colcon_core.environment:checking '/home/rrm/install/rrm_sim/lib'
[0.846s] Level 1:colcon.colcon_core.environment:checking '/home/rrm/install/rrm_sim/bin'
[0.846s] Level 1:colcon.colcon_core.environment:checking '/home/rrm/install/rrm_sim/lib/pkgconfig/rrm_sim.pc'
[0.846s] Level 1:colcon.colcon_core.environment:checking '/home/rrm/install/rrm_sim/lib/python3.10/site-packages'
[0.847s] Level 1:colcon.colcon_core.environment:checking '/home/rrm/install/rrm_sim/bin'
[0.847s] INFO:colcon.colcon_core.shell:Creating package script '/home/rrm/install/rrm_sim/share/rrm_sim/package.ps1'
[0.847s] INFO:colcon.colcon_core.shell:Creating package descriptor '/home/rrm/install/rrm_sim/share/rrm_sim/package.dsv'
[0.848s] INFO:colcon.colcon_core.shell:Creating package script '/home/rrm/install/rrm_sim/share/rrm_sim/package.sh'
[0.848s] INFO:colcon.colcon_core.shell:Creating package script '/home/rrm/install/rrm_sim/share/rrm_sim/package.bash'
[0.848s] INFO:colcon.colcon_core.shell:Creating package script '/home/rrm/install/rrm_sim/share/rrm_sim/package.zsh'
[0.849s] Level 1:colcon.colcon_core.environment:create_file_with_runtime_dependencies(/home/rrm/install/rrm_sim/share/colcon-core/packages/rrm_sim)
[0.849s] DEBUG:colcon.colcon_parallel_executor.executor.parallel:closing loop
[0.849s] DEBUG:colcon.colcon_parallel_executor.executor.parallel:loop closed
[0.849s] DEBUG:colcon.colcon_parallel_executor.executor.parallel:run_until_complete finished with '0'
[0.849s] DEBUG:colcon.colcon_core.event_reactor:joining thread
[0.853s] INFO:colcon.colcon_core.plugin_system:Skipping extension 'colcon_notification.desktop_notification.notify_send': Could not find 'notify-send'
[0.853s] INFO:colcon.colcon_core.plugin_system:Skipping extension 'colcon_notification.desktop_notification.terminal_notifier': Not used on non-Darwin systems
[0.853s] INFO:colcon.colcon_core.plugin_system:Skipping extension 'colcon_notification.desktop_notification.win32': Not used on non-Windows systems
[0.854s] INFO:colcon.colcon_notification.desktop_notification:Sending desktop notification using 'notify2'
[0.855s] DEBUG:colcon.colcon_notification.desktop_notification.notify2:Failed to initialize notify2: org.freedesktop.DBus.Error.Spawn.ExecFailed: /usr/bin/dbus-launch terminated abnormally without any error message
[0.856s] DEBUG:colcon.colcon_core.event_reactor:joined thread
[0.856s] INFO:colcon.colcon_core.shell:Creating prefix script '/home/rrm/install/local_setup.ps1'
[0.857s] INFO:colcon.colcon_core.shell:Creating prefix util module '/home/rrm/install/_local_setup_util_ps1.py'
[0.859s] INFO:colcon.colcon_core.shell:Creating prefix chain script '/home/rrm/install/setup.ps1'
[0.860s] INFO:colcon.colcon_core.shell:Creating prefix script '/home/rrm/install/local_setup.sh'
[0.860s] INFO:colcon.colcon_core.shell:Creating prefix util module '/home/rrm/install/_local_setup_util_sh.py'
[0.861s] INFO:colcon.colcon_core.shell:Creating prefix chain script '/home/rrm/install/setup.sh'
[0.862s] INFO:colcon.colcon_core.shell:Creating prefix script '/home/rrm/install/local_setup.bash'
[0.863s] INFO:colcon.colcon_core.shell:Creating prefix chain script '/home/rrm/install/setup.bash'
[0.864s] INFO:colcon.colcon_core.shell:Creating prefix script '/home/rrm/install/local_setup.zsh'
[0.864s] INFO:colcon.colcon_core.shell:Creating prefix chain script '/home/rrm/install/setup.zsh'
