[0.106s] DEBUG:colcon:Command line arguments: ['/usr/bin/colcon', 'build']
[0.106s] DEBUG:colcon:Parsed command line arguments: Namespace(log_base=None, log_level=None, verb_name='build', build_base='build', install_base='install', merge_install=False, symlink_install=False, test_result_base=None, continue_on_error=False, executor='parallel', parallel_workers=8, event_handlers=None, ignore_user_meta=False, metas=['./colcon.meta'], base_paths=['.'], packages_ignore=None, packages_ignore_regex=None, paths=None, packages_up_to=None, packages_up_to_regex=None, packages_above=None, packages_above_and_dependencies=None, packages_above_depth=None, packages_select_by_dep=None, packages_skip_by_dep=None, packages_skip_up_to=None, packages_select_build_failed=False, packages_skip_build_finished=False, packages_select_test_failures=False, packages_skip_test_passed=False, packages_select=None, packages_skip=None, packages_select_regex=None, packages_skip_regex=None, packages_start=None, packages_end=None, cmake_args=None, cmake_target=None, cmake_target_skip_unavailable=False, cmake_clean_cache=False, cmake_clean_first=False, cmake_force_configure=False, ament_cmake_args=None, catkin_cmake_args=None, catkin_skip_building_tests=False, mixin_files=None, mixin=None, verb_parser=<colcon_mixin.mixin.mixin_argument.MixinArgumentDecorator object at 0x7f99922337f0>, verb_extension=<colcon_core.verb.build.BuildVerb object at 0x7f9992232d40>, main=<bound method BuildVerb.main of <colcon_core.verb.build.BuildVerb object at 0x7f9992232d40>>, mixin_verb=('build',))
[0.228s] Level 1:colcon.colcon_core.package_discovery:discover_packages(colcon_meta) check parameters
[0.229s] INFO:colcon.colcon_metadata.package_discovery.colcon_meta:Using configuration from '/root/.colcon/metadata/default/Gazebo.meta'
[0.229s] INFO:colcon.colcon_metadata.package_discovery.colcon_meta:Using configuration from '/root/.colcon/metadata/default/fastdds.meta'
[0.230s] INFO:colcon.colcon_metadata.package_discovery.colcon_meta:Using configuration from '/root/.colcon/metadata/default/fastrtps.meta'
[0.230s] Level 1:colcon.colcon_core.package_discovery:discover_packages(recursive) check parameters
[0.230s] Level 1:colcon.colcon_core.package_discovery:discover_packages(ignore) check parameters
[0.230s] Level 1:colcon.colcon_core.package_discovery:discover_packages(path) check parameters
[0.230s] Level 1:colcon.colcon_core.package_discovery:discover_packages(colcon_meta) discover
[0.230s] Level 1:colcon.colcon_core.package_discovery:discover_packages(recursive) discover
[0.230s] INFO:colcon.colcon_core.package_discovery:Crawling recursively for packages in '/home/rrm/src'
[0.230s] Level 1:colcon.colcon_core.package_identification:_identify(.) by extensions ['ignore', 'ignore_ament_install']
[0.230s] Level 1:colcon.colcon_core.package_identification:_identify(.) by extension 'ignore'
[0.230s] Level 1:colcon.colcon_core.package_identification:_identify(.) by extension 'ignore_ament_install'
[0.230s] Level 1:colcon.colcon_core.package_identification:_identify(.) by extensions ['colcon_pkg']
[0.230s] Level 1:colcon.colcon_core.package_identification:_identify(.) by extension 'colcon_pkg'
[0.230s] Level 1:colcon.colcon_core.package_identification:_identify(.) by extensions ['colcon_meta']
[0.230s] Level 1:colcon.colcon_core.package_identification:_identify(.) by extension 'colcon_meta'
[0.230s] Level 1:colcon.colcon_core.package_identification:_identify(.) by extensions ['ros']
[0.230s] Level 1:colcon.colcon_core.package_identification:_identify(.) by extension 'ros'
[0.240s] Level 1:colcon.colcon_core.package_identification:_identify(.) by extensions ['cmake', 'python']
[0.240s] Level 1:colcon.colcon_core.package_identification:_identify(.) by extension 'cmake'
[0.240s] Level 1:colcon.colcon_core.package_identification:_identify(.) by extension 'python'
[0.240s] Level 1:colcon.colcon_core.package_identification:_identify(.) by extensions ['python_setup_py']
[0.240s] Level 1:colcon.colcon_core.package_identification:_identify(.) by extension 'python_setup_py'
[0.240s] Level 1:colcon.colcon_core.package_identification:_identify(build) by extensions ['ignore', 'ignore_ament_install']
[0.240s] Level 1:colcon.colcon_core.package_identification:_identify(build) by extension 'ignore'
[0.240s] Level 1:colcon.colcon_core.package_identification:_identify(build) ignored
[0.240s] Level 1:colcon.colcon_core.package_identification:_identify(cv1) by extensions ['ignore', 'ignore_ament_install']
[0.240s] Level 1:colcon.colcon_core.package_identification:_identify(cv1) by extension 'ignore'
[0.240s] Level 1:colcon.colcon_core.package_identification:_identify(cv1) by extension 'ignore_ament_install'
[0.240s] Level 1:colcon.colcon_core.package_identification:_identify(cv1) by extensions ['colcon_pkg']
[0.240s] Level 1:colcon.colcon_core.package_identification:_identify(cv1) by extension 'colcon_pkg'
[0.240s] Level 1:colcon.colcon_core.package_identification:_identify(cv1) by extensions ['colcon_meta']
[0.240s] Level 1:colcon.colcon_core.package_identification:_identify(cv1) by extension 'colcon_meta'
[0.241s] Level 1:colcon.colcon_core.package_identification:_identify(cv1) by extensions ['ros']
[0.241s] Level 1:colcon.colcon_core.package_identification:_identify(cv1) by extension 'ros'
[0.243s] DEBUG:colcon.colcon_core.package_identification:Package 'cv1' with type 'ros.ament_cmake' and name 'cv1'
[0.243s] Level 1:colcon.colcon_core.package_identification:_identify(cv2) by extensions ['ignore', 'ignore_ament_install']
[0.243s] Level 1:colcon.colcon_core.package_identification:_identify(cv2) by extension 'ignore'
[0.243s] Level 1:colcon.colcon_core.package_identification:_identify(cv2) by extension 'ignore_ament_install'
[0.244s] Level 1:colcon.colcon_core.package_identification:_identify(cv2) by extensions ['colcon_pkg']
[0.244s] Level 1:colcon.colcon_core.package_identification:_identify(cv2) by extension 'colcon_pkg'
[0.244s] Level 1:colcon.colcon_core.package_identification:_identify(cv2) by extensions ['colcon_meta']
[0.244s] Level 1:colcon.colcon_core.package_identification:_identify(cv2) by extension 'colcon_meta'
[0.244s] Level 1:colcon.colcon_core.package_identification:_identify(cv2) by extensions ['ros']
[0.244s] Level 1:colcon.colcon_core.package_identification:_identify(cv2) by extension 'ros'
[0.245s] DEBUG:colcon.colcon_core.package_identification:Package 'cv2' with type 'ros.ament_cmake' and name 'cv2'
[0.245s] Level 1:colcon.colcon_core.package_identification:_identify(cv3) by extensions ['ignore', 'ignore_ament_install']
[0.245s] Level 1:colcon.colcon_core.package_identification:_identify(cv3) by extension 'ignore'
[0.245s] Level 1:colcon.colcon_core.package_identification:_identify(cv3) by extension 'ignore_ament_install'
[0.245s] Level 1:colcon.colcon_core.package_identification:_identify(cv3) by extensions ['colcon_pkg']
[0.245s] Level 1:colcon.colcon_core.package_identification:_identify(cv3) by extension 'colcon_pkg'
[0.245s] Level 1:colcon.colcon_core.package_identification:_identify(cv3) by extensions ['colcon_meta']
[0.245s] Level 1:colcon.colcon_core.package_identification:_identify(cv3) by extension 'colcon_meta'
[0.245s] Level 1:colcon.colcon_core.package_identification:_identify(cv3) by extensions ['ros']
[0.245s] Level 1:colcon.colcon_core.package_identification:_identify(cv3) by extension 'ros'
[0.246s] DEBUG:colcon.colcon_core.package_identification:Package 'cv3' with type 'ros.ament_cmake' and name 'cv3'
[0.246s] Level 1:colcon.colcon_core.package_identification:_identify(install) by extensions ['ignore', 'ignore_ament_install']
[0.246s] Level 1:colcon.colcon_core.package_identification:_identify(install) by extension 'ignore'
[0.246s] Level 1:colcon.colcon_core.package_identification:_identify(install) ignored
[0.246s] Level 1:colcon.colcon_core.package_identification:_identify(log) by extensions ['ignore', 'ignore_ament_install']
[0.246s] Level 1:colcon.colcon_core.package_identification:_identify(log) by extension 'ignore'
[0.246s] Level 1:colcon.colcon_core.package_identification:_identify(log) ignored
[0.246s] Level 1:colcon.colcon_core.package_identification:_identify(rrm_msgs) by extensions ['ignore', 'ignore_ament_install']
[0.246s] Level 1:colcon.colcon_core.package_identification:_identify(rrm_msgs) by extension 'ignore'
[0.247s] Level 1:colcon.colcon_core.package_identification:_identify(rrm_msgs) by extension 'ignore_ament_install'
[0.247s] Level 1:colcon.colcon_core.package_identification:_identify(rrm_msgs) by extensions ['colcon_pkg']
[0.247s] Level 1:colcon.colcon_core.package_identification:_identify(rrm_msgs) by extension 'colcon_pkg'
[0.247s] Level 1:colcon.colcon_core.package_identification:_identify(rrm_msgs) by extensions ['colcon_meta']
[0.247s] Level 1:colcon.colcon_core.package_identification:_identify(rrm_msgs) by extension 'colcon_meta'
[0.247s] Level 1:colcon.colcon_core.package_identification:_identify(rrm_msgs) by extensions ['ros']
[0.247s] Level 1:colcon.colcon_core.package_identification:_identify(rrm_msgs) by extension 'ros'
[0.247s] DEBUG:colcon.colcon_core.package_identification:Package 'rrm_msgs' with type 'ros.ament_cmake' and name 'rrm_msgs'
[0.247s] Level 1:colcon.colcon_core.package_identification:_identify(rrm_sim) by extensions ['ignore', 'ignore_ament_install']
[0.247s] Level 1:colcon.colcon_core.package_identification:_identify(rrm_sim) by extension 'ignore'
[0.248s] Level 1:colcon.colcon_core.package_identification:_identify(rrm_sim) by extension 'ignore_ament_install'
[0.248s] Level 1:colcon.colcon_core.package_identification:_identify(rrm_sim) by extensions ['colcon_pkg']
[0.248s] Level 1:colcon.colcon_core.package_identification:_identify(rrm_sim) by extension 'colcon_pkg'
[0.248s] Level 1:colcon.colcon_core.package_identification:_identify(rrm_sim) by extensions ['colcon_meta']
[0.248s] Level 1:colcon.colcon_core.package_identification:_identify(rrm_sim) by extension 'colcon_meta'
[0.248s] Level 1:colcon.colcon_core.package_identification:_identify(rrm_sim) by extensions ['ros']
[0.248s] Level 1:colcon.colcon_core.package_identification:_identify(rrm_sim) by extension 'ros'
[0.249s] DEBUG:colcon.colcon_core.package_identification:Package 'rrm_sim' with type 'ros.ament_cmake' and name 'rrm_sim'
[0.249s] Level 1:colcon.colcon_core.package_identification:_identify(rrm_simple_robot_model) by extensions ['ignore', 'ignore_ament_install']
[0.249s] Level 1:colcon.colcon_core.package_identification:_identify(rrm_simple_robot_model) by extension 'ignore'
[0.249s] Level 1:colcon.colcon_core.package_identification:_identify(rrm_simple_robot_model) by extension 'ignore_ament_install'
[0.249s] Level 1:colcon.colcon_core.package_identification:_identify(rrm_simple_robot_model) by extensions ['colcon_pkg']
[0.249s] Level 1:colcon.colcon_core.package_identification:_identify(rrm_simple_robot_model) by extension 'colcon_pkg'
[0.249s] Level 1:colcon.colcon_core.package_identification:_identify(rrm_simple_robot_model) by extensions ['colcon_meta']
[0.249s] Level 1:colcon.colcon_core.package_identification:_identify(rrm_simple_robot_model) by extension 'colcon_meta'
[0.249s] Level 1:colcon.colcon_core.package_identification:_identify(rrm_simple_robot_model) by extensions ['ros']
[0.249s] Level 1:colcon.colcon_core.package_identification:_identify(rrm_simple_robot_model) by extension 'ros'
[0.250s] DEBUG:colcon.colcon_core.package_identification:Package 'rrm_simple_robot_model' with type 'ros.ament_cmake' and name 'rrm_simple_robot_model'
[0.250s] Level 1:colcon.colcon_core.package_discovery:discover_packages(recursive) using defaults
[0.250s] Level 1:colcon.colcon_core.package_discovery:discover_packages(ignore) discover
[0.250s] Level 1:colcon.colcon_core.package_discovery:discover_packages(ignore) using defaults
[0.250s] Level 1:colcon.colcon_core.package_discovery:discover_packages(path) discover
[0.250s] Level 1:colcon.colcon_core.package_discovery:discover_packages(path) using defaults
[0.268s] Level 5:colcon.colcon_core.verb:set package 'cv1' build argument 'cmake_args' from command line to 'None'
[0.268s] Level 5:colcon.colcon_core.verb:set package 'cv1' build argument 'cmake_target' from command line to 'None'
[0.268s] Level 5:colcon.colcon_core.verb:set package 'cv1' build argument 'cmake_target_skip_unavailable' from command line to 'False'
[0.268s] Level 5:colcon.colcon_core.verb:set package 'cv1' build argument 'cmake_clean_cache' from command line to 'False'
[0.268s] Level 5:colcon.colcon_core.verb:set package 'cv1' build argument 'cmake_clean_first' from command line to 'False'
[0.268s] Level 5:colcon.colcon_core.verb:set package 'cv1' build argument 'cmake_force_configure' from command line to 'False'
[0.268s] Level 5:colcon.colcon_core.verb:set package 'cv1' build argument 'ament_cmake_args' from command line to 'None'
[0.268s] Level 5:colcon.colcon_core.verb:set package 'cv1' build argument 'catkin_cmake_args' from command line to 'None'
[0.268s] Level 5:colcon.colcon_core.verb:set package 'cv1' build argument 'catkin_skip_building_tests' from command line to 'False'
[0.268s] DEBUG:colcon.colcon_core.verb:Building package 'cv1' with the following arguments: {'ament_cmake_args': None, 'build_base': '/home/rrm/src/build/cv1', 'catkin_cmake_args': None, 'catkin_skip_building_tests': False, 'cmake_args': None, 'cmake_clean_cache': False, 'cmake_clean_first': False, 'cmake_force_configure': False, 'cmake_target': None, 'cmake_target_skip_unavailable': False, 'install_base': '/home/rrm/src/install/cv1', 'merge_install': False, 'path': '/home/rrm/src/cv1', 'symlink_install': False, 'test_result_base': None}
[0.269s] Level 5:colcon.colcon_core.verb:set package 'rrm_msgs' build argument 'cmake_args' from command line to 'None'
[0.269s] Level 5:colcon.colcon_core.verb:set package 'rrm_msgs' build argument 'cmake_target' from command line to 'None'
[0.269s] Level 5:colcon.colcon_core.verb:set package 'rrm_msgs' build argument 'cmake_target_skip_unavailable' from command line to 'False'
[0.269s] Level 5:colcon.colcon_core.verb:set package 'rrm_msgs' build argument 'cmake_clean_cache' from command line to 'False'
[0.269s] Level 5:colcon.colcon_core.verb:set package 'rrm_msgs' build argument 'cmake_clean_first' from command line to 'False'
[0.269s] Level 5:colcon.colcon_core.verb:set package 'rrm_msgs' build argument 'cmake_force_configure' from command line to 'False'
[0.269s] Level 5:colcon.colcon_core.verb:set package 'rrm_msgs' build argument 'ament_cmake_args' from command line to 'None'
[0.269s] Level 5:colcon.colcon_core.verb:set package 'rrm_msgs' build argument 'catkin_cmake_args' from command line to 'None'
[0.269s] Level 5:colcon.colcon_core.verb:set package 'rrm_msgs' build argument 'catkin_skip_building_tests' from command line to 'False'
[0.269s] DEBUG:colcon.colcon_core.verb:Building package 'rrm_msgs' with the following arguments: {'ament_cmake_args': None, 'build_base': '/home/rrm/src/build/rrm_msgs', 'catkin_cmake_args': None, 'catkin_skip_building_tests': False, 'cmake_args': None, 'cmake_clean_cache': False, 'cmake_clean_first': False, 'cmake_force_configure': False, 'cmake_target': None, 'cmake_target_skip_unavailable': False, 'install_base': '/home/rrm/src/install/rrm_msgs', 'merge_install': False, 'path': '/home/rrm/src/rrm_msgs', 'symlink_install': False, 'test_result_base': None}
[0.269s] Level 5:colcon.colcon_core.verb:set package 'rrm_simple_robot_model' build argument 'cmake_args' from command line to 'None'
[0.269s] Level 5:colcon.colcon_core.verb:set package 'rrm_simple_robot_model' build argument 'cmake_target' from command line to 'None'
[0.269s] Level 5:colcon.colcon_core.verb:set package 'rrm_simple_robot_model' build argument 'cmake_target_skip_unavailable' from command line to 'False'
[0.269s] Level 5:colcon.colcon_core.verb:set package 'rrm_simple_robot_model' build argument 'cmake_clean_cache' from command line to 'False'
[0.269s] Level 5:colcon.colcon_core.verb:set package 'rrm_simple_robot_model' build argument 'cmake_clean_first' from command line to 'False'
[0.269s] Level 5:colcon.colcon_core.verb:set package 'rrm_simple_robot_model' build argument 'cmake_force_configure' from command line to 'False'
[0.269s] Level 5:colcon.colcon_core.verb:set package 'rrm_simple_robot_model' build argument 'ament_cmake_args' from command line to 'None'
[0.269s] Level 5:colcon.colcon_core.verb:set package 'rrm_simple_robot_model' build argument 'catkin_cmake_args' from command line to 'None'
[0.269s] Level 5:colcon.colcon_core.verb:set package 'rrm_simple_robot_model' build argument 'catkin_skip_building_tests' from command line to 'False'
[0.270s] DEBUG:colcon.colcon_core.verb:Building package 'rrm_simple_robot_model' with the following arguments: {'ament_cmake_args': None, 'build_base': '/home/rrm/src/build/rrm_simple_robot_model', 'catkin_cmake_args': None, 'catkin_skip_building_tests': False, 'cmake_args': None, 'cmake_clean_cache': False, 'cmake_clean_first': False, 'cmake_force_configure': False, 'cmake_target': None, 'cmake_target_skip_unavailable': False, 'install_base': '/home/rrm/src/install/rrm_simple_robot_model', 'merge_install': False, 'path': '/home/rrm/src/rrm_simple_robot_model', 'symlink_install': False, 'test_result_base': None}
[0.270s] Level 5:colcon.colcon_core.verb:set package 'cv2' build argument 'cmake_args' from command line to 'None'
[0.270s] Level 5:colcon.colcon_core.verb:set package 'cv2' build argument 'cmake_target' from command line to 'None'
[0.270s] Level 5:colcon.colcon_core.verb:set package 'cv2' build argument 'cmake_target_skip_unavailable' from command line to 'False'
[0.270s] Level 5:colcon.colcon_core.verb:set package 'cv2' build argument 'cmake_clean_cache' from command line to 'False'
[0.270s] Level 5:colcon.colcon_core.verb:set package 'cv2' build argument 'cmake_clean_first' from command line to 'False'
[0.270s] Level 5:colcon.colcon_core.verb:set package 'cv2' build argument 'cmake_force_configure' from command line to 'False'
[0.270s] Level 5:colcon.colcon_core.verb:set package 'cv2' build argument 'ament_cmake_args' from command line to 'None'
[0.270s] Level 5:colcon.colcon_core.verb:set package 'cv2' build argument 'catkin_cmake_args' from command line to 'None'
[0.270s] Level 5:colcon.colcon_core.verb:set package 'cv2' build argument 'catkin_skip_building_tests' from command line to 'False'
[0.270s] DEBUG:colcon.colcon_core.verb:Building package 'cv2' with the following arguments: {'ament_cmake_args': None, 'build_base': '/home/rrm/src/build/cv2', 'catkin_cmake_args': None, 'catkin_skip_building_tests': False, 'cmake_args': None, 'cmake_clean_cache': False, 'cmake_clean_first': False, 'cmake_force_configure': False, 'cmake_target': None, 'cmake_target_skip_unavailable': False, 'install_base': '/home/rrm/src/install/cv2', 'merge_install': False, 'path': '/home/rrm/src/cv2', 'symlink_install': False, 'test_result_base': None}
[0.270s] Level 5:colcon.colcon_core.verb:set package 'cv3' build argument 'cmake_args' from command line to 'None'
[0.270s] Level 5:colcon.colcon_core.verb:set package 'cv3' build argument 'cmake_target' from command line to 'None'
[0.270s] Level 5:colcon.colcon_core.verb:set package 'cv3' build argument 'cmake_target_skip_unavailable' from command line to 'False'
[0.270s] Level 5:colcon.colcon_core.verb:set package 'cv3' build argument 'cmake_clean_cache' from command line to 'False'
[0.270s] Level 5:colcon.colcon_core.verb:set package 'cv3' build argument 'cmake_clean_first' from command line to 'False'
[0.270s] Level 5:colcon.colcon_core.verb:set package 'cv3' build argument 'cmake_force_configure' from command line to 'False'
[0.270s] Level 5:colcon.colcon_core.verb:set package 'cv3' build argument 'ament_cmake_args' from command line to 'None'
[0.270s] Level 5:colcon.colcon_core.verb:set package 'cv3' build argument 'catkin_cmake_args' from command line to 'None'
[0.270s] Level 5:colcon.colcon_core.verb:set package 'cv3' build argument 'catkin_skip_building_tests' from command line to 'False'
[0.271s] DEBUG:colcon.colcon_core.verb:Building package 'cv3' with the following arguments: {'ament_cmake_args': None, 'build_base': '/home/rrm/src/build/cv3', 'catkin_cmake_args': None, 'catkin_skip_building_tests': False, 'cmake_args': None, 'cmake_clean_cache': False, 'cmake_clean_first': False, 'cmake_force_configure': False, 'cmake_target': None, 'cmake_target_skip_unavailable': False, 'install_base': '/home/rrm/src/install/cv3', 'merge_install': False, 'path': '/home/rrm/src/cv3', 'symlink_install': False, 'test_result_base': None}
[0.271s] Level 5:colcon.colcon_core.verb:set package 'rrm_sim' build argument 'cmake_args' from command line to 'None'
[0.271s] Level 5:colcon.colcon_core.verb:set package 'rrm_sim' build argument 'cmake_target' from command line to 'None'
[0.271s] Level 5:colcon.colcon_core.verb:set package 'rrm_sim' build argument 'cmake_target_skip_unavailable' from command line to 'False'
[0.271s] Level 5:colcon.colcon_core.verb:set package 'rrm_sim' build argument 'cmake_clean_cache' from command line to 'False'
[0.271s] Level 5:colcon.colcon_core.verb:set package 'rrm_sim' build argument 'cmake_clean_first' from command line to 'False'
[0.271s] Level 5:colcon.colcon_core.verb:set package 'rrm_sim' build argument 'cmake_force_configure' from command line to 'False'
[0.271s] Level 5:colcon.colcon_core.verb:set package 'rrm_sim' build argument 'ament_cmake_args' from command line to 'None'
[0.271s] Level 5:colcon.colcon_core.verb:set package 'rrm_sim' build argument 'catkin_cmake_args' from command line to 'None'
[0.271s] Level 5:colcon.colcon_core.verb:set package 'rrm_sim' build argument 'catkin_skip_building_tests' from command line to 'False'
[0.271s] DEBUG:colcon.colcon_core.verb:Building package 'rrm_sim' with the following arguments: {'ament_cmake_args': None, 'build_base': '/home/rrm/src/build/rrm_sim', 'catkin_cmake_args': None, 'catkin_skip_building_tests': False, 'cmake_args': None, 'cmake_clean_cache': False, 'cmake_clean_first': False, 'cmake_force_configure': False, 'cmake_target': None, 'cmake_target_skip_unavailable': False, 'install_base': '/home/rrm/src/install/rrm_sim', 'merge_install': False, 'path': '/home/rrm/src/rrm_sim', 'symlink_install': False, 'test_result_base': None}
[0.271s] INFO:colcon.colcon_core.executor:Executing jobs using 'parallel' executor
[0.272s] DEBUG:colcon.colcon_parallel_executor.executor.parallel:run_until_complete
[0.272s] INFO:colcon.colcon_ros.task.ament_cmake.build:Building ROS package in '/home/rrm/src/rrm_msgs' with build type 'ament_cmake'
[0.272s] INFO:colcon.colcon_cmake.task.cmake.build:Building CMake package in '/home/rrm/src/rrm_msgs'
[0.275s] INFO:colcon.colcon_core.plugin_system:Skipping extension 'colcon_core.shell.bat': Not used on non-Windows systems
[0.275s] INFO:colcon.colcon_core.shell:Skip shell extension 'powershell' for command environment: Not usable outside of PowerShell
[0.275s] DEBUG:colcon.colcon_core.shell:Skip shell extension 'dsv' for command environment
[0.282s] INFO:colcon.colcon_ros.task.ament_cmake.build:Building ROS package in '/home/rrm/src/cv1' with build type 'ament_cmake'
[0.282s] INFO:colcon.colcon_cmake.task.cmake.build:Building CMake package in '/home/rrm/src/cv1'
[0.283s] INFO:colcon.colcon_core.shell:Skip shell extension 'powershell' for command environment: Not usable outside of PowerShell
[0.283s] DEBUG:colcon.colcon_core.shell:Skip shell extension 'dsv' for command environment
[0.287s] INFO:colcon.colcon_ros.task.ament_cmake.build:Building ROS package in '/home/rrm/src/rrm_simple_robot_model' with build type 'ament_cmake'
[0.287s] INFO:colcon.colcon_cmake.task.cmake.build:Building CMake package in '/home/rrm/src/rrm_simple_robot_model'
[0.288s] INFO:colcon.colcon_core.shell:Skip shell extension 'powershell' for command environment: Not usable outside of PowerShell
[0.288s] DEBUG:colcon.colcon_core.shell:Skip shell extension 'dsv' for command environment
[0.297s] DEBUG:colcon.colcon_core.event_handler.log_command:Invoking command in '/home/rrm/src/build/rrm_msgs': CMAKE_PREFIX_PATH=${CMAKE_PREFIX_PATH}:/opt/ros/humble /usr/bin/cmake --build /home/rrm/src/build/rrm_msgs -- -j8 -l8
[0.302s] DEBUG:colcon.colcon_core.event_handler.log_command:Invoking command in '/home/rrm/src/build/cv1': CMAKE_PREFIX_PATH=${CMAKE_PREFIX_PATH}:/opt/ros/humble /usr/bin/cmake --build /home/rrm/src/build/cv1 -- -j8 -l8
[0.310s] DEBUG:colcon.colcon_core.event_handler.log_command:Invoking command in '/home/rrm/src/build/rrm_simple_robot_model': CMAKE_PREFIX_PATH=${CMAKE_PREFIX_PATH}:/opt/ros/humble /usr/bin/cmake --build /home/rrm/src/build/rrm_simple_robot_model -- -j8 -l8
[0.336s] DEBUG:colcon.colcon_core.event_handler.log_command:Invoked command in '/home/rrm/src/build/rrm_simple_robot_model' returned '0': CMAKE_PREFIX_PATH=${CMAKE_PREFIX_PATH}:/opt/ros/humble /usr/bin/cmake --build /home/rrm/src/build/rrm_simple_robot_model -- -j8 -l8
[0.352s] DEBUG:colcon.colcon_core.event_handler.log_command:Invoking command in '/home/rrm/src/build/rrm_simple_robot_model': CMAKE_PREFIX_PATH=${CMAKE_PREFIX_PATH}:/opt/ros/humble /usr/bin/cmake --install /home/rrm/src/build/rrm_simple_robot_model
[0.364s] Level 1:colcon.colcon_core.environment:create_environment_scripts_only(rrm_simple_robot_model)
[0.367s] Level 1:colcon.colcon_core.environment:checking '/home/rrm/src/install/rrm_simple_robot_model' for CMake module files
[0.368s] Level 1:colcon.colcon_core.environment:checking '/home/rrm/src/install/rrm_simple_robot_model' for CMake config files
[0.368s] DEBUG:colcon.colcon_core.event_handler.log_command:Invoked command in '/home/rrm/src/build/rrm_simple_robot_model' returned '0': CMAKE_PREFIX_PATH=${CMAKE_PREFIX_PATH}:/opt/ros/humble /usr/bin/cmake --install /home/rrm/src/build/rrm_simple_robot_model
[0.369s] Level 1:colcon.colcon_core.shell:create_environment_hook('rrm_simple_robot_model', 'cmake_prefix_path')
[0.369s] INFO:colcon.colcon_core.shell:Creating environment hook '/home/rrm/src/install/rrm_simple_robot_model/share/rrm_simple_robot_model/hook/cmake_prefix_path.ps1'
[0.371s] INFO:colcon.colcon_core.shell:Creating environment descriptor '/home/rrm/src/install/rrm_simple_robot_model/share/rrm_simple_robot_model/hook/cmake_prefix_path.dsv'
[0.371s] INFO:colcon.colcon_core.shell:Creating environment hook '/home/rrm/src/install/rrm_simple_robot_model/share/rrm_simple_robot_model/hook/cmake_prefix_path.sh'
[0.373s] Level 1:colcon.colcon_core.environment:checking '/home/rrm/src/install/rrm_simple_robot_model/bin'
[0.373s] Level 1:colcon.colcon_core.environment:checking '/home/rrm/src/install/rrm_simple_robot_model/lib/pkgconfig/rrm_simple_robot_model.pc'
[0.375s] Level 1:colcon.colcon_core.environment:checking '/home/rrm/src/install/rrm_simple_robot_model/lib/python3.10/site-packages'
[0.375s] Level 1:colcon.colcon_core.environment:checking '/home/rrm/src/install/rrm_simple_robot_model/bin'
[0.375s] INFO:colcon.colcon_core.shell:Creating package script '/home/rrm/src/install/rrm_simple_robot_model/share/rrm_simple_robot_model/package.ps1'
[0.376s] INFO:colcon.colcon_core.shell:Creating package descriptor '/home/rrm/src/install/rrm_simple_robot_model/share/rrm_simple_robot_model/package.dsv'
[0.377s] INFO:colcon.colcon_core.shell:Creating package script '/home/rrm/src/install/rrm_simple_robot_model/share/rrm_simple_robot_model/package.sh'
[0.377s] INFO:colcon.colcon_core.shell:Creating package script '/home/rrm/src/install/rrm_simple_robot_model/share/rrm_simple_robot_model/package.bash'
[0.378s] INFO:colcon.colcon_core.shell:Creating package script '/home/rrm/src/install/rrm_simple_robot_model/share/rrm_simple_robot_model/package.zsh'
[0.391s] Level 1:colcon.colcon_core.environment:create_file_with_runtime_dependencies(/home/rrm/src/install/rrm_simple_robot_model/share/colcon-core/packages/rrm_simple_robot_model)
[0.392s] Level 1:colcon.colcon_core.environment:create_environment_scripts_only(rrm_simple_robot_model)
[0.392s] Level 1:colcon.colcon_core.environment:checking '/home/rrm/src/install/rrm_simple_robot_model' for CMake module files
[0.393s] Level 1:colcon.colcon_core.environment:checking '/home/rrm/src/install/rrm_simple_robot_model' for CMake config files
[0.393s] Level 1:colcon.colcon_core.shell:create_environment_hook('rrm_simple_robot_model', 'cmake_prefix_path')
[0.394s] INFO:colcon.colcon_core.shell:Creating environment hook '/home/rrm/src/install/rrm_simple_robot_model/share/rrm_simple_robot_model/hook/cmake_prefix_path.ps1'
[0.394s] INFO:colcon.colcon_core.shell:Creating environment descriptor '/home/rrm/src/install/rrm_simple_robot_model/share/rrm_simple_robot_model/hook/cmake_prefix_path.dsv'
[0.394s] INFO:colcon.colcon_core.shell:Creating environment hook '/home/rrm/src/install/rrm_simple_robot_model/share/rrm_simple_robot_model/hook/cmake_prefix_path.sh'
[0.395s] Level 1:colcon.colcon_core.environment:checking '/home/rrm/src/install/rrm_simple_robot_model/bin'
[0.395s] Level 1:colcon.colcon_core.environment:checking '/home/rrm/src/install/rrm_simple_robot_model/lib/pkgconfig/rrm_simple_robot_model.pc'
[0.396s] Level 1:colcon.colcon_core.environment:checking '/home/rrm/src/install/rrm_simple_robot_model/lib/python3.10/site-packages'
[0.396s] Level 1:colcon.colcon_core.environment:checking '/home/rrm/src/install/rrm_simple_robot_model/bin'
[0.396s] INFO:colcon.colcon_core.shell:Creating package script '/home/rrm/src/install/rrm_simple_robot_model/share/rrm_simple_robot_model/package.ps1'
[0.397s] INFO:colcon.colcon_core.shell:Creating package descriptor '/home/rrm/src/install/rrm_simple_robot_model/share/rrm_simple_robot_model/package.dsv'
[0.398s] INFO:colcon.colcon_core.shell:Creating package script '/home/rrm/src/install/rrm_simple_robot_model/share/rrm_simple_robot_model/package.sh'
[0.398s] INFO:colcon.colcon_core.shell:Creating package script '/home/rrm/src/install/rrm_simple_robot_model/share/rrm_simple_robot_model/package.bash'
[0.399s] INFO:colcon.colcon_core.shell:Creating package script '/home/rrm/src/install/rrm_simple_robot_model/share/rrm_simple_robot_model/package.zsh'
[0.399s] Level 1:colcon.colcon_core.environment:create_file_with_runtime_dependencies(/home/rrm/src/install/rrm_simple_robot_model/share/colcon-core/packages/rrm_simple_robot_model)
[0.401s] DEBUG:colcon.colcon_core.event_handler.log_command:Invoked command in '/home/rrm/src/build/cv1' returned '0': CMAKE_PREFIX_PATH=${CMAKE_PREFIX_PATH}:/opt/ros/humble /usr/bin/cmake --build /home/rrm/src/build/cv1 -- -j8 -l8
[0.402s] DEBUG:colcon.colcon_core.event_handler.log_command:Invoking command in '/home/rrm/src/build/cv1': CMAKE_PREFIX_PATH=${CMAKE_PREFIX_PATH}:/opt/ros/humble /usr/bin/cmake --install /home/rrm/src/build/cv1
[0.413s] Level 1:colcon.colcon_core.environment:create_environment_scripts_only(cv1)
[0.413s] Level 1:colcon.colcon_core.environment:checking '/home/rrm/src/install/cv1' for CMake module files
[0.414s] DEBUG:colcon.colcon_core.event_handler.log_command:Invoked command in '/home/rrm/src/build/cv1' returned '0': CMAKE_PREFIX_PATH=${CMAKE_PREFIX_PATH}:/opt/ros/humble /usr/bin/cmake --install /home/rrm/src/build/cv1
[0.414s] Level 1:colcon.colcon_core.environment:checking '/home/rrm/src/install/cv1' for CMake config files
[0.415s] Level 1:colcon.colcon_core.shell:create_environment_hook('cv1', 'cmake_prefix_path')
[0.415s] INFO:colcon.colcon_core.shell:Creating environment hook '/home/rrm/src/install/cv1/share/cv1/hook/cmake_prefix_path.ps1'
[0.415s] INFO:colcon.colcon_core.shell:Creating environment descriptor '/home/rrm/src/install/cv1/share/cv1/hook/cmake_prefix_path.dsv'
[0.416s] INFO:colcon.colcon_core.shell:Creating environment hook '/home/rrm/src/install/cv1/share/cv1/hook/cmake_prefix_path.sh'
[0.417s] Level 1:colcon.colcon_core.environment:checking '/home/rrm/src/install/cv1/lib'
[0.417s] Level 1:colcon.colcon_core.environment:checking '/home/rrm/src/install/cv1/bin'
[0.417s] Level 1:colcon.colcon_core.environment:checking '/home/rrm/src/install/cv1/lib/pkgconfig/cv1.pc'
[0.417s] Level 1:colcon.colcon_core.environment:checking '/home/rrm/src/install/cv1/lib/python3.10/site-packages'
[0.418s] Level 1:colcon.colcon_core.environment:checking '/home/rrm/src/install/cv1/bin'
[0.418s] INFO:colcon.colcon_core.shell:Creating package script '/home/rrm/src/install/cv1/share/cv1/package.ps1'
[0.419s] INFO:colcon.colcon_core.shell:Creating package descriptor '/home/rrm/src/install/cv1/share/cv1/package.dsv'
[0.420s] INFO:colcon.colcon_core.shell:Creating package script '/home/rrm/src/install/cv1/share/cv1/package.sh'
[0.420s] INFO:colcon.colcon_core.shell:Creating package script '/home/rrm/src/install/cv1/share/cv1/package.bash'
[0.421s] INFO:colcon.colcon_core.shell:Creating package script '/home/rrm/src/install/cv1/share/cv1/package.zsh'
[0.421s] Level 1:colcon.colcon_core.environment:create_file_with_runtime_dependencies(/home/rrm/src/install/cv1/share/colcon-core/packages/cv1)
[0.422s] Level 1:colcon.colcon_core.environment:create_environment_scripts_only(cv1)
[0.422s] Level 1:colcon.colcon_core.environment:checking '/home/rrm/src/install/cv1' for CMake module files
[0.423s] Level 1:colcon.colcon_core.environment:checking '/home/rrm/src/install/cv1' for CMake config files
[0.423s] Level 1:colcon.colcon_core.shell:create_environment_hook('cv1', 'cmake_prefix_path')
[0.423s] INFO:colcon.colcon_core.shell:Creating environment hook '/home/rrm/src/install/cv1/share/cv1/hook/cmake_prefix_path.ps1'
[0.424s] INFO:colcon.colcon_core.shell:Creating environment descriptor '/home/rrm/src/install/cv1/share/cv1/hook/cmake_prefix_path.dsv'
[0.424s] INFO:colcon.colcon_core.shell:Creating environment hook '/home/rrm/src/install/cv1/share/cv1/hook/cmake_prefix_path.sh'
[0.425s] Level 1:colcon.colcon_core.environment:checking '/home/rrm/src/install/cv1/lib'
[0.425s] Level 1:colcon.colcon_core.environment:checking '/home/rrm/src/install/cv1/bin'
[0.425s] Level 1:colcon.colcon_core.environment:checking '/home/rrm/src/install/cv1/lib/pkgconfig/cv1.pc'
[0.425s] Level 1:colcon.colcon_core.environment:checking '/home/rrm/src/install/cv1/lib/python3.10/site-packages'
[0.426s] Level 1:colcon.colcon_core.environment:checking '/home/rrm/src/install/cv1/bin'
[0.426s] INFO:colcon.colcon_core.shell:Creating package script '/home/rrm/src/install/cv1/share/cv1/package.ps1'
[0.427s] INFO:colcon.colcon_core.shell:Creating package descriptor '/home/rrm/src/install/cv1/share/cv1/package.dsv'
[0.428s] INFO:colcon.colcon_core.shell:Creating package script '/home/rrm/src/install/cv1/share/cv1/package.sh'
[0.428s] INFO:colcon.colcon_core.shell:Creating package script '/home/rrm/src/install/cv1/share/cv1/package.bash'
[0.429s] INFO:colcon.colcon_core.shell:Creating package script '/home/rrm/src/install/cv1/share/cv1/package.zsh'
[0.432s] Level 1:colcon.colcon_core.environment:create_file_with_runtime_dependencies(/home/rrm/src/install/cv1/share/colcon-core/packages/cv1)
[0.620s] DEBUG:colcon.colcon_core.event_handler.log_command:Invoked command in '/home/rrm/src/build/rrm_msgs' returned '0': CMAKE_PREFIX_PATH=${CMAKE_PREFIX_PATH}:/opt/ros/humble /usr/bin/cmake --build /home/rrm/src/build/rrm_msgs -- -j8 -l8
[0.622s] DEBUG:colcon.colcon_core.event_handler.log_command:Invoking command in '/home/rrm/src/build/rrm_msgs': CMAKE_PREFIX_PATH=${CMAKE_PREFIX_PATH}:/opt/ros/humble /usr/bin/cmake --install /home/rrm/src/build/rrm_msgs
[0.674s] Level 1:colcon.colcon_core.environment:create_environment_scripts_only(rrm_msgs)
[0.675s] Level 1:colcon.colcon_core.environment:checking '/home/rrm/src/install/rrm_msgs' for CMake module files
[0.677s] DEBUG:colcon.colcon_core.event_handler.log_command:Invoked command in '/home/rrm/src/build/rrm_msgs' returned '0': CMAKE_PREFIX_PATH=${CMAKE_PREFIX_PATH}:/opt/ros/humble /usr/bin/cmake --install /home/rrm/src/build/rrm_msgs
[0.677s] Level 1:colcon.colcon_core.environment:checking '/home/rrm/src/install/rrm_msgs' for CMake config files
[0.677s] Level 1:colcon.colcon_core.shell:create_environment_hook('rrm_msgs', 'cmake_prefix_path')
[0.678s] INFO:colcon.colcon_core.shell:Creating environment hook '/home/rrm/src/install/rrm_msgs/share/rrm_msgs/hook/cmake_prefix_path.ps1'
[0.679s] INFO:colcon.colcon_core.shell:Creating environment descriptor '/home/rrm/src/install/rrm_msgs/share/rrm_msgs/hook/cmake_prefix_path.dsv'
[0.679s] INFO:colcon.colcon_core.shell:Creating environment hook '/home/rrm/src/install/rrm_msgs/share/rrm_msgs/hook/cmake_prefix_path.sh'
[0.680s] Level 1:colcon.colcon_core.environment:checking '/home/rrm/src/install/rrm_msgs/lib'
[0.680s] Level 1:colcon.colcon_core.shell:create_environment_hook('rrm_msgs', 'ld_library_path_lib')
[0.681s] INFO:colcon.colcon_core.shell:Creating environment hook '/home/rrm/src/install/rrm_msgs/share/rrm_msgs/hook/ld_library_path_lib.ps1'
[0.681s] INFO:colcon.colcon_core.shell:Creating environment descriptor '/home/rrm/src/install/rrm_msgs/share/rrm_msgs/hook/ld_library_path_lib.dsv'
[0.682s] INFO:colcon.colcon_core.shell:Creating environment hook '/home/rrm/src/install/rrm_msgs/share/rrm_msgs/hook/ld_library_path_lib.sh'
[0.682s] Level 1:colcon.colcon_core.environment:checking '/home/rrm/src/install/rrm_msgs/bin'
[0.682s] Level 1:colcon.colcon_core.environment:checking '/home/rrm/src/install/rrm_msgs/lib/pkgconfig/rrm_msgs.pc'
[0.682s] Level 1:colcon.colcon_core.environment:checking '/home/rrm/src/install/rrm_msgs/lib/python3.10/site-packages'
[0.683s] Level 1:colcon.colcon_core.environment:checking '/home/rrm/src/install/rrm_msgs/bin'
[0.683s] INFO:colcon.colcon_core.shell:Creating package script '/home/rrm/src/install/rrm_msgs/share/rrm_msgs/package.ps1'
[0.684s] INFO:colcon.colcon_core.shell:Creating package descriptor '/home/rrm/src/install/rrm_msgs/share/rrm_msgs/package.dsv'
[0.684s] INFO:colcon.colcon_core.shell:Creating package script '/home/rrm/src/install/rrm_msgs/share/rrm_msgs/package.sh'
[0.685s] INFO:colcon.colcon_core.shell:Creating package script '/home/rrm/src/install/rrm_msgs/share/rrm_msgs/package.bash'
[0.685s] INFO:colcon.colcon_core.shell:Creating package script '/home/rrm/src/install/rrm_msgs/share/rrm_msgs/package.zsh'
[0.686s] Level 1:colcon.colcon_core.environment:create_file_with_runtime_dependencies(/home/rrm/src/install/rrm_msgs/share/colcon-core/packages/rrm_msgs)
[0.686s] Level 1:colcon.colcon_core.environment:create_environment_scripts_only(rrm_msgs)
[0.687s] Level 1:colcon.colcon_core.environment:checking '/home/rrm/src/install/rrm_msgs' for CMake module files
[0.687s] Level 1:colcon.colcon_core.environment:checking '/home/rrm/src/install/rrm_msgs' for CMake config files
[0.688s] Level 1:colcon.colcon_core.shell:create_environment_hook('rrm_msgs', 'cmake_prefix_path')
[0.688s] INFO:colcon.colcon_core.shell:Creating environment hook '/home/rrm/src/install/rrm_msgs/share/rrm_msgs/hook/cmake_prefix_path.ps1'
[0.689s] INFO:colcon.colcon_core.shell:Creating environment descriptor '/home/rrm/src/install/rrm_msgs/share/rrm_msgs/hook/cmake_prefix_path.dsv'
[0.689s] INFO:colcon.colcon_core.shell:Creating environment hook '/home/rrm/src/install/rrm_msgs/share/rrm_msgs/hook/cmake_prefix_path.sh'
[0.690s] Level 1:colcon.colcon_core.environment:checking '/home/rrm/src/install/rrm_msgs/lib'
[0.690s] Level 1:colcon.colcon_core.shell:create_environment_hook('rrm_msgs', 'ld_library_path_lib')
[0.690s] INFO:colcon.colcon_core.shell:Creating environment hook '/home/rrm/src/install/rrm_msgs/share/rrm_msgs/hook/ld_library_path_lib.ps1'
[0.691s] INFO:colcon.colcon_core.shell:Creating environment descriptor '/home/rrm/src/install/rrm_msgs/share/rrm_msgs/hook/ld_library_path_lib.dsv'
[0.691s] INFO:colcon.colcon_core.shell:Creating environment hook '/home/rrm/src/install/rrm_msgs/share/rrm_msgs/hook/ld_library_path_lib.sh'
[0.691s] Level 1:colcon.colcon_core.environment:checking '/home/rrm/src/install/rrm_msgs/bin'
[0.691s] Level 1:colcon.colcon_core.environment:checking '/home/rrm/src/install/rrm_msgs/lib/pkgconfig/rrm_msgs.pc'
[0.692s] Level 1:colcon.colcon_core.environment:checking '/home/rrm/src/install/rrm_msgs/lib/python3.10/site-packages'
[0.692s] Level 1:colcon.colcon_core.environment:checking '/home/rrm/src/install/rrm_msgs/bin'
[0.693s] INFO:colcon.colcon_core.shell:Creating package script '/home/rrm/src/install/rrm_msgs/share/rrm_msgs/package.ps1'
[0.693s] INFO:colcon.colcon_core.shell:Creating package descriptor '/home/rrm/src/install/rrm_msgs/share/rrm_msgs/package.dsv'
[0.694s] INFO:colcon.colcon_core.shell:Creating package script '/home/rrm/src/install/rrm_msgs/share/rrm_msgs/package.sh'
[0.694s] INFO:colcon.colcon_core.shell:Creating package script '/home/rrm/src/install/rrm_msgs/share/rrm_msgs/package.bash'
[0.695s] INFO:colcon.colcon_core.shell:Creating package script '/home/rrm/src/install/rrm_msgs/share/rrm_msgs/package.zsh'
[0.696s] Level 1:colcon.colcon_core.environment:create_file_with_runtime_dependencies(/home/rrm/src/install/rrm_msgs/share/colcon-core/packages/rrm_msgs)
[0.696s] INFO:colcon.colcon_ros.task.ament_cmake.build:Building ROS package in '/home/rrm/src/cv2' with build type 'ament_cmake'
[0.696s] INFO:colcon.colcon_cmake.task.cmake.build:Building CMake package in '/home/rrm/src/cv2'
[0.696s] INFO:colcon.colcon_core.shell:Skip shell extension 'powershell' for command environment: Not usable outside of PowerShell
[0.696s] DEBUG:colcon.colcon_core.shell:Skip shell extension 'dsv' for command environment
[0.700s] INFO:colcon.colcon_ros.task.ament_cmake.build:Building ROS package in '/home/rrm/src/cv3' with build type 'ament_cmake'
[0.701s] INFO:colcon.colcon_cmake.task.cmake.build:Building CMake package in '/home/rrm/src/cv3'
[0.701s] INFO:colcon.colcon_core.shell:Skip shell extension 'powershell' for command environment: Not usable outside of PowerShell
[0.701s] DEBUG:colcon.colcon_core.shell:Skip shell extension 'dsv' for command environment
[0.705s] INFO:colcon.colcon_ros.task.ament_cmake.build:Building ROS package in '/home/rrm/src/rrm_sim' with build type 'ament_cmake'
[0.705s] INFO:colcon.colcon_cmake.task.cmake.build:Building CMake package in '/home/rrm/src/rrm_sim'
[0.705s] INFO:colcon.colcon_core.shell:Skip shell extension 'powershell' for command environment: Not usable outside of PowerShell
[0.705s] DEBUG:colcon.colcon_core.shell:Skip shell extension 'dsv' for command environment
[0.713s] DEBUG:colcon.colcon_core.event_handler.log_command:Invoking command in '/home/rrm/src/build/cv2': AMENT_PREFIX_PATH=/home/rrm/src/install/rrm_msgs:${AMENT_PREFIX_PATH} CMAKE_PREFIX_PATH=/home/rrm/src/install/rrm_msgs:/home/rrm/install/rrm_simple_robot_model:/home/rrm/install/rrm_sim:/home/rrm/install/cv2:/home/rrm/install/rrm_msgs:/home/rrm/install/cv1:/opt/ros/humble LD_LIBRARY_PATH=/home/rrm/src/install/rrm_msgs/lib:${LD_LIBRARY_PATH} PYTHONPATH=/home/rrm/src/install/rrm_msgs/local/lib/python3.10/dist-packages:${PYTHONPATH} /usr/bin/cmake --build /home/rrm/src/build/cv2 -- -j8 -l8
[0.716s] DEBUG:colcon.colcon_core.event_handler.log_command:Invoking command in '/home/rrm/src/build/cv3': AMENT_PREFIX_PATH=/home/rrm/src/install/rrm_msgs:${AMENT_PREFIX_PATH} CMAKE_PREFIX_PATH=/home/rrm/src/install/rrm_msgs:/home/rrm/install/rrm_simple_robot_model:/home/rrm/install/rrm_sim:/home/rrm/install/cv2:/home/rrm/install/rrm_msgs:/home/rrm/install/cv1:/opt/ros/humble LD_LIBRARY_PATH=/home/rrm/src/install/rrm_msgs/lib:${LD_LIBRARY_PATH} PYTHONPATH=/home/rrm/src/install/rrm_msgs/local/lib/python3.10/dist-packages:${PYTHONPATH} /usr/bin/cmake --build /home/rrm/src/build/cv3 -- -j8 -l8
[0.725s] DEBUG:colcon.colcon_core.event_handler.log_command:Invoking command in '/home/rrm/src/build/rrm_sim': AMENT_PREFIX_PATH=/home/rrm/src/install/rrm_msgs:${AMENT_PREFIX_PATH} CMAKE_PREFIX_PATH=/home/rrm/src/install/rrm_msgs:/home/rrm/install/rrm_simple_robot_model:/home/rrm/install/rrm_sim:/home/rrm/install/cv2:/home/rrm/install/rrm_msgs:/home/rrm/install/cv1:/opt/ros/humble LD_LIBRARY_PATH=/home/rrm/src/install/rrm_msgs/lib:${LD_LIBRARY_PATH} PYTHONPATH=/home/rrm/src/install/rrm_msgs/local/lib/python3.10/dist-packages:${PYTHONPATH} /usr/bin/cmake --build /home/rrm/src/build/rrm_sim -- -j8 -l8
[0.785s] DEBUG:colcon.colcon_core.event_handler.log_command:Invoked command in '/home/rrm/src/build/cv2' returned '0': AMENT_PREFIX_PATH=/home/rrm/src/install/rrm_msgs:${AMENT_PREFIX_PATH} CMAKE_PREFIX_PATH=/home/rrm/src/install/rrm_msgs:/home/rrm/install/rrm_simple_robot_model:/home/rrm/install/rrm_sim:/home/rrm/install/cv2:/home/rrm/install/rrm_msgs:/home/rrm/install/cv1:/opt/ros/humble LD_LIBRARY_PATH=/home/rrm/src/install/rrm_msgs/lib:${LD_LIBRARY_PATH} PYTHONPATH=/home/rrm/src/install/rrm_msgs/local/lib/python3.10/dist-packages:${PYTHONPATH} /usr/bin/cmake --build /home/rrm/src/build/cv2 -- -j8 -l8
[0.787s] DEBUG:colcon.colcon_core.event_handler.log_command:Invoking command in '/home/rrm/src/build/cv2': AMENT_PREFIX_PATH=/home/rrm/src/install/rrm_msgs:${AMENT_PREFIX_PATH} CMAKE_PREFIX_PATH=/home/rrm/src/install/rrm_msgs:/home/rrm/install/rrm_simple_robot_model:/home/rrm/install/rrm_sim:/home/rrm/install/cv2:/home/rrm/install/rrm_msgs:/home/rrm/install/cv1:/opt/ros/humble LD_LIBRARY_PATH=/home/rrm/src/install/rrm_msgs/lib:${LD_LIBRARY_PATH} PYTHONPATH=/home/rrm/src/install/rrm_msgs/local/lib/python3.10/dist-packages:${PYTHONPATH} /usr/bin/cmake --install /home/rrm/src/build/cv2
[0.791s] DEBUG:colcon.colcon_core.event_handler.log_command:Invoked command in '/home/rrm/src/build/rrm_sim' returned '0': AMENT_PREFIX_PATH=/home/rrm/src/install/rrm_msgs:${AMENT_PREFIX_PATH} CMAKE_PREFIX_PATH=/home/rrm/src/install/rrm_msgs:/home/rrm/install/rrm_simple_robot_model:/home/rrm/install/rrm_sim:/home/rrm/install/cv2:/home/rrm/install/rrm_msgs:/home/rrm/install/cv1:/opt/ros/humble LD_LIBRARY_PATH=/home/rrm/src/install/rrm_msgs/lib:${LD_LIBRARY_PATH} PYTHONPATH=/home/rrm/src/install/rrm_msgs/local/lib/python3.10/dist-packages:${PYTHONPATH} /usr/bin/cmake --build /home/rrm/src/build/rrm_sim -- -j8 -l8
[0.792s] DEBUG:colcon.colcon_core.event_handler.log_command:Invoking command in '/home/rrm/src/build/rrm_sim': AMENT_PREFIX_PATH=/home/rrm/src/install/rrm_msgs:${AMENT_PREFIX_PATH} CMAKE_PREFIX_PATH=/home/rrm/src/install/rrm_msgs:/home/rrm/install/rrm_simple_robot_model:/home/rrm/install/rrm_sim:/home/rrm/install/cv2:/home/rrm/install/rrm_msgs:/home/rrm/install/cv1:/opt/ros/humble LD_LIBRARY_PATH=/home/rrm/src/install/rrm_msgs/lib:${LD_LIBRARY_PATH} PYTHONPATH=/home/rrm/src/install/rrm_msgs/local/lib/python3.10/dist-packages:${PYTHONPATH} /usr/bin/cmake --install /home/rrm/src/build/rrm_sim
[0.825s] Level 1:colcon.colcon_core.environment:create_environment_scripts_only(rrm_sim)
[0.826s] Level 1:colcon.colcon_core.environment:checking '/home/rrm/src/install/rrm_sim' for CMake module files
[0.826s] Level 1:colcon.colcon_core.environment:checking '/home/rrm/src/install/rrm_sim' for CMake config files
[0.827s] Level 1:colcon.colcon_core.shell:create_environment_hook('rrm_sim', 'cmake_prefix_path')
[0.827s] INFO:colcon.colcon_core.shell:Creating environment hook '/home/rrm/src/install/rrm_sim/share/rrm_sim/hook/cmake_prefix_path.ps1'
[0.828s] INFO:colcon.colcon_core.shell:Creating environment descriptor '/home/rrm/src/install/rrm_sim/share/rrm_sim/hook/cmake_prefix_path.dsv'
[0.828s] DEBUG:colcon.colcon_core.event_handler.log_command:Invoked command in '/home/rrm/src/build/rrm_sim' returned '0': AMENT_PREFIX_PATH=/home/rrm/src/install/rrm_msgs:${AMENT_PREFIX_PATH} CMAKE_PREFIX_PATH=/home/rrm/src/install/rrm_msgs:/home/rrm/install/rrm_simple_robot_model:/home/rrm/install/rrm_sim:/home/rrm/install/cv2:/home/rrm/install/rrm_msgs:/home/rrm/install/cv1:/opt/ros/humble LD_LIBRARY_PATH=/home/rrm/src/install/rrm_msgs/lib:${LD_LIBRARY_PATH} PYTHONPATH=/home/rrm/src/install/rrm_msgs/local/lib/python3.10/dist-packages:${PYTHONPATH} /usr/bin/cmake --install /home/rrm/src/build/rrm_sim
[0.829s] INFO:colcon.colcon_core.shell:Creating environment hook '/home/rrm/src/install/rrm_sim/share/rrm_sim/hook/cmake_prefix_path.sh'
[0.830s] Level 1:colcon.colcon_core.environment:checking '/home/rrm/src/install/rrm_sim/lib'
[0.830s] Level 1:colcon.colcon_core.environment:checking '/home/rrm/src/install/rrm_sim/bin'
[0.830s] Level 1:colcon.colcon_core.environment:checking '/home/rrm/src/install/rrm_sim/lib/pkgconfig/rrm_sim.pc'
[0.830s] Level 1:colcon.colcon_core.environment:checking '/home/rrm/src/install/rrm_sim/lib/python3.10/site-packages'
[0.831s] Level 1:colcon.colcon_core.environment:checking '/home/rrm/src/install/rrm_sim/bin'
[0.831s] INFO:colcon.colcon_core.shell:Creating package script '/home/rrm/src/install/rrm_sim/share/rrm_sim/package.ps1'
[0.832s] INFO:colcon.colcon_core.shell:Creating package descriptor '/home/rrm/src/install/rrm_sim/share/rrm_sim/package.dsv'
[0.832s] INFO:colcon.colcon_core.shell:Creating package script '/home/rrm/src/install/rrm_sim/share/rrm_sim/package.sh'
[0.833s] INFO:colcon.colcon_core.shell:Creating package script '/home/rrm/src/install/rrm_sim/share/rrm_sim/package.bash'
[0.834s] INFO:colcon.colcon_core.shell:Creating package script '/home/rrm/src/install/rrm_sim/share/rrm_sim/package.zsh'
[0.834s] Level 1:colcon.colcon_core.environment:create_file_with_runtime_dependencies(/home/rrm/src/install/rrm_sim/share/colcon-core/packages/rrm_sim)
[0.835s] Level 1:colcon.colcon_core.environment:create_environment_scripts_only(rrm_sim)
[0.835s] Level 1:colcon.colcon_core.environment:checking '/home/rrm/src/install/rrm_sim' for CMake module files
[0.836s] Level 1:colcon.colcon_core.environment:checking '/home/rrm/src/install/rrm_sim' for CMake config files
[0.836s] Level 1:colcon.colcon_core.shell:create_environment_hook('rrm_sim', 'cmake_prefix_path')
[0.836s] INFO:colcon.colcon_core.shell:Creating environment hook '/home/rrm/src/install/rrm_sim/share/rrm_sim/hook/cmake_prefix_path.ps1'
[0.837s] INFO:colcon.colcon_core.shell:Creating environment descriptor '/home/rrm/src/install/rrm_sim/share/rrm_sim/hook/cmake_prefix_path.dsv'
[0.837s] INFO:colcon.colcon_core.shell:Creating environment hook '/home/rrm/src/install/rrm_sim/share/rrm_sim/hook/cmake_prefix_path.sh'
[0.838s] Level 1:colcon.colcon_core.environment:checking '/home/rrm/src/install/rrm_sim/lib'
[0.842s] Level 1:colcon.colcon_core.environment:checking '/home/rrm/src/install/rrm_sim/bin'
[0.843s] Level 1:colcon.colcon_core.environment:checking '/home/rrm/src/install/rrm_sim/lib/pkgconfig/rrm_sim.pc'
[0.844s] Level 1:colcon.colcon_core.environment:checking '/home/rrm/src/install/rrm_sim/lib/python3.10/site-packages'
[0.844s] Level 1:colcon.colcon_core.environment:checking '/home/rrm/src/install/rrm_sim/bin'
[0.845s] INFO:colcon.colcon_core.shell:Creating package script '/home/rrm/src/install/rrm_sim/share/rrm_sim/package.ps1'
[0.846s] INFO:colcon.colcon_core.shell:Creating package descriptor '/home/rrm/src/install/rrm_sim/share/rrm_sim/package.dsv'
[0.846s] INFO:colcon.colcon_core.shell:Creating package script '/home/rrm/src/install/rrm_sim/share/rrm_sim/package.sh'
[0.847s] INFO:colcon.colcon_core.shell:Creating package script '/home/rrm/src/install/rrm_sim/share/rrm_sim/package.bash'
[0.848s] INFO:colcon.colcon_core.shell:Creating package script '/home/rrm/src/install/rrm_sim/share/rrm_sim/package.zsh'
[0.848s] Level 1:colcon.colcon_core.environment:create_file_with_runtime_dependencies(/home/rrm/src/install/rrm_sim/share/colcon-core/packages/rrm_sim)
[0.849s] Level 1:colcon.colcon_core.environment:create_environment_scripts_only(cv2)
[0.850s] DEBUG:colcon.colcon_core.event_handler.log_command:Invoked command in '/home/rrm/src/build/cv2' returned '0': AMENT_PREFIX_PATH=/home/rrm/src/install/rrm_msgs:${AMENT_PREFIX_PATH} CMAKE_PREFIX_PATH=/home/rrm/src/install/rrm_msgs:/home/rrm/install/rrm_simple_robot_model:/home/rrm/install/rrm_sim:/home/rrm/install/cv2:/home/rrm/install/rrm_msgs:/home/rrm/install/cv1:/opt/ros/humble LD_LIBRARY_PATH=/home/rrm/src/install/rrm_msgs/lib:${LD_LIBRARY_PATH} PYTHONPATH=/home/rrm/src/install/rrm_msgs/local/lib/python3.10/dist-packages:${PYTHONPATH} /usr/bin/cmake --install /home/rrm/src/build/cv2
[0.850s] Level 1:colcon.colcon_core.environment:checking '/home/rrm/src/install/cv2' for CMake module files
[0.850s] Level 1:colcon.colcon_core.environment:checking '/home/rrm/src/install/cv2' for CMake config files
[0.851s] Level 1:colcon.colcon_core.shell:create_environment_hook('cv2', 'cmake_prefix_path')
[0.851s] INFO:colcon.colcon_core.shell:Creating environment hook '/home/rrm/src/install/cv2/share/cv2/hook/cmake_prefix_path.ps1'
[0.852s] INFO:colcon.colcon_core.shell:Creating environment descriptor '/home/rrm/src/install/cv2/share/cv2/hook/cmake_prefix_path.dsv'
[0.852s] INFO:colcon.colcon_core.shell:Creating environment hook '/home/rrm/src/install/cv2/share/cv2/hook/cmake_prefix_path.sh'
[0.853s] Level 1:colcon.colcon_core.environment:checking '/home/rrm/src/install/cv2/lib'
[0.853s] Level 1:colcon.colcon_core.environment:checking '/home/rrm/src/install/cv2/bin'
[0.853s] Level 1:colcon.colcon_core.environment:checking '/home/rrm/src/install/cv2/lib/pkgconfig/cv2.pc'
[0.853s] Level 1:colcon.colcon_core.environment:checking '/home/rrm/src/install/cv2/lib/python3.10/site-packages'
[0.854s] Level 1:colcon.colcon_core.environment:checking '/home/rrm/src/install/cv2/bin'
[0.854s] INFO:colcon.colcon_core.shell:Creating package script '/home/rrm/src/install/cv2/share/cv2/package.ps1'
[0.855s] INFO:colcon.colcon_core.shell:Creating package descriptor '/home/rrm/src/install/cv2/share/cv2/package.dsv'
[0.855s] INFO:colcon.colcon_core.shell:Creating package script '/home/rrm/src/install/cv2/share/cv2/package.sh'
[0.856s] INFO:colcon.colcon_core.shell:Creating package script '/home/rrm/src/install/cv2/share/cv2/package.bash'
[0.856s] INFO:colcon.colcon_core.shell:Creating package script '/home/rrm/src/install/cv2/share/cv2/package.zsh'
[0.856s] Level 1:colcon.colcon_core.environment:create_file_with_runtime_dependencies(/home/rrm/src/install/cv2/share/colcon-core/packages/cv2)
[0.857s] Level 1:colcon.colcon_core.environment:create_environment_scripts_only(cv2)
[0.858s] Level 1:colcon.colcon_core.environment:checking '/home/rrm/src/install/cv2' for CMake module files
[0.858s] Level 1:colcon.colcon_core.environment:checking '/home/rrm/src/install/cv2' for CMake config files
[0.859s] Level 1:colcon.colcon_core.shell:create_environment_hook('cv2', 'cmake_prefix_path')
[0.859s] INFO:colcon.colcon_core.shell:Creating environment hook '/home/rrm/src/install/cv2/share/cv2/hook/cmake_prefix_path.ps1'
[0.859s] INFO:colcon.colcon_core.shell:Creating environment descriptor '/home/rrm/src/install/cv2/share/cv2/hook/cmake_prefix_path.dsv'
[0.860s] INFO:colcon.colcon_core.shell:Creating environment hook '/home/rrm/src/install/cv2/share/cv2/hook/cmake_prefix_path.sh'
[0.861s] Level 1:colcon.colcon_core.environment:checking '/home/rrm/src/install/cv2/lib'
[0.861s] Level 1:colcon.colcon_core.environment:checking '/home/rrm/src/install/cv2/bin'
[0.861s] Level 1:colcon.colcon_core.environment:checking '/home/rrm/src/install/cv2/lib/pkgconfig/cv2.pc'
[0.861s] Level 1:colcon.colcon_core.environment:checking '/home/rrm/src/install/cv2/lib/python3.10/site-packages'
[0.862s] Level 1:colcon.colcon_core.environment:checking '/home/rrm/src/install/cv2/bin'
[0.862s] INFO:colcon.colcon_core.shell:Creating package script '/home/rrm/src/install/cv2/share/cv2/package.ps1'
[0.863s] INFO:colcon.colcon_core.shell:Creating package descriptor '/home/rrm/src/install/cv2/share/cv2/package.dsv'
[0.863s] INFO:colcon.colcon_core.shell:Creating package script '/home/rrm/src/install/cv2/share/cv2/package.sh'
[0.864s] INFO:colcon.colcon_core.shell:Creating package script '/home/rrm/src/install/cv2/share/cv2/package.bash'
[0.865s] INFO:colcon.colcon_core.shell:Creating package script '/home/rrm/src/install/cv2/share/cv2/package.zsh'
[0.865s] Level 1:colcon.colcon_core.environment:create_file_with_runtime_dependencies(/home/rrm/src/install/cv2/share/colcon-core/packages/cv2)
[8.136s] DEBUG:colcon.colcon_core.event_handler.log_command:Invoked command in '/home/rrm/src/build/cv3' returned '0': AMENT_PREFIX_PATH=/home/rrm/src/install/rrm_msgs:${AMENT_PREFIX_PATH} CMAKE_PREFIX_PATH=/home/rrm/src/install/rrm_msgs:/home/rrm/install/rrm_simple_robot_model:/home/rrm/install/rrm_sim:/home/rrm/install/cv2:/home/rrm/install/rrm_msgs:/home/rrm/install/cv1:/opt/ros/humble LD_LIBRARY_PATH=/home/rrm/src/install/rrm_msgs/lib:${LD_LIBRARY_PATH} PYTHONPATH=/home/rrm/src/install/rrm_msgs/local/lib/python3.10/dist-packages:${PYTHONPATH} /usr/bin/cmake --build /home/rrm/src/build/cv3 -- -j8 -l8
[8.138s] DEBUG:colcon.colcon_core.event_handler.log_command:Invoking command in '/home/rrm/src/build/cv3': AMENT_PREFIX_PATH=/home/rrm/src/install/rrm_msgs:${AMENT_PREFIX_PATH} CMAKE_PREFIX_PATH=/home/rrm/src/install/rrm_msgs:/home/rrm/install/rrm_simple_robot_model:/home/rrm/install/rrm_sim:/home/rrm/install/cv2:/home/rrm/install/rrm_msgs:/home/rrm/install/cv1:/opt/ros/humble LD_LIBRARY_PATH=/home/rrm/src/install/rrm_msgs/lib:${LD_LIBRARY_PATH} PYTHONPATH=/home/rrm/src/install/rrm_msgs/local/lib/python3.10/dist-packages:${PYTHONPATH} /usr/bin/cmake --install /home/rrm/src/build/cv3
[8.151s] Level 1:colcon.colcon_core.environment:create_environment_scripts_only(cv3)
[8.152s] Level 1:colcon.colcon_core.environment:checking '/home/rrm/src/install/cv3' for CMake module files
[8.152s] DEBUG:colcon.colcon_core.event_handler.log_command:Invoked command in '/home/rrm/src/build/cv3' returned '0': AMENT_PREFIX_PATH=/home/rrm/src/install/rrm_msgs:${AMENT_PREFIX_PATH} CMAKE_PREFIX_PATH=/home/rrm/src/install/rrm_msgs:/home/rrm/install/rrm_simple_robot_model:/home/rrm/install/rrm_sim:/home/rrm/install/cv2:/home/rrm/install/rrm_msgs:/home/rrm/install/cv1:/opt/ros/humble LD_LIBRARY_PATH=/home/rrm/src/install/rrm_msgs/lib:${LD_LIBRARY_PATH} PYTHONPATH=/home/rrm/src/install/rrm_msgs/local/lib/python3.10/dist-packages:${PYTHONPATH} /usr/bin/cmake --install /home/rrm/src/build/cv3
[8.152s] Level 1:colcon.colcon_core.environment:checking '/home/rrm/src/install/cv3' for CMake config files
[8.153s] Level 1:colcon.colcon_core.shell:create_environment_hook('cv3', 'cmake_prefix_path')
[8.153s] INFO:colcon.colcon_core.shell:Creating environment hook '/home/rrm/src/install/cv3/share/cv3/hook/cmake_prefix_path.ps1'
[8.154s] INFO:colcon.colcon_core.shell:Creating environment descriptor '/home/rrm/src/install/cv3/share/cv3/hook/cmake_prefix_path.dsv'
[8.154s] INFO:colcon.colcon_core.shell:Creating environment hook '/home/rrm/src/install/cv3/share/cv3/hook/cmake_prefix_path.sh'
[8.154s] Level 1:colcon.colcon_core.environment:checking '/home/rrm/src/install/cv3/lib'
[8.155s] Level 1:colcon.colcon_core.environment:checking '/home/rrm/src/install/cv3/bin'
[8.155s] Level 1:colcon.colcon_core.environment:checking '/home/rrm/src/install/cv3/lib/pkgconfig/cv3.pc'
[8.155s] Level 1:colcon.colcon_core.environment:checking '/home/rrm/src/install/cv3/lib/python3.10/site-packages'
[8.155s] Level 1:colcon.colcon_core.environment:checking '/home/rrm/src/install/cv3/bin'
[8.155s] INFO:colcon.colcon_core.shell:Creating package script '/home/rrm/src/install/cv3/share/cv3/package.ps1'
[8.156s] INFO:colcon.colcon_core.shell:Creating package descriptor '/home/rrm/src/install/cv3/share/cv3/package.dsv'
[8.156s] INFO:colcon.colcon_core.shell:Creating package script '/home/rrm/src/install/cv3/share/cv3/package.sh'
[8.157s] INFO:colcon.colcon_core.shell:Creating package script '/home/rrm/src/install/cv3/share/cv3/package.bash'
[8.157s] INFO:colcon.colcon_core.shell:Creating package script '/home/rrm/src/install/cv3/share/cv3/package.zsh'
[8.157s] Level 1:colcon.colcon_core.environment:create_file_with_runtime_dependencies(/home/rrm/src/install/cv3/share/colcon-core/packages/cv3)
[8.158s] Level 1:colcon.colcon_core.environment:create_environment_scripts_only(cv3)
[8.158s] Level 1:colcon.colcon_core.environment:checking '/home/rrm/src/install/cv3' for CMake module files
[8.159s] Level 1:colcon.colcon_core.environment:checking '/home/rrm/src/install/cv3' for CMake config files
[8.159s] Level 1:colcon.colcon_core.shell:create_environment_hook('cv3', 'cmake_prefix_path')
[8.159s] INFO:colcon.colcon_core.shell:Creating environment hook '/home/rrm/src/install/cv3/share/cv3/hook/cmake_prefix_path.ps1'
[8.159s] INFO:colcon.colcon_core.shell:Creating environment descriptor '/home/rrm/src/install/cv3/share/cv3/hook/cmake_prefix_path.dsv'
[8.160s] INFO:colcon.colcon_core.shell:Creating environment hook '/home/rrm/src/install/cv3/share/cv3/hook/cmake_prefix_path.sh'
[8.160s] Level 1:colcon.colcon_core.environment:checking '/home/rrm/src/install/cv3/lib'
[8.160s] Level 1:colcon.colcon_core.environment:checking '/home/rrm/src/install/cv3/bin'
[8.160s] Level 1:colcon.colcon_core.environment:checking '/home/rrm/src/install/cv3/lib/pkgconfig/cv3.pc'
[8.161s] Level 1:colcon.colcon_core.environment:checking '/home/rrm/src/install/cv3/lib/python3.10/site-packages'
[8.161s] Level 1:colcon.colcon_core.environment:checking '/home/rrm/src/install/cv3/bin'
[8.161s] INFO:colcon.colcon_core.shell:Creating package script '/home/rrm/src/install/cv3/share/cv3/package.ps1'
[8.162s] INFO:colcon.colcon_core.shell:Creating package descriptor '/home/rrm/src/install/cv3/share/cv3/package.dsv'
[8.163s] INFO:colcon.colcon_core.shell:Creating package script '/home/rrm/src/install/cv3/share/cv3/package.sh'
[8.163s] INFO:colcon.colcon_core.shell:Creating package script '/home/rrm/src/install/cv3/share/cv3/package.bash'
[8.164s] INFO:colcon.colcon_core.shell:Creating package script '/home/rrm/src/install/cv3/share/cv3/package.zsh'
[8.164s] Level 1:colcon.colcon_core.environment:create_file_with_runtime_dependencies(/home/rrm/src/install/cv3/share/colcon-core/packages/cv3)
[8.164s] DEBUG:colcon.colcon_parallel_executor.executor.parallel:closing loop
[8.165s] DEBUG:colcon.colcon_parallel_executor.executor.parallel:loop closed
[8.165s] DEBUG:colcon.colcon_parallel_executor.executor.parallel:run_until_complete finished with '0'
[8.165s] DEBUG:colcon.colcon_core.event_reactor:joining thread
[8.169s] INFO:colcon.colcon_core.plugin_system:Skipping extension 'colcon_notification.desktop_notification.notify_send': Could not find 'notify-send'
[8.169s] INFO:colcon.colcon_core.plugin_system:Skipping extension 'colcon_notification.desktop_notification.terminal_notifier': Not used on non-Darwin systems
[8.170s] INFO:colcon.colcon_core.plugin_system:Skipping extension 'colcon_notification.desktop_notification.win32': Not used on non-Windows systems
[8.170s] INFO:colcon.colcon_notification.desktop_notification:Sending desktop notification using 'notify2'
[8.171s] DEBUG:colcon.colcon_notification.desktop_notification.notify2:Failed to initialize notify2: org.freedesktop.DBus.Error.Spawn.ExecFailed: /usr/bin/dbus-launch terminated abnormally without any error message
[8.172s] DEBUG:colcon.colcon_core.event_reactor:joined thread
[8.172s] INFO:colcon.colcon_core.shell:Creating prefix script '/home/rrm/src/install/local_setup.ps1'
[8.173s] INFO:colcon.colcon_core.shell:Creating prefix util module '/home/rrm/src/install/_local_setup_util_ps1.py'
[8.175s] INFO:colcon.colcon_core.shell:Creating prefix chain script '/home/rrm/src/install/setup.ps1'
[8.176s] INFO:colcon.colcon_core.shell:Creating prefix script '/home/rrm/src/install/local_setup.sh'
[8.177s] INFO:colcon.colcon_core.shell:Creating prefix util module '/home/rrm/src/install/_local_setup_util_sh.py'
[8.178s] INFO:colcon.colcon_core.shell:Creating prefix chain script '/home/rrm/src/install/setup.sh'
[8.180s] INFO:colcon.colcon_core.shell:Creating prefix script '/home/rrm/src/install/local_setup.bash'
[8.181s] INFO:colcon.colcon_core.shell:Creating prefix chain script '/home/rrm/src/install/setup.bash'
[8.183s] INFO:colcon.colcon_core.shell:Creating prefix script '/home/rrm/src/install/local_setup.zsh'
[8.184s] INFO:colcon.colcon_core.shell:Creating prefix chain script '/home/rrm/src/install/setup.zsh'
