[0.019s] Invoking command in '/home/rrm/build/rrm_simple_robot_model': CMAKE_PREFIX_PATH=${CMAKE_PREFIX_PATH}:/opt/ros/humble /usr/bin/cmake /home/rrm/src/rrm_simple_robot_model -DCMAKE_INSTALL_PREFIX=/home/rrm/install/rrm_simple_robot_model
[0.075s] -- The C compiler identification is GNU 11.4.0
[0.134s] -- The CXX compiler identification is GNU 11.4.0
[0.140s] -- Detecting C compiler ABI info
[0.194s] -- Detecting C compiler ABI info - done
[0.208s] -- Check for working C compiler: /usr/bin/cc - skipped
[0.208s] -- Detecting C compile features
[0.208s] -- Detecting C compile features - done
[0.212s] -- Detecting CXX compiler ABI info
[0.277s] -- Detecting CXX compiler ABI info - done
[0.284s] -- Check for working CXX compiler: /usr/bin/c++ - skipped
[0.284s] -- Detecting CXX compile features
[0.284s] -- Detecting CXX compile features - done
[0.287s] -- Found ament_cmake: 1.3.12 (/opt/ros/humble/share/ament_cmake/cmake)
[0.428s] -- Found Python3: /usr/bin/python3 (found version "3.10.12") found components: Interpreter 
[0.524s] -- Found rviz2: 11.2.25 (/opt/ros/humble/share/rviz2/cmake)
[0.584s] -- Configuring done
[0.587s] -- Generating done
[0.590s] -- Build files have been written to: /home/rrm/build/rrm_simple_robot_model
[0.594s] Invoked command in '/home/rrm/build/rrm_simple_robot_model' returned '0': CMAKE_PREFIX_PATH=${CMAKE_PREFIX_PATH}:/opt/ros/humble /usr/bin/cmake /home/rrm/src/rrm_simple_robot_model -DCMAKE_INSTALL_PREFIX=/home/rrm/install/rrm_simple_robot_model
[0.596s] Invoking command in '/home/rrm/build/rrm_simple_robot_model': CMAKE_PREFIX_PATH=${CMAKE_PREFIX_PATH}:/opt/ros/humble /usr/bin/cmake --build /home/rrm/build/rrm_simple_robot_model -- -j8 -l8
[0.627s] Invoked command in '/home/rrm/build/rrm_simple_robot_model' returned '0': CMAKE_PREFIX_PATH=${CMAKE_PREFIX_PATH}:/opt/ros/humble /usr/bin/cmake --build /home/rrm/build/rrm_simple_robot_model -- -j8 -l8
[0.635s] Invoking command in '/home/rrm/build/rrm_simple_robot_model': CMAKE_PREFIX_PATH=${CMAKE_PREFIX_PATH}:/opt/ros/humble /usr/bin/cmake --install /home/rrm/build/rrm_simple_robot_model
[0.640s] -- Install configuration: ""
[0.640s] -- Installing: /home/rrm/install/rrm_simple_robot_model/share/rrm_simple_robot_model/urdf
[0.640s] -- Installing: /home/rrm/install/rrm_simple_robot_model/share/rrm_simple_robot_model/urdf/arm.urdf
[0.640s] -- Installing: /home/rrm/install/rrm_simple_robot_model/share/rrm_simple_robot_model/config
[0.641s] -- Installing: /home/rrm/install/rrm_simple_robot_model/share/rrm_simple_robot_model/config/rrm_cv3.rviz
[0.641s] -- Installing: /home/rrm/install/rrm_simple_robot_model/share/rrm_simple_robot_model/launch
[0.641s] -- Installing: /home/rrm/install/rrm_simple_robot_model/share/rrm_simple_robot_model/launch/robot_state_publisher.launch.xml
[0.641s] -- Installing: /home/rrm/install/rrm_simple_robot_model/share/rrm_simple_robot_model/launch/robot_state_publisher.launch.py
[0.641s] -- Installing: /home/rrm/install/rrm_simple_robot_model/share/ament_index/resource_index/package_run_dependencies/rrm_simple_robot_model
[0.641s] -- Installing: /home/rrm/install/rrm_simple_robot_model/share/ament_index/resource_index/parent_prefix_path/rrm_simple_robot_model
[0.641s] -- Installing: /home/rrm/install/rrm_simple_robot_model/share/rrm_simple_robot_model/environment/ament_prefix_path.sh
[0.641s] -- Installing: /home/rrm/install/rrm_simple_robot_model/share/rrm_simple_robot_model/environment/ament_prefix_path.dsv
[0.641s] -- Installing: /home/rrm/install/rrm_simple_robot_model/share/rrm_simple_robot_model/environment/path.sh
[0.642s] -- Installing: /home/rrm/install/rrm_simple_robot_model/share/rrm_simple_robot_model/environment/path.dsv
[0.642s] -- Installing: /home/rrm/install/rrm_simple_robot_model/share/rrm_simple_robot_model/local_setup.bash
[0.642s] -- Installing: /home/rrm/install/rrm_simple_robot_model/share/rrm_simple_robot_model/local_setup.sh
[0.642s] -- Installing: /home/rrm/install/rrm_simple_robot_model/share/rrm_simple_robot_model/local_setup.zsh
[0.642s] -- Installing: /home/rrm/install/rrm_simple_robot_model/share/rrm_simple_robot_model/local_setup.dsv
[0.642s] -- Installing: /home/rrm/install/rrm_simple_robot_model/share/rrm_simple_robot_model/package.dsv
[0.642s] -- Installing: /home/rrm/install/rrm_simple_robot_model/share/ament_index/resource_index/packages/rrm_simple_robot_model
[0.642s] -- Installing: /home/rrm/install/rrm_simple_robot_model/share/rrm_simple_robot_model/cmake/rrm_simple_robot_modelConfig.cmake
[0.642s] -- Installing: /home/rrm/install/rrm_simple_robot_model/share/rrm_simple_robot_model/cmake/rrm_simple_robot_modelConfig-version.cmake
[0.643s] -- Installing: /home/rrm/install/rrm_simple_robot_model/share/rrm_simple_robot_model/package.xml
[0.644s] Invoked command in '/home/rrm/build/rrm_simple_robot_model' returned '0': CMAKE_PREFIX_PATH=${CMAKE_PREFIX_PATH}:/opt/ros/humble /usr/bin/cmake --install /home/rrm/build/rrm_simple_robot_model
