-- Found ament_cmake: 1.3.12 (/opt/ros/humble/share/ament_cmake/cmake)
-- Found rclcpp: 16.0.17 (/opt/ros/humble/share/rclcpp/cmake)
-- Found rosidl_generator_c: 3.1.8 (/opt/ros/humble/share/rosidl_generator_c/cmake)
-- Found rosidl_adapter: 3.1.8 (/opt/ros/humble/share/rosidl_adapter/cmake)
-- Found rosidl_generator_cpp: 3.1.8 (/opt/ros/humble/share/rosidl_generator_cpp/cmake)
-- Using all available rosidl_typesupport_c: rosidl_typesupport_fastrtps_c;rosidl_typesupport_introspection_c
-- Using all available rosidl_typesupport_cpp: rosidl_typesupport_fastrtps_cpp;rosidl_typesupport_introspection_cpp
-- Found rmw_implementation_cmake: 6.1.2 (/opt/ros/humble/share/rmw_implementation_cmake/cmake)
-- Found rmw_fastrtps_cpp: 6.2.9 (/opt/ros/humble/share/rmw_fastrtps_cpp/cmake)
-- Using RMW implementation 'rmw_fastrtps_cpp' as default
-- Found rrm_msgs: 0.0.0 (/home/rrm/install/rrm_msgs/share/rrm_msgs/cmake)
-- Found sensor_msgs: 4.9.0 (/opt/ros/humble/share/sensor_msgs/cmake)
-- Found ament_lint_auto: 0.12.14 (/opt/ros/humble/share/ament_lint_auto/cmake)
-- Added test 'cppcheck' to perform static code analysis on C / C++ code
-- Configured cppcheck include dirs: $<BUILD_INTERFACE:/home/rrm/src/cv2/include>
-- Configured cppcheck exclude dirs and/or files: 
-- Added test 'lint_cmake' to check CMake code style
-- Added test 'uncrustify' to check C / C++ code style
-- Configured uncrustify additional arguments: 
-- Added test 'xmllint' to check XML markup files
-- Configuring done
-- Generating done
-- Build files have been written to: /home/rrm/build/cv2
[ 50%] [32mBuilding CXX object CMakeFiles/cv2_node.dir/src/teleop.cpp.o[0m
[ 50%] [32mBuilding CXX object CMakeFiles/logger_node.dir/src/joint_logger.cpp.o[0m
[01m[K/home/rrm/src/cv2/src/teleop.cpp:[m[K In function ‘[01m[Kint main(int, char**)[m[K’:
[01m[K/home/rrm/src/cv2/src/teleop.cpp:26:49:[m[K [01;31m[Kerror: [m[Kexpected ‘[01m[K;[m[K’ before ‘[01m[Kstd[m[K’
   26 |         std::cout << "input join and position: "
      |                                                 [01;31m[K^[m[K
      |                                                 [32m[K;[m[K
   27 |         [32m[Kstd[m[K::cin >> joint_id >> position;
      |         [32m[K~~~[m[K                                      
gmake[2]: *** [CMakeFiles/cv2_node.dir/build.make:76: CMakeFiles/cv2_node.dir/src/teleop.cpp.o] Error 1
gmake[1]: *** [CMakeFiles/Makefile2:139: CMakeFiles/cv2_node.dir/all] Error 2
gmake[1]: *** Waiting for unfinished jobs....
[ 75%] [32m[1mLinking CXX executable logger_node[0m
[ 75%] Built target logger_node
gmake: *** [Makefile:146: all] Error 2
