[0.009s] Invoking command in '/home/rrm/build/cv2': AMENT_PREFIX_PATH=/home/rrm/install/rrm_msgs:${AMENT_PREFIX_PATH} CMAKE_PREFIX_PATH=/home/rrm/install/rrm_msgs:/home/rrm/install/cv1:/opt/ros/humble LD_LIBRARY_PATH=/home/rrm/install/rrm_msgs/lib:${LD_LIBRARY_PATH} PYTHONPATH=/home/rrm/install/rrm_msgs/local/lib/python3.10/dist-packages:${PYTHONPATH} /usr/bin/cmake /home/rrm/src/cv2 -DCMAKE_INSTALL_PREFIX=/home/rrm/install/cv2
[0.024s] -- Found ament_cmake: 1.3.12 (/opt/ros/humble/share/ament_cmake/cmake)
[0.165s] -- Found rclcpp: 16.0.17 (/opt/ros/humble/share/rclcpp/cmake)
[0.193s] -- Found rosidl_generator_c: 3.1.8 (/opt/ros/humble/share/rosidl_generator_c/cmake)
[0.196s] -- Found rosidl_adapter: 3.1.8 (/opt/ros/humble/share/rosidl_adapter/cmake)
[0.201s] -- Found rosidl_generator_cpp: 3.1.8 (/opt/ros/humble/share/rosidl_generator_cpp/cmake)
[0.209s] -- Using all available rosidl_typesupport_c: rosidl_typesupport_fastrtps_c;rosidl_typesupport_introspection_c
[0.223s] -- Using all available rosidl_typesupport_cpp: rosidl_typesupport_fastrtps_cpp;rosidl_typesupport_introspection_cpp
[0.257s] -- Found rmw_implementation_cmake: 6.1.2 (/opt/ros/humble/share/rmw_implementation_cmake/cmake)
[0.258s] -- Found rmw_fastrtps_cpp: 6.2.9 (/opt/ros/humble/share/rmw_fastrtps_cpp/cmake)
[0.343s] -- Using RMW implementation 'rmw_fastrtps_cpp' as default
[0.387s] -- Found rrm_msgs: 0.0.0 (/home/rrm/install/rrm_msgs/share/rrm_msgs/cmake)
[0.395s] -- Found sensor_msgs: 4.9.0 (/opt/ros/humble/share/sensor_msgs/cmake)
[0.425s] -- Found ament_lint_auto: 0.12.14 (/opt/ros/humble/share/ament_lint_auto/cmake)
[0.489s] -- Added test 'cppcheck' to perform static code analysis on C / C++ code
[0.489s] -- Configured cppcheck include dirs: $<BUILD_INTERFACE:/home/rrm/src/cv2/include>
[0.489s] -- Configured cppcheck exclude dirs and/or files: 
[0.490s] -- Added test 'lint_cmake' to check CMake code style
[0.490s] -- Added test 'uncrustify' to check C / C++ code style
[0.490s] -- Configured uncrustify additional arguments: 
[0.491s] -- Added test 'xmllint' to check XML markup files
[0.491s] -- Configuring done
[0.504s] -- Generating done
[0.507s] -- Build files have been written to: /home/rrm/build/cv2
[0.513s] Invoked command in '/home/rrm/build/cv2' returned '0': AMENT_PREFIX_PATH=/home/rrm/install/rrm_msgs:${AMENT_PREFIX_PATH} CMAKE_PREFIX_PATH=/home/rrm/install/rrm_msgs:/home/rrm/install/cv1:/opt/ros/humble LD_LIBRARY_PATH=/home/rrm/install/rrm_msgs/lib:${LD_LIBRARY_PATH} PYTHONPATH=/home/rrm/install/rrm_msgs/local/lib/python3.10/dist-packages:${PYTHONPATH} /usr/bin/cmake /home/rrm/src/cv2 -DCMAKE_INSTALL_PREFIX=/home/rrm/install/cv2
[0.514s] Invoking command in '/home/rrm/build/cv2': AMENT_PREFIX_PATH=/home/rrm/install/rrm_msgs:${AMENT_PREFIX_PATH} CMAKE_PREFIX_PATH=/home/rrm/install/rrm_msgs:/home/rrm/install/cv1:/opt/ros/humble LD_LIBRARY_PATH=/home/rrm/install/rrm_msgs/lib:${LD_LIBRARY_PATH} PYTHONPATH=/home/rrm/install/rrm_msgs/local/lib/python3.10/dist-packages:${PYTHONPATH} /usr/bin/cmake --build /home/rrm/build/cv2 -- -j8 -l8
[0.556s] [ 50%] [32mBuilding CXX object CMakeFiles/cv2_node.dir/src/teleop.cpp.o[0m
[0.556s] [ 50%] [32mBuilding CXX object CMakeFiles/logger_node.dir/src/joint_logger.cpp.o[0m
[2.915s] [01m[K/home/rrm/src/cv2/src/teleop.cpp:[m[K In function ‘[01m[Kint main(int, char**)[m[K’:
[2.915s] [01m[K/home/rrm/src/cv2/src/teleop.cpp:26:49:[m[K [01;31m[Kerror: [m[Kexpected ‘[01m[K;[m[K’ before ‘[01m[Kstd[m[K’
[2.915s]    26 |         std::cout << "input join and position: "
[2.915s]       |                                                 [01;31m[K^[m[K
[2.915s]       |                                                 [32m[K;[m[K
[2.915s]    27 |         [32m[Kstd[m[K::cin >> joint_id >> position;
[2.915s]       |         [32m[K~~~[m[K                                      
[3.723s] gmake[2]: *** [CMakeFiles/cv2_node.dir/build.make:76: CMakeFiles/cv2_node.dir/src/teleop.cpp.o] Error 1
[3.723s] gmake[1]: *** [CMakeFiles/Makefile2:139: CMakeFiles/cv2_node.dir/all] Error 2
[3.723s] gmake[1]: *** Waiting for unfinished jobs....
[8.473s] [ 75%] [32m[1mLinking CXX executable logger_node[0m
[8.846s] [ 75%] Built target logger_node
[8.847s] gmake: *** [Makefile:146: all] Error 2
[8.849s] Invoked command in '/home/rrm/build/cv2' returned '2': AMENT_PREFIX_PATH=/home/rrm/install/rrm_msgs:${AMENT_PREFIX_PATH} CMAKE_PREFIX_PATH=/home/rrm/install/rrm_msgs:/home/rrm/install/cv1:/opt/ros/humble LD_LIBRARY_PATH=/home/rrm/install/rrm_msgs/lib:${LD_LIBRARY_PATH} PYTHONPATH=/home/rrm/install/rrm_msgs/local/lib/python3.10/dist-packages:${PYTHONPATH} /usr/bin/cmake --build /home/rrm/build/cv2 -- -j8 -l8
