[0.106s] DEBUG:colcon:Command line arguments: ['/usr/bin/colcon', 'build']
[0.106s] DEBUG:colcon:Parsed command line arguments: Namespace(log_base=None, log_level=None, verb_name='build', build_base='build', install_base='install', merge_install=False, symlink_install=False, test_result_base=None, continue_on_error=False, executor='parallel', parallel_workers=8, event_handlers=None, ignore_user_meta=False, metas=['./colcon.meta'], base_paths=['.'], packages_ignore=None, packages_ignore_regex=None, paths=None, packages_up_to=None, packages_up_to_regex=None, packages_above=None, packages_above_and_dependencies=None, packages_above_depth=None, packages_select_by_dep=None, packages_skip_by_dep=None, packages_skip_up_to=None, packages_select_build_failed=False, packages_skip_build_finished=False, packages_select_test_failures=False, packages_skip_test_passed=False, packages_select=None, packages_skip=None, packages_select_regex=None, packages_skip_regex=None, packages_start=None, packages_end=None, cmake_args=None, cmake_target=None, cmake_target_skip_unavailable=False, cmake_clean_cache=False, cmake_clean_first=False, cmake_force_configure=False, ament_cmake_args=None, catkin_cmake_args=None, catkin_skip_building_tests=False, mixin_files=None, mixin=None, verb_parser=<colcon_mixin.mixin.mixin_argument.MixinArgumentDecorator object at 0x7f09645277f0>, verb_extension=<colcon_core.verb.build.BuildVerb object at 0x7f0964526d40>, main=<bound method BuildVerb.main of <colcon_core.verb.build.BuildVerb object at 0x7f0964526d40>>, mixin_verb=('build',))
[0.233s] Level 1:colcon.colcon_core.package_discovery:discover_packages(colcon_meta) check parameters
[0.233s] INFO:colcon.colcon_metadata.package_discovery.colcon_meta:Using configuration from '/root/.colcon/metadata/default/Gazebo.meta'
[0.234s] INFO:colcon.colcon_metadata.package_discovery.colcon_meta:Using configuration from '/root/.colcon/metadata/default/fastdds.meta'
[0.234s] INFO:colcon.colcon_metadata.package_discovery.colcon_meta:Using configuration from '/root/.colcon/metadata/default/fastrtps.meta'
[0.234s] Level 1:colcon.colcon_core.package_discovery:discover_packages(recursive) check parameters
[0.234s] Level 1:colcon.colcon_core.package_discovery:discover_packages(ignore) check parameters
[0.234s] Level 1:colcon.colcon_core.package_discovery:discover_packages(path) check parameters
[0.234s] Level 1:colcon.colcon_core.package_discovery:discover_packages(colcon_meta) discover
[0.234s] Level 1:colcon.colcon_core.package_discovery:discover_packages(recursive) discover
[0.234s] INFO:colcon.colcon_core.package_discovery:Crawling recursively for packages in '/home/rrm'
[0.235s] Level 1:colcon.colcon_core.package_identification:_identify(.) by extensions ['ignore', 'ignore_ament_install']
[0.235s] Level 1:colcon.colcon_core.package_identification:_identify(.) by extension 'ignore'
[0.235s] Level 1:colcon.colcon_core.package_identification:_identify(.) by extension 'ignore_ament_install'
[0.235s] Level 1:colcon.colcon_core.package_identification:_identify(.) by extensions ['colcon_pkg']
[0.235s] Level 1:colcon.colcon_core.package_identification:_identify(.) by extension 'colcon_pkg'
[0.235s] Level 1:colcon.colcon_core.package_identification:_identify(.) by extensions ['colcon_meta']
[0.235s] Level 1:colcon.colcon_core.package_identification:_identify(.) by extension 'colcon_meta'
[0.235s] Level 1:colcon.colcon_core.package_identification:_identify(.) by extensions ['ros']
[0.235s] Level 1:colcon.colcon_core.package_identification:_identify(.) by extension 'ros'
[0.244s] Level 1:colcon.colcon_core.package_identification:_identify(.) by extensions ['cmake', 'python']
[0.244s] Level 1:colcon.colcon_core.package_identification:_identify(.) by extension 'cmake'
[0.244s] Level 1:colcon.colcon_core.package_identification:_identify(.) by extension 'python'
[0.244s] Level 1:colcon.colcon_core.package_identification:_identify(.) by extensions ['python_setup_py']
[0.244s] Level 1:colcon.colcon_core.package_identification:_identify(.) by extension 'python_setup_py'
[0.245s] Level 1:colcon.colcon_core.package_identification:_identify(build) by extensions ['ignore', 'ignore_ament_install']
[0.245s] Level 1:colcon.colcon_core.package_identification:_identify(build) by extension 'ignore'
[0.245s] Level 1:colcon.colcon_core.package_identification:_identify(build) ignored
[0.245s] Level 1:colcon.colcon_core.package_identification:_identify(install) by extensions ['ignore', 'ignore_ament_install']
[0.245s] Level 1:colcon.colcon_core.package_identification:_identify(install) by extension 'ignore'
[0.245s] Level 1:colcon.colcon_core.package_identification:_identify(install) ignored
[0.245s] Level 1:colcon.colcon_core.package_identification:_identify(log) by extensions ['ignore', 'ignore_ament_install']
[0.245s] Level 1:colcon.colcon_core.package_identification:_identify(log) by extension 'ignore'
[0.245s] Level 1:colcon.colcon_core.package_identification:_identify(log) ignored
[0.245s] Level 1:colcon.colcon_core.package_identification:_identify(src) by extensions ['ignore', 'ignore_ament_install']
[0.246s] Level 1:colcon.colcon_core.package_identification:_identify(src) by extension 'ignore'
[0.246s] Level 1:colcon.colcon_core.package_identification:_identify(src) by extension 'ignore_ament_install'
[0.246s] Level 1:colcon.colcon_core.package_identification:_identify(src) by extensions ['colcon_pkg']
[0.246s] Level 1:colcon.colcon_core.package_identification:_identify(src) by extension 'colcon_pkg'
[0.246s] Level 1:colcon.colcon_core.package_identification:_identify(src) by extensions ['colcon_meta']
[0.246s] Level 1:colcon.colcon_core.package_identification:_identify(src) by extension 'colcon_meta'
[0.246s] Level 1:colcon.colcon_core.package_identification:_identify(src) by extensions ['ros']
[0.246s] Level 1:colcon.colcon_core.package_identification:_identify(src) by extension 'ros'
[0.246s] Level 1:colcon.colcon_core.package_identification:_identify(src) by extensions ['cmake', 'python']
[0.246s] Level 1:colcon.colcon_core.package_identification:_identify(src) by extension 'cmake'
[0.246s] Level 1:colcon.colcon_core.package_identification:_identify(src) by extension 'python'
[0.246s] Level 1:colcon.colcon_core.package_identification:_identify(src) by extensions ['python_setup_py']
[0.246s] Level 1:colcon.colcon_core.package_identification:_identify(src) by extension 'python_setup_py'
[0.246s] Level 1:colcon.colcon_core.package_identification:_identify(src/cv1) by extensions ['ignore', 'ignore_ament_install']
[0.246s] Level 1:colcon.colcon_core.package_identification:_identify(src/cv1) by extension 'ignore'
[0.246s] Level 1:colcon.colcon_core.package_identification:_identify(src/cv1) by extension 'ignore_ament_install'
[0.246s] Level 1:colcon.colcon_core.package_identification:_identify(src/cv1) by extensions ['colcon_pkg']
[0.246s] Level 1:colcon.colcon_core.package_identification:_identify(src/cv1) by extension 'colcon_pkg'
[0.246s] Level 1:colcon.colcon_core.package_identification:_identify(src/cv1) by extensions ['colcon_meta']
[0.246s] Level 1:colcon.colcon_core.package_identification:_identify(src/cv1) by extension 'colcon_meta'
[0.246s] Level 1:colcon.colcon_core.package_identification:_identify(src/cv1) by extensions ['ros']
[0.246s] Level 1:colcon.colcon_core.package_identification:_identify(src/cv1) by extension 'ros'
[0.248s] DEBUG:colcon.colcon_core.package_identification:Package 'src/cv1' with type 'ros.ament_cmake' and name 'cv1'
[0.249s] Level 1:colcon.colcon_core.package_identification:_identify(src/cv2) by extensions ['ignore', 'ignore_ament_install']
[0.249s] Level 1:colcon.colcon_core.package_identification:_identify(src/cv2) by extension 'ignore'
[0.249s] Level 1:colcon.colcon_core.package_identification:_identify(src/cv2) by extension 'ignore_ament_install'
[0.249s] Level 1:colcon.colcon_core.package_identification:_identify(src/cv2) by extensions ['colcon_pkg']
[0.249s] Level 1:colcon.colcon_core.package_identification:_identify(src/cv2) by extension 'colcon_pkg'
[0.249s] Level 1:colcon.colcon_core.package_identification:_identify(src/cv2) by extensions ['colcon_meta']
[0.249s] Level 1:colcon.colcon_core.package_identification:_identify(src/cv2) by extension 'colcon_meta'
[0.249s] Level 1:colcon.colcon_core.package_identification:_identify(src/cv2) by extensions ['ros']
[0.249s] Level 1:colcon.colcon_core.package_identification:_identify(src/cv2) by extension 'ros'
[0.250s] DEBUG:colcon.colcon_core.package_identification:Package 'src/cv2' with type 'ros.ament_cmake' and name 'cv2'
[0.250s] Level 1:colcon.colcon_core.package_identification:_identify(src/rrm_msgs) by extensions ['ignore', 'ignore_ament_install']
[0.250s] Level 1:colcon.colcon_core.package_identification:_identify(src/rrm_msgs) by extension 'ignore'
[0.250s] Level 1:colcon.colcon_core.package_identification:_identify(src/rrm_msgs) by extension 'ignore_ament_install'
[0.250s] Level 1:colcon.colcon_core.package_identification:_identify(src/rrm_msgs) by extensions ['colcon_pkg']
[0.250s] Level 1:colcon.colcon_core.package_identification:_identify(src/rrm_msgs) by extension 'colcon_pkg'
[0.250s] Level 1:colcon.colcon_core.package_identification:_identify(src/rrm_msgs) by extensions ['colcon_meta']
[0.250s] Level 1:colcon.colcon_core.package_identification:_identify(src/rrm_msgs) by extension 'colcon_meta'
[0.250s] Level 1:colcon.colcon_core.package_identification:_identify(src/rrm_msgs) by extensions ['ros']
[0.250s] Level 1:colcon.colcon_core.package_identification:_identify(src/rrm_msgs) by extension 'ros'
[0.251s] DEBUG:colcon.colcon_core.package_identification:Package 'src/rrm_msgs' with type 'ros.ament_cmake' and name 'rrm_msgs'
[0.251s] Level 1:colcon.colcon_core.package_identification:_identify(src/rrm_sim) by extensions ['ignore', 'ignore_ament_install']
[0.251s] Level 1:colcon.colcon_core.package_identification:_identify(src/rrm_sim) by extension 'ignore'
[0.251s] Level 1:colcon.colcon_core.package_identification:_identify(src/rrm_sim) by extension 'ignore_ament_install'
[0.251s] Level 1:colcon.colcon_core.package_identification:_identify(src/rrm_sim) by extensions ['colcon_pkg']
[0.251s] Level 1:colcon.colcon_core.package_identification:_identify(src/rrm_sim) by extension 'colcon_pkg'
[0.251s] Level 1:colcon.colcon_core.package_identification:_identify(src/rrm_sim) by extensions ['colcon_meta']
[0.251s] Level 1:colcon.colcon_core.package_identification:_identify(src/rrm_sim) by extension 'colcon_meta'
[0.251s] Level 1:colcon.colcon_core.package_identification:_identify(src/rrm_sim) by extensions ['ros']
[0.251s] Level 1:colcon.colcon_core.package_identification:_identify(src/rrm_sim) by extension 'ros'
[0.252s] DEBUG:colcon.colcon_core.package_identification:Package 'src/rrm_sim' with type 'ros.ament_cmake' and name 'rrm_sim'
[0.252s] Level 1:colcon.colcon_core.package_identification:_identify(src/rrm_simple_robot_model) by extensions ['ignore', 'ignore_ament_install']
[0.252s] Level 1:colcon.colcon_core.package_identification:_identify(src/rrm_simple_robot_model) by extension 'ignore'
[0.253s] Level 1:colcon.colcon_core.package_identification:_identify(src/rrm_simple_robot_model) by extension 'ignore_ament_install'
[0.253s] Level 1:colcon.colcon_core.package_identification:_identify(src/rrm_simple_robot_model) by extensions ['colcon_pkg']
[0.253s] Level 1:colcon.colcon_core.package_identification:_identify(src/rrm_simple_robot_model) by extension 'colcon_pkg'
[0.253s] Level 1:colcon.colcon_core.package_identification:_identify(src/rrm_simple_robot_model) by extensions ['colcon_meta']
[0.253s] Level 1:colcon.colcon_core.package_identification:_identify(src/rrm_simple_robot_model) by extension 'colcon_meta'
[0.253s] Level 1:colcon.colcon_core.package_identification:_identify(src/rrm_simple_robot_model) by extensions ['ros']
[0.253s] Level 1:colcon.colcon_core.package_identification:_identify(src/rrm_simple_robot_model) by extension 'ros'
[0.253s] DEBUG:colcon.colcon_core.package_identification:Package 'src/rrm_simple_robot_model' with type 'ros.ament_cmake' and name 'rrm_simple_robot_model'
[0.253s] Level 1:colcon.colcon_core.package_discovery:discover_packages(recursive) using defaults
[0.253s] Level 1:colcon.colcon_core.package_discovery:discover_packages(ignore) discover
[0.253s] Level 1:colcon.colcon_core.package_discovery:discover_packages(ignore) using defaults
[0.253s] Level 1:colcon.colcon_core.package_discovery:discover_packages(path) discover
[0.253s] Level 1:colcon.colcon_core.package_discovery:discover_packages(path) using defaults
[0.269s] Level 5:colcon.colcon_core.verb:set package 'cv1' build argument 'cmake_args' from command line to 'None'
[0.270s] Level 5:colcon.colcon_core.verb:set package 'cv1' build argument 'cmake_target' from command line to 'None'
[0.270s] Level 5:colcon.colcon_core.verb:set package 'cv1' build argument 'cmake_target_skip_unavailable' from command line to 'False'
[0.270s] Level 5:colcon.colcon_core.verb:set package 'cv1' build argument 'cmake_clean_cache' from command line to 'False'
[0.270s] Level 5:colcon.colcon_core.verb:set package 'cv1' build argument 'cmake_clean_first' from command line to 'False'
[0.270s] Level 5:colcon.colcon_core.verb:set package 'cv1' build argument 'cmake_force_configure' from command line to 'False'
[0.270s] Level 5:colcon.colcon_core.verb:set package 'cv1' build argument 'ament_cmake_args' from command line to 'None'
[0.270s] Level 5:colcon.colcon_core.verb:set package 'cv1' build argument 'catkin_cmake_args' from command line to 'None'
[0.270s] Level 5:colcon.colcon_core.verb:set package 'cv1' build argument 'catkin_skip_building_tests' from command line to 'False'
[0.270s] DEBUG:colcon.colcon_core.verb:Building package 'cv1' with the following arguments: {'ament_cmake_args': None, 'build_base': '/home/rrm/build/cv1', 'catkin_cmake_args': None, 'catkin_skip_building_tests': False, 'cmake_args': None, 'cmake_clean_cache': False, 'cmake_clean_first': False, 'cmake_force_configure': False, 'cmake_target': None, 'cmake_target_skip_unavailable': False, 'install_base': '/home/rrm/install/cv1', 'merge_install': False, 'path': '/home/rrm/src/cv1', 'symlink_install': False, 'test_result_base': None}
[0.270s] Level 5:colcon.colcon_core.verb:set package 'rrm_msgs' build argument 'cmake_args' from command line to 'None'
[0.270s] Level 5:colcon.colcon_core.verb:set package 'rrm_msgs' build argument 'cmake_target' from command line to 'None'
[0.270s] Level 5:colcon.colcon_core.verb:set package 'rrm_msgs' build argument 'cmake_target_skip_unavailable' from command line to 'False'
[0.270s] Level 5:colcon.colcon_core.verb:set package 'rrm_msgs' build argument 'cmake_clean_cache' from command line to 'False'
[0.270s] Level 5:colcon.colcon_core.verb:set package 'rrm_msgs' build argument 'cmake_clean_first' from command line to 'False'
[0.270s] Level 5:colcon.colcon_core.verb:set package 'rrm_msgs' build argument 'cmake_force_configure' from command line to 'False'
[0.270s] Level 5:colcon.colcon_core.verb:set package 'rrm_msgs' build argument 'ament_cmake_args' from command line to 'None'
[0.270s] Level 5:colcon.colcon_core.verb:set package 'rrm_msgs' build argument 'catkin_cmake_args' from command line to 'None'
[0.270s] Level 5:colcon.colcon_core.verb:set package 'rrm_msgs' build argument 'catkin_skip_building_tests' from command line to 'False'
[0.270s] DEBUG:colcon.colcon_core.verb:Building package 'rrm_msgs' with the following arguments: {'ament_cmake_args': None, 'build_base': '/home/rrm/build/rrm_msgs', 'catkin_cmake_args': None, 'catkin_skip_building_tests': False, 'cmake_args': None, 'cmake_clean_cache': False, 'cmake_clean_first': False, 'cmake_force_configure': False, 'cmake_target': None, 'cmake_target_skip_unavailable': False, 'install_base': '/home/rrm/install/rrm_msgs', 'merge_install': False, 'path': '/home/rrm/src/rrm_msgs', 'symlink_install': False, 'test_result_base': None}
[0.271s] Level 5:colcon.colcon_core.verb:set package 'rrm_simple_robot_model' build argument 'cmake_args' from command line to 'None'
[0.271s] Level 5:colcon.colcon_core.verb:set package 'rrm_simple_robot_model' build argument 'cmake_target' from command line to 'None'
[0.271s] Level 5:colcon.colcon_core.verb:set package 'rrm_simple_robot_model' build argument 'cmake_target_skip_unavailable' from command line to 'False'
[0.271s] Level 5:colcon.colcon_core.verb:set package 'rrm_simple_robot_model' build argument 'cmake_clean_cache' from command line to 'False'
[0.271s] Level 5:colcon.colcon_core.verb:set package 'rrm_simple_robot_model' build argument 'cmake_clean_first' from command line to 'False'
[0.271s] Level 5:colcon.colcon_core.verb:set package 'rrm_simple_robot_model' build argument 'cmake_force_configure' from command line to 'False'
[0.271s] Level 5:colcon.colcon_core.verb:set package 'rrm_simple_robot_model' build argument 'ament_cmake_args' from command line to 'None'
[0.271s] Level 5:colcon.colcon_core.verb:set package 'rrm_simple_robot_model' build argument 'catkin_cmake_args' from command line to 'None'
[0.271s] Level 5:colcon.colcon_core.verb:set package 'rrm_simple_robot_model' build argument 'catkin_skip_building_tests' from command line to 'False'
[0.271s] DEBUG:colcon.colcon_core.verb:Building package 'rrm_simple_robot_model' with the following arguments: {'ament_cmake_args': None, 'build_base': '/home/rrm/build/rrm_simple_robot_model', 'catkin_cmake_args': None, 'catkin_skip_building_tests': False, 'cmake_args': None, 'cmake_clean_cache': False, 'cmake_clean_first': False, 'cmake_force_configure': False, 'cmake_target': None, 'cmake_target_skip_unavailable': False, 'install_base': '/home/rrm/install/rrm_simple_robot_model', 'merge_install': False, 'path': '/home/rrm/src/rrm_simple_robot_model', 'symlink_install': False, 'test_result_base': None}
[0.271s] Level 5:colcon.colcon_core.verb:set package 'cv2' build argument 'cmake_args' from command line to 'None'
[0.271s] Level 5:colcon.colcon_core.verb:set package 'cv2' build argument 'cmake_target' from command line to 'None'
[0.271s] Level 5:colcon.colcon_core.verb:set package 'cv2' build argument 'cmake_target_skip_unavailable' from command line to 'False'
[0.271s] Level 5:colcon.colcon_core.verb:set package 'cv2' build argument 'cmake_clean_cache' from command line to 'False'
[0.271s] Level 5:colcon.colcon_core.verb:set package 'cv2' build argument 'cmake_clean_first' from command line to 'False'
[0.271s] Level 5:colcon.colcon_core.verb:set package 'cv2' build argument 'cmake_force_configure' from command line to 'False'
[0.271s] Level 5:colcon.colcon_core.verb:set package 'cv2' build argument 'ament_cmake_args' from command line to 'None'
[0.271s] Level 5:colcon.colcon_core.verb:set package 'cv2' build argument 'catkin_cmake_args' from command line to 'None'
[0.271s] Level 5:colcon.colcon_core.verb:set package 'cv2' build argument 'catkin_skip_building_tests' from command line to 'False'
[0.271s] DEBUG:colcon.colcon_core.verb:Building package 'cv2' with the following arguments: {'ament_cmake_args': None, 'build_base': '/home/rrm/build/cv2', 'catkin_cmake_args': None, 'catkin_skip_building_tests': False, 'cmake_args': None, 'cmake_clean_cache': False, 'cmake_clean_first': False, 'cmake_force_configure': False, 'cmake_target': None, 'cmake_target_skip_unavailable': False, 'install_base': '/home/rrm/install/cv2', 'merge_install': False, 'path': '/home/rrm/src/cv2', 'symlink_install': False, 'test_result_base': None}
[0.272s] Level 5:colcon.colcon_core.verb:set package 'rrm_sim' build argument 'cmake_args' from command line to 'None'
[0.272s] Level 5:colcon.colcon_core.verb:set package 'rrm_sim' build argument 'cmake_target' from command line to 'None'
[0.272s] Level 5:colcon.colcon_core.verb:set package 'rrm_sim' build argument 'cmake_target_skip_unavailable' from command line to 'False'
[0.272s] Level 5:colcon.colcon_core.verb:set package 'rrm_sim' build argument 'cmake_clean_cache' from command line to 'False'
[0.272s] Level 5:colcon.colcon_core.verb:set package 'rrm_sim' build argument 'cmake_clean_first' from command line to 'False'
[0.272s] Level 5:colcon.colcon_core.verb:set package 'rrm_sim' build argument 'cmake_force_configure' from command line to 'False'
[0.272s] Level 5:colcon.colcon_core.verb:set package 'rrm_sim' build argument 'ament_cmake_args' from command line to 'None'
[0.272s] Level 5:colcon.colcon_core.verb:set package 'rrm_sim' build argument 'catkin_cmake_args' from command line to 'None'
[0.272s] Level 5:colcon.colcon_core.verb:set package 'rrm_sim' build argument 'catkin_skip_building_tests' from command line to 'False'
[0.272s] DEBUG:colcon.colcon_core.verb:Building package 'rrm_sim' with the following arguments: {'ament_cmake_args': None, 'build_base': '/home/rrm/build/rrm_sim', 'catkin_cmake_args': None, 'catkin_skip_building_tests': False, 'cmake_args': None, 'cmake_clean_cache': False, 'cmake_clean_first': False, 'cmake_force_configure': False, 'cmake_target': None, 'cmake_target_skip_unavailable': False, 'install_base': '/home/rrm/install/rrm_sim', 'merge_install': False, 'path': '/home/rrm/src/rrm_sim', 'symlink_install': False, 'test_result_base': None}
[0.272s] INFO:colcon.colcon_core.executor:Executing jobs using 'parallel' executor
[0.273s] DEBUG:colcon.colcon_parallel_executor.executor.parallel:run_until_complete
[0.273s] INFO:colcon.colcon_ros.task.ament_cmake.build:Building ROS package in '/home/rrm/src/rrm_msgs' with build type 'ament_cmake'
[0.273s] INFO:colcon.colcon_cmake.task.cmake.build:Building CMake package in '/home/rrm/src/rrm_msgs'
[0.275s] INFO:colcon.colcon_core.plugin_system:Skipping extension 'colcon_core.shell.bat': Not used on non-Windows systems
[0.275s] INFO:colcon.colcon_core.shell:Skip shell extension 'powershell' for command environment: Not usable outside of PowerShell
[0.275s] DEBUG:colcon.colcon_core.shell:Skip shell extension 'dsv' for command environment
[0.279s] INFO:colcon.colcon_ros.task.ament_cmake.build:Building ROS package in '/home/rrm/src/cv1' with build type 'ament_cmake'
[0.279s] INFO:colcon.colcon_cmake.task.cmake.build:Building CMake package in '/home/rrm/src/cv1'
[0.280s] INFO:colcon.colcon_core.shell:Skip shell extension 'powershell' for command environment: Not usable outside of PowerShell
[0.280s] DEBUG:colcon.colcon_core.shell:Skip shell extension 'dsv' for command environment
[0.286s] INFO:colcon.colcon_ros.task.ament_cmake.build:Building ROS package in '/home/rrm/src/rrm_simple_robot_model' with build type 'ament_cmake'
[0.286s] INFO:colcon.colcon_cmake.task.cmake.build:Building CMake package in '/home/rrm/src/rrm_simple_robot_model'
[0.286s] INFO:colcon.colcon_core.shell:Skip shell extension 'powershell' for command environment: Not usable outside of PowerShell
[0.286s] DEBUG:colcon.colcon_core.shell:Skip shell extension 'dsv' for command environment
[0.297s] DEBUG:colcon.colcon_core.event_handler.log_command:Invoking command in '/home/rrm/build/rrm_msgs': CMAKE_PREFIX_PATH=${CMAKE_PREFIX_PATH}:/opt/ros/humble /usr/bin/cmake --build /home/rrm/build/rrm_msgs -- -j8 -l8
[0.300s] DEBUG:colcon.colcon_core.event_handler.log_command:Invoking command in '/home/rrm/build/cv1': CMAKE_PREFIX_PATH=${CMAKE_PREFIX_PATH}:/opt/ros/humble /usr/bin/cmake --build /home/rrm/build/cv1 -- -j8 -l8
[0.305s] DEBUG:colcon.colcon_core.event_handler.log_command:Invoking command in '/home/rrm/build/rrm_simple_robot_model': CMAKE_PREFIX_PATH=${CMAKE_PREFIX_PATH}:/opt/ros/humble /usr/bin/cmake --build /home/rrm/build/rrm_simple_robot_model -- -j8 -l8
[0.339s] DEBUG:colcon.colcon_core.event_handler.log_command:Invoked command in '/home/rrm/build/rrm_simple_robot_model' returned '0': CMAKE_PREFIX_PATH=${CMAKE_PREFIX_PATH}:/opt/ros/humble /usr/bin/cmake --build /home/rrm/build/rrm_simple_robot_model -- -j8 -l8
[0.347s] DEBUG:colcon.colcon_core.event_handler.log_command:Invoking command in '/home/rrm/build/rrm_simple_robot_model': CMAKE_PREFIX_PATH=${CMAKE_PREFIX_PATH}:/opt/ros/humble /usr/bin/cmake --install /home/rrm/build/rrm_simple_robot_model
[0.356s] Level 1:colcon.colcon_core.environment:create_environment_scripts_only(rrm_simple_robot_model)
[0.357s] DEBUG:colcon.colcon_core.event_handler.log_command:Invoked command in '/home/rrm/build/rrm_simple_robot_model' returned '0': CMAKE_PREFIX_PATH=${CMAKE_PREFIX_PATH}:/opt/ros/humble /usr/bin/cmake --install /home/rrm/build/rrm_simple_robot_model
[0.360s] Level 1:colcon.colcon_core.environment:checking '/home/rrm/install/rrm_simple_robot_model' for CMake module files
[0.361s] Level 1:colcon.colcon_core.environment:checking '/home/rrm/install/rrm_simple_robot_model' for CMake config files
[0.361s] Level 1:colcon.colcon_core.shell:create_environment_hook('rrm_simple_robot_model', 'cmake_prefix_path')
[0.361s] INFO:colcon.colcon_core.shell:Creating environment hook '/home/rrm/install/rrm_simple_robot_model/share/rrm_simple_robot_model/hook/cmake_prefix_path.ps1'
[0.362s] INFO:colcon.colcon_core.shell:Creating environment descriptor '/home/rrm/install/rrm_simple_robot_model/share/rrm_simple_robot_model/hook/cmake_prefix_path.dsv'
[0.363s] INFO:colcon.colcon_core.shell:Creating environment hook '/home/rrm/install/rrm_simple_robot_model/share/rrm_simple_robot_model/hook/cmake_prefix_path.sh'
[0.365s] Level 1:colcon.colcon_core.environment:checking '/home/rrm/install/rrm_simple_robot_model/bin'
[0.366s] Level 1:colcon.colcon_core.environment:checking '/home/rrm/install/rrm_simple_robot_model/lib/pkgconfig/rrm_simple_robot_model.pc'
[0.367s] Level 1:colcon.colcon_core.environment:checking '/home/rrm/install/rrm_simple_robot_model/lib/python3.10/site-packages'
[0.368s] Level 1:colcon.colcon_core.environment:checking '/home/rrm/install/rrm_simple_robot_model/bin'
[0.368s] INFO:colcon.colcon_core.shell:Creating package script '/home/rrm/install/rrm_simple_robot_model/share/rrm_simple_robot_model/package.ps1'
[0.369s] INFO:colcon.colcon_core.shell:Creating package descriptor '/home/rrm/install/rrm_simple_robot_model/share/rrm_simple_robot_model/package.dsv'
[0.370s] INFO:colcon.colcon_core.shell:Creating package script '/home/rrm/install/rrm_simple_robot_model/share/rrm_simple_robot_model/package.sh'
[0.371s] INFO:colcon.colcon_core.shell:Creating package script '/home/rrm/install/rrm_simple_robot_model/share/rrm_simple_robot_model/package.bash'
[0.372s] INFO:colcon.colcon_core.shell:Creating package script '/home/rrm/install/rrm_simple_robot_model/share/rrm_simple_robot_model/package.zsh'
[0.373s] Level 1:colcon.colcon_core.environment:create_file_with_runtime_dependencies(/home/rrm/install/rrm_simple_robot_model/share/colcon-core/packages/rrm_simple_robot_model)
[0.374s] Level 1:colcon.colcon_core.environment:create_environment_scripts_only(rrm_simple_robot_model)
[0.374s] Level 1:colcon.colcon_core.environment:checking '/home/rrm/install/rrm_simple_robot_model' for CMake module files
[0.374s] Level 1:colcon.colcon_core.environment:checking '/home/rrm/install/rrm_simple_robot_model' for CMake config files
[0.374s] Level 1:colcon.colcon_core.shell:create_environment_hook('rrm_simple_robot_model', 'cmake_prefix_path')
[0.375s] INFO:colcon.colcon_core.shell:Creating environment hook '/home/rrm/install/rrm_simple_robot_model/share/rrm_simple_robot_model/hook/cmake_prefix_path.ps1'
[0.375s] INFO:colcon.colcon_core.shell:Creating environment descriptor '/home/rrm/install/rrm_simple_robot_model/share/rrm_simple_robot_model/hook/cmake_prefix_path.dsv'
[0.376s] INFO:colcon.colcon_core.shell:Creating environment hook '/home/rrm/install/rrm_simple_robot_model/share/rrm_simple_robot_model/hook/cmake_prefix_path.sh'
[0.376s] Level 1:colcon.colcon_core.environment:checking '/home/rrm/install/rrm_simple_robot_model/bin'
[0.376s] Level 1:colcon.colcon_core.environment:checking '/home/rrm/install/rrm_simple_robot_model/lib/pkgconfig/rrm_simple_robot_model.pc'
[0.376s] Level 1:colcon.colcon_core.environment:checking '/home/rrm/install/rrm_simple_robot_model/lib/python3.10/site-packages'
[0.377s] Level 1:colcon.colcon_core.environment:checking '/home/rrm/install/rrm_simple_robot_model/bin'
[0.377s] INFO:colcon.colcon_core.shell:Creating package script '/home/rrm/install/rrm_simple_robot_model/share/rrm_simple_robot_model/package.ps1'
[0.378s] INFO:colcon.colcon_core.shell:Creating package descriptor '/home/rrm/install/rrm_simple_robot_model/share/rrm_simple_robot_model/package.dsv'
[0.378s] INFO:colcon.colcon_core.shell:Creating package script '/home/rrm/install/rrm_simple_robot_model/share/rrm_simple_robot_model/package.sh'
[0.379s] INFO:colcon.colcon_core.shell:Creating package script '/home/rrm/install/rrm_simple_robot_model/share/rrm_simple_robot_model/package.bash'
[0.380s] INFO:colcon.colcon_core.shell:Creating package script '/home/rrm/install/rrm_simple_robot_model/share/rrm_simple_robot_model/package.zsh'
[0.381s] Level 1:colcon.colcon_core.environment:create_file_with_runtime_dependencies(/home/rrm/install/rrm_simple_robot_model/share/colcon-core/packages/rrm_simple_robot_model)
[0.383s] DEBUG:colcon.colcon_core.event_handler.log_command:Invoked command in '/home/rrm/build/cv1' returned '0': CMAKE_PREFIX_PATH=${CMAKE_PREFIX_PATH}:/opt/ros/humble /usr/bin/cmake --build /home/rrm/build/cv1 -- -j8 -l8
[0.385s] DEBUG:colcon.colcon_core.event_handler.log_command:Invoking command in '/home/rrm/build/cv1': CMAKE_PREFIX_PATH=${CMAKE_PREFIX_PATH}:/opt/ros/humble /usr/bin/cmake --install /home/rrm/build/cv1
[0.395s] Level 1:colcon.colcon_core.environment:create_environment_scripts_only(cv1)
[0.396s] DEBUG:colcon.colcon_core.event_handler.log_command:Invoked command in '/home/rrm/build/cv1' returned '0': CMAKE_PREFIX_PATH=${CMAKE_PREFIX_PATH}:/opt/ros/humble /usr/bin/cmake --install /home/rrm/build/cv1
[0.396s] Level 1:colcon.colcon_core.environment:checking '/home/rrm/install/cv1' for CMake module files
[0.397s] Level 1:colcon.colcon_core.environment:checking '/home/rrm/install/cv1' for CMake config files
[0.397s] Level 1:colcon.colcon_core.shell:create_environment_hook('cv1', 'cmake_prefix_path')
[0.398s] INFO:colcon.colcon_core.shell:Creating environment hook '/home/rrm/install/cv1/share/cv1/hook/cmake_prefix_path.ps1'
[0.398s] INFO:colcon.colcon_core.shell:Creating environment descriptor '/home/rrm/install/cv1/share/cv1/hook/cmake_prefix_path.dsv'
[0.399s] INFO:colcon.colcon_core.shell:Creating environment hook '/home/rrm/install/cv1/share/cv1/hook/cmake_prefix_path.sh'
[0.399s] Level 1:colcon.colcon_core.environment:checking '/home/rrm/install/cv1/lib'
[0.400s] Level 1:colcon.colcon_core.environment:checking '/home/rrm/install/cv1/bin'
[0.400s] Level 1:colcon.colcon_core.environment:checking '/home/rrm/install/cv1/lib/pkgconfig/cv1.pc'
[0.400s] Level 1:colcon.colcon_core.environment:checking '/home/rrm/install/cv1/lib/python3.10/site-packages'
[0.401s] Level 1:colcon.colcon_core.environment:checking '/home/rrm/install/cv1/bin'
[0.401s] INFO:colcon.colcon_core.shell:Creating package script '/home/rrm/install/cv1/share/cv1/package.ps1'
[0.402s] INFO:colcon.colcon_core.shell:Creating package descriptor '/home/rrm/install/cv1/share/cv1/package.dsv'
[0.403s] INFO:colcon.colcon_core.shell:Creating package script '/home/rrm/install/cv1/share/cv1/package.sh'
[0.404s] INFO:colcon.colcon_core.shell:Creating package script '/home/rrm/install/cv1/share/cv1/package.bash'
[0.404s] INFO:colcon.colcon_core.shell:Creating package script '/home/rrm/install/cv1/share/cv1/package.zsh'
[0.405s] Level 1:colcon.colcon_core.environment:create_file_with_runtime_dependencies(/home/rrm/install/cv1/share/colcon-core/packages/cv1)
[0.406s] Level 1:colcon.colcon_core.environment:create_environment_scripts_only(cv1)
[0.406s] Level 1:colcon.colcon_core.environment:checking '/home/rrm/install/cv1' for CMake module files
[0.407s] Level 1:colcon.colcon_core.environment:checking '/home/rrm/install/cv1' for CMake config files
[0.407s] Level 1:colcon.colcon_core.shell:create_environment_hook('cv1', 'cmake_prefix_path')
[0.407s] INFO:colcon.colcon_core.shell:Creating environment hook '/home/rrm/install/cv1/share/cv1/hook/cmake_prefix_path.ps1'
[0.408s] INFO:colcon.colcon_core.shell:Creating environment descriptor '/home/rrm/install/cv1/share/cv1/hook/cmake_prefix_path.dsv'
[0.408s] INFO:colcon.colcon_core.shell:Creating environment hook '/home/rrm/install/cv1/share/cv1/hook/cmake_prefix_path.sh'
[0.410s] Level 1:colcon.colcon_core.environment:checking '/home/rrm/install/cv1/lib'
[0.410s] Level 1:colcon.colcon_core.environment:checking '/home/rrm/install/cv1/bin'
[0.410s] Level 1:colcon.colcon_core.environment:checking '/home/rrm/install/cv1/lib/pkgconfig/cv1.pc'
[0.410s] Level 1:colcon.colcon_core.environment:checking '/home/rrm/install/cv1/lib/python3.10/site-packages'
[0.411s] Level 1:colcon.colcon_core.environment:checking '/home/rrm/install/cv1/bin'
[0.411s] INFO:colcon.colcon_core.shell:Creating package script '/home/rrm/install/cv1/share/cv1/package.ps1'
[0.412s] INFO:colcon.colcon_core.shell:Creating package descriptor '/home/rrm/install/cv1/share/cv1/package.dsv'
[0.412s] INFO:colcon.colcon_core.shell:Creating package script '/home/rrm/install/cv1/share/cv1/package.sh'
[0.415s] INFO:colcon.colcon_core.shell:Creating package script '/home/rrm/install/cv1/share/cv1/package.bash'
[0.427s] INFO:colcon.colcon_core.shell:Creating package script '/home/rrm/install/cv1/share/cv1/package.zsh'
[0.428s] Level 1:colcon.colcon_core.environment:create_file_with_runtime_dependencies(/home/rrm/install/cv1/share/colcon-core/packages/cv1)
[0.632s] DEBUG:colcon.colcon_core.event_handler.log_command:Invoked command in '/home/rrm/build/rrm_msgs' returned '0': CMAKE_PREFIX_PATH=${CMAKE_PREFIX_PATH}:/opt/ros/humble /usr/bin/cmake --build /home/rrm/build/rrm_msgs -- -j8 -l8
[0.633s] DEBUG:colcon.colcon_core.event_handler.log_command:Invoking command in '/home/rrm/build/rrm_msgs': CMAKE_PREFIX_PATH=${CMAKE_PREFIX_PATH}:/opt/ros/humble /usr/bin/cmake --install /home/rrm/build/rrm_msgs
[0.678s] Level 1:colcon.colcon_core.environment:create_environment_scripts_only(rrm_msgs)
[0.679s] Level 1:colcon.colcon_core.environment:checking '/home/rrm/install/rrm_msgs' for CMake module files
[0.679s] DEBUG:colcon.colcon_core.event_handler.log_command:Invoked command in '/home/rrm/build/rrm_msgs' returned '0': CMAKE_PREFIX_PATH=${CMAKE_PREFIX_PATH}:/opt/ros/humble /usr/bin/cmake --install /home/rrm/build/rrm_msgs
[0.680s] Level 1:colcon.colcon_core.environment:checking '/home/rrm/install/rrm_msgs' for CMake config files
[0.680s] Level 1:colcon.colcon_core.shell:create_environment_hook('rrm_msgs', 'cmake_prefix_path')
[0.681s] INFO:colcon.colcon_core.shell:Creating environment hook '/home/rrm/install/rrm_msgs/share/rrm_msgs/hook/cmake_prefix_path.ps1'
[0.682s] INFO:colcon.colcon_core.shell:Creating environment descriptor '/home/rrm/install/rrm_msgs/share/rrm_msgs/hook/cmake_prefix_path.dsv'
[0.682s] INFO:colcon.colcon_core.shell:Creating environment hook '/home/rrm/install/rrm_msgs/share/rrm_msgs/hook/cmake_prefix_path.sh'
[0.683s] Level 1:colcon.colcon_core.environment:checking '/home/rrm/install/rrm_msgs/lib'
[0.683s] Level 1:colcon.colcon_core.shell:create_environment_hook('rrm_msgs', 'ld_library_path_lib')
[0.683s] INFO:colcon.colcon_core.shell:Creating environment hook '/home/rrm/install/rrm_msgs/share/rrm_msgs/hook/ld_library_path_lib.ps1'
[0.684s] INFO:colcon.colcon_core.shell:Creating environment descriptor '/home/rrm/install/rrm_msgs/share/rrm_msgs/hook/ld_library_path_lib.dsv'
[0.684s] INFO:colcon.colcon_core.shell:Creating environment hook '/home/rrm/install/rrm_msgs/share/rrm_msgs/hook/ld_library_path_lib.sh'
[0.685s] Level 1:colcon.colcon_core.environment:checking '/home/rrm/install/rrm_msgs/bin'
[0.685s] Level 1:colcon.colcon_core.environment:checking '/home/rrm/install/rrm_msgs/lib/pkgconfig/rrm_msgs.pc'
[0.685s] Level 1:colcon.colcon_core.environment:checking '/home/rrm/install/rrm_msgs/lib/python3.10/site-packages'
[0.686s] Level 1:colcon.colcon_core.environment:checking '/home/rrm/install/rrm_msgs/bin'
[0.686s] INFO:colcon.colcon_core.shell:Creating package script '/home/rrm/install/rrm_msgs/share/rrm_msgs/package.ps1'
[0.687s] INFO:colcon.colcon_core.shell:Creating package descriptor '/home/rrm/install/rrm_msgs/share/rrm_msgs/package.dsv'
[0.687s] INFO:colcon.colcon_core.shell:Creating package script '/home/rrm/install/rrm_msgs/share/rrm_msgs/package.sh'
[0.688s] INFO:colcon.colcon_core.shell:Creating package script '/home/rrm/install/rrm_msgs/share/rrm_msgs/package.bash'
[0.688s] INFO:colcon.colcon_core.shell:Creating package script '/home/rrm/install/rrm_msgs/share/rrm_msgs/package.zsh'
[0.689s] Level 1:colcon.colcon_core.environment:create_file_with_runtime_dependencies(/home/rrm/install/rrm_msgs/share/colcon-core/packages/rrm_msgs)
[0.689s] Level 1:colcon.colcon_core.environment:create_environment_scripts_only(rrm_msgs)
[0.690s] Level 1:colcon.colcon_core.environment:checking '/home/rrm/install/rrm_msgs' for CMake module files
[0.690s] Level 1:colcon.colcon_core.environment:checking '/home/rrm/install/rrm_msgs' for CMake config files
[0.691s] Level 1:colcon.colcon_core.shell:create_environment_hook('rrm_msgs', 'cmake_prefix_path')
[0.691s] INFO:colcon.colcon_core.shell:Creating environment hook '/home/rrm/install/rrm_msgs/share/rrm_msgs/hook/cmake_prefix_path.ps1'
[0.691s] INFO:colcon.colcon_core.shell:Creating environment descriptor '/home/rrm/install/rrm_msgs/share/rrm_msgs/hook/cmake_prefix_path.dsv'
[0.692s] INFO:colcon.colcon_core.shell:Creating environment hook '/home/rrm/install/rrm_msgs/share/rrm_msgs/hook/cmake_prefix_path.sh'
[0.692s] Level 1:colcon.colcon_core.environment:checking '/home/rrm/install/rrm_msgs/lib'
[0.692s] Level 1:colcon.colcon_core.shell:create_environment_hook('rrm_msgs', 'ld_library_path_lib')
[0.693s] INFO:colcon.colcon_core.shell:Creating environment hook '/home/rrm/install/rrm_msgs/share/rrm_msgs/hook/ld_library_path_lib.ps1'
[0.693s] INFO:colcon.colcon_core.shell:Creating environment descriptor '/home/rrm/install/rrm_msgs/share/rrm_msgs/hook/ld_library_path_lib.dsv'
[0.693s] INFO:colcon.colcon_core.shell:Creating environment hook '/home/rrm/install/rrm_msgs/share/rrm_msgs/hook/ld_library_path_lib.sh'
[0.694s] Level 1:colcon.colcon_core.environment:checking '/home/rrm/install/rrm_msgs/bin'
[0.694s] Level 1:colcon.colcon_core.environment:checking '/home/rrm/install/rrm_msgs/lib/pkgconfig/rrm_msgs.pc'
[0.694s] Level 1:colcon.colcon_core.environment:checking '/home/rrm/install/rrm_msgs/lib/python3.10/site-packages'
[0.694s] Level 1:colcon.colcon_core.environment:checking '/home/rrm/install/rrm_msgs/bin'
[0.694s] INFO:colcon.colcon_core.shell:Creating package script '/home/rrm/install/rrm_msgs/share/rrm_msgs/package.ps1'
[0.695s] INFO:colcon.colcon_core.shell:Creating package descriptor '/home/rrm/install/rrm_msgs/share/rrm_msgs/package.dsv'
[0.696s] INFO:colcon.colcon_core.shell:Creating package script '/home/rrm/install/rrm_msgs/share/rrm_msgs/package.sh'
[0.696s] INFO:colcon.colcon_core.shell:Creating package script '/home/rrm/install/rrm_msgs/share/rrm_msgs/package.bash'
[0.697s] INFO:colcon.colcon_core.shell:Creating package script '/home/rrm/install/rrm_msgs/share/rrm_msgs/package.zsh'
[0.697s] Level 1:colcon.colcon_core.environment:create_file_with_runtime_dependencies(/home/rrm/install/rrm_msgs/share/colcon-core/packages/rrm_msgs)
[0.698s] INFO:colcon.colcon_ros.task.ament_cmake.build:Building ROS package in '/home/rrm/src/cv2' with build type 'ament_cmake'
[0.698s] INFO:colcon.colcon_cmake.task.cmake.build:Building CMake package in '/home/rrm/src/cv2'
[0.698s] INFO:colcon.colcon_core.shell:Skip shell extension 'powershell' for command environment: Not usable outside of PowerShell
[0.698s] DEBUG:colcon.colcon_core.shell:Skip shell extension 'dsv' for command environment
[0.703s] INFO:colcon.colcon_ros.task.ament_cmake.build:Building ROS package in '/home/rrm/src/rrm_sim' with build type 'ament_cmake'
[0.703s] INFO:colcon.colcon_cmake.task.cmake.build:Building CMake package in '/home/rrm/src/rrm_sim'
[0.704s] INFO:colcon.colcon_core.shell:Skip shell extension 'powershell' for command environment: Not usable outside of PowerShell
[0.704s] DEBUG:colcon.colcon_core.shell:Skip shell extension 'dsv' for command environment
[0.711s] DEBUG:colcon.colcon_core.event_handler.log_command:Invoking command in '/home/rrm/build/cv2': CMAKE_PREFIX_PATH=/home/rrm/install/rrm_msgs:/home/rrm/install/rrm_simple_robot_model:/home/rrm/install/rrm_sim:/home/rrm/install/cv2:/home/rrm/install/cv1:/opt/ros/humble /usr/bin/cmake --build /home/rrm/build/cv2 -- -j8 -l8
[0.713s] DEBUG:colcon.colcon_core.event_handler.log_command:Invoking command in '/home/rrm/build/rrm_sim': CMAKE_PREFIX_PATH=/home/rrm/install/rrm_msgs:/home/rrm/install/rrm_simple_robot_model:/home/rrm/install/rrm_sim:/home/rrm/install/cv2:/home/rrm/install/cv1:/opt/ros/humble /usr/bin/cmake --build /home/rrm/build/rrm_sim -- -j8 -l8
[0.764s] DEBUG:colcon.colcon_core.event_handler.log_command:Invoked command in '/home/rrm/build/rrm_sim' returned '0': CMAKE_PREFIX_PATH=/home/rrm/install/rrm_msgs:/home/rrm/install/rrm_simple_robot_model:/home/rrm/install/rrm_sim:/home/rrm/install/cv2:/home/rrm/install/cv1:/opt/ros/humble /usr/bin/cmake --build /home/rrm/build/rrm_sim -- -j8 -l8
[0.765s] DEBUG:colcon.colcon_core.event_handler.log_command:Invoking command in '/home/rrm/build/rrm_sim': CMAKE_PREFIX_PATH=/home/rrm/install/rrm_msgs:/home/rrm/install/rrm_simple_robot_model:/home/rrm/install/rrm_sim:/home/rrm/install/cv2:/home/rrm/install/cv1:/opt/ros/humble /usr/bin/cmake --install /home/rrm/build/rrm_sim
[0.777s] Level 1:colcon.colcon_core.environment:create_environment_scripts_only(rrm_sim)
[0.777s] Level 1:colcon.colcon_core.environment:checking '/home/rrm/install/rrm_sim' for CMake module files
[0.777s] DEBUG:colcon.colcon_core.event_handler.log_command:Invoked command in '/home/rrm/build/rrm_sim' returned '0': CMAKE_PREFIX_PATH=/home/rrm/install/rrm_msgs:/home/rrm/install/rrm_simple_robot_model:/home/rrm/install/rrm_sim:/home/rrm/install/cv2:/home/rrm/install/cv1:/opt/ros/humble /usr/bin/cmake --install /home/rrm/build/rrm_sim
[0.778s] Level 1:colcon.colcon_core.environment:checking '/home/rrm/install/rrm_sim' for CMake config files
[0.778s] Level 1:colcon.colcon_core.shell:create_environment_hook('rrm_sim', 'cmake_prefix_path')
[0.778s] INFO:colcon.colcon_core.shell:Creating environment hook '/home/rrm/install/rrm_sim/share/rrm_sim/hook/cmake_prefix_path.ps1'
[0.779s] INFO:colcon.colcon_core.shell:Creating environment descriptor '/home/rrm/install/rrm_sim/share/rrm_sim/hook/cmake_prefix_path.dsv'
[0.780s] INFO:colcon.colcon_core.shell:Creating environment hook '/home/rrm/install/rrm_sim/share/rrm_sim/hook/cmake_prefix_path.sh'
[0.781s] Level 1:colcon.colcon_core.environment:checking '/home/rrm/install/rrm_sim/lib'
[0.781s] Level 1:colcon.colcon_core.environment:checking '/home/rrm/install/rrm_sim/bin'
[0.781s] Level 1:colcon.colcon_core.environment:checking '/home/rrm/install/rrm_sim/lib/pkgconfig/rrm_sim.pc'
[0.782s] Level 1:colcon.colcon_core.environment:checking '/home/rrm/install/rrm_sim/lib/python3.10/site-packages'
[0.782s] Level 1:colcon.colcon_core.environment:checking '/home/rrm/install/rrm_sim/bin'
[0.782s] INFO:colcon.colcon_core.shell:Creating package script '/home/rrm/install/rrm_sim/share/rrm_sim/package.ps1'
[0.783s] INFO:colcon.colcon_core.shell:Creating package descriptor '/home/rrm/install/rrm_sim/share/rrm_sim/package.dsv'
[0.783s] INFO:colcon.colcon_core.shell:Creating package script '/home/rrm/install/rrm_sim/share/rrm_sim/package.sh'
[0.783s] INFO:colcon.colcon_core.shell:Creating package script '/home/rrm/install/rrm_sim/share/rrm_sim/package.bash'
[0.784s] INFO:colcon.colcon_core.shell:Creating package script '/home/rrm/install/rrm_sim/share/rrm_sim/package.zsh'
[0.784s] Level 1:colcon.colcon_core.environment:create_file_with_runtime_dependencies(/home/rrm/install/rrm_sim/share/colcon-core/packages/rrm_sim)
[0.785s] Level 1:colcon.colcon_core.environment:create_environment_scripts_only(rrm_sim)
[0.785s] Level 1:colcon.colcon_core.environment:checking '/home/rrm/install/rrm_sim' for CMake module files
[0.785s] Level 1:colcon.colcon_core.environment:checking '/home/rrm/install/rrm_sim' for CMake config files
[0.786s] Level 1:colcon.colcon_core.shell:create_environment_hook('rrm_sim', 'cmake_prefix_path')
[0.786s] INFO:colcon.colcon_core.shell:Creating environment hook '/home/rrm/install/rrm_sim/share/rrm_sim/hook/cmake_prefix_path.ps1'
[0.786s] INFO:colcon.colcon_core.shell:Creating environment descriptor '/home/rrm/install/rrm_sim/share/rrm_sim/hook/cmake_prefix_path.dsv'
[0.787s] INFO:colcon.colcon_core.shell:Creating environment hook '/home/rrm/install/rrm_sim/share/rrm_sim/hook/cmake_prefix_path.sh'
[0.787s] Level 1:colcon.colcon_core.environment:checking '/home/rrm/install/rrm_sim/lib'
[0.787s] Level 1:colcon.colcon_core.environment:checking '/home/rrm/install/rrm_sim/bin'
[0.787s] Level 1:colcon.colcon_core.environment:checking '/home/rrm/install/rrm_sim/lib/pkgconfig/rrm_sim.pc'
[0.787s] Level 1:colcon.colcon_core.environment:checking '/home/rrm/install/rrm_sim/lib/python3.10/site-packages'
[0.788s] Level 1:colcon.colcon_core.environment:checking '/home/rrm/install/rrm_sim/bin'
[0.788s] INFO:colcon.colcon_core.shell:Creating package script '/home/rrm/install/rrm_sim/share/rrm_sim/package.ps1'
[0.788s] INFO:colcon.colcon_core.shell:Creating package descriptor '/home/rrm/install/rrm_sim/share/rrm_sim/package.dsv'
[0.789s] INFO:colcon.colcon_core.shell:Creating package script '/home/rrm/install/rrm_sim/share/rrm_sim/package.sh'
[0.789s] INFO:colcon.colcon_core.shell:Creating package script '/home/rrm/install/rrm_sim/share/rrm_sim/package.bash'
[0.790s] INFO:colcon.colcon_core.shell:Creating package script '/home/rrm/install/rrm_sim/share/rrm_sim/package.zsh'
[0.790s] Level 1:colcon.colcon_core.environment:create_file_with_runtime_dependencies(/home/rrm/install/rrm_sim/share/colcon-core/packages/rrm_sim)
[5.407s] DEBUG:colcon.colcon_core.event_handler.log_command:Invoked command in '/home/rrm/build/cv2' returned '2': CMAKE_PREFIX_PATH=/home/rrm/install/rrm_msgs:/home/rrm/install/rrm_simple_robot_model:/home/rrm/install/rrm_sim:/home/rrm/install/cv2:/home/rrm/install/cv1:/opt/ros/humble /usr/bin/cmake --build /home/rrm/build/cv2 -- -j8 -l8
[5.407s] Level 1:colcon.colcon_core.environment:create_environment_scripts_only(cv2)
[5.407s] Level 1:colcon.colcon_core.environment:checking '/home/rrm/install/cv2' for CMake module files
[5.408s] Level 1:colcon.colcon_core.environment:checking '/home/rrm/install/cv2' for CMake config files
[5.408s] Level 1:colcon.colcon_core.shell:create_environment_hook('cv2', 'cmake_prefix_path')
[5.408s] INFO:colcon.colcon_core.shell:Creating environment hook '/home/rrm/install/cv2/share/cv2/hook/cmake_prefix_path.ps1'
[5.409s] INFO:colcon.colcon_core.shell:Creating environment descriptor '/home/rrm/install/cv2/share/cv2/hook/cmake_prefix_path.dsv'
[5.409s] INFO:colcon.colcon_core.shell:Creating environment hook '/home/rrm/install/cv2/share/cv2/hook/cmake_prefix_path.sh'
[5.409s] Level 1:colcon.colcon_core.environment:checking '/home/rrm/install/cv2/lib'
[5.409s] Level 1:colcon.colcon_core.environment:checking '/home/rrm/install/cv2/bin'
[5.409s] Level 1:colcon.colcon_core.environment:checking '/home/rrm/install/cv2/lib/pkgconfig/cv2.pc'
[5.410s] Level 1:colcon.colcon_core.environment:checking '/home/rrm/install/cv2/lib/python3.10/site-packages'
[5.410s] Level 1:colcon.colcon_core.environment:checking '/home/rrm/install/cv2/bin'
[5.410s] INFO:colcon.colcon_core.shell:Creating package script '/home/rrm/install/cv2/share/cv2/package.ps1'
[5.411s] INFO:colcon.colcon_core.shell:Creating package descriptor '/home/rrm/install/cv2/share/cv2/package.dsv'
[5.411s] INFO:colcon.colcon_core.shell:Creating package script '/home/rrm/install/cv2/share/cv2/package.sh'
[5.412s] INFO:colcon.colcon_core.shell:Creating package script '/home/rrm/install/cv2/share/cv2/package.bash'
[5.412s] INFO:colcon.colcon_core.shell:Creating package script '/home/rrm/install/cv2/share/cv2/package.zsh'
[5.413s] Level 1:colcon.colcon_core.environment:create_file_with_runtime_dependencies(/home/rrm/install/cv2/share/colcon-core/packages/cv2)
[5.423s] DEBUG:colcon.colcon_parallel_executor.executor.parallel:closing loop
[5.423s] DEBUG:colcon.colcon_parallel_executor.executor.parallel:loop closed
[5.423s] DEBUG:colcon.colcon_parallel_executor.executor.parallel:run_until_complete finished with '2'
[5.423s] DEBUG:colcon.colcon_core.event_reactor:joining thread
[5.430s] INFO:colcon.colcon_core.plugin_system:Skipping extension 'colcon_notification.desktop_notification.notify_send': Could not find 'notify-send'
[5.430s] INFO:colcon.colcon_core.plugin_system:Skipping extension 'colcon_notification.desktop_notification.terminal_notifier': Not used on non-Darwin systems
[5.430s] INFO:colcon.colcon_core.plugin_system:Skipping extension 'colcon_notification.desktop_notification.win32': Not used on non-Windows systems
[5.430s] INFO:colcon.colcon_notification.desktop_notification:Sending desktop notification using 'notify2'
[5.433s] DEBUG:colcon.colcon_notification.desktop_notification.notify2:Failed to initialize notify2: org.freedesktop.DBus.Error.Spawn.ExecFailed: /usr/bin/dbus-launch terminated abnormally without any error message
[5.433s] DEBUG:colcon.colcon_core.event_reactor:joined thread
[5.434s] INFO:colcon.colcon_core.shell:Creating prefix script '/home/rrm/install/local_setup.ps1'
[5.435s] INFO:colcon.colcon_core.shell:Creating prefix util module '/home/rrm/install/_local_setup_util_ps1.py'
[5.436s] INFO:colcon.colcon_core.shell:Creating prefix chain script '/home/rrm/install/setup.ps1'
[5.438s] INFO:colcon.colcon_core.shell:Creating prefix script '/home/rrm/install/local_setup.sh'
[5.439s] INFO:colcon.colcon_core.shell:Creating prefix util module '/home/rrm/install/_local_setup_util_sh.py'
[5.439s] INFO:colcon.colcon_core.shell:Creating prefix chain script '/home/rrm/install/setup.sh'
[5.441s] INFO:colcon.colcon_core.shell:Creating prefix script '/home/rrm/install/local_setup.bash'
[5.441s] INFO:colcon.colcon_core.shell:Creating prefix chain script '/home/rrm/install/setup.bash'
[5.443s] INFO:colcon.colcon_core.shell:Creating prefix script '/home/rrm/install/local_setup.zsh'
[5.443s] INFO:colcon.colcon_core.shell:Creating prefix chain script '/home/rrm/install/setup.zsh'
