[0.018s] Invoking command in '/home/rrm/build/rrm_msgs': CMAKE_PREFIX_PATH=${CMAKE_PREFIX_PATH}:/opt/ros/humble /usr/bin/cmake --build /home/rrm/build/rrm_msgs -- -j8 -l8
[0.113s] [  2%] Built target rrm_msgs__cpp
[0.113s] [ 12%] Built target rrm_msgs__rosidl_generator_c
[0.138s] [ 12%] Built target ament_cmake_python_copy_rrm_msgs
[0.154s] [ 23%] Built target rrm_msgs__rosidl_typesupport_introspection_c
[0.157s] [ 33%] Built target rrm_msgs__rosidl_typesupport_cpp
[0.161s] [ 43%] Built target rrm_msgs__rosidl_typesupport_fastrtps_c
[0.161s] [ 53%] Built target rrm_msgs__rosidl_typesupport_fastrtps_cpp
[0.167s] [ 64%] Built target rrm_msgs__rosidl_typesupport_c
[0.174s] [ 74%] Built target rrm_msgs__rosidl_typesupport_introspection_cpp
[0.203s] [ 74%] Built target rrm_msgs
[0.208s] [ 76%] Built target rrm_msgs__py
[0.224s] [ 84%] Built target rrm_msgs__rosidl_generator_py
[0.243s] [ 89%] Built target rrm_msgs__rosidl_typesupport_introspection_c__pyext
[0.244s] [ 94%] Built target rrm_msgs__rosidl_typesupport_c__pyext
[0.245s] [100%] Built target rrm_msgs__rosidl_typesupport_fastrtps_c__pyext
[0.371s] running egg_info
[0.371s] writing rrm_msgs.egg-info/PKG-INFO
[0.371s] writing dependency_links to rrm_msgs.egg-info/dependency_links.txt
[0.371s] writing top-level names to rrm_msgs.egg-info/top_level.txt
[0.374s] reading manifest file 'rrm_msgs.egg-info/SOURCES.txt'
[0.375s] writing manifest file 'rrm_msgs.egg-info/SOURCES.txt'
[0.401s] [100%] Built target ament_cmake_python_build_rrm_msgs_egg
[0.412s] Invoked command in '/home/rrm/build/rrm_msgs' returned '0': CMAKE_PREFIX_PATH=${CMAKE_PREFIX_PATH}:/opt/ros/humble /usr/bin/cmake --build /home/rrm/build/rrm_msgs -- -j8 -l8
[0.414s] Invoking command in '/home/rrm/build/rrm_msgs': CMAKE_PREFIX_PATH=${CMAKE_PREFIX_PATH}:/opt/ros/humble /usr/bin/cmake --install /home/rrm/build/rrm_msgs
[0.421s] -- Install configuration: ""
[0.421s] -- Up-to-date: /home/rrm/install/rrm_msgs/share/ament_index/resource_index/rosidl_interfaces/rrm_msgs
[0.421s] -- Up-to-date: /home/rrm/install/rrm_msgs/include/rrm_msgs/rrm_msgs
[0.422s] -- Up-to-date: /home/rrm/install/rrm_msgs/include/rrm_msgs/rrm_msgs/msg
[0.422s] -- Up-to-date: /home/rrm/install/rrm_msgs/include/rrm_msgs/rrm_msgs/msg/detail
[0.422s] -- Up-to-date: /home/rrm/install/rrm_msgs/include/rrm_msgs/rrm_msgs/msg/detail/command__functions.h
[0.422s] -- Up-to-date: /home/rrm/install/rrm_msgs/include/rrm_msgs/rrm_msgs/msg/detail/command__type_support.h
[0.422s] -- Up-to-date: /home/rrm/install/rrm_msgs/include/rrm_msgs/rrm_msgs/msg/detail/command__functions.c
[0.422s] -- Up-to-date: /home/rrm/install/rrm_msgs/include/rrm_msgs/rrm_msgs/msg/detail/command__struct.h
[0.422s] -- Up-to-date: /home/rrm/install/rrm_msgs/include/rrm_msgs/rrm_msgs/msg/command.h
[0.422s] -- Up-to-date: /home/rrm/install/rrm_msgs/include/rrm_msgs/rrm_msgs/msg/rosidl_generator_c__visibility_control.h
[0.422s] -- Up-to-date: /home/rrm/install/rrm_msgs/include/rrm_msgs/rrm_msgs/srv
[0.422s] -- Up-to-date: /home/rrm/install/rrm_msgs/include/rrm_msgs/rrm_msgs/srv/detail
[0.422s] -- Up-to-date: /home/rrm/install/rrm_msgs/include/rrm_msgs/rrm_msgs/srv/detail/command__functions.h
[0.423s] -- Up-to-date: /home/rrm/install/rrm_msgs/include/rrm_msgs/rrm_msgs/srv/detail/command__type_support.h
[0.423s] -- Up-to-date: /home/rrm/install/rrm_msgs/include/rrm_msgs/rrm_msgs/srv/detail/command__functions.c
[0.423s] -- Up-to-date: /home/rrm/install/rrm_msgs/include/rrm_msgs/rrm_msgs/srv/detail/command__struct.h
[0.423s] -- Up-to-date: /home/rrm/install/rrm_msgs/include/rrm_msgs/rrm_msgs/srv/command.h
[0.423s] -- Up-to-date: /home/rrm/install/rrm_msgs/share/rrm_msgs/environment/library_path.sh
[0.423s] -- Up-to-date: /home/rrm/install/rrm_msgs/share/rrm_msgs/environment/library_path.dsv
[0.423s] -- Up-to-date: /home/rrm/install/rrm_msgs/lib/librrm_msgs__rosidl_generator_c.so
[0.423s] -- Up-to-date: /home/rrm/install/rrm_msgs/include/rrm_msgs/rrm_msgs
[0.423s] -- Up-to-date: /home/rrm/install/rrm_msgs/include/rrm_msgs/rrm_msgs/msg
[0.423s] -- Up-to-date: /home/rrm/install/rrm_msgs/include/rrm_msgs/rrm_msgs/msg/rosidl_typesupport_fastrtps_c__visibility_control.h
[0.424s] -- Up-to-date: /home/rrm/install/rrm_msgs/include/rrm_msgs/rrm_msgs/msg/detail
[0.424s] -- Up-to-date: /home/rrm/install/rrm_msgs/include/rrm_msgs/rrm_msgs/msg/detail/command__rosidl_typesupport_fastrtps_c.h
[0.424s] -- Up-to-date: /home/rrm/install/rrm_msgs/include/rrm_msgs/rrm_msgs/srv
[0.424s] -- Up-to-date: /home/rrm/install/rrm_msgs/include/rrm_msgs/rrm_msgs/srv/detail
[0.424s] -- Up-to-date: /home/rrm/install/rrm_msgs/include/rrm_msgs/rrm_msgs/srv/detail/command__rosidl_typesupport_fastrtps_c.h
[0.424s] -- Up-to-date: /home/rrm/install/rrm_msgs/lib/librrm_msgs__rosidl_typesupport_fastrtps_c.so
[0.424s] -- Up-to-date: /home/rrm/install/rrm_msgs/include/rrm_msgs/rrm_msgs
[0.424s] -- Up-to-date: /home/rrm/install/rrm_msgs/include/rrm_msgs/rrm_msgs/msg
[0.424s] -- Up-to-date: /home/rrm/install/rrm_msgs/include/rrm_msgs/rrm_msgs/msg/detail
[0.424s] -- Up-to-date: /home/rrm/install/rrm_msgs/include/rrm_msgs/rrm_msgs/msg/detail/command__type_support.c
[0.424s] -- Up-to-date: /home/rrm/install/rrm_msgs/include/rrm_msgs/rrm_msgs/msg/detail/command__rosidl_typesupport_introspection_c.h
[0.424s] -- Up-to-date: /home/rrm/install/rrm_msgs/include/rrm_msgs/rrm_msgs/msg/rosidl_typesupport_introspection_c__visibility_control.h
[0.425s] -- Up-to-date: /home/rrm/install/rrm_msgs/include/rrm_msgs/rrm_msgs/srv
[0.425s] -- Up-to-date: /home/rrm/install/rrm_msgs/include/rrm_msgs/rrm_msgs/srv/detail
[0.425s] -- Up-to-date: /home/rrm/install/rrm_msgs/include/rrm_msgs/rrm_msgs/srv/detail/command__type_support.c
[0.425s] -- Up-to-date: /home/rrm/install/rrm_msgs/include/rrm_msgs/rrm_msgs/srv/detail/command__rosidl_typesupport_introspection_c.h
[0.425s] -- Up-to-date: /home/rrm/install/rrm_msgs/lib/librrm_msgs__rosidl_typesupport_introspection_c.so
[0.425s] -- Up-to-date: /home/rrm/install/rrm_msgs/lib/librrm_msgs__rosidl_typesupport_c.so
[0.425s] -- Up-to-date: /home/rrm/install/rrm_msgs/include/rrm_msgs/rrm_msgs
[0.425s] -- Up-to-date: /home/rrm/install/rrm_msgs/include/rrm_msgs/rrm_msgs/msg
[0.425s] -- Up-to-date: /home/rrm/install/rrm_msgs/include/rrm_msgs/rrm_msgs/msg/command.hpp
[0.425s] -- Up-to-date: /home/rrm/install/rrm_msgs/include/rrm_msgs/rrm_msgs/msg/detail
[0.425s] -- Up-to-date: /home/rrm/install/rrm_msgs/include/rrm_msgs/rrm_msgs/msg/detail/command__traits.hpp
[0.426s] -- Up-to-date: /home/rrm/install/rrm_msgs/include/rrm_msgs/rrm_msgs/msg/detail/command__builder.hpp
[0.426s] -- Up-to-date: /home/rrm/install/rrm_msgs/include/rrm_msgs/rrm_msgs/msg/detail/command__type_support.hpp
[0.426s] -- Up-to-date: /home/rrm/install/rrm_msgs/include/rrm_msgs/rrm_msgs/msg/detail/command__struct.hpp
[0.426s] -- Up-to-date: /home/rrm/install/rrm_msgs/include/rrm_msgs/rrm_msgs/msg/rosidl_generator_cpp__visibility_control.hpp
[0.426s] -- Up-to-date: /home/rrm/install/rrm_msgs/include/rrm_msgs/rrm_msgs/srv
[0.426s] -- Up-to-date: /home/rrm/install/rrm_msgs/include/rrm_msgs/rrm_msgs/srv/command.hpp
[0.426s] -- Up-to-date: /home/rrm/install/rrm_msgs/include/rrm_msgs/rrm_msgs/srv/detail
[0.426s] -- Up-to-date: /home/rrm/install/rrm_msgs/include/rrm_msgs/rrm_msgs/srv/detail/command__traits.hpp
[0.426s] -- Up-to-date: /home/rrm/install/rrm_msgs/include/rrm_msgs/rrm_msgs/srv/detail/command__builder.hpp
[0.426s] -- Up-to-date: /home/rrm/install/rrm_msgs/include/rrm_msgs/rrm_msgs/srv/detail/command__type_support.hpp
[0.426s] -- Up-to-date: /home/rrm/install/rrm_msgs/include/rrm_msgs/rrm_msgs/srv/detail/command__struct.hpp
[0.426s] -- Up-to-date: /home/rrm/install/rrm_msgs/include/rrm_msgs/rrm_msgs
[0.427s] -- Up-to-date: /home/rrm/install/rrm_msgs/include/rrm_msgs/rrm_msgs/msg
[0.427s] -- Up-to-date: /home/rrm/install/rrm_msgs/include/rrm_msgs/rrm_msgs/msg/detail
[0.427s] -- Up-to-date: /home/rrm/install/rrm_msgs/include/rrm_msgs/rrm_msgs/msg/detail/dds_fastrtps
[0.427s] -- Up-to-date: /home/rrm/install/rrm_msgs/include/rrm_msgs/rrm_msgs/msg/detail/command__rosidl_typesupport_fastrtps_cpp.hpp
[0.427s] -- Up-to-date: /home/rrm/install/rrm_msgs/include/rrm_msgs/rrm_msgs/msg/rosidl_typesupport_fastrtps_cpp__visibility_control.h
[0.427s] -- Up-to-date: /home/rrm/install/rrm_msgs/include/rrm_msgs/rrm_msgs/srv
[0.427s] -- Up-to-date: /home/rrm/install/rrm_msgs/include/rrm_msgs/rrm_msgs/srv/detail
[0.427s] -- Up-to-date: /home/rrm/install/rrm_msgs/include/rrm_msgs/rrm_msgs/srv/detail/dds_fastrtps
[0.427s] -- Up-to-date: /home/rrm/install/rrm_msgs/include/rrm_msgs/rrm_msgs/srv/detail/command__rosidl_typesupport_fastrtps_cpp.hpp
[0.427s] -- Up-to-date: /home/rrm/install/rrm_msgs/lib/librrm_msgs__rosidl_typesupport_fastrtps_cpp.so
[0.427s] -- Up-to-date: /home/rrm/install/rrm_msgs/include/rrm_msgs/rrm_msgs
[0.427s] -- Up-to-date: /home/rrm/install/rrm_msgs/include/rrm_msgs/rrm_msgs/msg
[0.428s] -- Up-to-date: /home/rrm/install/rrm_msgs/include/rrm_msgs/rrm_msgs/msg/detail
[0.428s] -- Up-to-date: /home/rrm/install/rrm_msgs/include/rrm_msgs/rrm_msgs/msg/detail/command__type_support.cpp
[0.428s] -- Up-to-date: /home/rrm/install/rrm_msgs/include/rrm_msgs/rrm_msgs/msg/detail/command__rosidl_typesupport_introspection_cpp.hpp
[0.428s] -- Up-to-date: /home/rrm/install/rrm_msgs/include/rrm_msgs/rrm_msgs/srv
[0.428s] -- Up-to-date: /home/rrm/install/rrm_msgs/include/rrm_msgs/rrm_msgs/srv/detail
[0.428s] -- Up-to-date: /home/rrm/install/rrm_msgs/include/rrm_msgs/rrm_msgs/srv/detail/command__type_support.cpp
[0.428s] -- Up-to-date: /home/rrm/install/rrm_msgs/include/rrm_msgs/rrm_msgs/srv/detail/command__rosidl_typesupport_introspection_cpp.hpp
[0.428s] -- Up-to-date: /home/rrm/install/rrm_msgs/lib/librrm_msgs__rosidl_typesupport_introspection_cpp.so
[0.428s] -- Up-to-date: /home/rrm/install/rrm_msgs/lib/librrm_msgs__rosidl_typesupport_cpp.so
[0.428s] -- Up-to-date: /home/rrm/install/rrm_msgs/share/rrm_msgs/environment/pythonpath.sh
[0.428s] -- Up-to-date: /home/rrm/install/rrm_msgs/share/rrm_msgs/environment/pythonpath.dsv
[0.429s] -- Up-to-date: /home/rrm/install/rrm_msgs/local/lib/python3.10/dist-packages/rrm_msgs-0.0.0-py3.10.egg-info
[0.429s] -- Installing: /home/rrm/install/rrm_msgs/local/lib/python3.10/dist-packages/rrm_msgs-0.0.0-py3.10.egg-info/SOURCES.txt
[0.429s] -- Installing: /home/rrm/install/rrm_msgs/local/lib/python3.10/dist-packages/rrm_msgs-0.0.0-py3.10.egg-info/dependency_links.txt
[0.429s] -- Installing: /home/rrm/install/rrm_msgs/local/lib/python3.10/dist-packages/rrm_msgs-0.0.0-py3.10.egg-info/PKG-INFO
[0.429s] -- Installing: /home/rrm/install/rrm_msgs/local/lib/python3.10/dist-packages/rrm_msgs-0.0.0-py3.10.egg-info/top_level.txt
[0.429s] -- Up-to-date: /home/rrm/install/rrm_msgs/local/lib/python3.10/dist-packages/rrm_msgs
[0.429s] -- Up-to-date: /home/rrm/install/rrm_msgs/local/lib/python3.10/dist-packages/rrm_msgs/__init__.py
[0.429s] -- Up-to-date: /home/rrm/install/rrm_msgs/local/lib/python3.10/dist-packages/rrm_msgs/msg
[0.429s] -- Up-to-date: /home/rrm/install/rrm_msgs/local/lib/python3.10/dist-packages/rrm_msgs/msg/_command_s.c
[0.429s] -- Up-to-date: /home/rrm/install/rrm_msgs/local/lib/python3.10/dist-packages/rrm_msgs/msg/__init__.py
[0.429s] -- Up-to-date: /home/rrm/install/rrm_msgs/local/lib/python3.10/dist-packages/rrm_msgs/msg/_command.py
[0.430s] -- Up-to-date: /home/rrm/install/rrm_msgs/local/lib/python3.10/dist-packages/rrm_msgs/rrm_msgs_s__rosidl_typesupport_fastrtps_c.cpython-310-x86_64-linux-gnu.so
[0.430s] -- Up-to-date: /home/rrm/install/rrm_msgs/local/lib/python3.10/dist-packages/rrm_msgs/_rrm_msgs_s.ep.rosidl_typesupport_introspection_c.c
[0.430s] -- Up-to-date: /home/rrm/install/rrm_msgs/local/lib/python3.10/dist-packages/rrm_msgs/_rrm_msgs_s.ep.rosidl_typesupport_c.c
[0.430s] -- Up-to-date: /home/rrm/install/rrm_msgs/local/lib/python3.10/dist-packages/rrm_msgs/_rrm_msgs_s.ep.rosidl_typesupport_fastrtps_c.c
[0.430s] -- Up-to-date: /home/rrm/install/rrm_msgs/local/lib/python3.10/dist-packages/rrm_msgs/librrm_msgs__rosidl_generator_py.so
[0.430s] -- Up-to-date: /home/rrm/install/rrm_msgs/local/lib/python3.10/dist-packages/rrm_msgs/rrm_msgs_s__rosidl_typesupport_c.cpython-310-x86_64-linux-gnu.so
[0.430s] -- Up-to-date: /home/rrm/install/rrm_msgs/local/lib/python3.10/dist-packages/rrm_msgs/rrm_msgs_s__rosidl_typesupport_introspection_c.cpython-310-x86_64-linux-gnu.so
[0.430s] -- Up-to-date: /home/rrm/install/rrm_msgs/local/lib/python3.10/dist-packages/rrm_msgs/srv
[0.430s] -- Up-to-date: /home/rrm/install/rrm_msgs/local/lib/python3.10/dist-packages/rrm_msgs/srv/_command_s.c
[0.430s] -- Up-to-date: /home/rrm/install/rrm_msgs/local/lib/python3.10/dist-packages/rrm_msgs/srv/__init__.py
[0.430s] -- Up-to-date: /home/rrm/install/rrm_msgs/local/lib/python3.10/dist-packages/rrm_msgs/srv/_command.py
[0.459s] Listing '/home/rrm/install/rrm_msgs/local/lib/python3.10/dist-packages/rrm_msgs'...
[0.459s] Listing '/home/rrm/install/rrm_msgs/local/lib/python3.10/dist-packages/rrm_msgs/msg'...
[0.459s] Listing '/home/rrm/install/rrm_msgs/local/lib/python3.10/dist-packages/rrm_msgs/srv'...
[0.463s] -- Up-to-date: /home/rrm/install/rrm_msgs/local/lib/python3.10/dist-packages/rrm_msgs/rrm_msgs_s__rosidl_typesupport_fastrtps_c.cpython-310-x86_64-linux-gnu.so
[0.463s] -- Up-to-date: /home/rrm/install/rrm_msgs/local/lib/python3.10/dist-packages/rrm_msgs/rrm_msgs_s__rosidl_typesupport_introspection_c.cpython-310-x86_64-linux-gnu.so
[0.463s] -- Up-to-date: /home/rrm/install/rrm_msgs/local/lib/python3.10/dist-packages/rrm_msgs/rrm_msgs_s__rosidl_typesupport_c.cpython-310-x86_64-linux-gnu.so
[0.463s] -- Up-to-date: /home/rrm/install/rrm_msgs/lib/librrm_msgs__rosidl_generator_py.so
[0.463s] -- Up-to-date: /home/rrm/install/rrm_msgs/share/rrm_msgs/msg/Command.idl
[0.463s] -- Up-to-date: /home/rrm/install/rrm_msgs/share/rrm_msgs/srv/Command.idl
[0.463s] -- Up-to-date: /home/rrm/install/rrm_msgs/share/rrm_msgs/msg/Command.msg
[0.463s] -- Up-to-date: /home/rrm/install/rrm_msgs/share/rrm_msgs/srv/Command.srv
[0.464s] -- Up-to-date: /home/rrm/install/rrm_msgs/share/rrm_msgs/srv/Command_Request.msg
[0.464s] -- Up-to-date: /home/rrm/install/rrm_msgs/share/rrm_msgs/srv/Command_Response.msg
[0.464s] -- Up-to-date: /home/rrm/install/rrm_msgs/share/ament_index/resource_index/package_run_dependencies/rrm_msgs
[0.464s] -- Up-to-date: /home/rrm/install/rrm_msgs/share/ament_index/resource_index/parent_prefix_path/rrm_msgs
[0.464s] -- Up-to-date: /home/rrm/install/rrm_msgs/share/rrm_msgs/environment/ament_prefix_path.sh
[0.464s] -- Up-to-date: /home/rrm/install/rrm_msgs/share/rrm_msgs/environment/ament_prefix_path.dsv
[0.464s] -- Up-to-date: /home/rrm/install/rrm_msgs/share/rrm_msgs/environment/path.sh
[0.464s] -- Up-to-date: /home/rrm/install/rrm_msgs/share/rrm_msgs/environment/path.dsv
[0.464s] -- Up-to-date: /home/rrm/install/rrm_msgs/share/rrm_msgs/local_setup.bash
[0.464s] -- Up-to-date: /home/rrm/install/rrm_msgs/share/rrm_msgs/local_setup.sh
[0.464s] -- Up-to-date: /home/rrm/install/rrm_msgs/share/rrm_msgs/local_setup.zsh
[0.464s] -- Up-to-date: /home/rrm/install/rrm_msgs/share/rrm_msgs/local_setup.dsv
[0.464s] -- Installing: /home/rrm/install/rrm_msgs/share/rrm_msgs/package.dsv
[0.465s] -- Up-to-date: /home/rrm/install/rrm_msgs/share/ament_index/resource_index/packages/rrm_msgs
[0.465s] -- Up-to-date: /home/rrm/install/rrm_msgs/share/rrm_msgs/cmake/export_rrm_msgs__rosidl_generator_cExport.cmake
[0.465s] -- Up-to-date: /home/rrm/install/rrm_msgs/share/rrm_msgs/cmake/export_rrm_msgs__rosidl_generator_cExport-noconfig.cmake
[0.465s] -- Up-to-date: /home/rrm/install/rrm_msgs/share/rrm_msgs/cmake/export_rrm_msgs__rosidl_typesupport_fastrtps_cExport.cmake
[0.465s] -- Up-to-date: /home/rrm/install/rrm_msgs/share/rrm_msgs/cmake/export_rrm_msgs__rosidl_typesupport_fastrtps_cExport-noconfig.cmake
[0.465s] -- Up-to-date: /home/rrm/install/rrm_msgs/share/rrm_msgs/cmake/rrm_msgs__rosidl_typesupport_introspection_cExport.cmake
[0.465s] -- Up-to-date: /home/rrm/install/rrm_msgs/share/rrm_msgs/cmake/rrm_msgs__rosidl_typesupport_introspection_cExport-noconfig.cmake
[0.465s] -- Up-to-date: /home/rrm/install/rrm_msgs/share/rrm_msgs/cmake/rrm_msgs__rosidl_typesupport_cExport.cmake
[0.465s] -- Up-to-date: /home/rrm/install/rrm_msgs/share/rrm_msgs/cmake/rrm_msgs__rosidl_typesupport_cExport-noconfig.cmake
[0.465s] -- Up-to-date: /home/rrm/install/rrm_msgs/share/rrm_msgs/cmake/export_rrm_msgs__rosidl_generator_cppExport.cmake
[0.465s] -- Up-to-date: /home/rrm/install/rrm_msgs/share/rrm_msgs/cmake/export_rrm_msgs__rosidl_typesupport_fastrtps_cppExport.cmake
[0.466s] -- Up-to-date: /home/rrm/install/rrm_msgs/share/rrm_msgs/cmake/export_rrm_msgs__rosidl_typesupport_fastrtps_cppExport-noconfig.cmake
[0.466s] -- Up-to-date: /home/rrm/install/rrm_msgs/share/rrm_msgs/cmake/rrm_msgs__rosidl_typesupport_introspection_cppExport.cmake
[0.466s] -- Up-to-date: /home/rrm/install/rrm_msgs/share/rrm_msgs/cmake/rrm_msgs__rosidl_typesupport_introspection_cppExport-noconfig.cmake
[0.466s] -- Up-to-date: /home/rrm/install/rrm_msgs/share/rrm_msgs/cmake/rrm_msgs__rosidl_typesupport_cppExport.cmake
[0.466s] -- Up-to-date: /home/rrm/install/rrm_msgs/share/rrm_msgs/cmake/rrm_msgs__rosidl_typesupport_cppExport-noconfig.cmake
[0.466s] -- Up-to-date: /home/rrm/install/rrm_msgs/share/rrm_msgs/cmake/export_rrm_msgs__rosidl_generator_pyExport.cmake
[0.466s] -- Up-to-date: /home/rrm/install/rrm_msgs/share/rrm_msgs/cmake/export_rrm_msgs__rosidl_generator_pyExport-noconfig.cmake
[0.466s] -- Up-to-date: /home/rrm/install/rrm_msgs/share/rrm_msgs/cmake/rosidl_cmake-extras.cmake
[0.466s] -- Up-to-date: /home/rrm/install/rrm_msgs/share/rrm_msgs/cmake/ament_cmake_export_include_directories-extras.cmake
[0.466s] -- Up-to-date: /home/rrm/install/rrm_msgs/share/rrm_msgs/cmake/ament_cmake_export_libraries-extras.cmake
[0.466s] -- Up-to-date: /home/rrm/install/rrm_msgs/share/rrm_msgs/cmake/ament_cmake_export_targets-extras.cmake
[0.466s] -- Up-to-date: /home/rrm/install/rrm_msgs/share/rrm_msgs/cmake/rosidl_cmake_export_typesupport_targets-extras.cmake
[0.466s] -- Up-to-date: /home/rrm/install/rrm_msgs/share/rrm_msgs/cmake/ament_cmake_export_dependencies-extras.cmake
[0.466s] -- Up-to-date: /home/rrm/install/rrm_msgs/share/rrm_msgs/cmake/rosidl_cmake_export_typesupport_libraries-extras.cmake
[0.466s] -- Up-to-date: /home/rrm/install/rrm_msgs/share/rrm_msgs/cmake/rrm_msgsConfig.cmake
[0.466s] -- Up-to-date: /home/rrm/install/rrm_msgs/share/rrm_msgs/cmake/rrm_msgsConfig-version.cmake
[0.466s] -- Up-to-date: /home/rrm/install/rrm_msgs/share/rrm_msgs/package.xml
[0.468s] Invoked command in '/home/rrm/build/rrm_msgs' returned '0': CMAKE_PREFIX_PATH=${CMAKE_PREFIX_PATH}:/opt/ros/humble /usr/bin/cmake --install /home/rrm/build/rrm_msgs
