[35m[1mConsolidate compiler generated dependencies of target cv3_node[0m
[ 25%] [32mBuilding CXX object CMakeFiles/logger_node.dir/src/joint_logger.cpp.o[0m
[ 75%] Built target cv3_node
[100%] [32m[1mLinking CXX executable logger_node[0m
[100%] Built target logger_node
-- Install configuration: ""
-- Installing: /home/rrm/src/install/cv3/lib/cv3/cv3_node
-- Set runtime path of "/home/rrm/src/install/cv3/lib/cv3/cv3_node" to ""
-- Installing: /home/rrm/src/install/cv3/lib/cv3/logger_node
-- Set runtime path of "/home/rrm/src/install/cv3/lib/cv3/logger_node" to ""
-- Installing: /home/rrm/src/install/cv3/share/cv3//launch
-- Installing: /home/rrm/src/install/cv3/share/cv3//launch/cv3.launch.xml
-- Installing: /home/rrm/src/install/cv3/share/cv3//config
-- Installing: /home/rrm/src/install/cv3/share/cv3//config/cv3.rviz
-- Installing: /home/rrm/src/install/cv3/share/ament_index/resource_index/package_run_dependencies/cv3
-- Installing: /home/rrm/src/install/cv3/share/ament_index/resource_index/parent_prefix_path/cv3
-- Installing: /home/rrm/src/install/cv3/share/cv3/environment/ament_prefix_path.sh
-- Installing: /home/rrm/src/install/cv3/share/cv3/environment/ament_prefix_path.dsv
-- Installing: /home/rrm/src/install/cv3/share/cv3/environment/path.sh
-- Installing: /home/rrm/src/install/cv3/share/cv3/environment/path.dsv
-- Installing: /home/rrm/src/install/cv3/share/cv3/local_setup.bash
-- Installing: /home/rrm/src/install/cv3/share/cv3/local_setup.sh
-- Installing: /home/rrm/src/install/cv3/share/cv3/local_setup.zsh
-- Installing: /home/rrm/src/install/cv3/share/cv3/local_setup.dsv
-- Installing: /home/rrm/src/install/cv3/share/cv3/package.dsv
-- Installing: /home/rrm/src/install/cv3/share/ament_index/resource_index/packages/cv3
-- Installing: /home/rrm/src/install/cv3/share/cv3/cmake/cv3Config.cmake
-- Installing: /home/rrm/src/install/cv3/share/cv3/cmake/cv3Config-version.cmake
-- Installing: /home/rrm/src/install/cv3/share/cv3/package.xml
